This file contains any messages produced by compilers while
running configure, to aid debugging if configure makes a mistake.

It was created by iwidgets configure 4.0.2, which was
generated by GNU Autoconf 2.59.  Invocation command line was

  $ ./configure --prefix=/alma/ACS-2014.4/tcltk --enable-shared --with-itcl=/home/almamgr/ACS_javarias/ExtProd/PRODUCTS/tcltk/Linux-3.2.0-4-amd64/itcl-2011-08-08/

## --------- ##
## Platform. ##
## --------- ##

hostname = ariestest
uname -m = x86_64
uname -r = 3.2.0-4-amd64
uname -s = Linux
uname -v = #1 SMP Debian 3.2.60-1+deb7u1

/usr/bin/uname -p = unknown
/bin/uname -X     = unknown

/bin/arch              = unknown
/usr/bin/arch -k       = unknown
/usr/convex/getsysinfo = unknown
hostinfo               = unknown
/bin/machine           = unknown
/usr/bin/oslevel       = unknown
/bin/universe          = unknown

PATH: /alma/ACS-2014.4/ACSSW/bin
PATH: /usr/lib/jvm/java-7-openjdk-amd64/bin
PATH: /usr/share/ant/bin
PATH: /alma/ACS-2014.4/JacORB/bin
PATH: /alma/ACS-2014.4/Python/bin
PATH: /alma/ACS-2014.4/Python/omni/bin
PATH: /alma/ACS-2014.4/tcltk/bin
PATH: /usr/bin
PATH: /usr/local/bin
PATH: /usr/bin
PATH: /bin
PATH: /usr/local/games
PATH: /usr/games


## ----------- ##
## Core tests. ##
## ----------- ##

configure:1243: checking for correct TEA configuration
configure:1262: result: ok (TEA 3.2)
configure:1394: checking for Tcl configuration
configure:1482: result: found /home/almamgr/ACS_javarias/ExtProd/PRODUCTS/tcltk/Linux-3.2.0-4-amd64/tcl8.5.15/unix/tclConfig.sh
configure:1488: checking for existence of /home/almamgr/ACS_javarias/ExtProd/PRODUCTS/tcltk/Linux-3.2.0-4-amd64/tcl8.5.15/unix/tclConfig.sh
configure:1492: result: loading
configure:1564: checking for Tk configuration
configure:1649: result: found /home/almamgr/ACS_javarias/ExtProd/PRODUCTS/tcltk/Linux-3.2.0-4-amd64/tk8.5.15/unix/tkConfig.sh
configure:1656: checking for existence of /home/almamgr/ACS_javarias/ExtProd/PRODUCTS/tcltk/Linux-3.2.0-4-amd64/tk8.5.15/unix/tkConfig.sh
configure:1660: result: loading
configure:1724: checking for a BSD-compatible install
configure:1779: result: /usr/bin/install -c
configure:1842: --exec-prefix defaulting to TCL_EXEC_PREFIX /alma/ACS-2014.4/tcltk
configure:1860: checking for tclsh
configure:1891: result: /home/almamgr/ACS_javarias/ExtProd/PRODUCTS/tcltk/Linux-3.2.0-4-amd64/tcl8.5.15/unix/tclsh
configure:1904: checking for wish
configure:1935: result: /home/almamgr/ACS_javarias/ExtProd/PRODUCTS/tcltk/Linux-3.2.0-4-amd64/tk8.5.15/unix/wish
configure:2084: creating ./config.status

## ---------------------- ##
## Running config.status. ##
## ---------------------- ##

This file was extended by iwidgets config.status 4.0.2, which was
generated by GNU Autoconf 2.59.  Invocation command line was

  CONFIG_FILES    = 
  CONFIG_HEADERS  = 
  CONFIG_LINKS    = 
  CONFIG_COMMANDS = 
  $ ./config.status 

on ariestest

config.status:678: creating Makefile
config.status:678: creating iwidgets.tcl
config.status:678: creating pkgIndex.tcl

## ---------------- ##
## Cache variables. ##
## ---------------- ##

ac_cv_c_tclconfig=/home/almamgr/ACS_javarias/ExtProd/PRODUCTS/tcltk/Linux-3.2.0-4-amd64/tcl8.5.15/unix
ac_cv_c_tkconfig=/home/almamgr/ACS_javarias/ExtProd/PRODUCTS/tcltk/Linux-3.2.0-4-amd64/tk8.5.15/unix
ac_cv_env_build_alias_set=
ac_cv_env_build_alias_value=
ac_cv_env_host_alias_set=
ac_cv_env_host_alias_value=
ac_cv_env_target_alias_set=
ac_cv_env_target_alias_value=
ac_cv_path_install='/usr/bin/install -c'
ac_cv_path_tclsh=/home/almamgr/ACS_javarias/ExtProd/PRODUCTS/tcltk/Linux-3.2.0-4-amd64/tcl8.5.15/unix/tclsh
ac_cv_path_wish=/home/almamgr/ACS_javarias/ExtProd/PRODUCTS/tcltk/Linux-3.2.0-4-amd64/tk8.5.15/unix/wish

## ----------------- ##
## Output variables. ##
## ----------------- ##

CYGPATH='echo'
DEFS='-DPACKAGE_NAME=\"iwidgets\" -DPACKAGE_TARNAME=\"iwidgets\" -DPACKAGE_VERSION=\"4.0.2\" -DPACKAGE_STRING=\"iwidgets\ 4.0.2\" -DPACKAGE_BUGREPORT=\"\" '
ECHO_C=''
ECHO_N='-n'
ECHO_T=''
EXEEXT=''
INSTALL_DATA='${INSTALL} -m 644'
INSTALL_PROGRAM='${INSTALL}'
INSTALL_SCRIPT='${INSTALL}'
ITCL_LIB_DIR='/home/almamgr/ACS_javarias/ExtProd/PRODUCTS/tcltk/Linux-3.2.0-4-amd64/itcl-2011-08-08//itcl/library'
ITCL_SRC_DIR='/home/almamgr/ACS_javarias/ExtProd/PRODUCTS/tcltk/Linux-3.2.0-4-amd64/itcl-2011-08-08//itcl'
ITCL_VERSION='3.2'
ITK_LIB_DIR='/home/almamgr/ACS_javarias/ExtProd/PRODUCTS/tcltk/Linux-3.2.0-4-amd64/itcl-2011-08-08//itk/library'
ITK_SRC_DIR='/home/almamgr/ACS_javarias/ExtProd/PRODUCTS/tcltk/Linux-3.2.0-4-amd64/itcl-2011-08-08//itk'
IWIDGETS_SRC_DIR=''
LIBOBJS=''
LIBS=''
LTLIBOBJS=''
PACKAGE_BUGREPORT=''
PACKAGE_NAME='iwidgets'
PACKAGE_STRING='iwidgets 4.0.2'
PACKAGE_TARNAME='iwidgets'
PACKAGE_VERSION='4.0.2'
PATH_SEPARATOR=':'
PKG_CFLAGS=''
PKG_HEADERS=''
PKG_INCLUDES=''
PKG_LIBS=''
PKG_LIB_FILE=''
PKG_STUB_LIB_FILE=''
PKG_STUB_OBJECTS=''
PKG_STUB_SOURCES=''
PKG_TCL_SOURCES=''
SHELL='/bin/sh'
TCLSH_PROG='/home/almamgr/ACS_javarias/ExtProd/PRODUCTS/tcltk/Linux-3.2.0-4-amd64/tcl8.5.15/unix/tclsh'
TCL_BIN_DIR='/home/almamgr/ACS_javarias/ExtProd/PRODUCTS/tcltk/Linux-3.2.0-4-amd64/tcl8.5.15/unix'
TCL_DEFS='-DPACKAGE_NAME=\"tcl\" -DPACKAGE_TARNAME=\"tcl\" -DPACKAGE_VERSION=\"8.5\" -DPACKAGE_STRING=\"tcl\ 8.5\" -DPACKAGE_BUGREPORT=\"\" -DSTDC_HEADERS=1 -DHAVE_SYS_TYPES_H=1 -DHAVE_SYS_STAT_H=1 -DHAVE_STDLIB_H=1 -DHAVE_STRING_H=1 -DHAVE_MEMORY_H=1 -DHAVE_STRINGS_H=1 -DHAVE_INTTYPES_H=1 -DHAVE_STDINT_H=1 -DHAVE_UNISTD_H=1 -DHAVE_LIMITS_H=1 -DHAVE_SYS_PARAM_H=1 -DUSE_THREAD_ALLOC=1 -D_REENTRANT=1 -D_THREAD_SAFE=1 -DHAVE_PTHREAD_ATTR_SETSTACKSIZE=1 -DHAVE_PTHREAD_ATFORK=1 -DHAVE_PTHREAD_GETATTR_NP=1 -DGETATTRNP_NOT_DECLARED=1 -DTCL_THREADS=1 -DTCL_CFGVAL_ENCODING=\"iso8859-1\" -DMODULE_SCOPE=extern\ __attribute__\(\(__visibility__\(\"hidden\"\)\)\) -DHAVE_CAST_TO_UNION=1 -DTCL_SHLIB_EXT=\".so\" -DNDEBUG=1 -DTCL_CFG_OPTIMIZED=1 -DTCL_TOMMATH=1 -DMP_PREC=4 -D_LARGEFILE64_SOURCE=1 -DTCL_WIDE_INT_IS_LONG=1 -DHAVE_GETCWD=1 -DHAVE_OPENDIR=1 -DHAVE_STRTOL=1 -DHAVE_WAITPID=1 -DHAVE_GETADDRINFO=1 -DHAVE_GETPWUID_R_5=1 -DHAVE_GETPWUID_R=1 -DHAVE_GETPWNAM_R_5=1 -DHAVE_GETPWNAM_R=1 -DHAVE_GETGRGID_R_5=1 -DHAVE_GETGRGID_R=1 -DHAVE_GETGRNAM_R_5=1 -DHAVE_GETGRNAM_R=1 -DHAVE_GETHOSTBYNAME_R_6=1 -DHAVE_GETHOSTBYNAME_R=1 -DHAVE_GETHOSTBYADDR_R_8=1 -DHAVE_GETHOSTBYADDR_R=1 -DUSE_TERMIOS=1 -DHAVE_SYS_TIME_H=1 -DTIME_WITH_SYS_TIME=1 -DHAVE_GMTIME_R=1 -DHAVE_LOCALTIME_R=1 -DHAVE_MKTIME=1 -DHAVE_TM_GMTOFF=1 -DHAVE_TIMEZONE_VAR=1 -DHAVE_STRUCT_STAT_ST_BLOCKS=1 -DHAVE_STRUCT_STAT_ST_BLKSIZE=1 -DHAVE_BLKCNT_T=1 -DHAVE_INTPTR_T=1 -DHAVE_UINTPTR_T=1 -DHAVE_SIGNED_CHAR=1 -DHAVE_LANGINFO=1 -DHAVE_SYS_IOCTL_H=1 -DTCL_UNLOAD_DLLS=1 -DHAVE_CPUID=1 '
TCL_EXTRA_CFLAGS=' -pipe '
TCL_LD_FLAGS=' -Wl,--export-dynamic '
TCL_LIBS='-ldl  -lpthread -lieee -lm'
TCL_LIB_FILE='libtcl8.5.so'
TCL_LIB_FLAG='-ltcl8.5'
TCL_LIB_SPEC='-L/home/almamgr/ACS_javarias/ExtProd/PRODUCTS/tcltk/Linux-3.2.0-4-amd64/tcl8.5.15/unix -ltcl8.5'
TCL_SHLIB_LD_LIBS='${LIBS}'
TCL_SRC_DIR='/home/almamgr/ACS_javarias/ExtProd/PRODUCTS/tcltk/Linux-3.2.0-4-amd64/tcl8.5.15'
TCL_STUB_LIB_FILE='libtclstub8.5.a'
TCL_STUB_LIB_FLAG='-ltclstub8.5'
TCL_STUB_LIB_SPEC='-L/home/almamgr/ACS_javarias/ExtProd/PRODUCTS/tcltk/Linux-3.2.0-4-amd64/tcl8.5.15/unix -ltclstub8.5'
TCL_VERSION='8.5'
TK_BIN_DIR='/home/almamgr/ACS_javarias/ExtProd/PRODUCTS/tcltk/Linux-3.2.0-4-amd64/tk8.5.15/unix'
TK_LIBS='-lX11   -lpthread -ldl  -lpthread -lieee -lm'
TK_LIB_FILE='libtk8.5.so'
TK_LIB_FLAG='-ltk8.5'
TK_LIB_SPEC='-L/home/almamgr/ACS_javarias/ExtProd/PRODUCTS/tcltk/Linux-3.2.0-4-amd64/tk8.5.15/unix -ltk8.5'
TK_SRC_DIR='/home/almamgr/ACS_javarias/ExtProd/PRODUCTS/tcltk/Linux-3.2.0-4-amd64/tk8.5.15'
TK_STUB_LIB_FILE='libtkstub8.5.a'
TK_STUB_LIB_FLAG='-ltkstub8.5'
TK_STUB_LIB_SPEC='-L/home/almamgr/ACS_javarias/ExtProd/PRODUCTS/tcltk/Linux-3.2.0-4-amd64/tk8.5.15/unix -ltkstub8.5'
TK_VERSION='8.5'
TK_XINCLUDES=''
WISH_PROG='/home/almamgr/ACS_javarias/ExtProd/PRODUCTS/tcltk/Linux-3.2.0-4-amd64/tk8.5.15/unix/wish'
bindir='${exec_prefix}/bin'
build_alias=''
datadir='${prefix}/share'
exec_prefix='/alma/ACS-2014.4/tcltk'
host_alias=''
includedir='${prefix}/include'
infodir='${prefix}/info'
libdir='${exec_prefix}/lib'
libexecdir='${exec_prefix}/libexec'
localstatedir='${prefix}/var'
mandir='${prefix}/man'
oldincludedir='/usr/include'
prefix='/alma/ACS-2014.4/tcltk'
program_transform_name='s,x,x,'
sbindir='${exec_prefix}/sbin'
sharedstatedir='${prefix}/com'
sysconfdir='${prefix}/etc'
target_alias=''

## ----------- ##
## confdefs.h. ##
## ----------- ##

#define PACKAGE_BUGREPORT ""
#define PACKAGE_NAME "iwidgets"
#define PACKAGE_STRING "iwidgets 4.0.2"
#define PACKAGE_TARNAME "iwidgets"
#define PACKAGE_VERSION "4.0.2"

configure: exit 0
