This file contains any messages produced by compilers while
running configure, to aid debugging if configure makes a mistake.

It was created by configure, which was
generated by GNU Autoconf 2.59.  Invocation command line was

  $ ./configure --prefix=/alma/ACS-2014.4/tcltk

## --------- ##
## Platform. ##
## --------- ##

hostname = ariestest
uname -m = x86_64
uname -r = 3.2.0-4-amd64
uname -s = Linux
uname -v = #1 SMP Debian 3.2.60-1+deb7u1

/usr/bin/uname -p = unknown
/bin/uname -X     = unknown

/bin/arch              = unknown
/usr/bin/arch -k       = unknown
/usr/convex/getsysinfo = unknown
hostinfo               = unknown
/bin/machine           = unknown
/usr/bin/oslevel       = unknown
/bin/universe          = unknown

PATH: /alma/ACS-2014.4/ACSSW/bin
PATH: /usr/lib/jvm/java-7-openjdk-amd64/bin
PATH: /usr/share/ant/bin
PATH: /alma/ACS-2014.4/JacORB/bin
PATH: /alma/ACS-2014.4/Python/bin
PATH: /alma/ACS-2014.4/Python/omni/bin
PATH: /alma/ACS-2014.4/tcltk/bin
PATH: /usr/bin
PATH: /usr/local/bin
PATH: /usr/bin
PATH: /bin
PATH: /usr/local/games
PATH: /usr/games


## ----------- ##
## Core tests. ##
## ----------- ##

configure:1230: checking executable extension based on host type
configure:1242: result: 
configure:1247: checking for tclsh
configure:1272: result: /alma/ACS-2014.4/tcltk/bin/tclsh8.5
configure:1282: checking for wish
configure:1307: result: /alma/ACS-2014.4/tcltk/bin/wish8.5
configure:1459: creating ./config.status

## ---------------------- ##
## Running config.status. ##
## ---------------------- ##

This file was extended by config.status, which was
generated by GNU Autoconf 2.59.  Invocation command line was

  CONFIG_FILES    = 
  CONFIG_HEADERS  = 
  CONFIG_LINKS    = 
  CONFIG_COMMANDS = 
  $ ./config.status 

on ariestest

config.status:630: creating Makefile

## ---------------- ##
## Cache variables. ##
## ---------------- ##

ac_cv_env_build_alias_set=
ac_cv_env_build_alias_value=
ac_cv_env_host_alias_set=
ac_cv_env_host_alias_value=
ac_cv_env_target_alias_set=
ac_cv_env_target_alias_value=
ac_cv_path_tclsh=/alma/ACS-2014.4/tcltk/bin/tclsh8.5
ac_cv_path_wish=/alma/ACS-2014.4/tcltk/bin/wish8.5

## ----------------- ##
## Output variables. ##
## ----------------- ##

CYGPATH='echo'
DEFS='-DPACKAGE_NAME=\"\" -DPACKAGE_TARNAME=\"\" -DPACKAGE_VERSION=\"\" -DPACKAGE_STRING=\"\" -DPACKAGE_BUGREPORT=\"\" '
ECHO_C=''
ECHO_N='-n'
ECHO_T=''
EXEEXT=''
LIBOBJS=''
LIBS=''
LTLIBOBJS=''
PACKAGE='tklib'
PACKAGE_BUGREPORT=''
PACKAGE_NAME=''
PACKAGE_STRING=''
PACKAGE_TARNAME=''
PACKAGE_VERSION=''
PATH_SEPARATOR=':'
SHELL='/bin/sh'
TCLSH_PROG='/alma/ACS-2014.4/tcltk/bin/tclsh8.5'
VERSION='0.6'
WISH_PROG='/alma/ACS-2014.4/tcltk/bin/wish8.5'
bindir='${exec_prefix}/bin'
build_alias=''
datadir='${prefix}/share'
exec_prefix='${prefix}'
host_alias=''
includedir='${prefix}/include'
infodir='${prefix}/info'
libdir='${exec_prefix}/lib'
libexecdir='${exec_prefix}/libexec'
localstatedir='${prefix}/var'
mandir='${prefix}/man'
oldincludedir='/usr/include'
prefix='/alma/ACS-2014.4/tcltk'
program_transform_name='s,x,x,'
sbindir='${exec_prefix}/sbin'
sharedstatedir='${prefix}/com'
sysconfdir='${prefix}/etc'
target_alias=''

## ----------- ##
## confdefs.h. ##
## ----------- ##

#define PACKAGE_BUGREPORT ""
#define PACKAGE_NAME ""
#define PACKAGE_STRING ""
#define PACKAGE_TARNAME ""
#define PACKAGE_VERSION ""

configure: exit 0
