This file contains any messages produced by compilers while
running configure, to aid debugging if configure makes a mistake.

It was created by tclx configure 8.4, which was
generated by GNU Autoconf 2.59.  Invocation command line was

  $ ./configure --prefix=/alma/ACS-2014.4/tcltk --enable-shared --enable-gcc --enable-threads --srcdir=/home/almamgr/ACS_javarias/ExtProd/PRODUCTS/tcltk/Linux-3.2.0-4-amd64/tclx-2012-12-13

## --------- ##
## Platform. ##
## --------- ##

hostname = ariestest
uname -m = x86_64
uname -r = 3.2.0-4-amd64
uname -s = Linux
uname -v = #1 SMP Debian 3.2.60-1+deb7u1

/usr/bin/uname -p = unknown
/bin/uname -X     = unknown

/bin/arch              = unknown
/usr/bin/arch -k       = unknown
/usr/convex/getsysinfo = unknown
hostinfo               = unknown
/bin/machine           = unknown
/usr/bin/oslevel       = unknown
/bin/universe          = unknown

PATH: /alma/ACS-2014.4/ACSSW/bin
PATH: /usr/lib/jvm/java-7-openjdk-amd64/bin
PATH: /usr/share/ant/bin
PATH: /alma/ACS-2014.4/JacORB/bin
PATH: /alma/ACS-2014.4/Python/bin
PATH: /alma/ACS-2014.4/Python/omni/bin
PATH: /alma/ACS-2014.4/tcltk/bin
PATH: /usr/bin
PATH: /usr/local/bin
PATH: /usr/bin
PATH: /bin
PATH: /usr/local/games
PATH: /usr/games


## ----------- ##
## Core tests. ##
## ----------- ##

configure:1325: checking for correct TEA configuration
configure:1344: result: ok (TEA 3.5)
configure:1480: checking for Tcl configuration
configure:1596: result: found /home/almamgr/ACS_javarias/ExtProd/PRODUCTS/tcltk/Linux-3.2.0-4-amd64/tcl8.5.15/unix/tclConfig.sh
configure:1602: checking for existence of /home/almamgr/ACS_javarias/ExtProd/PRODUCTS/tcltk/Linux-3.2.0-4-amd64/tcl8.5.15/unix/tclConfig.sh
configure:1606: result: loading
configure:1697: --exec-prefix defaulting to TCL_EXEC_PREFIX /alma/ACS-2014.4/tcltk
configure:1771: checking for gcc
configure:1787: found /usr/bin/gcc
configure:1797: result: gcc
configure:2041: checking for C compiler version
configure:2044: gcc --version </dev/null >&5
gcc (Debian 4.7.2-5) 4.7.2
Copyright (C) 2012 Free Software Foundation, Inc.
This is free software; see the source for copying conditions.  There is NO
warranty; not even for MERCHANTABILITY or FITNESS FOR A PARTICULAR PURPOSE.

configure:2047: $? = 0
configure:2049: gcc -v </dev/null >&5
Using built-in specs.
COLLECT_GCC=gcc
COLLECT_LTO_WRAPPER=/usr/lib/gcc/x86_64-linux-gnu/4.7/lto-wrapper
Target: x86_64-linux-gnu
Configured with: ../src/configure -v --with-pkgversion='Debian 4.7.2-5' --with-bugurl=file:///usr/share/doc/gcc-4.7/README.Bugs --enable-languages=c,c++,go,fortran,objc,obj-c++ --prefix=/usr --program-suffix=-4.7 --enable-shared --enable-linker-build-id --with-system-zlib --libexecdir=/usr/lib --without-included-gettext --enable-threads=posix --with-gxx-include-dir=/usr/include/c++/4.7 --libdir=/usr/lib --enable-nls --with-sysroot=/ --enable-clocale=gnu --enable-libstdcxx-debug --enable-libstdcxx-time=yes --enable-gnu-unique-object --enable-plugin --enable-objc-gc --with-arch-32=i586 --with-tune=generic --enable-checking=release --build=x86_64-linux-gnu --host=x86_64-linux-gnu --target=x86_64-linux-gnu
Thread model: posix
gcc version 4.7.2 (Debian 4.7.2-5) 
configure:2052: $? = 0
configure:2054: gcc -V </dev/null >&5
gcc: error: unrecognized command line option '-V'
gcc: fatal error: no input files
compilation terminated.
configure:2057: $? = 4
configure:2080: checking for C compiler default output file name
configure:2083: gcc    conftest.c  >&5
configure:2086: $? = 0
configure:2132: result: a.out
configure:2137: checking whether the C compiler works
configure:2143: ./a.out
configure:2146: $? = 0
configure:2163: result: yes
configure:2170: checking whether we are cross compiling
configure:2172: result: no
configure:2175: checking for suffix of executables
configure:2177: gcc -o conftest    conftest.c  >&5
configure:2180: $? = 0
configure:2205: result: 
configure:2211: checking for suffix of object files
configure:2232: gcc -c   conftest.c >&5
configure:2235: $? = 0
configure:2257: result: o
configure:2261: checking whether we are using the GNU C compiler
configure:2285: gcc -c   conftest.c >&5
configure:2291: $? = 0
configure:2295: test -z 
			 || test ! -s conftest.err
configure:2298: $? = 0
configure:2301: test -s conftest.o
configure:2304: $? = 0
configure:2317: result: yes
configure:2323: checking whether gcc accepts -g
configure:2344: gcc -c -g  conftest.c >&5
configure:2350: $? = 0
configure:2354: test -z 
			 || test ! -s conftest.err
configure:2357: $? = 0
configure:2360: test -s conftest.o
configure:2363: $? = 0
configure:2374: result: yes
configure:2391: checking for gcc option to accept ANSI C
configure:2461: gcc  -c   conftest.c >&5
configure:2467: $? = 0
configure:2471: test -z 
			 || test ! -s conftest.err
configure:2474: $? = 0
configure:2477: test -s conftest.o
configure:2480: $? = 0
configure:2498: result: none needed
configure:2516: gcc -c   conftest.c >&5
conftest.c:2:3: error: unknown type name 'choke'
conftest.c:2:3: error: expected '=', ',', ';', 'asm' or '__attribute__' at end of input
configure:2522: $? = 1
configure: failed program was:
| #ifndef __cplusplus
|   choke me
| #endif
configure:2660: checking how to run the C preprocessor
configure:2695: gcc -E  conftest.c
configure:2701: $? = 0
configure:2733: gcc -E  conftest.c
conftest.c:10:28: fatal error: ac_nonexistent.h: No such file or directory
compilation terminated.
configure:2739: $? = 1
configure: failed program was:
| /* confdefs.h.  */
| 
| #define PACKAGE_NAME "tclx"
| #define PACKAGE_TARNAME "tclx"
| #define PACKAGE_VERSION "8.4"
| #define PACKAGE_STRING "tclx 8.4"
| #define PACKAGE_BUGREPORT ""
| #define FULL_VERSION "8.4.1"
| /* end confdefs.h.  */
| #include <ac_nonexistent.h>
configure:2778: result: gcc -E
configure:2802: gcc -E  conftest.c
configure:2808: $? = 0
configure:2840: gcc -E  conftest.c
conftest.c:10:28: fatal error: ac_nonexistent.h: No such file or directory
compilation terminated.
configure:2846: $? = 1
configure: failed program was:
| /* confdefs.h.  */
| 
| #define PACKAGE_NAME "tclx"
| #define PACKAGE_TARNAME "tclx"
| #define PACKAGE_VERSION "8.4"
| #define PACKAGE_STRING "tclx 8.4"
| #define PACKAGE_BUGREPORT ""
| #define FULL_VERSION "8.4.1"
| /* end confdefs.h.  */
| #include <ac_nonexistent.h>
configure:2903: checking for a BSD-compatible install
configure:2958: result: /usr/bin/install -c
configure:2974: checking whether make sets $(MAKE)
configure:2994: result: yes
configure:3049: checking for ranlib
configure:3065: found /usr/bin/ranlib
configure:3076: result: ranlib
configure:3098: checking for egrep
configure:3108: result: grep -E
configure:3113: checking for ANSI C header files
configure:3138: gcc -c   conftest.c >&5
configure:3144: $? = 0
configure:3148: test -z 
			 || test ! -s conftest.err
configure:3151: $? = 0
configure:3154: test -s conftest.o
configure:3157: $? = 0
configure:3246: gcc -o conftest    conftest.c  >&5
conftest.c: In function 'main':
conftest.c:27:7: warning: incompatible implicit declaration of built-in function 'exit' [enabled by default]
configure:3249: $? = 0
configure:3251: ./conftest
configure:3254: $? = 0
configure:3269: result: yes
configure:3293: checking for sys/types.h
configure:3309: gcc -c   conftest.c >&5
configure:3315: $? = 0
configure:3319: test -z 
			 || test ! -s conftest.err
configure:3322: $? = 0
configure:3325: test -s conftest.o
configure:3328: $? = 0
configure:3339: result: yes
configure:3293: checking for sys/stat.h
configure:3309: gcc -c   conftest.c >&5
configure:3315: $? = 0
configure:3319: test -z 
			 || test ! -s conftest.err
configure:3322: $? = 0
configure:3325: test -s conftest.o
configure:3328: $? = 0
configure:3339: result: yes
configure:3293: checking for stdlib.h
configure:3309: gcc -c   conftest.c >&5
configure:3315: $? = 0
configure:3319: test -z 
			 || test ! -s conftest.err
configure:3322: $? = 0
configure:3325: test -s conftest.o
configure:3328: $? = 0
configure:3339: result: yes
configure:3293: checking for string.h
configure:3309: gcc -c   conftest.c >&5
configure:3315: $? = 0
configure:3319: test -z 
			 || test ! -s conftest.err
configure:3322: $? = 0
configure:3325: test -s conftest.o
configure:3328: $? = 0
configure:3339: result: yes
configure:3293: checking for memory.h
configure:3309: gcc -c   conftest.c >&5
configure:3315: $? = 0
configure:3319: test -z 
			 || test ! -s conftest.err
configure:3322: $? = 0
configure:3325: test -s conftest.o
configure:3328: $? = 0
configure:3339: result: yes
configure:3293: checking for strings.h
configure:3309: gcc -c   conftest.c >&5
configure:3315: $? = 0
configure:3319: test -z 
			 || test ! -s conftest.err
configure:3322: $? = 0
configure:3325: test -s conftest.o
configure:3328: $? = 0
configure:3339: result: yes
configure:3293: checking for inttypes.h
configure:3309: gcc -c   conftest.c >&5
configure:3315: $? = 0
configure:3319: test -z 
			 || test ! -s conftest.err
configure:3322: $? = 0
configure:3325: test -s conftest.o
configure:3328: $? = 0
configure:3339: result: yes
configure:3293: checking for stdint.h
configure:3309: gcc -c   conftest.c >&5
configure:3315: $? = 0
configure:3319: test -z 
			 || test ! -s conftest.err
configure:3322: $? = 0
configure:3325: test -s conftest.o
configure:3328: $? = 0
configure:3339: result: yes
configure:3293: checking for unistd.h
configure:3309: gcc -c   conftest.c >&5
configure:3315: $? = 0
configure:3319: test -z 
			 || test ! -s conftest.err
configure:3322: $? = 0
configure:3325: test -s conftest.o
configure:3328: $? = 0
configure:3339: result: yes
configure:3361: checking if the compiler understands -pipe
configure:3381: gcc -pipe -c   conftest.c >&5
configure:3387: $? = 0
configure:3391: test -z 
			 || test ! -s conftest.err
configure:3394: $? = 0
configure:3397: test -s conftest.o
configure:3400: $? = 0
configure:3402: result: yes
configure:3419: checking whether byte ordering is bigendian
configure:3446: gcc -pipe -c   conftest.c >&5
configure:3452: $? = 0
configure:3456: test -z 
			 || test ! -s conftest.err
configure:3459: $? = 0
configure:3462: test -s conftest.o
configure:3465: $? = 0
configure:3489: gcc -pipe -c   conftest.c >&5
conftest.c: In function 'main':
conftest.c:27:2: error: unknown type name 'not'
conftest.c:27:10: error: expected '=', ',', ';', 'asm' or '__attribute__' before 'endian'
configure:3495: $? = 1
configure: failed program was:
| /* confdefs.h.  */
| 
| #define PACKAGE_NAME "tclx"
| #define PACKAGE_TARNAME "tclx"
| #define PACKAGE_VERSION "8.4"
| #define PACKAGE_STRING "tclx 8.4"
| #define PACKAGE_BUGREPORT ""
| #define FULL_VERSION "8.4.1"
| #define STDC_HEADERS 1
| #define HAVE_SYS_TYPES_H 1
| #define HAVE_SYS_STAT_H 1
| #define HAVE_STDLIB_H 1
| #define HAVE_STRING_H 1
| #define HAVE_MEMORY_H 1
| #define HAVE_STRINGS_H 1
| #define HAVE_INTTYPES_H 1
| #define HAVE_STDINT_H 1
| #define HAVE_UNISTD_H 1
| /* end confdefs.h.  */
| #include <sys/types.h>
| #include <sys/param.h>
| 
| int
| main ()
| {
| #if BYTE_ORDER != BIG_ENDIAN
|  not big endian
| #endif
| 
|   ;
|   return 0;
| }
configure:3630: result: no
configure:3658: checking for sin
configure:3715: gcc -pipe -o conftest    conftest.c  >&5
conftest.c:44:6: warning: conflicting types for built-in function 'sin' [enabled by default]
/tmp/ccxgd3sC.o: In function `main':
conftest.c:(.text+0xd): undefined reference to `sin'
/tmp/ccxgd3sC.o:(.data+0x0): undefined reference to `sin'
collect2: error: ld returned 1 exit status
configure:3721: $? = 1
configure: failed program was:
| /* confdefs.h.  */
| 
| #define PACKAGE_NAME "tclx"
| #define PACKAGE_TARNAME "tclx"
| #define PACKAGE_VERSION "8.4"
| #define PACKAGE_STRING "tclx 8.4"
| #define PACKAGE_BUGREPORT ""
| #define FULL_VERSION "8.4.1"
| #define STDC_HEADERS 1
| #define HAVE_SYS_TYPES_H 1
| #define HAVE_SYS_STAT_H 1
| #define HAVE_STDLIB_H 1
| #define HAVE_STRING_H 1
| #define HAVE_MEMORY_H 1
| #define HAVE_STRINGS_H 1
| #define HAVE_INTTYPES_H 1
| #define HAVE_STDINT_H 1
| #define HAVE_UNISTD_H 1
| /* end confdefs.h.  */
| /* Define sin to an innocuous variant, in case <limits.h> declares sin.
|    For example, HP-UX 11i <limits.h> declares gettimeofday.  */
| #define sin innocuous_sin
| 
| /* System header to define __stub macros and hopefully few prototypes,
|     which can conflict with char sin (); below.
|     Prefer <limits.h> to <assert.h> if __STDC__ is defined, since
|     <limits.h> exists even on freestanding compilers.  */
| 
| #ifdef __STDC__
| # include <limits.h>
| #else
| # include <assert.h>
| #endif
| 
| #undef sin
| 
| /* Override any gcc2 internal prototype to avoid an error.  */
| #ifdef __cplusplus
| extern "C"
| {
| #endif
| /* We use char because int might match the return type of a gcc2
|    builtin and then its argument prototype would still apply.  */
| char sin ();
| /* The GNU C library defines this for functions which it implements
|     to always fail with ENOSYS.  Some functions are actually named
|     something starting with __ and the normal name is an alias.  */
| #if defined (__stub_sin) || defined (__stub___sin)
| choke me
| #else
| char (*f) () = sin;
| #endif
| #ifdef __cplusplus
| }
| #endif
| 
| int
| main ()
| {
| return f != sin;
|   ;
|   return 0;
| }
configure:3746: result: no
configure:3754: checking for main in -lieee
configure:3778: gcc -pipe -o conftest    conftest.c -lieee   >&5
configure:3784: $? = 0
configure:3788: test -z 
			 || test ! -s conftest.err
configure:3791: $? = 0
configure:3794: test -s conftest
configure:3797: $? = 0
configure:3810: result: yes
configure:3822: checking for main in -linet
configure:3846: gcc -pipe -o conftest    conftest.c -linet   >&5
/usr/bin/ld: cannot find -linet
collect2: error: ld returned 1 exit status
configure:3852: $? = 1
configure: failed program was:
| /* confdefs.h.  */
| 
| #define PACKAGE_NAME "tclx"
| #define PACKAGE_TARNAME "tclx"
| #define PACKAGE_VERSION "8.4"
| #define PACKAGE_STRING "tclx 8.4"
| #define PACKAGE_BUGREPORT ""
| #define FULL_VERSION "8.4.1"
| #define STDC_HEADERS 1
| #define HAVE_SYS_TYPES_H 1
| #define HAVE_SYS_STAT_H 1
| #define HAVE_STDLIB_H 1
| #define HAVE_STRING_H 1
| #define HAVE_MEMORY_H 1
| #define HAVE_STRINGS_H 1
| #define HAVE_INTTYPES_H 1
| #define HAVE_STDINT_H 1
| #define HAVE_UNISTD_H 1
| /* end confdefs.h.  */
| 
| 
| int
| main ()
| {
| main ();
|   ;
|   return 0;
| }
configure:3878: result: no
configure:3894: checking net/errno.h usability
configure:3906: gcc -pipe -c   conftest.c >&5
conftest.c:54:23: fatal error: net/errno.h: No such file or directory
compilation terminated.
configure:3912: $? = 1
configure: failed program was:
| /* confdefs.h.  */
| 
| #define PACKAGE_NAME "tclx"
| #define PACKAGE_TARNAME "tclx"
| #define PACKAGE_VERSION "8.4"
| #define PACKAGE_STRING "tclx 8.4"
| #define PACKAGE_BUGREPORT ""
| #define FULL_VERSION "8.4.1"
| #define STDC_HEADERS 1
| #define HAVE_SYS_TYPES_H 1
| #define HAVE_SYS_STAT_H 1
| #define HAVE_STDLIB_H 1
| #define HAVE_STRING_H 1
| #define HAVE_MEMORY_H 1
| #define HAVE_STRINGS_H 1
| #define HAVE_INTTYPES_H 1
| #define HAVE_STDINT_H 1
| #define HAVE_UNISTD_H 1
| /* end confdefs.h.  */
| #include <stdio.h>
| #if HAVE_SYS_TYPES_H
| # include <sys/types.h>
| #endif
| #if HAVE_SYS_STAT_H
| # include <sys/stat.h>
| #endif
| #if STDC_HEADERS
| # include <stdlib.h>
| # include <stddef.h>
| #else
| # if HAVE_STDLIB_H
| #  include <stdlib.h>
| # endif
| #endif
| #if HAVE_STRING_H
| # if !STDC_HEADERS && HAVE_MEMORY_H
| #  include <memory.h>
| # endif
| # include <string.h>
| #endif
| #if HAVE_STRINGS_H
| # include <strings.h>
| #endif
| #if HAVE_INTTYPES_H
| # include <inttypes.h>
| #else
| # if HAVE_STDINT_H
| #  include <stdint.h>
| # endif
| #endif
| #if HAVE_UNISTD_H
| # include <unistd.h>
| #endif
| #include <net/errno.h>
configure:3935: result: no
configure:3939: checking net/errno.h presence
configure:3949: gcc -E  conftest.c
conftest.c:20:23: fatal error: net/errno.h: No such file or directory
compilation terminated.
configure:3955: $? = 1
configure: failed program was:
| /* confdefs.h.  */
| 
| #define PACKAGE_NAME "tclx"
| #define PACKAGE_TARNAME "tclx"
| #define PACKAGE_VERSION "8.4"
| #define PACKAGE_STRING "tclx 8.4"
| #define PACKAGE_BUGREPORT ""
| #define FULL_VERSION "8.4.1"
| #define STDC_HEADERS 1
| #define HAVE_SYS_TYPES_H 1
| #define HAVE_SYS_STAT_H 1
| #define HAVE_STDLIB_H 1
| #define HAVE_STRING_H 1
| #define HAVE_MEMORY_H 1
| #define HAVE_STRINGS_H 1
| #define HAVE_INTTYPES_H 1
| #define HAVE_STDINT_H 1
| #define HAVE_UNISTD_H 1
| /* end confdefs.h.  */
| #include <net/errno.h>
configure:3975: result: no
configure:4010: checking for net/errno.h
configure:4017: result: no
configure:4051: checking for connect
configure:4108: gcc -pipe -o conftest    conftest.c  >&5
configure:4114: $? = 0
configure:4118: test -z 
			 || test ! -s conftest.err
configure:4121: $? = 0
configure:4124: test -s conftest
configure:4127: $? = 0
configure:4139: result: yes
configure:4414: checking for gethostbyname
configure:4471: gcc -pipe -o conftest    conftest.c  >&5
configure:4477: $? = 0
configure:4481: test -z 
			 || test ! -s conftest.err
configure:4484: $? = 0
configure:4487: test -s conftest
configure:4490: $? = 0
configure:4502: result: yes
configure:4586: checking dirent.h
configure:4626: gcc -pipe -o conftest    conftest.c  >&5
configure:4632: $? = 0
configure:4636: test -z 
			 || test ! -s conftest.err
configure:4639: $? = 0
configure:4642: test -s conftest
configure:4645: $? = 0
configure:4657: result: yes
configure:4678: checking errno.h usability
configure:4690: gcc -pipe -c   conftest.c >&5
configure:4696: $? = 0
configure:4700: test -z 
			 || test ! -s conftest.err
configure:4703: $? = 0
configure:4706: test -s conftest.o
configure:4709: $? = 0
configure:4719: result: yes
configure:4723: checking errno.h presence
configure:4733: gcc -E  conftest.c
configure:4739: $? = 0
configure:4759: result: yes
configure:4794: checking for errno.h
configure:4801: result: yes
configure:4826: checking float.h usability
configure:4838: gcc -pipe -c   conftest.c >&5
configure:4844: $? = 0
configure:4848: test -z 
			 || test ! -s conftest.err
configure:4851: $? = 0
configure:4854: test -s conftest.o
configure:4857: $? = 0
configure:4867: result: yes
configure:4871: checking float.h presence
configure:4881: gcc -E  conftest.c
configure:4887: $? = 0
configure:4907: result: yes
configure:4942: checking for float.h
configure:4949: result: yes
configure:4974: checking values.h usability
configure:4986: gcc -pipe -c   conftest.c >&5
configure:4992: $? = 0
configure:4996: test -z 
			 || test ! -s conftest.err
configure:4999: $? = 0
configure:5002: test -s conftest.o
configure:5005: $? = 0
configure:5015: result: yes
configure:5019: checking values.h presence
configure:5029: gcc -E  conftest.c
configure:5035: $? = 0
configure:5055: result: yes
configure:5090: checking for values.h
configure:5097: result: yes
configure:5122: checking limits.h usability
configure:5134: gcc -pipe -c   conftest.c >&5
configure:5140: $? = 0
configure:5144: test -z 
			 || test ! -s conftest.err
configure:5147: $? = 0
configure:5150: test -s conftest.o
configure:5153: $? = 0
configure:5163: result: yes
configure:5167: checking limits.h presence
configure:5177: gcc -E  conftest.c
configure:5183: $? = 0
configure:5203: result: yes
configure:5238: checking for limits.h
configure:5245: result: yes
configure:5265: checking for stdlib.h
configure:5270: result: yes
configure:5467: checking for string.h
configure:5472: result: yes
configure:5666: checking sys/wait.h usability
configure:5678: gcc -pipe -c   conftest.c >&5
configure:5684: $? = 0
configure:5688: test -z 
			 || test ! -s conftest.err
configure:5691: $? = 0
configure:5694: test -s conftest.o
configure:5697: $? = 0
configure:5707: result: yes
configure:5711: checking sys/wait.h presence
configure:5721: gcc -E  conftest.c
configure:5727: $? = 0
configure:5747: result: yes
configure:5782: checking for sys/wait.h
configure:5789: result: yes
configure:5814: checking dlfcn.h usability
configure:5826: gcc -pipe -c   conftest.c >&5
configure:5832: $? = 0
configure:5836: test -z 
			 || test ! -s conftest.err
configure:5839: $? = 0
configure:5842: test -s conftest.o
configure:5845: $? = 0
configure:5855: result: yes
configure:5859: checking dlfcn.h presence
configure:5869: gcc -E  conftest.c
configure:5875: $? = 0
configure:5895: result: yes
configure:5930: checking for dlfcn.h
configure:5937: result: yes
configure:5968: checking sys/param.h usability
configure:5980: gcc -pipe -c   conftest.c >&5
configure:5986: $? = 0
configure:5990: test -z 
			 || test ! -s conftest.err
configure:5993: $? = 0
configure:5996: test -s conftest.o
configure:5999: $? = 0
configure:6009: result: yes
configure:6013: checking sys/param.h presence
configure:6023: gcc -E  conftest.c
configure:6029: $? = 0
configure:6049: result: yes
configure:6084: checking for sys/param.h
configure:6091: result: yes
configure:6248: checking for Tcl private include files
configure:6289: result: Using srcdir found in tclConfig.sh: /home/almamgr/ACS_javarias/ExtProd/PRODUCTS/tcltk/Linux-3.2.0-4-amd64/tcl8.5.15
configure:6476: checking for pthread_mutex_init in -lpthread
configure:6506: gcc -pipe -o conftest    conftest.c -lpthread   >&5
configure:6512: $? = 0
configure:6516: test -z 
			 || test ! -s conftest.err
configure:6519: $? = 0
configure:6522: test -s conftest
configure:6525: $? = 0
configure:6538: result: yes
configure:6859: checking for building with threads
configure:6867: result: yes (default)
configure:6908: checking how to build libraries
configure:6926: result: shared
configure:6953: checking if 64bit support is requested
configure:6962: result: no
configure:6967: checking if 64bit Sparc VIS support is requested
configure:6976: result: no
configure:7004: checking system version
configure:7034: result: Linux-3.2.0-4-amd64
configure:7042: checking for dlopen in -ldl
configure:7072: gcc -pipe -o conftest    conftest.c -ldl   >&5
configure:7078: $? = 0
configure:7082: test -z 
			 || test ! -s conftest.err
configure:7085: $? = 0
configure:7088: test -s conftest
configure:7091: $? = 0
configure:7104: result: yes
configure:7145: checking for ar
configure:7161: found /usr/bin/ar
configure:7171: result: ar
configure:8853: checking for required early compiler flags
configure:8876: gcc -pipe -c   conftest.c >&5
configure:8882: $? = 0
configure:8886: test -z 
			 || test ! -s conftest.err
configure:8889: $? = 0
configure:8892: test -s conftest.o
configure:8895: $? = 0
configure:8981: gcc -pipe -c   conftest.c >&5
conftest.c: In function 'main':
conftest.c:30:15: error: storage size of 'buf' isn't known
configure:8987: $? = 1
configure: failed program was:
| /* confdefs.h.  */
| 
| #define PACKAGE_NAME "tclx"
| #define PACKAGE_TARNAME "tclx"
| #define PACKAGE_VERSION "8.4"
| #define PACKAGE_STRING "tclx 8.4"
| #define PACKAGE_BUGREPORT ""
| #define FULL_VERSION "8.4.1"
| #define STDC_HEADERS 1
| #define HAVE_SYS_TYPES_H 1
| #define HAVE_SYS_STAT_H 1
| #define HAVE_STDLIB_H 1
| #define HAVE_STRING_H 1
| #define HAVE_MEMORY_H 1
| #define HAVE_STRINGS_H 1
| #define HAVE_INTTYPES_H 1
| #define HAVE_STDINT_H 1
| #define HAVE_UNISTD_H 1
| #define HAVE_LIMITS_H 1
| #define HAVE_SYS_PARAM_H 1
| #define USE_THREAD_ALLOC 1
| #define _REENTRANT 1
| #define _THREAD_SAFE 1
| #define TCL_THREADS 1
| /* end confdefs.h.  */
| #include <sys/stat.h>
| int
| main ()
| {
| struct stat64 buf; int i = stat64("/", &buf);
|   ;
|   return 0;
| }
configure:9024: gcc -pipe -c   conftest.c >&5
configure:9030: $? = 0
configure:9034: test -z 
			 || test ! -s conftest.err
configure:9037: $? = 0
configure:9040: test -s conftest.o
configure:9043: $? = 0
configure:9086: gcc -pipe -c   conftest.c >&5
conftest.c: In function 'main':
conftest.c:31:19: error: 'open64' undeclared (first use in this function)
conftest.c:31:19: note: each undeclared identifier is reported only once for each function it appears in
configure:9092: $? = 1
configure: failed program was:
| /* confdefs.h.  */
| 
| #define PACKAGE_NAME "tclx"
| #define PACKAGE_TARNAME "tclx"
| #define PACKAGE_VERSION "8.4"
| #define PACKAGE_STRING "tclx 8.4"
| #define PACKAGE_BUGREPORT ""
| #define FULL_VERSION "8.4.1"
| #define STDC_HEADERS 1
| #define HAVE_SYS_TYPES_H 1
| #define HAVE_SYS_STAT_H 1
| #define HAVE_STDLIB_H 1
| #define HAVE_STRING_H 1
| #define HAVE_MEMORY_H 1
| #define HAVE_STRINGS_H 1
| #define HAVE_INTTYPES_H 1
| #define HAVE_STDINT_H 1
| #define HAVE_UNISTD_H 1
| #define HAVE_LIMITS_H 1
| #define HAVE_SYS_PARAM_H 1
| #define USE_THREAD_ALLOC 1
| #define _REENTRANT 1
| #define _THREAD_SAFE 1
| #define TCL_THREADS 1
| #define _LARGEFILE64_SOURCE 1
| /* end confdefs.h.  */
| #include <sys/stat.h>
| int
| main ()
| {
| char *p = (char *)open64;
|   ;
|   return 0;
| }
configure:9129: gcc -pipe -c   conftest.c >&5
conftest.c: In function 'main':
conftest.c:32:19: error: 'open64' undeclared (first use in this function)
conftest.c:32:19: note: each undeclared identifier is reported only once for each function it appears in
configure:9135: $? = 1
configure: failed program was:
| /* confdefs.h.  */
| 
| #define PACKAGE_NAME "tclx"
| #define PACKAGE_TARNAME "tclx"
| #define PACKAGE_VERSION "8.4"
| #define PACKAGE_STRING "tclx 8.4"
| #define PACKAGE_BUGREPORT ""
| #define FULL_VERSION "8.4.1"
| #define STDC_HEADERS 1
| #define HAVE_SYS_TYPES_H 1
| #define HAVE_SYS_STAT_H 1
| #define HAVE_STDLIB_H 1
| #define HAVE_STRING_H 1
| #define HAVE_MEMORY_H 1
| #define HAVE_STRINGS_H 1
| #define HAVE_INTTYPES_H 1
| #define HAVE_STDINT_H 1
| #define HAVE_UNISTD_H 1
| #define HAVE_LIMITS_H 1
| #define HAVE_SYS_PARAM_H 1
| #define USE_THREAD_ALLOC 1
| #define _REENTRANT 1
| #define _THREAD_SAFE 1
| #define TCL_THREADS 1
| #define _LARGEFILE64_SOURCE 1
| /* end confdefs.h.  */
| #define _LARGEFILE_SOURCE64 1
| #include <sys/stat.h>
| int
| main ()
| {
| char *p = (char *)open64;
|   ;
|   return 0;
| }
configure:9175: result:  _LARGEFILE64_SOURCE
configure:9180: checking for 64-bit integer type
configure:9204: gcc -pipe -c   conftest.c >&5
conftest.c: In function 'main':
conftest.c:31:1: error: unknown type name '__int64'
conftest.c:31:18: error: '__int64' undeclared (first use in this function)
conftest.c:31:18: note: each undeclared identifier is reported only once for each function it appears in
conftest.c:31:27: error: expected ',' or ';' before numeric constant
configure:9210: $? = 1
configure: failed program was:
| /* confdefs.h.  */
| 
| #define PACKAGE_NAME "tclx"
| #define PACKAGE_TARNAME "tclx"
| #define PACKAGE_VERSION "8.4"
| #define PACKAGE_STRING "tclx 8.4"
| #define PACKAGE_BUGREPORT ""
| #define FULL_VERSION "8.4.1"
| #define STDC_HEADERS 1
| #define HAVE_SYS_TYPES_H 1
| #define HAVE_SYS_STAT_H 1
| #define HAVE_STDLIB_H 1
| #define HAVE_STRING_H 1
| #define HAVE_MEMORY_H 1
| #define HAVE_STRINGS_H 1
| #define HAVE_INTTYPES_H 1
| #define HAVE_STDINT_H 1
| #define HAVE_UNISTD_H 1
| #define HAVE_LIMITS_H 1
| #define HAVE_SYS_PARAM_H 1
| #define USE_THREAD_ALLOC 1
| #define _REENTRANT 1
| #define _THREAD_SAFE 1
| #define TCL_THREADS 1
| #define _LARGEFILE64_SOURCE 1
| /* end confdefs.h.  */
| 
| int
| main ()
| {
| __int64 value = (__int64) 0;
|   ;
|   return 0;
| }
configure:9254: gcc -pipe -c   conftest.c >&5
conftest.c: In function 'main':
conftest.c:32:21: error: duplicate case value
conftest.c:32:13: error: previously used here
configure:9260: $? = 1
configure: failed program was:
| /* confdefs.h.  */
| 
| #define PACKAGE_NAME "tclx"
| #define PACKAGE_TARNAME "tclx"
| #define PACKAGE_VERSION "8.4"
| #define PACKAGE_STRING "tclx 8.4"
| #define PACKAGE_BUGREPORT ""
| #define FULL_VERSION "8.4.1"
| #define STDC_HEADERS 1
| #define HAVE_SYS_TYPES_H 1
| #define HAVE_SYS_STAT_H 1
| #define HAVE_STDLIB_H 1
| #define HAVE_STRING_H 1
| #define HAVE_MEMORY_H 1
| #define HAVE_STRINGS_H 1
| #define HAVE_INTTYPES_H 1
| #define HAVE_STDINT_H 1
| #define HAVE_UNISTD_H 1
| #define HAVE_LIMITS_H 1
| #define HAVE_SYS_PARAM_H 1
| #define USE_THREAD_ALLOC 1
| #define _REENTRANT 1
| #define _THREAD_SAFE 1
| #define TCL_THREADS 1
| #define _LARGEFILE64_SOURCE 1
| /* end confdefs.h.  */
| 
| int
| main ()
| {
| switch (0) {
|             case 1: case (sizeof(long long)==sizeof(long)): ;
|         }
|   ;
|   return 0;
| }
configure:9290: result: using long
configure:9615: checking for build with symbols
configure:9628: result: no
configure:9696: checking sys/select.h usability
configure:9708: gcc -pipe -c   conftest.c >&5
configure:9714: $? = 0
configure:9718: test -z 
			 || test ! -s conftest.err
configure:9721: $? = 0
configure:9724: test -s conftest.o
configure:9727: $? = 0
configure:9737: result: yes
configure:9741: checking sys/select.h presence
configure:9751: gcc -E  conftest.c
configure:9757: $? = 0
configure:9777: result: yes
configure:9812: checking for sys/select.h
configure:9819: result: yes
configure:9836: checking return type of signal handlers
configure:9867: gcc -pipe -c   conftest.c >&5
configure:9873: $? = 0
configure:9877: test -z 
			 || test ! -s conftest.err
configure:9880: $? = 0
configure:9883: test -s conftest.o
configure:9886: $? = 0
configure:9897: result: void
configure:9910: checking whether struct tm is in sys/time.h or time.h
configure:9933: gcc -pipe -c   conftest.c >&5
configure:9939: $? = 0
configure:9943: test -z 
			 || test ! -s conftest.err
configure:9946: $? = 0
configure:9949: test -s conftest.o
configure:9952: $? = 0
configure:9963: result: time.h
configure:9988: checking sys/time.h usability
configure:10000: gcc -pipe -c   conftest.c >&5
configure:10006: $? = 0
configure:10010: test -z 
			 || test ! -s conftest.err
configure:10013: $? = 0
configure:10016: test -s conftest.o
configure:10019: $? = 0
configure:10029: result: yes
configure:10033: checking sys/time.h presence
configure:10043: gcc -E  conftest.c
configure:10049: $? = 0
configure:10069: result: yes
configure:10104: checking for sys/time.h
configure:10111: result: yes
configure:10124: checking whether time.h and sys/time.h may both be included
configure:10149: gcc -pipe -c   conftest.c >&5
configure:10155: $? = 0
configure:10159: test -z 
			 || test ! -s conftest.err
configure:10162: $? = 0
configure:10165: test -s conftest.o
configure:10168: $? = 0
configure:10179: result: yes
configure:10189: checking for struct tm.tm_zone
configure:10215: gcc -pipe -c   conftest.c >&5
configure:10221: $? = 0
configure:10225: test -z 
			 || test ! -s conftest.err
configure:10228: $? = 0
configure:10231: test -s conftest.o
configure:10234: $? = 0
configure:10294: result: yes
configure:10385: checking for gmtime_r
configure:10442: gcc -pipe -o conftest    -Wl,--export-dynamic  conftest.c  >&5
configure:10448: $? = 0
configure:10452: test -z 
			 || test ! -s conftest.err
configure:10455: $? = 0
configure:10458: test -s conftest
configure:10461: $? = 0
configure:10473: result: yes
configure:10385: checking for localtime_r
configure:10442: gcc -pipe -o conftest    -Wl,--export-dynamic  conftest.c  >&5
configure:10448: $? = 0
configure:10452: test -z 
			 || test ! -s conftest.err
configure:10455: $? = 0
configure:10458: test -s conftest
configure:10461: $? = 0
configure:10473: result: yes
configure:10484: checking tm_tzadj in struct tm
configure:10505: gcc -pipe -c   conftest.c >&5
conftest.c: In function 'main':
conftest.c:41:17: error: 'struct tm' has no member named 'tm_tzadj'
configure:10511: $? = 1
configure: failed program was:
| /* confdefs.h.  */
| 
| #define PACKAGE_NAME "tclx"
| #define PACKAGE_TARNAME "tclx"
| #define PACKAGE_VERSION "8.4"
| #define PACKAGE_STRING "tclx 8.4"
| #define PACKAGE_BUGREPORT ""
| #define FULL_VERSION "8.4.1"
| #define STDC_HEADERS 1
| #define HAVE_SYS_TYPES_H 1
| #define HAVE_SYS_STAT_H 1
| #define HAVE_STDLIB_H 1
| #define HAVE_STRING_H 1
| #define HAVE_MEMORY_H 1
| #define HAVE_STRINGS_H 1
| #define HAVE_INTTYPES_H 1
| #define HAVE_STDINT_H 1
| #define HAVE_UNISTD_H 1
| #define HAVE_LIMITS_H 1
| #define HAVE_SYS_PARAM_H 1
| #define USE_THREAD_ALLOC 1
| #define _REENTRANT 1
| #define _THREAD_SAFE 1
| #define TCL_THREADS 1
| #define _LARGEFILE64_SOURCE 1
| #define TCL_WIDE_INT_IS_LONG 1
| #define USE_TCL_STUBS 1
| #define HAVE_SYS_SELECT_H 1
| #define RETSIGTYPE void
| #define HAVE_SYS_TIME_H 1
| #define TIME_WITH_SYS_TIME 1
| #define HAVE_STRUCT_TM_TM_ZONE 1
| #define HAVE_TM_ZONE 1
| #define HAVE_GMTIME_R 1
| #define HAVE_LOCALTIME_R 1
| /* end confdefs.h.  */
| #include <time.h>
| int
| main ()
| {
| struct tm tm; tm.tm_tzadj;
|   ;
|   return 0;
| }
configure:10535: result: no
configure:10545: checking tm_gmtoff in struct tm
configure:10566: gcc -pipe -c   conftest.c >&5
configure:10572: $? = 0
configure:10576: test -z 
			 || test ! -s conftest.err
configure:10579: $? = 0
configure:10582: test -s conftest.o
configure:10585: $? = 0
configure:10596: result: yes
configure:10610: checking long timezone variable
configure:10633: gcc -pipe -c   conftest.c >&5
conftest.c: In function 'main':
conftest.c:44:6: warning: incompatible implicit declaration of built-in function 'exit' [enabled by default]
configure:10639: $? = 0
configure:10643: test -z 
			 || test ! -s conftest.err
configure:10646: $? = 0
configure:10649: test -s conftest.o
configure:10652: $? = 0
configure:10663: result: yes
configure:10748: checking union wait
configure:10773: gcc -pipe -o conftest    -Wl,--export-dynamic  conftest.c  >&5
configure:10779: $? = 0
configure:10783: test -z 
			 || test ! -s conftest.err
configure:10786: $? = 0
configure:10789: test -s conftest
configure:10792: $? = 0
configure:10805: result: yes
configure:10819: checking checking to see what 'times' returns
configure:10844: gcc -pipe -o conftest    -Wl,--export-dynamic  conftest.c  >&5
conftest.c: In function 'main':
conftest.c:46:5: warning: incompatible implicit declaration of built-in function 'exit' [enabled by default]
configure:10847: $? = 0
configure:10849: ./conftest
configure:10852: $? = 0
configure:10854: result: elapsed real time
configure:10877: checking for time_t
configure:10901: gcc -pipe -c   conftest.c >&5
configure:10907: $? = 0
configure:10911: test -z 
			 || test ! -s conftest.err
configure:10914: $? = 0
configure:10917: test -s conftest.o
configure:10920: $? = 0
configure:10931: result: yes
configure:10943: checking for off_t
configure:10967: gcc -pipe -c   conftest.c >&5
configure:10973: $? = 0
configure:10977: test -z 
			 || test ! -s conftest.err
configure:10980: $? = 0
configure:10983: test -s conftest.o
configure:10986: $? = 0
configure:10997: result: yes
configure:11016: checking for ftruncate
configure:11073: gcc -pipe -o conftest    -Wl,--export-dynamic  conftest.c  >&5
configure:11079: $? = 0
configure:11083: test -z 
			 || test ! -s conftest.err
configure:11086: $? = 0
configure:11089: test -s conftest
configure:11092: $? = 0
configure:11104: result: yes
configure:11203: checking for select
configure:11260: gcc -pipe -o conftest    -Wl,--export-dynamic  conftest.c  >&5
configure:11266: $? = 0
configure:11270: test -z 
			 || test ! -s conftest.err
configure:11273: $? = 0
configure:11276: test -s conftest
configure:11279: $? = 0
configure:11291: result: yes
configure:11302: checking for setitimer
configure:11359: gcc -pipe -o conftest    -Wl,--export-dynamic  conftest.c  >&5
configure:11365: $? = 0
configure:11369: test -z 
			 || test ! -s conftest.err
configure:11372: $? = 0
configure:11375: test -s conftest
configure:11378: $? = 0
configure:11390: result: yes
configure:11401: checking for sigaction
configure:11458: gcc -pipe -o conftest    -Wl,--export-dynamic  conftest.c  >&5
configure:11464: $? = 0
configure:11468: test -z 
			 || test ! -s conftest.err
configure:11471: $? = 0
configure:11474: test -s conftest
configure:11477: $? = 0
configure:11489: result: yes
configure:11500: checking for setpgid
configure:11557: gcc -pipe -o conftest    -Wl,--export-dynamic  conftest.c  >&5
configure:11563: $? = 0
configure:11567: test -z 
			 || test ! -s conftest.err
configure:11570: $? = 0
configure:11573: test -s conftest
configure:11576: $? = 0
configure:11588: result: yes
configure:11599: checking for getgroups
configure:11656: gcc -pipe -o conftest    -Wl,--export-dynamic  conftest.c  >&5
configure:11662: $? = 0
configure:11666: test -z 
			 || test ! -s conftest.err
configure:11669: $? = 0
configure:11672: test -s conftest
configure:11675: $? = 0
configure:11687: result: yes
configure:11698: checking for bzero
configure:11755: gcc -pipe -o conftest    -Wl,--export-dynamic  conftest.c  >&5
conftest.c:63:6: warning: conflicting types for built-in function 'bzero' [enabled by default]
configure:11761: $? = 0
configure:11765: test -z 
			 || test ! -s conftest.err
configure:11768: $? = 0
configure:11771: test -s conftest
configure:11774: $? = 0
configure:11786: result: yes
configure:11797: checking for bcopy
configure:11854: gcc -pipe -o conftest    -Wl,--export-dynamic  conftest.c  >&5
conftest.c:63:6: warning: conflicting types for built-in function 'bcopy' [enabled by default]
configure:11860: $? = 0
configure:11864: test -z 
			 || test ! -s conftest.err
configure:11867: $? = 0
configure:11870: test -s conftest
configure:11873: $? = 0
configure:11885: result: yes
configure:11896: checking for fsync
configure:11953: gcc -pipe -o conftest    -Wl,--export-dynamic  conftest.c  >&5
configure:11959: $? = 0
configure:11963: test -z 
			 || test ! -s conftest.err
configure:11966: $? = 0
configure:11969: test -s conftest
configure:11972: $? = 0
configure:11984: result: yes
configure:11995: checking for getpriority
configure:12052: gcc -pipe -o conftest    -Wl,--export-dynamic  conftest.c  >&5
configure:12058: $? = 0
configure:12062: test -z 
			 || test ! -s conftest.err
configure:12065: $? = 0
configure:12068: test -s conftest
configure:12071: $? = 0
configure:12083: result: yes
configure:12094: checking for strcoll
configure:12151: gcc -pipe -o conftest    -Wl,--export-dynamic  conftest.c  >&5
configure:12157: $? = 0
configure:12161: test -z 
			 || test ! -s conftest.err
configure:12164: $? = 0
configure:12167: test -s conftest
configure:12170: $? = 0
configure:12182: result: yes
configure:12193: checking for fchown
configure:12250: gcc -pipe -o conftest    -Wl,--export-dynamic  conftest.c  >&5
configure:12256: $? = 0
configure:12260: test -z 
			 || test ! -s conftest.err
configure:12263: $? = 0
configure:12266: test -s conftest
configure:12269: $? = 0
configure:12281: result: yes
configure:12292: checking for fchmod
configure:12349: gcc -pipe -o conftest    -Wl,--export-dynamic  conftest.c  >&5
configure:12355: $? = 0
configure:12359: test -z 
			 || test ! -s conftest.err
configure:12362: $? = 0
configure:12365: test -s conftest
configure:12368: $? = 0
configure:12380: result: yes
configure:12391: checking for truncate
configure:12448: gcc -pipe -o conftest    -Wl,--export-dynamic  conftest.c  >&5
configure:12454: $? = 0
configure:12458: test -z 
			 || test ! -s conftest.err
configure:12461: $? = 0
configure:12464: test -s conftest
configure:12467: $? = 0
configure:12479: result: yes
configure:12490: checking for waitpid
configure:12547: gcc -pipe -o conftest    -Wl,--export-dynamic  conftest.c  >&5
configure:12553: $? = 0
configure:12557: test -z 
			 || test ! -s conftest.err
configure:12560: $? = 0
configure:12563: test -s conftest
configure:12566: $? = 0
configure:12578: result: yes
configure:12589: checking for sysconf
configure:12646: gcc -pipe -o conftest    -Wl,--export-dynamic  conftest.c  >&5
configure:12652: $? = 0
configure:12656: test -z 
			 || test ! -s conftest.err
configure:12659: $? = 0
configure:12662: test -s conftest
configure:12665: $? = 0
configure:12677: result: yes
configure:12693: checking for inet_aton
configure:12750: gcc -pipe -o conftest    -Wl,--export-dynamic  conftest.c  >&5
configure:12756: $? = 0
configure:12760: test -z 
			 || test ! -s conftest.err
configure:12763: $? = 0
configure:12766: test -s conftest
configure:12769: $? = 0
configure:12781: result: yes
configure:12792: checking for gethostname
configure:12849: gcc -pipe -o conftest    -Wl,--export-dynamic  conftest.c  >&5
configure:12855: $? = 0
configure:12859: test -z 
			 || test ! -s conftest.err
configure:12862: $? = 0
configure:12865: test -s conftest
configure:12868: $? = 0
configure:12880: result: yes
configure:12897: checking for main in -ldnet_stub
configure:12921: gcc -pipe -o conftest    -Wl,--export-dynamic  conftest.c -ldnet_stub   >&5
/usr/bin/ld: cannot find -ldnet_stub
collect2: error: ld returned 1 exit status
configure:12927: $? = 1
configure: failed program was:
| /* confdefs.h.  */
| 
| #define PACKAGE_NAME "tclx"
| #define PACKAGE_TARNAME "tclx"
| #define PACKAGE_VERSION "8.4"
| #define PACKAGE_STRING "tclx 8.4"
| #define PACKAGE_BUGREPORT ""
| #define FULL_VERSION "8.4.1"
| #define STDC_HEADERS 1
| #define HAVE_SYS_TYPES_H 1
| #define HAVE_SYS_STAT_H 1
| #define HAVE_STDLIB_H 1
| #define HAVE_STRING_H 1
| #define HAVE_MEMORY_H 1
| #define HAVE_STRINGS_H 1
| #define HAVE_INTTYPES_H 1
| #define HAVE_STDINT_H 1
| #define HAVE_UNISTD_H 1
| #define HAVE_LIMITS_H 1
| #define HAVE_SYS_PARAM_H 1
| #define USE_THREAD_ALLOC 1
| #define _REENTRANT 1
| #define _THREAD_SAFE 1
| #define TCL_THREADS 1
| #define _LARGEFILE64_SOURCE 1
| #define TCL_WIDE_INT_IS_LONG 1
| #define USE_TCL_STUBS 1
| #define HAVE_SYS_SELECT_H 1
| #define RETSIGTYPE void
| #define HAVE_SYS_TIME_H 1
| #define TIME_WITH_SYS_TIME 1
| #define HAVE_STRUCT_TM_TM_ZONE 1
| #define HAVE_TM_ZONE 1
| #define HAVE_GMTIME_R 1
| #define HAVE_LOCALTIME_R 1
| #define HAVE_TM_GMTOFF 1
| #define HAVE_TIMEZONE_VAR 1
| /* end confdefs.h.  */
| 
| 
| int
| main ()
| {
| main ();
|   ;
|   return 0;
| }
configure:12953: result: no
configure:12975: checking for catgets
configure:13032: gcc -pipe -o conftest    -Wl,--export-dynamic  conftest.c  >&5
configure:13038: $? = 0
configure:13042: test -z 
			 || test ! -s conftest.err
configure:13045: $? = 0
configure:13048: test -s conftest
configure:13051: $? = 0
configure:13063: result: yes
configure:13066: checking catclose return value
configure:13085: gcc -pipe -c   conftest.c >&5
conftest.c: In function 'main':
conftest.c:44:43: warning: incompatible implicit declaration of built-in function 'exit' [enabled by default]
configure:13091: $? = 0
configure:13095: test -z 
			 || test ! -s conftest.err
configure:13098: $? = 0
configure:13101: test -s conftest.o
configure:13104: $? = 0
configure:13106: result: ok
configure:13136: checking for random
configure:13193: gcc -pipe -o conftest    -Wl,--export-dynamic  conftest.c  >&5
configure:13199: $? = 0
configure:13203: test -z 
			 || test ! -s conftest.err
configure:13206: $? = 0
configure:13209: test -s conftest
configure:13212: $? = 0
configure:13224: result: yes
configure:13292: checking where to place TclX help files
configure:13305: result: do not build help files
configure:13489: checking for tclsh
configure:13516: result: /home/almamgr/ACS_javarias/ExtProd/PRODUCTS/tcltk/Linux-3.2.0-4-amd64/tcl8.5.15/unix/tclsh
configure:13638: creating ./config.status

## ---------------------- ##
## Running config.status. ##
## ---------------------- ##

This file was extended by tclx config.status 8.4, which was
generated by GNU Autoconf 2.59.  Invocation command line was

  CONFIG_FILES    = 
  CONFIG_HEADERS  = 
  CONFIG_LINKS    = 
  CONFIG_COMMANDS = 
  $ ./config.status 

on ariestest

config.status:705: creating Makefile

## ---------------- ##
## Cache variables. ##
## ---------------- ##

ac_cv_c_bigendian=no
ac_cv_c_compiler_gnu=yes
ac_cv_c_tclconfig=/home/almamgr/ACS_javarias/ExtProd/PRODUCTS/tcltk/Linux-3.2.0-4-amd64/tcl8.5.15/unix
ac_cv_env_CC_set=
ac_cv_env_CC_value=
ac_cv_env_CFLAGS_set=
ac_cv_env_CFLAGS_value=
ac_cv_env_CPPFLAGS_set=
ac_cv_env_CPPFLAGS_value=
ac_cv_env_CPP_set=
ac_cv_env_CPP_value=
ac_cv_env_LDFLAGS_set=
ac_cv_env_LDFLAGS_value=
ac_cv_env_build_alias_set=
ac_cv_env_build_alias_value=
ac_cv_env_host_alias_set=
ac_cv_env_host_alias_value=
ac_cv_env_target_alias_set=
ac_cv_env_target_alias_value=
ac_cv_exeext=
ac_cv_func_bcopy=yes
ac_cv_func_bzero=yes
ac_cv_func_catgets=yes
ac_cv_func_connect=yes
ac_cv_func_fchmod=yes
ac_cv_func_fchown=yes
ac_cv_func_fsync=yes
ac_cv_func_ftruncate=yes
ac_cv_func_getgroups=yes
ac_cv_func_gethostbyname=yes
ac_cv_func_gethostname=yes
ac_cv_func_getpriority=yes
ac_cv_func_gmtime_r=yes
ac_cv_func_inet_aton=yes
ac_cv_func_localtime_r=yes
ac_cv_func_random=yes
ac_cv_func_select=yes
ac_cv_func_setitimer=yes
ac_cv_func_setpgid=yes
ac_cv_func_sigaction=yes
ac_cv_func_sin=no
ac_cv_func_strcoll=yes
ac_cv_func_sysconf=yes
ac_cv_func_truncate=yes
ac_cv_func_waitpid=yes
ac_cv_header_dlfcn_h=yes
ac_cv_header_errno_h=yes
ac_cv_header_float_h=yes
ac_cv_header_inttypes_h=yes
ac_cv_header_limits_h=yes
ac_cv_header_memory_h=yes
ac_cv_header_net_errno_h=no
ac_cv_header_stdc=yes
ac_cv_header_stdint_h=yes
ac_cv_header_stdlib_h=yes
ac_cv_header_string_h=yes
ac_cv_header_strings_h=yes
ac_cv_header_sys_param_h=yes
ac_cv_header_sys_select_h=yes
ac_cv_header_sys_stat_h=yes
ac_cv_header_sys_time_h=yes
ac_cv_header_sys_types_h=yes
ac_cv_header_sys_wait_h=yes
ac_cv_header_time=yes
ac_cv_header_unistd_h=yes
ac_cv_header_values_h=yes
ac_cv_lib_dl_dlopen=yes
ac_cv_lib_dnet_stub_main=no
ac_cv_lib_ieee_main=yes
ac_cv_lib_inet_main=no
ac_cv_lib_pthread_pthread_mutex_init=yes
ac_cv_member_struct_tm_tm_zone=yes
ac_cv_objext=o
ac_cv_path_install='/usr/bin/install -c'
ac_cv_prog_AR=ar
ac_cv_prog_CPP='gcc -E'
ac_cv_prog_ac_ct_CC=gcc
ac_cv_prog_ac_ct_RANLIB=ranlib
ac_cv_prog_cc_g=yes
ac_cv_prog_cc_stdc=
ac_cv_prog_egrep='grep -E'
ac_cv_prog_make_make_set=yes
ac_cv_struct_tm=time.h
ac_cv_type_off_t=yes
ac_cv_type_signal=void
ac_cv_type_time_t=yes
tcl_cv_dirent_h=yes
tcl_cv_flag__isoc99_source=no
tcl_cv_flag__largefile64_source=yes
tcl_cv_flag__largefile_source64=no
tcl_cv_member_tm_gmtoff=yes
tcl_cv_member_tm_tzadj=no
tcl_cv_sys_version=Linux-3.2.0-4-amd64
tcl_cv_timezone_long=yes
tcl_cv_type_64bit=none
tcl_cv_union_wait=yes

## ----------------- ##
## Output variables. ##
## ----------------- ##

AR='ar'
BUILDHELP=''
CC='gcc -pipe'
CELIB_DIR=''
CFLAGS=' ${CFLAGS_DEFAULT} ${CFLAGS_WARNING} ${SHLIB_CFLAGS}'
CFLAGS_DEBUG='-g'
CFLAGS_DEFAULT='-O2 -fomit-frame-pointer'
CFLAGS_OPTIMIZE='-O2 -fomit-frame-pointer'
CFLAGS_WARNING='-Wall -Wno-implicit-int'
CLEANFILES='pkgIndex.tcl'
COL=''
CPP='gcc -E'
CPPFLAGS=''
CYGPATH='echo'
DEFS='-DPACKAGE_NAME=\"tclx\" -DPACKAGE_TARNAME=\"tclx\" -DPACKAGE_VERSION=\"8.4\" -DPACKAGE_STRING=\"tclx\ 8.4\" -DPACKAGE_BUGREPORT=\"\" -DFULL_VERSION=\"8.4.1\" -DSTDC_HEADERS=1 -DHAVE_SYS_TYPES_H=1 -DHAVE_SYS_STAT_H=1 -DHAVE_STDLIB_H=1 -DHAVE_STRING_H=1 -DHAVE_MEMORY_H=1 -DHAVE_STRINGS_H=1 -DHAVE_INTTYPES_H=1 -DHAVE_STDINT_H=1 -DHAVE_UNISTD_H=1 -DHAVE_LIMITS_H=1 -DHAVE_SYS_PARAM_H=1 -DUSE_THREAD_ALLOC=1 -D_REENTRANT=1 -D_THREAD_SAFE=1 -DTCL_THREADS=1 -D_LARGEFILE64_SOURCE=1 -DTCL_WIDE_INT_IS_LONG=1 -DUSE_TCL_STUBS=1 -DHAVE_SYS_SELECT_H=1 -DRETSIGTYPE=void -DHAVE_SYS_TIME_H=1 -DTIME_WITH_SYS_TIME=1 -DHAVE_STRUCT_TM_TM_ZONE=1 -DHAVE_TM_ZONE=1 -DHAVE_GMTIME_R=1 -DHAVE_LOCALTIME_R=1 -DHAVE_TM_GMTOFF=1 -DHAVE_TIMEZONE_VAR=1 '
DL_LIBS='-ldl'
ECHO_C=''
ECHO_N='-n'
ECHO_T=''
EGREP='grep -E'
EXEEXT=''
HELP_DIR='/home/almamgr/ACS_javarias/ExtProd/PRODUCTS/tcltk/Linux-3.2.0-4-amd64/tclx-2012-12-13/help'
INSTALL_DATA='${INSTALL} -m 644'
INSTALL_PROGRAM='${INSTALL}'
INSTALL_SCRIPT='${INSTALL}'
LDFLAGS=' -Wl,--export-dynamic '
LDFLAGS_DEFAULT=' -Wl,--export-dynamic '
LD_LIBRARY_PATH_VAR='LD_LIBRARY_PATH'
LIBOBJS=''
LIBS=''
MAKE_LIB='${SHLIB_LD} -o $@ $(PKG_OBJECTS) ${SHLIB_LD_LIBS} '
MAKE_SHARED_LIB='${SHLIB_LD} -o $@ $(PKG_OBJECTS) ${SHLIB_LD_LIBS}'
MAKE_STATIC_LIB='${STLIB_LD} $@ $(PKG_OBJECTS)'
MAKE_STUB_LIB='${STLIB_LD} $@ $(PKG_STUB_OBJECTS)'
MATH_LIBS='-lieee -lm'
NROFF=''
OBJEXT='o'
PACKAGE_BUGREPORT=''
PACKAGE_NAME='tclx'
PACKAGE_STRING='tclx 8.4'
PACKAGE_TARNAME='tclx'
PACKAGE_VERSION='8.4'
PATH_SEPARATOR=':'
PKG_CFLAGS=' '
PKG_HEADERS=' generic/tclExtend.h'
PKG_INCLUDES=' -I"/home/almamgr/ACS_javarias/ExtProd/PRODUCTS/tcltk/Linux-3.2.0-4-amd64/tclx-2012-12-13/generic" -I"/home/almamgr/ACS_javarias/ExtProd/PRODUCTS/tcltk/Linux-3.2.0-4-amd64/tclx-2012-12-13/unix"'
PKG_LIBS=' -lieee -lm'
PKG_LIB_FILE='libtclx8.4.so'
PKG_OBJECTS=' tclXbsearch.o tclXchmod.o tclXcmdloop.o tclXdebug.o tclXdup.o tclXfcntl.o tclXfilecmds.o tclXfilescan.o tclXflock.o tclXfstat.o tclXgeneral.o tclXhandles.o tclXinit.o tclXkeylist.o tclXlib.o tclXlist.o tclXmath.o tclXmsgcat.o tclXprocess.o tclXprofile.o tclXselect.o tclXsignal.o tclXstring.o tclXsocket.o tclXutil.o tclXoscmds.o tclXlgets.o tclXunixCmds.o tclXunixDup.o tclXunixId.o tclXunixOS.o tclXunixSock.o'
PKG_SOURCES=' tclXbsearch.c tclXchmod.c tclXcmdloop.c tclXdebug.c tclXdup.c tclXfcntl.c tclXfilecmds.c tclXfilescan.c tclXflock.c tclXfstat.c tclXgeneral.c tclXhandles.c tclXinit.c tclXkeylist.c tclXlib.c tclXlist.c tclXmath.c tclXmsgcat.c tclXprocess.c tclXprofile.c tclXselect.c tclXsignal.c tclXstring.c tclXsocket.c tclXutil.c tclXoscmds.c tclXlgets.c tclXunixCmds.c tclXunixDup.c tclXunixId.c tclXunixOS.c tclXunixSock.c'
PKG_STUB_LIB_FILE='libtclxstub8.4.a'
PKG_STUB_OBJECTS=''
PKG_STUB_SOURCES=''
PKG_TCL_SOURCES=' library/tclx.tcl library/autoload.tcl library/arrayprocs.tcl library/compat.tcl library/convlib.tcl library/edprocs.tcl library/events.tcl library/forfile.tcl library/globrecur.tcl library/help.tcl library/profrep.tcl library/pushd.tcl library/setfuncs.tcl library/showproc.tcl library/stringfile.tcl library/tcllib.tcl library/fmath.tcl library/buildhelp.tcl'
RANLIB=':'
RANLIB_STUB='ranlib'
SET_MAKE=''
SHARED_BUILD='1'
SHELL='/bin/sh'
SHLIB_CFLAGS='-fPIC'
SHLIB_LD='gcc -pipe -shared'
SHLIB_LD_LIBS='${LIBS} -L/home/almamgr/ACS_javarias/ExtProd/PRODUCTS/tcltk/Linux-3.2.0-4-amd64/tcl8.5.15/unix -ltclstub8.5'
STLIB_LD='${AR} cr'
TCLSH_PROG='/home/almamgr/ACS_javarias/ExtProd/PRODUCTS/tcltk/Linux-3.2.0-4-amd64/tcl8.5.15/unix/tclsh'
TCL_BIN_DIR='/home/almamgr/ACS_javarias/ExtProd/PRODUCTS/tcltk/Linux-3.2.0-4-amd64/tcl8.5.15/unix'
TCL_BMAP_DIR_NATIVE='"/home/almamgr/ACS_javarias/ExtProd/PRODUCTS/tcltk/Linux-3.2.0-4-amd64/tcl8.5.15/bitmaps"'
TCL_DBGX=''
TCL_DEFS='-DPACKAGE_NAME=\"tcl\" -DPACKAGE_TARNAME=\"tcl\" -DPACKAGE_VERSION=\"8.5\" -DPACKAGE_STRING=\"tcl\ 8.5\" -DPACKAGE_BUGREPORT=\"\" -DSTDC_HEADERS=1 -DHAVE_SYS_TYPES_H=1 -DHAVE_SYS_STAT_H=1 -DHAVE_STDLIB_H=1 -DHAVE_STRING_H=1 -DHAVE_MEMORY_H=1 -DHAVE_STRINGS_H=1 -DHAVE_INTTYPES_H=1 -DHAVE_STDINT_H=1 -DHAVE_UNISTD_H=1 -DHAVE_LIMITS_H=1 -DHAVE_SYS_PARAM_H=1 -DUSE_THREAD_ALLOC=1 -D_REENTRANT=1 -D_THREAD_SAFE=1 -DHAVE_PTHREAD_ATTR_SETSTACKSIZE=1 -DHAVE_PTHREAD_ATFORK=1 -DHAVE_PTHREAD_GETATTR_NP=1 -DGETATTRNP_NOT_DECLARED=1 -DTCL_THREADS=1 -DTCL_CFGVAL_ENCODING=\"iso8859-1\" -DMODULE_SCOPE=extern\ __attribute__\(\(__visibility__\(\"hidden\"\)\)\) -DHAVE_CAST_TO_UNION=1 -DTCL_SHLIB_EXT=\".so\" -DNDEBUG=1 -DTCL_CFG_OPTIMIZED=1 -DTCL_TOMMATH=1 -DMP_PREC=4 -D_LARGEFILE64_SOURCE=1 -DTCL_WIDE_INT_IS_LONG=1 -DHAVE_GETCWD=1 -DHAVE_OPENDIR=1 -DHAVE_STRTOL=1 -DHAVE_WAITPID=1 -DHAVE_GETADDRINFO=1 -DHAVE_GETPWUID_R_5=1 -DHAVE_GETPWUID_R=1 -DHAVE_GETPWNAM_R_5=1 -DHAVE_GETPWNAM_R=1 -DHAVE_GETGRGID_R_5=1 -DHAVE_GETGRGID_R=1 -DHAVE_GETGRNAM_R_5=1 -DHAVE_GETGRNAM_R=1 -DHAVE_GETHOSTBYNAME_R_6=1 -DHAVE_GETHOSTBYNAME_R=1 -DHAVE_GETHOSTBYADDR_R_8=1 -DHAVE_GETHOSTBYADDR_R=1 -DUSE_TERMIOS=1 -DHAVE_SYS_TIME_H=1 -DTIME_WITH_SYS_TIME=1 -DHAVE_GMTIME_R=1 -DHAVE_LOCALTIME_R=1 -DHAVE_MKTIME=1 -DHAVE_TM_GMTOFF=1 -DHAVE_TIMEZONE_VAR=1 -DHAVE_STRUCT_STAT_ST_BLOCKS=1 -DHAVE_STRUCT_STAT_ST_BLKSIZE=1 -DHAVE_BLKCNT_T=1 -DHAVE_INTPTR_T=1 -DHAVE_UINTPTR_T=1 -DHAVE_SIGNED_CHAR=1 -DHAVE_LANGINFO=1 -DHAVE_SYS_IOCTL_H=1 -DTCL_UNLOAD_DLLS=1 -DHAVE_CPUID=1 '
TCL_EXTRA_CFLAGS=' -pipe '
TCL_GENERIC_DIR_NATIVE='"/home/almamgr/ACS_javarias/ExtProd/PRODUCTS/tcltk/Linux-3.2.0-4-amd64/tcl8.5.15/generic"'
TCL_INCLUDES='-I"/home/almamgr/ACS_javarias/ExtProd/PRODUCTS/tcltk/Linux-3.2.0-4-amd64/tcl8.5.15/generic" -I"/home/almamgr/ACS_javarias/ExtProd/PRODUCTS/tcltk/Linux-3.2.0-4-amd64/tcl8.5.15/unix"'
TCL_LD_FLAGS=' -Wl,--export-dynamic '
TCL_LIBS='${DL_LIBS} ${LIBS} ${MATH_LIBS}'
TCL_LIB_FILE='libtcl8.5.so'
TCL_LIB_FLAG='-ltcl8.5'
TCL_LIB_SPEC='-L/home/almamgr/ACS_javarias/ExtProd/PRODUCTS/tcltk/Linux-3.2.0-4-amd64/tcl8.5.15/unix -ltcl8.5'
TCL_PLATFORM_DIR_NATIVE='"/home/almamgr/ACS_javarias/ExtProd/PRODUCTS/tcltk/Linux-3.2.0-4-amd64/tcl8.5.15/unix"'
TCL_SHLIB_LD_LIBS='${LIBS}'
TCL_SRC_DIR='/home/almamgr/ACS_javarias/ExtProd/PRODUCTS/tcltk/Linux-3.2.0-4-amd64/tcl8.5.15'
TCL_STUB_LIB_FILE='libtclstub8.5.a'
TCL_STUB_LIB_FLAG='-ltclstub8.5'
TCL_STUB_LIB_SPEC='-L/home/almamgr/ACS_javarias/ExtProd/PRODUCTS/tcltk/Linux-3.2.0-4-amd64/tcl8.5.15/unix -ltclstub8.5'
TCL_THREADS='1'
TCL_TOOL_DIR_NATIVE='"/home/almamgr/ACS_javarias/ExtProd/PRODUCTS/tcltk/Linux-3.2.0-4-amd64/tcl8.5.15/tools"'
TCL_TOP_DIR_NATIVE='"/home/almamgr/ACS_javarias/ExtProd/PRODUCTS/tcltk/Linux-3.2.0-4-amd64/tcl8.5.15"'
TCL_UNIX_DIR_NATIVE='"/home/almamgr/ACS_javarias/ExtProd/PRODUCTS/tcltk/Linux-3.2.0-4-amd64/tcl8.5.15/unix"'
TCL_VERSION='8.5'
TCL_WIN_DIR_NATIVE='"/home/almamgr/ACS_javarias/ExtProd/PRODUCTS/tcltk/Linux-3.2.0-4-amd64/tcl8.5.15/win"'
ac_ct_CC='gcc'
ac_ct_RANLIB='ranlib'
bindir='${exec_prefix}/bin'
build_alias=''
datadir='${prefix}/share'
exec_prefix='/alma/ACS-2014.4/tcltk'
host_alias=''
includedir='${prefix}/include'
infodir='${prefix}/info'
libdir='${exec_prefix}/lib'
libexecdir='${exec_prefix}/libexec'
localstatedir='${prefix}/var'
mandir='${prefix}/man'
oldincludedir='/usr/include'
prefix='/alma/ACS-2014.4/tcltk'
program_transform_name='s,x,x,'
sbindir='${exec_prefix}/sbin'
sharedstatedir='${prefix}/com'
sysconfdir='${prefix}/etc'
target_alias=''

## ----------- ##
## confdefs.h. ##
## ----------- ##

#define FULL_VERSION "8.4.1"
#define HAVE_GMTIME_R 1
#define HAVE_INTTYPES_H 1
#define HAVE_LIMITS_H 1
#define HAVE_LOCALTIME_R 1
#define HAVE_MEMORY_H 1
#define HAVE_STDINT_H 1
#define HAVE_STDLIB_H 1
#define HAVE_STRINGS_H 1
#define HAVE_STRING_H 1
#define HAVE_STRUCT_TM_TM_ZONE 1
#define HAVE_SYS_PARAM_H 1
#define HAVE_SYS_SELECT_H 1
#define HAVE_SYS_STAT_H 1
#define HAVE_SYS_TIME_H 1
#define HAVE_SYS_TYPES_H 1
#define HAVE_TIMEZONE_VAR 1
#define HAVE_TM_GMTOFF 1
#define HAVE_TM_ZONE 1
#define HAVE_UNISTD_H 1
#define PACKAGE_BUGREPORT ""
#define PACKAGE_NAME "tclx"
#define PACKAGE_STRING "tclx 8.4"
#define PACKAGE_TARNAME "tclx"
#define PACKAGE_VERSION "8.4"
#define RETSIGTYPE void
#define STDC_HEADERS 1
#define TCL_THREADS 1
#define TCL_WIDE_INT_IS_LONG 1
#define TIME_WITH_SYS_TIME 1
#define USE_TCL_STUBS 1
#define USE_THREAD_ALLOC 1
#define _LARGEFILE64_SOURCE 1
#define _REENTRANT 1
#define _THREAD_SAFE 1

configure: exit 0
