This file contains any messages produced by compilers while
running configure, to aid debugging if configure makes a mistake.

It was created by Tktable configure 2.10, which was
generated by GNU Autoconf 2.59.  Invocation command line was

  $ ./configure --prefix=/alma/ACS-2014.4/tcltk --enable-shared

## --------- ##
## Platform. ##
## --------- ##

hostname = ariestest
uname -m = x86_64
uname -r = 3.2.0-4-amd64
uname -s = Linux
uname -v = #1 SMP Debian 3.2.60-1+deb7u1

/usr/bin/uname -p = unknown
/bin/uname -X     = unknown

/bin/arch              = unknown
/usr/bin/arch -k       = unknown
/usr/convex/getsysinfo = unknown
hostinfo               = unknown
/bin/machine           = unknown
/usr/bin/oslevel       = unknown
/bin/universe          = unknown

PATH: /alma/ACS-2014.4/ACSSW/bin
PATH: /usr/lib/jvm/java-7-openjdk-amd64/bin
PATH: /usr/share/ant/bin
PATH: /alma/ACS-2014.4/JacORB/bin
PATH: /alma/ACS-2014.4/Python/bin
PATH: /alma/ACS-2014.4/Python/omni/bin
PATH: /alma/ACS-2014.4/tcltk/bin
PATH: /usr/bin
PATH: /usr/local/bin
PATH: /usr/bin
PATH: /bin
PATH: /usr/local/games
PATH: /usr/games


## ----------- ##
## Core tests. ##
## ----------- ##

configure:1338: checking for correct TEA configuration
configure:1357: result: ok (TEA 3.7)
configure:1483: checking for Tcl configuration
configure:1599: result: found /home/almamgr/ACS_javarias/ExtProd/PRODUCTS/tcltk/Linux-3.2.0-4-amd64/tcl8.5.15/unix/tclConfig.sh
configure:1605: checking for existence of /home/almamgr/ACS_javarias/ExtProd/PRODUCTS/tcltk/Linux-3.2.0-4-amd64/tcl8.5.15/unix/tclConfig.sh
configure:1609: result: loading
configure:1700: checking for Tk configuration
configure:1816: result: found /home/almamgr/ACS_javarias/ExtProd/PRODUCTS/tcltk/Linux-3.2.0-4-amd64/tk8.5.15/unix/tkConfig.sh
configure:1822: checking for existence of /home/almamgr/ACS_javarias/ExtProd/PRODUCTS/tcltk/Linux-3.2.0-4-amd64/tk8.5.15/unix/tkConfig.sh
configure:1826: result: loading
configure:1934: --exec-prefix defaulting to TCL_EXEC_PREFIX /alma/ACS-2014.4/tcltk
configure:2008: checking for gcc
configure:2024: found /usr/bin/gcc
configure:2034: result: gcc
configure:2278: checking for C compiler version
configure:2281: gcc --version </dev/null >&5
gcc (Debian 4.7.2-5) 4.7.2
Copyright (C) 2012 Free Software Foundation, Inc.
This is free software; see the source for copying conditions.  There is NO
warranty; not even for MERCHANTABILITY or FITNESS FOR A PARTICULAR PURPOSE.

configure:2284: $? = 0
configure:2286: gcc -v </dev/null >&5
Using built-in specs.
COLLECT_GCC=gcc
COLLECT_LTO_WRAPPER=/usr/lib/gcc/x86_64-linux-gnu/4.7/lto-wrapper
Target: x86_64-linux-gnu
Configured with: ../src/configure -v --with-pkgversion='Debian 4.7.2-5' --with-bugurl=file:///usr/share/doc/gcc-4.7/README.Bugs --enable-languages=c,c++,go,fortran,objc,obj-c++ --prefix=/usr --program-suffix=-4.7 --enable-shared --enable-linker-build-id --with-system-zlib --libexecdir=/usr/lib --without-included-gettext --enable-threads=posix --with-gxx-include-dir=/usr/include/c++/4.7 --libdir=/usr/lib --enable-nls --with-sysroot=/ --enable-clocale=gnu --enable-libstdcxx-debug --enable-libstdcxx-time=yes --enable-gnu-unique-object --enable-plugin --enable-objc-gc --with-arch-32=i586 --with-tune=generic --enable-checking=release --build=x86_64-linux-gnu --host=x86_64-linux-gnu --target=x86_64-linux-gnu
Thread model: posix
gcc version 4.7.2 (Debian 4.7.2-5) 
configure:2289: $? = 0
configure:2291: gcc -V </dev/null >&5
gcc: error: unrecognized command line option '-V'
gcc: fatal error: no input files
compilation terminated.
configure:2294: $? = 4
configure:2317: checking for C compiler default output file name
configure:2320: gcc    conftest.c  >&5
configure:2323: $? = 0
configure:2369: result: a.out
configure:2374: checking whether the C compiler works
configure:2380: ./a.out
configure:2383: $? = 0
configure:2400: result: yes
configure:2407: checking whether we are cross compiling
configure:2409: result: no
configure:2412: checking for suffix of executables
configure:2414: gcc -o conftest    conftest.c  >&5
configure:2417: $? = 0
configure:2442: result: 
configure:2448: checking for suffix of object files
configure:2469: gcc -c   conftest.c >&5
configure:2472: $? = 0
configure:2494: result: o
configure:2498: checking whether we are using the GNU C compiler
configure:2522: gcc -c   conftest.c >&5
configure:2528: $? = 0
configure:2532: test -z 
			 || test ! -s conftest.err
configure:2535: $? = 0
configure:2538: test -s conftest.o
configure:2541: $? = 0
configure:2554: result: yes
configure:2560: checking whether gcc accepts -g
configure:2581: gcc -c -g  conftest.c >&5
configure:2587: $? = 0
configure:2591: test -z 
			 || test ! -s conftest.err
configure:2594: $? = 0
configure:2597: test -s conftest.o
configure:2600: $? = 0
configure:2611: result: yes
configure:2628: checking for gcc option to accept ANSI C
configure:2698: gcc  -c   conftest.c >&5
configure:2704: $? = 0
configure:2708: test -z 
			 || test ! -s conftest.err
configure:2711: $? = 0
configure:2714: test -s conftest.o
configure:2717: $? = 0
configure:2735: result: none needed
configure:2753: gcc -c   conftest.c >&5
conftest.c:2:3: error: unknown type name 'choke'
conftest.c:2:3: error: expected '=', ',', ';', 'asm' or '__attribute__' at end of input
configure:2759: $? = 1
configure: failed program was:
| #ifndef __cplusplus
|   choke me
| #endif
configure:2897: checking how to run the C preprocessor
configure:2932: gcc -E  conftest.c
configure:2938: $? = 0
configure:2970: gcc -E  conftest.c
conftest.c:9:28: fatal error: ac_nonexistent.h: No such file or directory
compilation terminated.
configure:2976: $? = 1
configure: failed program was:
| /* confdefs.h.  */
| 
| #define PACKAGE_NAME "Tktable"
| #define PACKAGE_TARNAME "tktable"
| #define PACKAGE_VERSION "2.10"
| #define PACKAGE_STRING "Tktable 2.10"
| #define PACKAGE_BUGREPORT ""
| /* end confdefs.h.  */
| #include <ac_nonexistent.h>
configure:3015: result: gcc -E
configure:3039: gcc -E  conftest.c
configure:3045: $? = 0
configure:3077: gcc -E  conftest.c
conftest.c:9:28: fatal error: ac_nonexistent.h: No such file or directory
compilation terminated.
configure:3083: $? = 1
configure: failed program was:
| /* confdefs.h.  */
| 
| #define PACKAGE_NAME "Tktable"
| #define PACKAGE_TARNAME "tktable"
| #define PACKAGE_VERSION "2.10"
| #define PACKAGE_STRING "Tktable 2.10"
| #define PACKAGE_BUGREPORT ""
| /* end confdefs.h.  */
| #include <ac_nonexistent.h>
configure:3140: checking for a BSD-compatible install
configure:3195: result: /usr/bin/install -c
configure:3211: checking whether make sets $(MAKE)
configure:3231: result: yes
configure:3286: checking for ranlib
configure:3302: found /usr/bin/ranlib
configure:3313: result: ranlib
configure:3335: checking for egrep
configure:3345: result: grep -E
configure:3350: checking for ANSI C header files
configure:3375: gcc -c   conftest.c >&5
configure:3381: $? = 0
configure:3385: test -z 
			 || test ! -s conftest.err
configure:3388: $? = 0
configure:3391: test -s conftest.o
configure:3394: $? = 0
configure:3483: gcc -o conftest    conftest.c  >&5
conftest.c: In function 'main':
conftest.c:26:7: warning: incompatible implicit declaration of built-in function 'exit' [enabled by default]
configure:3486: $? = 0
configure:3488: ./conftest
configure:3491: $? = 0
configure:3506: result: yes
configure:3530: checking for sys/types.h
configure:3546: gcc -c   conftest.c >&5
configure:3552: $? = 0
configure:3556: test -z 
			 || test ! -s conftest.err
configure:3559: $? = 0
configure:3562: test -s conftest.o
configure:3565: $? = 0
configure:3576: result: yes
configure:3530: checking for sys/stat.h
configure:3546: gcc -c   conftest.c >&5
configure:3552: $? = 0
configure:3556: test -z 
			 || test ! -s conftest.err
configure:3559: $? = 0
configure:3562: test -s conftest.o
configure:3565: $? = 0
configure:3576: result: yes
configure:3530: checking for stdlib.h
configure:3546: gcc -c   conftest.c >&5
configure:3552: $? = 0
configure:3556: test -z 
			 || test ! -s conftest.err
configure:3559: $? = 0
configure:3562: test -s conftest.o
configure:3565: $? = 0
configure:3576: result: yes
configure:3530: checking for string.h
configure:3546: gcc -c   conftest.c >&5
configure:3552: $? = 0
configure:3556: test -z 
			 || test ! -s conftest.err
configure:3559: $? = 0
configure:3562: test -s conftest.o
configure:3565: $? = 0
configure:3576: result: yes
configure:3530: checking for memory.h
configure:3546: gcc -c   conftest.c >&5
configure:3552: $? = 0
configure:3556: test -z 
			 || test ! -s conftest.err
configure:3559: $? = 0
configure:3562: test -s conftest.o
configure:3565: $? = 0
configure:3576: result: yes
configure:3530: checking for strings.h
configure:3546: gcc -c   conftest.c >&5
configure:3552: $? = 0
configure:3556: test -z 
			 || test ! -s conftest.err
configure:3559: $? = 0
configure:3562: test -s conftest.o
configure:3565: $? = 0
configure:3576: result: yes
configure:3530: checking for inttypes.h
configure:3546: gcc -c   conftest.c >&5
configure:3552: $? = 0
configure:3556: test -z 
			 || test ! -s conftest.err
configure:3559: $? = 0
configure:3562: test -s conftest.o
configure:3565: $? = 0
configure:3576: result: yes
configure:3530: checking for stdint.h
configure:3546: gcc -c   conftest.c >&5
configure:3552: $? = 0
configure:3556: test -z 
			 || test ! -s conftest.err
configure:3559: $? = 0
configure:3562: test -s conftest.o
configure:3565: $? = 0
configure:3576: result: yes
configure:3530: checking for unistd.h
configure:3546: gcc -c   conftest.c >&5
configure:3552: $? = 0
configure:3556: test -z 
			 || test ! -s conftest.err
configure:3559: $? = 0
configure:3562: test -s conftest.o
configure:3565: $? = 0
configure:3576: result: yes
configure:3598: checking if the compiler understands -pipe
configure:3621: gcc -c  -pipe  conftest.c >&5
configure:3627: $? = 0
configure:3631: test -z 
			 || test ! -s conftest.err
configure:3634: $? = 0
configure:3637: test -s conftest.o
configure:3640: $? = 0
configure:3652: result: yes
configure:3663: checking whether byte ordering is bigendian
configure:3690: gcc -c  -pipe  conftest.c >&5
configure:3696: $? = 0
configure:3700: test -z 
			 || test ! -s conftest.err
configure:3703: $? = 0
configure:3706: test -s conftest.o
configure:3709: $? = 0
configure:3733: gcc -c  -pipe  conftest.c >&5
conftest.c: In function 'main':
conftest.c:26:2: error: unknown type name 'not'
conftest.c:26:10: error: expected '=', ',', ';', 'asm' or '__attribute__' before 'endian'
configure:3739: $? = 1
configure: failed program was:
| /* confdefs.h.  */
| 
| #define PACKAGE_NAME "Tktable"
| #define PACKAGE_TARNAME "tktable"
| #define PACKAGE_VERSION "2.10"
| #define PACKAGE_STRING "Tktable 2.10"
| #define PACKAGE_BUGREPORT ""
| #define STDC_HEADERS 1
| #define HAVE_SYS_TYPES_H 1
| #define HAVE_SYS_STAT_H 1
| #define HAVE_STDLIB_H 1
| #define HAVE_STRING_H 1
| #define HAVE_MEMORY_H 1
| #define HAVE_STRINGS_H 1
| #define HAVE_INTTYPES_H 1
| #define HAVE_STDINT_H 1
| #define HAVE_UNISTD_H 1
| /* end confdefs.h.  */
| #include <sys/types.h>
| #include <sys/param.h>
| 
| int
| main ()
| {
| #if BYTE_ORDER != BIG_ENDIAN
|  not big endian
| #endif
| 
|   ;
|   return 0;
| }
configure:3874: result: no
configure:3902: checking for sin
configure:3959: gcc -o conftest  -pipe   conftest.c  >&5
conftest.c:43:6: warning: conflicting types for built-in function 'sin' [enabled by default]
/tmp/ccEGxND6.o: In function `main':
conftest.c:(.text+0xd): undefined reference to `sin'
/tmp/ccEGxND6.o:(.data+0x0): undefined reference to `sin'
collect2: error: ld returned 1 exit status
configure:3965: $? = 1
configure: failed program was:
| /* confdefs.h.  */
| 
| #define PACKAGE_NAME "Tktable"
| #define PACKAGE_TARNAME "tktable"
| #define PACKAGE_VERSION "2.10"
| #define PACKAGE_STRING "Tktable 2.10"
| #define PACKAGE_BUGREPORT ""
| #define STDC_HEADERS 1
| #define HAVE_SYS_TYPES_H 1
| #define HAVE_SYS_STAT_H 1
| #define HAVE_STDLIB_H 1
| #define HAVE_STRING_H 1
| #define HAVE_MEMORY_H 1
| #define HAVE_STRINGS_H 1
| #define HAVE_INTTYPES_H 1
| #define HAVE_STDINT_H 1
| #define HAVE_UNISTD_H 1
| /* end confdefs.h.  */
| /* Define sin to an innocuous variant, in case <limits.h> declares sin.
|    For example, HP-UX 11i <limits.h> declares gettimeofday.  */
| #define sin innocuous_sin
| 
| /* System header to define __stub macros and hopefully few prototypes,
|     which can conflict with char sin (); below.
|     Prefer <limits.h> to <assert.h> if __STDC__ is defined, since
|     <limits.h> exists even on freestanding compilers.  */
| 
| #ifdef __STDC__
| # include <limits.h>
| #else
| # include <assert.h>
| #endif
| 
| #undef sin
| 
| /* Override any gcc2 internal prototype to avoid an error.  */
| #ifdef __cplusplus
| extern "C"
| {
| #endif
| /* We use char because int might match the return type of a gcc2
|    builtin and then its argument prototype would still apply.  */
| char sin ();
| /* The GNU C library defines this for functions which it implements
|     to always fail with ENOSYS.  Some functions are actually named
|     something starting with __ and the normal name is an alias.  */
| #if defined (__stub_sin) || defined (__stub___sin)
| choke me
| #else
| char (*f) () = sin;
| #endif
| #ifdef __cplusplus
| }
| #endif
| 
| int
| main ()
| {
| return f != sin;
|   ;
|   return 0;
| }
configure:3990: result: no
configure:3998: checking for main in -lieee
configure:4022: gcc -o conftest  -pipe   conftest.c -lieee   >&5
configure:4028: $? = 0
configure:4032: test -z 
			 || test ! -s conftest.err
configure:4035: $? = 0
configure:4038: test -s conftest
configure:4041: $? = 0
configure:4054: result: yes
configure:4066: checking for main in -linet
configure:4090: gcc -o conftest  -pipe   conftest.c -linet   >&5
/usr/bin/ld: cannot find -linet
collect2: error: ld returned 1 exit status
configure:4096: $? = 1
configure: failed program was:
| /* confdefs.h.  */
| 
| #define PACKAGE_NAME "Tktable"
| #define PACKAGE_TARNAME "tktable"
| #define PACKAGE_VERSION "2.10"
| #define PACKAGE_STRING "Tktable 2.10"
| #define PACKAGE_BUGREPORT ""
| #define STDC_HEADERS 1
| #define HAVE_SYS_TYPES_H 1
| #define HAVE_SYS_STAT_H 1
| #define HAVE_STDLIB_H 1
| #define HAVE_STRING_H 1
| #define HAVE_MEMORY_H 1
| #define HAVE_STRINGS_H 1
| #define HAVE_INTTYPES_H 1
| #define HAVE_STDINT_H 1
| #define HAVE_UNISTD_H 1
| /* end confdefs.h.  */
| 
| 
| int
| main ()
| {
| main ();
|   ;
|   return 0;
| }
configure:4122: result: no
configure:4138: checking net/errno.h usability
configure:4150: gcc -c  -pipe  conftest.c >&5
conftest.c:53:23: fatal error: net/errno.h: No such file or directory
compilation terminated.
configure:4156: $? = 1
configure: failed program was:
| /* confdefs.h.  */
| 
| #define PACKAGE_NAME "Tktable"
| #define PACKAGE_TARNAME "tktable"
| #define PACKAGE_VERSION "2.10"
| #define PACKAGE_STRING "Tktable 2.10"
| #define PACKAGE_BUGREPORT ""
| #define STDC_HEADERS 1
| #define HAVE_SYS_TYPES_H 1
| #define HAVE_SYS_STAT_H 1
| #define HAVE_STDLIB_H 1
| #define HAVE_STRING_H 1
| #define HAVE_MEMORY_H 1
| #define HAVE_STRINGS_H 1
| #define HAVE_INTTYPES_H 1
| #define HAVE_STDINT_H 1
| #define HAVE_UNISTD_H 1
| /* end confdefs.h.  */
| #include <stdio.h>
| #if HAVE_SYS_TYPES_H
| # include <sys/types.h>
| #endif
| #if HAVE_SYS_STAT_H
| # include <sys/stat.h>
| #endif
| #if STDC_HEADERS
| # include <stdlib.h>
| # include <stddef.h>
| #else
| # if HAVE_STDLIB_H
| #  include <stdlib.h>
| # endif
| #endif
| #if HAVE_STRING_H
| # if !STDC_HEADERS && HAVE_MEMORY_H
| #  include <memory.h>
| # endif
| # include <string.h>
| #endif
| #if HAVE_STRINGS_H
| # include <strings.h>
| #endif
| #if HAVE_INTTYPES_H
| # include <inttypes.h>
| #else
| # if HAVE_STDINT_H
| #  include <stdint.h>
| # endif
| #endif
| #if HAVE_UNISTD_H
| # include <unistd.h>
| #endif
| #include <net/errno.h>
configure:4179: result: no
configure:4183: checking net/errno.h presence
configure:4193: gcc -E  conftest.c
conftest.c:19:23: fatal error: net/errno.h: No such file or directory
compilation terminated.
configure:4199: $? = 1
configure: failed program was:
| /* confdefs.h.  */
| 
| #define PACKAGE_NAME "Tktable"
| #define PACKAGE_TARNAME "tktable"
| #define PACKAGE_VERSION "2.10"
| #define PACKAGE_STRING "Tktable 2.10"
| #define PACKAGE_BUGREPORT ""
| #define STDC_HEADERS 1
| #define HAVE_SYS_TYPES_H 1
| #define HAVE_SYS_STAT_H 1
| #define HAVE_STDLIB_H 1
| #define HAVE_STRING_H 1
| #define HAVE_MEMORY_H 1
| #define HAVE_STRINGS_H 1
| #define HAVE_INTTYPES_H 1
| #define HAVE_STDINT_H 1
| #define HAVE_UNISTD_H 1
| /* end confdefs.h.  */
| #include <net/errno.h>
configure:4219: result: no
configure:4254: checking for net/errno.h
configure:4261: result: no
configure:4295: checking for connect
configure:4352: gcc -o conftest  -pipe   conftest.c  >&5
configure:4358: $? = 0
configure:4362: test -z 
			 || test ! -s conftest.err
configure:4365: $? = 0
configure:4368: test -s conftest
configure:4371: $? = 0
configure:4383: result: yes
configure:4658: checking for gethostbyname
configure:4715: gcc -o conftest  -pipe   conftest.c  >&5
configure:4721: $? = 0
configure:4725: test -z 
			 || test ! -s conftest.err
configure:4728: $? = 0
configure:4731: test -s conftest
configure:4734: $? = 0
configure:4746: result: yes
configure:4830: checking dirent.h
configure:4871: gcc -o conftest  -pipe   conftest.c  >&5
configure:4877: $? = 0
configure:4881: test -z 
			 || test ! -s conftest.err
configure:4884: $? = 0
configure:4887: test -s conftest
configure:4890: $? = 0
configure:4902: result: yes
configure:4924: checking errno.h usability
configure:4936: gcc -c  -pipe  conftest.c >&5
configure:4942: $? = 0
configure:4946: test -z 
			 || test ! -s conftest.err
configure:4949: $? = 0
configure:4952: test -s conftest.o
configure:4955: $? = 0
configure:4965: result: yes
configure:4969: checking errno.h presence
configure:4979: gcc -E  conftest.c
configure:4985: $? = 0
configure:5005: result: yes
configure:5040: checking for errno.h
configure:5047: result: yes
configure:5072: checking float.h usability
configure:5084: gcc -c  -pipe  conftest.c >&5
configure:5090: $? = 0
configure:5094: test -z 
			 || test ! -s conftest.err
configure:5097: $? = 0
configure:5100: test -s conftest.o
configure:5103: $? = 0
configure:5113: result: yes
configure:5117: checking float.h presence
configure:5127: gcc -E  conftest.c
configure:5133: $? = 0
configure:5153: result: yes
configure:5188: checking for float.h
configure:5195: result: yes
configure:5220: checking values.h usability
configure:5232: gcc -c  -pipe  conftest.c >&5
configure:5238: $? = 0
configure:5242: test -z 
			 || test ! -s conftest.err
configure:5245: $? = 0
configure:5248: test -s conftest.o
configure:5251: $? = 0
configure:5261: result: yes
configure:5265: checking values.h presence
configure:5275: gcc -E  conftest.c
configure:5281: $? = 0
configure:5301: result: yes
configure:5336: checking for values.h
configure:5343: result: yes
configure:5368: checking limits.h usability
configure:5380: gcc -c  -pipe  conftest.c >&5
configure:5386: $? = 0
configure:5390: test -z 
			 || test ! -s conftest.err
configure:5393: $? = 0
configure:5396: test -s conftest.o
configure:5399: $? = 0
configure:5409: result: yes
configure:5413: checking limits.h presence
configure:5423: gcc -E  conftest.c
configure:5429: $? = 0
configure:5449: result: yes
configure:5484: checking for limits.h
configure:5491: result: yes
configure:5511: checking for stdlib.h
configure:5516: result: yes
configure:5713: checking for string.h
configure:5718: result: yes
configure:5912: checking sys/wait.h usability
configure:5924: gcc -c  -pipe  conftest.c >&5
configure:5930: $? = 0
configure:5934: test -z 
			 || test ! -s conftest.err
configure:5937: $? = 0
configure:5940: test -s conftest.o
configure:5943: $? = 0
configure:5953: result: yes
configure:5957: checking sys/wait.h presence
configure:5967: gcc -E  conftest.c
configure:5973: $? = 0
configure:5993: result: yes
configure:6028: checking for sys/wait.h
configure:6035: result: yes
configure:6060: checking dlfcn.h usability
configure:6072: gcc -c  -pipe  conftest.c >&5
configure:6078: $? = 0
configure:6082: test -z 
			 || test ! -s conftest.err
configure:6085: $? = 0
configure:6088: test -s conftest.o
configure:6091: $? = 0
configure:6101: result: yes
configure:6105: checking dlfcn.h presence
configure:6115: gcc -E  conftest.c
configure:6121: $? = 0
configure:6141: result: yes
configure:6176: checking for dlfcn.h
configure:6183: result: yes
configure:6214: checking sys/param.h usability
configure:6226: gcc -c  -pipe  conftest.c >&5
configure:6232: $? = 0
configure:6236: test -z 
			 || test ! -s conftest.err
configure:6239: $? = 0
configure:6242: test -s conftest.o
configure:6245: $? = 0
configure:6255: result: yes
configure:6259: checking sys/param.h presence
configure:6269: gcc -E  conftest.c
configure:6275: $? = 0
configure:6295: result: yes
configure:6330: checking for sys/param.h
configure:6337: result: yes
configure:6469: checking for Tcl public headers
configure:6543: result: /home/almamgr/ACS_javarias/ExtProd/PRODUCTS/tcltk/Linux-3.2.0-4-amd64/tcl8.5.15/generic
configure:6556: checking for Tk public headers
configure:6629: result: /alma/ACS-2014.4/tcltk/include
configure:6664: checking for X
configure:6769: gcc -E  conftest.c
configure:6775: $? = 0
configure:6825: gcc -o conftest  -pipe   conftest.c -lXt  >&5
configure:6831: $? = 0
configure:6835: test -z 
			 || test ! -s conftest.err
configure:6838: $? = 0
configure:6841: test -s conftest
configure:6844: $? = 0
configure:6894: result: libraries , headers 
configure:6909: gcc -E  conftest.c
conftest.c:21:28: fatal error: X11/XIntrinsic.h: No such file or directory
compilation terminated.
configure:6915: $? = 1
configure: failed program was:
| /* confdefs.h.  */
| 
| #define PACKAGE_NAME "Tktable"
| #define PACKAGE_TARNAME "tktable"
| #define PACKAGE_VERSION "2.10"
| #define PACKAGE_STRING "Tktable 2.10"
| #define PACKAGE_BUGREPORT ""
| #define STDC_HEADERS 1
| #define HAVE_SYS_TYPES_H 1
| #define HAVE_SYS_STAT_H 1
| #define HAVE_STDLIB_H 1
| #define HAVE_STRING_H 1
| #define HAVE_MEMORY_H 1
| #define HAVE_STRINGS_H 1
| #define HAVE_INTTYPES_H 1
| #define HAVE_STDINT_H 1
| #define HAVE_UNISTD_H 1
| #define HAVE_LIMITS_H 1
| #define HAVE_SYS_PARAM_H 1
| /* end confdefs.h.  */
| #include <X11/XIntrinsic.h>
configure:6942: checking for X11 header files
configure:6953: gcc -E  conftest.c
configure:6959: $? = 0
configure:7193: checking for pthread_mutex_init in -lpthread
configure:7223: gcc -o conftest  -pipe   conftest.c -lpthread   >&5
configure:7229: $? = 0
configure:7233: test -z 
			 || test ! -s conftest.err
configure:7236: $? = 0
configure:7239: test -s conftest
configure:7242: $? = 0
configure:7255: result: yes
configure:7576: checking for building with threads
configure:7584: result: yes (default)
configure:7625: checking how to build libraries
configure:7643: result: shared
configure:7670: checking if 64bit support is requested
configure:7679: result: no
configure:7684: checking if 64bit Sparc VIS support is requested
configure:7693: result: no
configure:7704: checking if compiler supports visibility "hidden"
configure:7729: gcc -o conftest  -pipe -Werror   conftest.c  >&5
configure:7735: $? = 0
configure:7739: test -z 
			 || test ! -s conftest.err
configure:7742: $? = 0
configure:7745: test -s conftest
configure:7748: $? = 0
configure:7761: result: yes
configure:7776: checking if rpath support is requested
configure:7785: result: yes
configure:7811: checking system version
configure:7842: result: Linux-3.2.0-4-amd64
configure:7850: checking for dlopen in -ldl
configure:7880: gcc -o conftest  -pipe   conftest.c -ldl   >&5
configure:7886: $? = 0
configure:7890: test -z 
			 || test ! -s conftest.err
configure:7893: $? = 0
configure:7896: test -s conftest
configure:7899: $? = 0
configure:7912: result: yes
configure:7958: checking for ar
configure:7974: found /usr/bin/ar
configure:7984: result: ar
configure:10163: checking for required early compiler flags
configure:10186: gcc -c  -pipe  conftest.c >&5
configure:10192: $? = 0
configure:10196: test -z 
			 || test ! -s conftest.err
configure:10199: $? = 0
configure:10202: test -s conftest.o
configure:10205: $? = 0
configure:10291: gcc -c  -pipe  conftest.c >&5
conftest.c: In function 'main':
conftest.c:30:15: error: storage size of 'buf' isn't known
configure:10297: $? = 1
configure: failed program was:
| /* confdefs.h.  */
| 
| #define PACKAGE_NAME "Tktable"
| #define PACKAGE_TARNAME "tktable"
| #define PACKAGE_VERSION "2.10"
| #define PACKAGE_STRING "Tktable 2.10"
| #define PACKAGE_BUGREPORT ""
| #define STDC_HEADERS 1
| #define HAVE_SYS_TYPES_H 1
| #define HAVE_SYS_STAT_H 1
| #define HAVE_STDLIB_H 1
| #define HAVE_STRING_H 1
| #define HAVE_MEMORY_H 1
| #define HAVE_STRINGS_H 1
| #define HAVE_INTTYPES_H 1
| #define HAVE_STDINT_H 1
| #define HAVE_UNISTD_H 1
| #define HAVE_LIMITS_H 1
| #define HAVE_SYS_PARAM_H 1
| #define USE_THREAD_ALLOC 1
| #define _REENTRANT 1
| #define _THREAD_SAFE 1
| #define TCL_THREADS 1
| #define MODULE_SCOPE extern __attribute__((__visibility__("hidden")))
| /* end confdefs.h.  */
| #include <sys/stat.h>
| int
| main ()
| {
| struct stat64 buf; int i = stat64("/", &buf);
|   ;
|   return 0;
| }
configure:10334: gcc -c  -pipe  conftest.c >&5
configure:10340: $? = 0
configure:10344: test -z 
			 || test ! -s conftest.err
configure:10347: $? = 0
configure:10350: test -s conftest.o
configure:10353: $? = 0
configure:10396: gcc -c  -pipe  conftest.c >&5
conftest.c: In function 'main':
conftest.c:31:19: error: 'open64' undeclared (first use in this function)
conftest.c:31:19: note: each undeclared identifier is reported only once for each function it appears in
configure:10402: $? = 1
configure: failed program was:
| /* confdefs.h.  */
| 
| #define PACKAGE_NAME "Tktable"
| #define PACKAGE_TARNAME "tktable"
| #define PACKAGE_VERSION "2.10"
| #define PACKAGE_STRING "Tktable 2.10"
| #define PACKAGE_BUGREPORT ""
| #define STDC_HEADERS 1
| #define HAVE_SYS_TYPES_H 1
| #define HAVE_SYS_STAT_H 1
| #define HAVE_STDLIB_H 1
| #define HAVE_STRING_H 1
| #define HAVE_MEMORY_H 1
| #define HAVE_STRINGS_H 1
| #define HAVE_INTTYPES_H 1
| #define HAVE_STDINT_H 1
| #define HAVE_UNISTD_H 1
| #define HAVE_LIMITS_H 1
| #define HAVE_SYS_PARAM_H 1
| #define USE_THREAD_ALLOC 1
| #define _REENTRANT 1
| #define _THREAD_SAFE 1
| #define TCL_THREADS 1
| #define MODULE_SCOPE extern __attribute__((__visibility__("hidden")))
| #define _LARGEFILE64_SOURCE 1
| /* end confdefs.h.  */
| #include <sys/stat.h>
| int
| main ()
| {
| char *p = (char *)open64;
|   ;
|   return 0;
| }
configure:10439: gcc -c  -pipe  conftest.c >&5
conftest.c: In function 'main':
conftest.c:32:19: error: 'open64' undeclared (first use in this function)
conftest.c:32:19: note: each undeclared identifier is reported only once for each function it appears in
configure:10445: $? = 1
configure: failed program was:
| /* confdefs.h.  */
| 
| #define PACKAGE_NAME "Tktable"
| #define PACKAGE_TARNAME "tktable"
| #define PACKAGE_VERSION "2.10"
| #define PACKAGE_STRING "Tktable 2.10"
| #define PACKAGE_BUGREPORT ""
| #define STDC_HEADERS 1
| #define HAVE_SYS_TYPES_H 1
| #define HAVE_SYS_STAT_H 1
| #define HAVE_STDLIB_H 1
| #define HAVE_STRING_H 1
| #define HAVE_MEMORY_H 1
| #define HAVE_STRINGS_H 1
| #define HAVE_INTTYPES_H 1
| #define HAVE_STDINT_H 1
| #define HAVE_UNISTD_H 1
| #define HAVE_LIMITS_H 1
| #define HAVE_SYS_PARAM_H 1
| #define USE_THREAD_ALLOC 1
| #define _REENTRANT 1
| #define _THREAD_SAFE 1
| #define TCL_THREADS 1
| #define MODULE_SCOPE extern __attribute__((__visibility__("hidden")))
| #define _LARGEFILE64_SOURCE 1
| /* end confdefs.h.  */
| #define _LARGEFILE_SOURCE64 1
| #include <sys/stat.h>
| int
| main ()
| {
| char *p = (char *)open64;
|   ;
|   return 0;
| }
configure:10485: result:  _LARGEFILE64_SOURCE
configure:10490: checking for 64-bit integer type
configure:10514: gcc -c  -pipe  conftest.c >&5
conftest.c: In function 'main':
conftest.c:31:1: error: unknown type name '__int64'
conftest.c:31:18: error: '__int64' undeclared (first use in this function)
conftest.c:31:18: note: each undeclared identifier is reported only once for each function it appears in
conftest.c:31:27: error: expected ',' or ';' before numeric constant
configure:10520: $? = 1
configure: failed program was:
| /* confdefs.h.  */
| 
| #define PACKAGE_NAME "Tktable"
| #define PACKAGE_TARNAME "tktable"
| #define PACKAGE_VERSION "2.10"
| #define PACKAGE_STRING "Tktable 2.10"
| #define PACKAGE_BUGREPORT ""
| #define STDC_HEADERS 1
| #define HAVE_SYS_TYPES_H 1
| #define HAVE_SYS_STAT_H 1
| #define HAVE_STDLIB_H 1
| #define HAVE_STRING_H 1
| #define HAVE_MEMORY_H 1
| #define HAVE_STRINGS_H 1
| #define HAVE_INTTYPES_H 1
| #define HAVE_STDINT_H 1
| #define HAVE_UNISTD_H 1
| #define HAVE_LIMITS_H 1
| #define HAVE_SYS_PARAM_H 1
| #define USE_THREAD_ALLOC 1
| #define _REENTRANT 1
| #define _THREAD_SAFE 1
| #define TCL_THREADS 1
| #define MODULE_SCOPE extern __attribute__((__visibility__("hidden")))
| #define _LARGEFILE64_SOURCE 1
| /* end confdefs.h.  */
| 
| int
| main ()
| {
| __int64 value = (__int64) 0;
|   ;
|   return 0;
| }
configure:10564: gcc -c  -pipe  conftest.c >&5
conftest.c: In function 'main':
conftest.c:32:21: error: duplicate case value
conftest.c:32:13: error: previously used here
configure:10570: $? = 1
configure: failed program was:
| /* confdefs.h.  */
| 
| #define PACKAGE_NAME "Tktable"
| #define PACKAGE_TARNAME "tktable"
| #define PACKAGE_VERSION "2.10"
| #define PACKAGE_STRING "Tktable 2.10"
| #define PACKAGE_BUGREPORT ""
| #define STDC_HEADERS 1
| #define HAVE_SYS_TYPES_H 1
| #define HAVE_SYS_STAT_H 1
| #define HAVE_STDLIB_H 1
| #define HAVE_STRING_H 1
| #define HAVE_MEMORY_H 1
| #define HAVE_STRINGS_H 1
| #define HAVE_INTTYPES_H 1
| #define HAVE_STDINT_H 1
| #define HAVE_UNISTD_H 1
| #define HAVE_LIMITS_H 1
| #define HAVE_SYS_PARAM_H 1
| #define USE_THREAD_ALLOC 1
| #define _REENTRANT 1
| #define _THREAD_SAFE 1
| #define TCL_THREADS 1
| #define MODULE_SCOPE extern __attribute__((__visibility__("hidden")))
| #define _LARGEFILE64_SOURCE 1
| /* end confdefs.h.  */
| 
| int
| main ()
| {
| switch (0) {
|             case 1: case (sizeof(long long)==sizeof(long)): ;
|         }
|   ;
|   return 0;
| }
configure:10600: result: using long
configure:10926: checking for build with symbols
configure:10939: result: no
configure:11080: checking for tclsh
configure:11107: result: /home/almamgr/ACS_javarias/ExtProd/PRODUCTS/tcltk/Linux-3.2.0-4-amd64/tcl8.5.15/unix/tclsh
configure:11112: checking for wish
configure:11139: result: /home/almamgr/ACS_javarias/ExtProd/PRODUCTS/tcltk/Linux-3.2.0-4-amd64/tk8.5.15/unix/wish
configure:11276: creating ./config.status

## ---------------------- ##
## Running config.status. ##
## ---------------------- ##

This file was extended by Tktable config.status 2.10, which was
generated by GNU Autoconf 2.59.  Invocation command line was

  CONFIG_FILES    = 
  CONFIG_HEADERS  = 
  CONFIG_LINKS    = 
  CONFIG_COMMANDS = 
  $ ./config.status 

on ariestest

config.status:708: creating Makefile

## ---------------- ##
## Cache variables. ##
## ---------------- ##

ac_cv_c_bigendian=no
ac_cv_c_compiler_gnu=yes
ac_cv_c_tclconfig=/home/almamgr/ACS_javarias/ExtProd/PRODUCTS/tcltk/Linux-3.2.0-4-amd64/tcl8.5.15/unix
ac_cv_c_tclh=/home/almamgr/ACS_javarias/ExtProd/PRODUCTS/tcltk/Linux-3.2.0-4-amd64/tcl8.5.15/generic
ac_cv_c_tkconfig=/home/almamgr/ACS_javarias/ExtProd/PRODUCTS/tcltk/Linux-3.2.0-4-amd64/tk8.5.15/unix
ac_cv_c_tkh=/alma/ACS-2014.4/tcltk/include
ac_cv_env_CC_set=
ac_cv_env_CC_value=
ac_cv_env_CFLAGS_set=
ac_cv_env_CFLAGS_value=
ac_cv_env_CPPFLAGS_set=
ac_cv_env_CPPFLAGS_value=
ac_cv_env_CPP_set=
ac_cv_env_CPP_value=
ac_cv_env_LDFLAGS_set=
ac_cv_env_LDFLAGS_value=
ac_cv_env_build_alias_set=
ac_cv_env_build_alias_value=
ac_cv_env_host_alias_set=
ac_cv_env_host_alias_value=
ac_cv_env_target_alias_set=
ac_cv_env_target_alias_value=
ac_cv_exeext=
ac_cv_func_connect=yes
ac_cv_func_gethostbyname=yes
ac_cv_func_sin=no
ac_cv_have_x='have_x=yes 		ac_x_includes= ac_x_libraries='
ac_cv_header_dlfcn_h=yes
ac_cv_header_errno_h=yes
ac_cv_header_float_h=yes
ac_cv_header_inttypes_h=yes
ac_cv_header_limits_h=yes
ac_cv_header_memory_h=yes
ac_cv_header_net_errno_h=no
ac_cv_header_stdc=yes
ac_cv_header_stdint_h=yes
ac_cv_header_stdlib_h=yes
ac_cv_header_string_h=yes
ac_cv_header_strings_h=yes
ac_cv_header_sys_param_h=yes
ac_cv_header_sys_stat_h=yes
ac_cv_header_sys_types_h=yes
ac_cv_header_sys_wait_h=yes
ac_cv_header_unistd_h=yes
ac_cv_header_values_h=yes
ac_cv_lib_dl_dlopen=yes
ac_cv_lib_ieee_main=yes
ac_cv_lib_inet_main=no
ac_cv_lib_pthread_pthread_mutex_init=yes
ac_cv_objext=o
ac_cv_path_install='/usr/bin/install -c'
ac_cv_prog_AR=ar
ac_cv_prog_CPP='gcc -E'
ac_cv_prog_ac_ct_CC=gcc
ac_cv_prog_ac_ct_RANLIB=ranlib
ac_cv_prog_cc_g=yes
ac_cv_prog_cc_stdc=
ac_cv_prog_egrep='grep -E'
ac_cv_prog_make_make_set=yes
tcl_cv_cc_pipe=yes
tcl_cv_cc_visibility_hidden=yes
tcl_cv_dirent_h=yes
tcl_cv_flag__isoc99_source=no
tcl_cv_flag__largefile64_source=yes
tcl_cv_flag__largefile_source64=no
tcl_cv_sys_version=Linux-3.2.0-4-amd64
tcl_cv_type_64bit=none

## ----------------- ##
## Output variables. ##
## ----------------- ##

AR='ar'
CC='gcc'
CELIB_DIR=''
CFLAGS=' -pipe ${CFLAGS_DEFAULT} ${CFLAGS_WARNING} ${SHLIB_CFLAGS} '
CFLAGS_DEBUG='-g'
CFLAGS_DEFAULT='-O2 -fomit-frame-pointer'
CFLAGS_OPTIMIZE='-O2 -fomit-frame-pointer'
CFLAGS_WARNING='-Wall -Wno-implicit-int'
CLEANFILES='pkgIndex.tcl tkTable.tcl.h'
CPP='gcc -E'
CPPFLAGS=''
CYGPATH='echo'
DEFS='-DPACKAGE_NAME=\"Tktable\" -DPACKAGE_TARNAME=\"tktable\" -DPACKAGE_VERSION=\"2.10\" -DPACKAGE_STRING=\"Tktable\ 2.10\" -DPACKAGE_BUGREPORT=\"\" -DSTDC_HEADERS=1 -DHAVE_SYS_TYPES_H=1 -DHAVE_SYS_STAT_H=1 -DHAVE_STDLIB_H=1 -DHAVE_STRING_H=1 -DHAVE_MEMORY_H=1 -DHAVE_STRINGS_H=1 -DHAVE_INTTYPES_H=1 -DHAVE_STDINT_H=1 -DHAVE_UNISTD_H=1 -DHAVE_LIMITS_H=1 -DHAVE_SYS_PARAM_H=1 -DUSE_THREAD_ALLOC=1 -D_REENTRANT=1 -D_THREAD_SAFE=1 -DTCL_THREADS=1 -DMODULE_SCOPE=extern\ __attribute__\(\(__visibility__\(\"hidden\"\)\)\) -D_LARGEFILE64_SOURCE=1 -DTCL_WIDE_INT_IS_LONG=1 -DUSE_TCL_STUBS=1 -DUSE_TK_STUBS=1 '
DL_LIBS='-ldl'
ECHO_C=''
ECHO_N='-n'
ECHO_T=''
EGREP='grep -E'
EXEEXT=''
INSTALL_DATA='${INSTALL} -m 644'
INSTALL_PROGRAM='${INSTALL}'
INSTALL_SCRIPT='${INSTALL}'
LDFLAGS=' -Wl,--export-dynamic '
LDFLAGS_DEFAULT=' -Wl,--export-dynamic '
LD_LIBRARY_PATH_VAR='LD_LIBRARY_PATH'
LIBOBJS=''
LIBS=''
LTLIBOBJS=''
MAKE_LIB='${SHLIB_LD} -o $@ $(PKG_OBJECTS) ${SHLIB_LD_LIBS} '
MAKE_SHARED_LIB='${SHLIB_LD} -o $@ $(PKG_OBJECTS) ${SHLIB_LD_LIBS}'
MAKE_STATIC_LIB='${STLIB_LD} $@ $(PKG_OBJECTS)'
MAKE_STUB_LIB='${STLIB_LD} $@ $(PKG_STUB_OBJECTS)'
MATH_LIBS='-lieee -lm'
OBJEXT='o'
PACKAGE_BUGREPORT=''
PACKAGE_NAME='Tktable'
PACKAGE_STRING='Tktable 2.10'
PACKAGE_TARNAME='tktable'
PACKAGE_VERSION='2.10'
PATH_SEPARATOR=':'
PKG_CFLAGS=' '
PKG_HEADERS=''
PKG_INCLUDES=' -I. -I"./generic"'
PKG_LIBS=' -lX11'
PKG_LIB_FILE='libTktable2.10.so'
PKG_OBJECTS=' tkTable.o tkTableWin.o tkTableTag.o tkTableEdit.o tkTableCell.o tkTableCellSort.o tkTableCmds.o tkTableUtil.o'
PKG_SOURCES=' tkTable.c tkTableWin.c tkTableTag.c tkTableEdit.c tkTableCell.c tkTableCellSort.c tkTableCmds.c tkTableUtil.c'
PKG_STUB_LIB_FILE='libTktablestub2.10.a'
PKG_STUB_OBJECTS=''
PKG_STUB_SOURCES=''
PKG_TCL_SOURCES=' library/tkTable.tcl library/tktable.py'
RANLIB=':'
RANLIB_STUB='ranlib'
SET_MAKE=''
SHARED_BUILD='1'
SHELL='/bin/sh'
SHLIB_CFLAGS='-fPIC'
SHLIB_LD='${CC} -shared ${CFLAGS} ${LDFLAGS_DEFAULT}'
SHLIB_LD_LIBS='${LIBS} -L/home/almamgr/ACS_javarias/ExtProd/PRODUCTS/tcltk/Linux-3.2.0-4-amd64/tcl8.5.15/unix -ltclstub8.5 -L/home/almamgr/ACS_javarias/ExtProd/PRODUCTS/tcltk/Linux-3.2.0-4-amd64/tk8.5.15/unix -ltkstub8.5'
STLIB_LD='${AR} cr'
TCLSH_PROG='/home/almamgr/ACS_javarias/ExtProd/PRODUCTS/tcltk/Linux-3.2.0-4-amd64/tcl8.5.15/unix/tclsh'
TCL_BIN_DIR='/home/almamgr/ACS_javarias/ExtProd/PRODUCTS/tcltk/Linux-3.2.0-4-amd64/tcl8.5.15/unix'
TCL_DBGX=''
TCL_DEFS='-DPACKAGE_NAME=\"tcl\" -DPACKAGE_TARNAME=\"tcl\" -DPACKAGE_VERSION=\"8.5\" -DPACKAGE_STRING=\"tcl\ 8.5\" -DPACKAGE_BUGREPORT=\"\" -DSTDC_HEADERS=1 -DHAVE_SYS_TYPES_H=1 -DHAVE_SYS_STAT_H=1 -DHAVE_STDLIB_H=1 -DHAVE_STRING_H=1 -DHAVE_MEMORY_H=1 -DHAVE_STRINGS_H=1 -DHAVE_INTTYPES_H=1 -DHAVE_STDINT_H=1 -DHAVE_UNISTD_H=1 -DHAVE_LIMITS_H=1 -DHAVE_SYS_PARAM_H=1 -DUSE_THREAD_ALLOC=1 -D_REENTRANT=1 -D_THREAD_SAFE=1 -DHAVE_PTHREAD_ATTR_SETSTACKSIZE=1 -DHAVE_PTHREAD_ATFORK=1 -DHAVE_PTHREAD_GETATTR_NP=1 -DGETATTRNP_NOT_DECLARED=1 -DTCL_THREADS=1 -DTCL_CFGVAL_ENCODING=\"iso8859-1\" -DMODULE_SCOPE=extern\ __attribute__\(\(__visibility__\(\"hidden\"\)\)\) -DHAVE_CAST_TO_UNION=1 -DTCL_SHLIB_EXT=\".so\" -DNDEBUG=1 -DTCL_CFG_OPTIMIZED=1 -DTCL_TOMMATH=1 -DMP_PREC=4 -D_LARGEFILE64_SOURCE=1 -DTCL_WIDE_INT_IS_LONG=1 -DHAVE_GETCWD=1 -DHAVE_OPENDIR=1 -DHAVE_STRTOL=1 -DHAVE_WAITPID=1 -DHAVE_GETADDRINFO=1 -DHAVE_GETPWUID_R_5=1 -DHAVE_GETPWUID_R=1 -DHAVE_GETPWNAM_R_5=1 -DHAVE_GETPWNAM_R=1 -DHAVE_GETGRGID_R_5=1 -DHAVE_GETGRGID_R=1 -DHAVE_GETGRNAM_R_5=1 -DHAVE_GETGRNAM_R=1 -DHAVE_GETHOSTBYNAME_R_6=1 -DHAVE_GETHOSTBYNAME_R=1 -DHAVE_GETHOSTBYADDR_R_8=1 -DHAVE_GETHOSTBYADDR_R=1 -DUSE_TERMIOS=1 -DHAVE_SYS_TIME_H=1 -DTIME_WITH_SYS_TIME=1 -DHAVE_GMTIME_R=1 -DHAVE_LOCALTIME_R=1 -DHAVE_MKTIME=1 -DHAVE_TM_GMTOFF=1 -DHAVE_TIMEZONE_VAR=1 -DHAVE_STRUCT_STAT_ST_BLOCKS=1 -DHAVE_STRUCT_STAT_ST_BLKSIZE=1 -DHAVE_BLKCNT_T=1 -DHAVE_INTPTR_T=1 -DHAVE_UINTPTR_T=1 -DHAVE_SIGNED_CHAR=1 -DHAVE_LANGINFO=1 -DHAVE_SYS_IOCTL_H=1 -DTCL_UNLOAD_DLLS=1 -DHAVE_CPUID=1 '
TCL_EXTRA_CFLAGS=' -pipe '
TCL_INCLUDES='-I"/home/almamgr/ACS_javarias/ExtProd/PRODUCTS/tcltk/Linux-3.2.0-4-amd64/tcl8.5.15/generic"'
TCL_LD_FLAGS=' -Wl,--export-dynamic '
TCL_LIBS='${DL_LIBS} ${LIBS} ${MATH_LIBS}'
TCL_LIB_FILE='libtcl8.5.so'
TCL_LIB_FLAG='-ltcl8.5'
TCL_LIB_SPEC='-L/home/almamgr/ACS_javarias/ExtProd/PRODUCTS/tcltk/Linux-3.2.0-4-amd64/tcl8.5.15/unix -ltcl8.5'
TCL_SHLIB_LD_LIBS='${LIBS}'
TCL_SRC_DIR='/home/almamgr/ACS_javarias/ExtProd/PRODUCTS/tcltk/Linux-3.2.0-4-amd64/tcl8.5.15'
TCL_STUB_LIB_FILE='libtclstub8.5.a'
TCL_STUB_LIB_FLAG='-ltclstub8.5'
TCL_STUB_LIB_SPEC='-L/home/almamgr/ACS_javarias/ExtProd/PRODUCTS/tcltk/Linux-3.2.0-4-amd64/tcl8.5.15/unix -ltclstub8.5'
TCL_THREADS='1'
TCL_VERSION='8.5'
TK_BIN_DIR='/home/almamgr/ACS_javarias/ExtProd/PRODUCTS/tcltk/Linux-3.2.0-4-amd64/tk8.5.15/unix'
TK_INCLUDES='-I"/alma/ACS-2014.4/tcltk/include"'
TK_LIBS='-lX11   -lpthread -ldl  -lpthread -lieee -lm'
TK_LIB_FILE='libtk8.5.so'
TK_LIB_FLAG='-ltk8.5'
TK_LIB_SPEC='-L/home/almamgr/ACS_javarias/ExtProd/PRODUCTS/tcltk/Linux-3.2.0-4-amd64/tk8.5.15/unix -ltk8.5'
TK_SRC_DIR='/home/almamgr/ACS_javarias/ExtProd/PRODUCTS/tcltk/Linux-3.2.0-4-amd64/tk8.5.15'
TK_STUB_LIB_FILE='libtkstub8.5.a'
TK_STUB_LIB_FLAG='-ltkstub8.5'
TK_STUB_LIB_SPEC='-L/home/almamgr/ACS_javarias/ExtProd/PRODUCTS/tcltk/Linux-3.2.0-4-amd64/tk8.5.15/unix -ltkstub8.5'
TK_VERSION='8.5'
TK_XINCLUDES=''
WISH_PROG='/home/almamgr/ACS_javarias/ExtProd/PRODUCTS/tcltk/Linux-3.2.0-4-amd64/tk8.5.15/unix/wish'
ac_ct_CC='gcc'
ac_ct_RANLIB='ranlib'
bindir='${exec_prefix}/bin'
build_alias=''
datadir='${prefix}/share'
exec_prefix='/alma/ACS-2014.4/tcltk'
host_alias=''
includedir='${prefix}/include'
infodir='${prefix}/info'
libdir='${exec_prefix}/lib'
libexecdir='${exec_prefix}/libexec'
localstatedir='${prefix}/var'
mandir='${prefix}/man'
oldincludedir='/usr/include'
prefix='/alma/ACS-2014.4/tcltk'
program_transform_name='s,x,x,'
sbindir='${exec_prefix}/sbin'
sharedstatedir='${prefix}/com'
sysconfdir='${prefix}/etc'
target_alias=''

## ----------- ##
## confdefs.h. ##
## ----------- ##

#define HAVE_INTTYPES_H 1
#define HAVE_LIMITS_H 1
#define HAVE_MEMORY_H 1
#define HAVE_STDINT_H 1
#define HAVE_STDLIB_H 1
#define HAVE_STRINGS_H 1
#define HAVE_STRING_H 1
#define HAVE_SYS_PARAM_H 1
#define HAVE_SYS_STAT_H 1
#define HAVE_SYS_TYPES_H 1
#define HAVE_UNISTD_H 1
#define MODULE_SCOPE extern __attribute__((__visibility__("hidden")))
#define PACKAGE_BUGREPORT ""
#define PACKAGE_NAME "Tktable"
#define PACKAGE_STRING "Tktable 2.10"
#define PACKAGE_TARNAME "tktable"
#define PACKAGE_VERSION "2.10"
#define STDC_HEADERS 1
#define TCL_THREADS 1
#define TCL_WIDE_INT_IS_LONG 1
#define USE_TCL_STUBS 1
#define USE_THREAD_ALLOC 1
#define USE_TK_STUBS 1
#define _LARGEFILE64_SOURCE 1
#define _REENTRANT 1
#define _THREAD_SAFE 1

configure: exit 0
