This file contains any messages produced by compilers while
running configure, to aid debugging if configure makes a mistake.

It was created by configure, which was
generated by GNU Autoconf 2.57.  Invocation command line was

  $ ./configure --prefix=/alma/ACS-2014.4/tcltk --enable-shared --with-tcl=/home/almamgr/ACS_javarias/ExtProd/PRODUCTS/tcltk/Linux-3.2.0-4-amd64/tcl8.5.15/unix --with-tk=/home/almamgr/ACS_javarias/ExtProd/PRODUCTS/tcltk/Linux-3.2.0-4-amd64/tk8.5.15/unix --disable-stubs --libdir=/alma/ACS-2014.4/tcltk/lib

## --------- ##
## Platform. ##
## --------- ##

hostname = ariestest
uname -m = x86_64
uname -r = 3.2.0-4-amd64
uname -s = Linux
uname -v = #1 SMP Debian 3.2.60-1+deb7u1

/usr/bin/uname -p = unknown
/bin/uname -X     = unknown

/bin/arch              = unknown
/usr/bin/arch -k       = unknown
/usr/convex/getsysinfo = unknown
hostinfo               = unknown
/bin/machine           = unknown
/usr/bin/oslevel       = unknown
/bin/universe          = unknown

PATH: /alma/ACS-2014.4/ACSSW/bin
PATH: /usr/lib/jvm/java-7-openjdk-amd64/bin
PATH: /usr/share/ant/bin
PATH: /alma/ACS-2014.4/JacORB/bin
PATH: /alma/ACS-2014.4/Python/bin
PATH: /alma/ACS-2014.4/Python/omni/bin
PATH: /alma/ACS-2014.4/tcltk/bin
PATH: /usr/bin
PATH: /usr/local/bin
PATH: /usr/bin
PATH: /bin
PATH: /usr/local/games
PATH: /usr/games


## ----------- ##
## Core tests. ##
## ----------- ##

configure:1294: checking for Tcl configuration
configure:1362: result: found /home/almamgr/ACS_javarias/ExtProd/PRODUCTS/tcltk/Linux-3.2.0-4-amd64/tcl8.5.15/unix/tclConfig.sh
configure:1389: checking for Tk configuration
configure:1454: result: found /home/almamgr/ACS_javarias/ExtProd/PRODUCTS/tcltk/Linux-3.2.0-4-amd64/tk8.5.15/unix/tkConfig.sh
configure:1673: result: will not use stubs
configure:1703: result: will use OSS
configure:1755: checking for gcc
configure:1781: result: gcc
configure:2025: checking for C compiler version
configure:2028: gcc --version </dev/null >&5
gcc (Debian 4.7.2-5) 4.7.2
Copyright (C) 2012 Free Software Foundation, Inc.
This is free software; see the source for copying conditions.  There is NO
warranty; not even for MERCHANTABILITY or FITNESS FOR A PARTICULAR PURPOSE.

configure:2031: $? = 0
configure:2033: gcc -v </dev/null >&5
Using built-in specs.
COLLECT_GCC=gcc
COLLECT_LTO_WRAPPER=/usr/lib/gcc/x86_64-linux-gnu/4.7/lto-wrapper
Target: x86_64-linux-gnu
Configured with: ../src/configure -v --with-pkgversion='Debian 4.7.2-5' --with-bugurl=file:///usr/share/doc/gcc-4.7/README.Bugs --enable-languages=c,c++,go,fortran,objc,obj-c++ --prefix=/usr --program-suffix=-4.7 --enable-shared --enable-linker-build-id --with-system-zlib --libexecdir=/usr/lib --without-included-gettext --enable-threads=posix --with-gxx-include-dir=/usr/include/c++/4.7 --libdir=/usr/lib --enable-nls --with-sysroot=/ --enable-clocale=gnu --enable-libstdcxx-debug --enable-libstdcxx-time=yes --enable-gnu-unique-object --enable-plugin --enable-objc-gc --with-arch-32=i586 --with-tune=generic --enable-checking=release --build=x86_64-linux-gnu --host=x86_64-linux-gnu --target=x86_64-linux-gnu
Thread model: posix
gcc version 4.7.2 (Debian 4.7.2-5) 
configure:2036: $? = 0
configure:2038: gcc -V </dev/null >&5
gcc: error: unrecognized command line option '-V'
gcc: fatal error: no input files
compilation terminated.
configure:2041: $? = 4
configure:2065: checking for C compiler default output
configure:2068: gcc -fPIC   conftest.c  >&5
configure:2071: $? = 0
configure:2117: result: a.out
configure:2122: checking whether the C compiler works
configure:2128: ./a.out
configure:2131: $? = 0
configure:2148: result: yes
configure:2155: checking whether we are cross compiling
configure:2157: result: no
configure:2160: checking for suffix of executables
configure:2162: gcc -o conftest -fPIC   conftest.c  >&5
configure:2165: $? = 0
configure:2190: result: 
configure:2196: checking for suffix of object files
configure:2218: gcc -c -fPIC  conftest.c >&5
configure:2221: $? = 0
configure:2243: result: o
configure:2247: checking whether we are using the GNU C compiler
configure:2272: gcc -c -fPIC  conftest.c >&5
configure:2275: $? = 0
configure:2278: test -s conftest.o
configure:2281: $? = 0
configure:2294: result: yes
configure:2300: checking whether gcc accepts -g
configure:2322: gcc -c -g  conftest.c >&5
configure:2325: $? = 0
configure:2328: test -s conftest.o
configure:2331: $? = 0
configure:2342: result: yes
configure:2359: checking for gcc option to accept ANSI C
configure:2420: gcc  -c -fPIC  conftest.c >&5
configure:2423: $? = 0
configure:2426: test -s conftest.o
configure:2429: $? = 0
configure:2447: result: none needed
configure:2465: gcc -c -fPIC  conftest.c >&5
conftest.c:2:3: error: unknown type name 'choke'
conftest.c:2:3: error: expected '=', ',', ';', 'asm' or '__attribute__' at end of input
configure:2468: $? = 1
configure: failed program was:
| #ifndef __cplusplus
|   choke me
| #endif
configure:2583: checking how to run the C preprocessor
configure:2619: gcc -E  conftest.c
configure:2625: $? = 0
configure:2657: gcc -E  conftest.c
configure:2656:28: fatal error: ac_nonexistent.h: No such file or directory
compilation terminated.
configure:2663: $? = 1
configure: failed program was:
| #line 2648 "configure"
| /* confdefs.h.  */
| 
| #define PACKAGE_NAME ""
| #define PACKAGE_TARNAME ""
| #define PACKAGE_VERSION ""
| #define PACKAGE_STRING ""
| #define PACKAGE_BUGREPORT ""
| /* end confdefs.h.  */
| #include <ac_nonexistent.h>
configure:2701: result: gcc -E
configure:2726: gcc -E  conftest.c
configure:2732: $? = 0
configure:2764: gcc -E  conftest.c
configure:2763:28: fatal error: ac_nonexistent.h: No such file or directory
compilation terminated.
configure:2770: $? = 1
configure: failed program was:
| #line 2755 "configure"
| /* confdefs.h.  */
| 
| #define PACKAGE_NAME ""
| #define PACKAGE_TARNAME ""
| #define PACKAGE_VERSION ""
| #define PACKAGE_STRING ""
| #define PACKAGE_BUGREPORT ""
| /* end confdefs.h.  */
| #include <ac_nonexistent.h>
configure:2813: checking for egrep
configure:2823: result: grep -E
configure:2828: checking for ANSI C header files
configure:2854: gcc -c -fPIC  conftest.c >&5
configure:2857: $? = 0
configure:2860: test -s conftest.o
configure:2863: $? = 0
configure:2955: gcc -o conftest -fPIC   conftest.c  >&5
configure: In function 'main':
configure:2948:7: warning: incompatible implicit declaration of built-in function 'exit' [enabled by default]
configure:2958: $? = 0
configure:2960: ./conftest
configure:2963: $? = 0
configure:2978: result: yes
configure:3002: checking for sys/types.h
configure:3019: gcc -c -fPIC  conftest.c >&5
configure:3022: $? = 0
configure:3025: test -s conftest.o
configure:3028: $? = 0
configure:3039: result: yes
configure:3002: checking for sys/stat.h
configure:3019: gcc -c -fPIC  conftest.c >&5
configure:3022: $? = 0
configure:3025: test -s conftest.o
configure:3028: $? = 0
configure:3039: result: yes
configure:3002: checking for stdlib.h
configure:3019: gcc -c -fPIC  conftest.c >&5
configure:3022: $? = 0
configure:3025: test -s conftest.o
configure:3028: $? = 0
configure:3039: result: yes
configure:3002: checking for string.h
configure:3019: gcc -c -fPIC  conftest.c >&5
configure:3022: $? = 0
configure:3025: test -s conftest.o
configure:3028: $? = 0
configure:3039: result: yes
configure:3002: checking for memory.h
configure:3019: gcc -c -fPIC  conftest.c >&5
configure:3022: $? = 0
configure:3025: test -s conftest.o
configure:3028: $? = 0
configure:3039: result: yes
configure:3002: checking for strings.h
configure:3019: gcc -c -fPIC  conftest.c >&5
configure:3022: $? = 0
configure:3025: test -s conftest.o
configure:3028: $? = 0
configure:3039: result: yes
configure:3002: checking for inttypes.h
configure:3019: gcc -c -fPIC  conftest.c >&5
configure:3022: $? = 0
configure:3025: test -s conftest.o
configure:3028: $? = 0
configure:3039: result: yes
configure:3002: checking for stdint.h
configure:3019: gcc -c -fPIC  conftest.c >&5
configure:3022: $? = 0
configure:3025: test -s conftest.o
configure:3028: $? = 0
configure:3039: result: yes
configure:3002: checking for unistd.h
configure:3019: gcc -c -fPIC  conftest.c >&5
configure:3022: $? = 0
configure:3025: test -s conftest.o
configure:3028: $? = 0
configure:3039: result: yes
configure:3211: creating ./config.status

## ---------------------- ##
## Running config.status. ##
## ---------------------- ##

This file was extended by config.status, which was
generated by GNU Autoconf 2.57.  Invocation command line was

  CONFIG_FILES    = 
  CONFIG_HEADERS  = 
  CONFIG_LINKS    = 
  CONFIG_COMMANDS = 
  $ ./config.status 

on ariestest

config.status:629: creating Makefile
config.status:629: creating snackConfig.sh

## ---------------- ##
## Cache variables. ##
## ---------------- ##

ac_cv_c_compiler_gnu=yes
ac_cv_c_tclconfig=/home/almamgr/ACS_javarias/ExtProd/PRODUCTS/tcltk/Linux-3.2.0-4-amd64/tcl8.5.15/unix
ac_cv_c_tkconfig=/home/almamgr/ACS_javarias/ExtProd/PRODUCTS/tcltk/Linux-3.2.0-4-amd64/tk8.5.15/unix
ac_cv_env_CC_set=
ac_cv_env_CC_value=
ac_cv_env_CFLAGS_set=
ac_cv_env_CFLAGS_value=
ac_cv_env_CPPFLAGS_set=
ac_cv_env_CPPFLAGS_value=
ac_cv_env_CPP_set=
ac_cv_env_CPP_value=
ac_cv_env_LDFLAGS_set=
ac_cv_env_LDFLAGS_value=
ac_cv_env_build_alias_set=
ac_cv_env_build_alias_value=
ac_cv_env_host_alias_set=
ac_cv_env_host_alias_value=
ac_cv_env_target_alias_set=
ac_cv_env_target_alias_value=
ac_cv_exeext=
ac_cv_header_inttypes_h=yes
ac_cv_header_memory_h=yes
ac_cv_header_stdc=yes
ac_cv_header_stdint_h=yes
ac_cv_header_stdlib_h=yes
ac_cv_header_string_h=yes
ac_cv_header_strings_h=yes
ac_cv_header_sys_stat_h=yes
ac_cv_header_sys_types_h=yes
ac_cv_header_unistd_h=yes
ac_cv_objext=o
ac_cv_prog_CPP='gcc -E'
ac_cv_prog_ac_ct_CC=gcc
ac_cv_prog_cc_g=yes
ac_cv_prog_cc_stdc=
ac_cv_prog_egrep='grep -E'

## ----------------- ##
## Output variables. ##
## ----------------- ##

AFLAG='-DOSS'
AINC=''
ALIB=''
AOBJ='jkAudIO_oss.o'
CC='gcc'
CFLAGS='-fPIC'
CPP='gcc -E'
CPPFLAGS=''
DEFS='-DPACKAGE_NAME=\"\" -DPACKAGE_TARNAME=\"\" -DPACKAGE_VERSION=\"\" -DPACKAGE_STRING=\"\" -DPACKAGE_BUGREPORT=\"\" -DSTDC_HEADERS=1 -DHAVE_SYS_TYPES_H=1 -DHAVE_SYS_STAT_H=1 -DHAVE_STDLIB_H=1 -DHAVE_STRING_H=1 -DHAVE_MEMORY_H=1 -DHAVE_STRINGS_H=1 -DHAVE_INTTYPES_H=1 -DHAVE_STDINT_H=1 -DHAVE_UNISTD_H=1 '
DOSTUBLIB=''
ECHO_C=''
ECHO_N='-n'
ECHO_T=''
EGREP='grep -E'
EXEEXT=''
LDFLAGS=''
LD_SEARCH_FLAGS='-Wl,-rpath,${LIB_RUNTIME_DIR}'
LIBNIST=''
LIBOBJS=''
LIBOGG=''
LIBS=''
LTLIBOBJS=''
NISTINC=''
NISTLIBS='/libsp.a /libutil.a'
OBJEXT='o'
OGGINC='-I'
OGGLIBS='-L -lvorbisenc -lvorbis -logg'
PACKAGE_BUGREPORT=''
PACKAGE_NAME=''
PACKAGE_STRING=''
PACKAGE_TARNAME=''
PACKAGE_VERSION=''
PATH_SEPARATOR=':'
SHELL='/bin/sh'
SHLIB_LD='${CC} -shared ${CFLAGS} ${LDFLAGS}'
SHLIB_SUFFIX='.so'
SNACK_HINSTALL_PATH='${prefix}/include'
SNACK_INSTALL_PATH='/alma/ACS-2014.4/tcltk/lib'
SNACK_LIB_SPEC='-L/alma/ACS-2014.4/tcltk/lib -lsnack'
SNACK_STUB_LIB_FLAG=''
SNACK_VERSION='2.2'
STUBINITOBJ='snackStubInit.o'
TCLAPI='-DTCL_81_API'
TCLVER='8.5'
TCL_INCLUDE_SPEC='-I/alma/ACS-2014.4/tcltk/include'
TCL_LIB_SPEC='-L/alma/ACS-2014.4/tcltk/lib -ltcl8.5'
TCL_SRC_DIR='/home/almamgr/ACS_javarias/ExtProd/PRODUCTS/tcltk/Linux-3.2.0-4-amd64/tcl8.5.15'
TK_LIBS='-lX11   -lpthread -ldl  -lpthread -lieee -lm'
TK_LIB_SPEC='-L/alma/ACS-2014.4/tcltk/lib -ltk8.5'
TK_SRC_DIR='/home/almamgr/ACS_javarias/ExtProd/PRODUCTS/tcltk/Linux-3.2.0-4-amd64/tk8.5.15'
XINCLUDES=''
ac_ct_CC='gcc'
bindir='${exec_prefix}/bin'
build_alias=''
datadir='${prefix}/share'
exec_prefix='/alma/ACS-2014.4/tcltk'
host_alias=''
includedir='${prefix}/include'
infodir='${prefix}/info'
libdir='/alma/ACS-2014.4/tcltk/lib'
libexecdir='${exec_prefix}/libexec'
localstatedir='${prefix}/var'
mandir='${prefix}/man'
oldincludedir='/usr/include'
prefix='/alma/ACS-2014.4/tcltk'
program_transform_name='s,x,x,'
sbindir='${exec_prefix}/sbin'
sharedstatedir='${prefix}/com'
sysconfdir='${prefix}/etc'
target_alias=''

## ----------- ##
## confdefs.h. ##
## ----------- ##

#define HAVE_INTTYPES_H 1
#define HAVE_MEMORY_H 1
#define HAVE_STDINT_H 1
#define HAVE_STDLIB_H 1
#define HAVE_STRINGS_H 1
#define HAVE_STRING_H 1
#define HAVE_SYS_STAT_H 1
#define HAVE_SYS_TYPES_H 1
#define HAVE_UNISTD_H 1
#define PACKAGE_BUGREPORT ""
#define PACKAGE_NAME ""
#define PACKAGE_STRING ""
#define PACKAGE_TARNAME ""
#define PACKAGE_VERSION ""
#define STDC_HEADERS 1

configure: exit 0
