This file contains any messages produced by compilers while
running configure, to aid debugging if configure makes a mistake.

It was created by Img configure 1.4, which was
generated by GNU Autoconf 2.63.  Invocation command line was

  $ ./configure --prefix=/alma/ACS-2014.4/tcltk --enable-shared --srcdir=/home/almamgr/ACS_javarias/ExtProd/PRODUCTS/tcltk/Linux-3.2.0-4-amd64/tkimg1.4

## --------- ##
## Platform. ##
## --------- ##

hostname = ariestest
uname -m = x86_64
uname -r = 3.2.0-4-amd64
uname -s = Linux
uname -v = #1 SMP Debian 3.2.60-1+deb7u1

/usr/bin/uname -p = unknown
/bin/uname -X     = unknown

/bin/arch              = unknown
/usr/bin/arch -k       = unknown
/usr/convex/getsysinfo = unknown
/usr/bin/hostinfo      = unknown
/bin/machine           = unknown
/usr/bin/oslevel       = unknown
/bin/universe          = unknown

PATH: /alma/ACS-2014.4/ACSSW/bin
PATH: /usr/lib/jvm/java-7-openjdk-amd64/bin
PATH: /usr/share/ant/bin
PATH: /alma/ACS-2014.4/JacORB/bin
PATH: /alma/ACS-2014.4/Python/bin
PATH: /alma/ACS-2014.4/Python/omni/bin
PATH: /alma/ACS-2014.4/tcltk/bin
PATH: /usr/bin
PATH: /usr/local/bin
PATH: /usr/bin
PATH: /bin
PATH: /usr/local/games
PATH: /usr/games


## ----------- ##
## Core tests. ##
## ----------- ##

configure:1888: checking for correct TEA configuration
configure:1907: result: ok (TEA 3.7)
configure:2046: checking for Tcl configuration
configure:2172: result: found /home/almamgr/ACS_javarias/ExtProd/PRODUCTS/tcltk/Linux-3.2.0-4-amd64/tcl8.5.15/unix/tclConfig.sh
configure:2178: checking for existence of /home/almamgr/ACS_javarias/ExtProd/PRODUCTS/tcltk/Linux-3.2.0-4-amd64/tcl8.5.15/unix/tclConfig.sh
configure:2182: result: loading
configure:2269: checking for Tk configuration
configure:2395: result: found /home/almamgr/ACS_javarias/ExtProd/PRODUCTS/tcltk/Linux-3.2.0-4-amd64/tk8.5.15/unix/tkConfig.sh
configure:2401: checking for existence of /home/almamgr/ACS_javarias/ExtProd/PRODUCTS/tcltk/Linux-3.2.0-4-amd64/tk8.5.15/unix/tkConfig.sh
configure:2405: result: loading
configure:2513: --exec-prefix defaulting to TCL_EXEC_PREFIX /alma/ACS-2014.4/tcltk
configure:2589: checking for gcc
configure:2605: found /usr/bin/gcc
configure:2616: result: gcc
configure:2848: checking for C compiler version
configure:2856: gcc --version >&5
gcc (Debian 4.7.2-5) 4.7.2
Copyright (C) 2012 Free Software Foundation, Inc.
This is free software; see the source for copying conditions.  There is NO
warranty; not even for MERCHANTABILITY or FITNESS FOR A PARTICULAR PURPOSE.

configure:2860: $? = 0
configure:2867: gcc -v >&5
Using built-in specs.
COLLECT_GCC=gcc
COLLECT_LTO_WRAPPER=/usr/lib/gcc/x86_64-linux-gnu/4.7/lto-wrapper
Target: x86_64-linux-gnu
Configured with: ../src/configure -v --with-pkgversion='Debian 4.7.2-5' --with-bugurl=file:///usr/share/doc/gcc-4.7/README.Bugs --enable-languages=c,c++,go,fortran,objc,obj-c++ --prefix=/usr --program-suffix=-4.7 --enable-shared --enable-linker-build-id --with-system-zlib --libexecdir=/usr/lib --without-included-gettext --enable-threads=posix --with-gxx-include-dir=/usr/include/c++/4.7 --libdir=/usr/lib --enable-nls --with-sysroot=/ --enable-clocale=gnu --enable-libstdcxx-debug --enable-libstdcxx-time=yes --enable-gnu-unique-object --enable-plugin --enable-objc-gc --with-arch-32=i586 --with-tune=generic --enable-checking=release --build=x86_64-linux-gnu --host=x86_64-linux-gnu --target=x86_64-linux-gnu
Thread model: posix
gcc version 4.7.2 (Debian 4.7.2-5) 
configure:2871: $? = 0
configure:2878: gcc -V >&5
gcc: error: unrecognized command line option '-V'
gcc: fatal error: no input files
compilation terminated.
configure:2882: $? = 4
configure:2905: checking for C compiler default output file name
configure:2927: gcc    conftest.c  >&5
configure:2931: $? = 0
configure:2969: result: a.out
configure:2988: checking whether the C compiler works
configure:2998: ./a.out
configure:3002: $? = 0
configure:3021: result: yes
configure:3028: checking whether we are cross compiling
configure:3030: result: no
configure:3033: checking for suffix of executables
configure:3040: gcc -o conftest    conftest.c  >&5
configure:3044: $? = 0
configure:3070: result: 
configure:3076: checking for suffix of object files
configure:3102: gcc -c   conftest.c >&5
configure:3106: $? = 0
configure:3131: result: o
configure:3135: checking whether we are using the GNU C compiler
configure:3164: gcc -c   conftest.c >&5
configure:3171: $? = 0
configure:3188: result: yes
configure:3197: checking whether gcc accepts -g
configure:3227: gcc -c -g  conftest.c >&5
configure:3234: $? = 0
configure:3335: result: yes
configure:3352: checking for gcc option to accept ISO C89
configure:3426: gcc  -c   conftest.c >&5
configure:3433: $? = 0
configure:3456: result: none needed
configure:3479: checking how to run the C preprocessor
configure:3519: gcc -E  conftest.c
configure:3526: $? = 0
configure:3557: gcc -E  conftest.c
conftest.c:8:28: fatal error: ac_nonexistent.h: No such file or directory
compilation terminated.
configure:3564: $? = 1
configure: failed program was:
| /* confdefs.h.  */
| #define PACKAGE_NAME "Img"
| #define PACKAGE_TARNAME "img"
| #define PACKAGE_VERSION "1.4"
| #define PACKAGE_STRING "Img 1.4"
| #define PACKAGE_BUGREPORT ""
| /* end confdefs.h.  */
| #include <ac_nonexistent.h>
configure:3597: result: gcc -E
configure:3626: gcc -E  conftest.c
configure:3633: $? = 0
configure:3664: gcc -E  conftest.c
conftest.c:8:28: fatal error: ac_nonexistent.h: No such file or directory
compilation terminated.
configure:3671: $? = 1
configure: failed program was:
| /* confdefs.h.  */
| #define PACKAGE_NAME "Img"
| #define PACKAGE_TARNAME "img"
| #define PACKAGE_VERSION "1.4"
| #define PACKAGE_STRING "Img 1.4"
| #define PACKAGE_BUGREPORT ""
| /* end confdefs.h.  */
| #include <ac_nonexistent.h>
configure:3725: checking for a BSD-compatible install
configure:3793: result: /usr/bin/install -c
configure:3809: checking whether make sets $(MAKE)
configure:3831: result: yes
configure:3888: checking for ranlib
configure:3904: found /usr/bin/ranlib
configure:3915: result: ranlib
configure:3947: checking for grep that handles long lines and -e
configure:4007: result: /bin/grep
configure:4012: checking for egrep
configure:4076: result: /bin/grep -E
configure:4081: checking for ANSI C header files
configure:4111: gcc -c   conftest.c >&5
configure:4118: $? = 0
configure:4217: gcc -o conftest    conftest.c  >&5
configure:4221: $? = 0
configure:4227: ./conftest
configure:4231: $? = 0
configure:4249: result: yes
configure:4273: checking for sys/types.h
configure:4294: gcc -c   conftest.c >&5
configure:4301: $? = 0
configure:4318: result: yes
configure:4273: checking for sys/stat.h
configure:4294: gcc -c   conftest.c >&5
configure:4301: $? = 0
configure:4318: result: yes
configure:4273: checking for stdlib.h
configure:4294: gcc -c   conftest.c >&5
configure:4301: $? = 0
configure:4318: result: yes
configure:4273: checking for string.h
configure:4294: gcc -c   conftest.c >&5
configure:4301: $? = 0
configure:4318: result: yes
configure:4273: checking for memory.h
configure:4294: gcc -c   conftest.c >&5
configure:4301: $? = 0
configure:4318: result: yes
configure:4273: checking for strings.h
configure:4294: gcc -c   conftest.c >&5
configure:4301: $? = 0
configure:4318: result: yes
configure:4273: checking for inttypes.h
configure:4294: gcc -c   conftest.c >&5
configure:4301: $? = 0
configure:4318: result: yes
configure:4273: checking for stdint.h
configure:4294: gcc -c   conftest.c >&5
configure:4301: $? = 0
configure:4318: result: yes
configure:4273: checking for unistd.h
configure:4294: gcc -c   conftest.c >&5
configure:4301: $? = 0
configure:4318: result: yes
configure:4342: checking if the compiler understands -pipe
configure:4370: gcc -c  -pipe  conftest.c >&5
configure:4377: $? = 0
configure:4393: result: yes
configure:4405: checking whether byte ordering is bigendian
configure:4430: gcc -c  -pipe  conftest.c >&5
conftest.c:19:9: error: unknown type name 'not'
conftest.c:19:15: error: expected '=', ',', ';', 'asm' or '__attribute__' before 'universal'
conftest.c:19:15: error: unknown type name 'universal'
configure:4437: $? = 1
configure: failed program was:
| /* confdefs.h.  */
| #define PACKAGE_NAME "Img"
| #define PACKAGE_TARNAME "img"
| #define PACKAGE_VERSION "1.4"
| #define PACKAGE_STRING "Img 1.4"
| #define PACKAGE_BUGREPORT ""
| #define STDC_HEADERS 1
| #define HAVE_SYS_TYPES_H 1
| #define HAVE_SYS_STAT_H 1
| #define HAVE_STDLIB_H 1
| #define HAVE_STRING_H 1
| #define HAVE_MEMORY_H 1
| #define HAVE_STRINGS_H 1
| #define HAVE_INTTYPES_H 1
| #define HAVE_STDINT_H 1
| #define HAVE_UNISTD_H 1
| /* end confdefs.h.  */
| #ifndef __APPLE_CC__
| 	       not a universal capable compiler
| 	     #endif
| 	     typedef int dummy;
| 
configure:4487: gcc -c  -pipe  conftest.c >&5
configure:4494: $? = 0
configure:4526: gcc -c  -pipe  conftest.c >&5
conftest.c: In function 'main':
conftest.c:25:4: error: unknown type name 'not'
conftest.c:25:12: error: expected '=', ',', ';', 'asm' or '__attribute__' before 'endian'
configure:4533: $? = 1
configure: failed program was:
| /* confdefs.h.  */
| #define PACKAGE_NAME "Img"
| #define PACKAGE_TARNAME "img"
| #define PACKAGE_VERSION "1.4"
| #define PACKAGE_STRING "Img 1.4"
| #define PACKAGE_BUGREPORT ""
| #define STDC_HEADERS 1
| #define HAVE_SYS_TYPES_H 1
| #define HAVE_SYS_STAT_H 1
| #define HAVE_STDLIB_H 1
| #define HAVE_STRING_H 1
| #define HAVE_MEMORY_H 1
| #define HAVE_STRINGS_H 1
| #define HAVE_INTTYPES_H 1
| #define HAVE_STDINT_H 1
| #define HAVE_UNISTD_H 1
| /* end confdefs.h.  */
| #include <sys/types.h>
| 		#include <sys/param.h>
| 
| int
| main ()
| {
| #if BYTE_ORDER != BIG_ENDIAN
| 		 not big endian
| 		#endif
| 
|   ;
|   return 0;
| }
configure:4785: result: no
configure:4819: checking for sin
configure:4875: gcc -o conftest  -pipe   conftest.c  >&5
conftest.c:41:6: warning: conflicting types for built-in function 'sin' [enabled by default]
/tmp/ccXudmMe.o: In function `main':
conftest.c:(.text+0xa): undefined reference to `sin'
collect2: error: ld returned 1 exit status
configure:4882: $? = 1
configure: failed program was:
| /* confdefs.h.  */
| #define PACKAGE_NAME "Img"
| #define PACKAGE_TARNAME "img"
| #define PACKAGE_VERSION "1.4"
| #define PACKAGE_STRING "Img 1.4"
| #define PACKAGE_BUGREPORT ""
| #define STDC_HEADERS 1
| #define HAVE_SYS_TYPES_H 1
| #define HAVE_SYS_STAT_H 1
| #define HAVE_STDLIB_H 1
| #define HAVE_STRING_H 1
| #define HAVE_MEMORY_H 1
| #define HAVE_STRINGS_H 1
| #define HAVE_INTTYPES_H 1
| #define HAVE_STDINT_H 1
| #define HAVE_UNISTD_H 1
| /* end confdefs.h.  */
| /* Define sin to an innocuous variant, in case <limits.h> declares sin.
|    For example, HP-UX 11i <limits.h> declares gettimeofday.  */
| #define sin innocuous_sin
| 
| /* System header to define __stub macros and hopefully few prototypes,
|     which can conflict with char sin (); below.
|     Prefer <limits.h> to <assert.h> if __STDC__ is defined, since
|     <limits.h> exists even on freestanding compilers.  */
| 
| #ifdef __STDC__
| # include <limits.h>
| #else
| # include <assert.h>
| #endif
| 
| #undef sin
| 
| /* Override any GCC internal prototype to avoid an error.
|    Use char because int might match the return type of a GCC
|    builtin and then its argument prototype would still apply.  */
| #ifdef __cplusplus
| extern "C"
| #endif
| char sin ();
| /* The GNU C library defines this for functions which it implements
|     to always fail with ENOSYS.  Some functions are actually named
|     something starting with __ and the normal name is an alias.  */
| #if defined __stub_sin || defined __stub___sin
| choke me
| #endif
| 
| int
| main ()
| {
| return sin ();
|   ;
|   return 0;
| }
configure:4902: result: no
configure:4910: checking for main in -lieee
configure:4939: gcc -o conftest  -pipe   conftest.c -lieee   >&5
configure:4946: $? = 0
configure:4967: result: yes
configure:4979: checking for main in -linet
configure:5008: gcc -o conftest  -pipe   conftest.c -linet   >&5
/usr/bin/ld: cannot find -linet
collect2: error: ld returned 1 exit status
configure:5015: $? = 1
configure: failed program was:
| /* confdefs.h.  */
| #define PACKAGE_NAME "Img"
| #define PACKAGE_TARNAME "img"
| #define PACKAGE_VERSION "1.4"
| #define PACKAGE_STRING "Img 1.4"
| #define PACKAGE_BUGREPORT ""
| #define STDC_HEADERS 1
| #define HAVE_SYS_TYPES_H 1
| #define HAVE_SYS_STAT_H 1
| #define HAVE_STDLIB_H 1
| #define HAVE_STRING_H 1
| #define HAVE_MEMORY_H 1
| #define HAVE_STRINGS_H 1
| #define HAVE_INTTYPES_H 1
| #define HAVE_STDINT_H 1
| #define HAVE_UNISTD_H 1
| /* end confdefs.h.  */
| 
| 
| int
| main ()
| {
| return main ();
|   ;
|   return 0;
| }
configure:5036: result: no
configure:5052: checking net/errno.h usability
configure:5069: gcc -c  -pipe  conftest.c >&5
conftest.c:51:23: fatal error: net/errno.h: No such file or directory
compilation terminated.
configure:5076: $? = 1
configure: failed program was:
| /* confdefs.h.  */
| #define PACKAGE_NAME "Img"
| #define PACKAGE_TARNAME "img"
| #define PACKAGE_VERSION "1.4"
| #define PACKAGE_STRING "Img 1.4"
| #define PACKAGE_BUGREPORT ""
| #define STDC_HEADERS 1
| #define HAVE_SYS_TYPES_H 1
| #define HAVE_SYS_STAT_H 1
| #define HAVE_STDLIB_H 1
| #define HAVE_STRING_H 1
| #define HAVE_MEMORY_H 1
| #define HAVE_STRINGS_H 1
| #define HAVE_INTTYPES_H 1
| #define HAVE_STDINT_H 1
| #define HAVE_UNISTD_H 1
| /* end confdefs.h.  */
| #include <stdio.h>
| #ifdef HAVE_SYS_TYPES_H
| # include <sys/types.h>
| #endif
| #ifdef HAVE_SYS_STAT_H
| # include <sys/stat.h>
| #endif
| #ifdef STDC_HEADERS
| # include <stdlib.h>
| # include <stddef.h>
| #else
| # ifdef HAVE_STDLIB_H
| #  include <stdlib.h>
| # endif
| #endif
| #ifdef HAVE_STRING_H
| # if !defined STDC_HEADERS && defined HAVE_MEMORY_H
| #  include <memory.h>
| # endif
| # include <string.h>
| #endif
| #ifdef HAVE_STRINGS_H
| # include <strings.h>
| #endif
| #ifdef HAVE_INTTYPES_H
| # include <inttypes.h>
| #endif
| #ifdef HAVE_STDINT_H
| # include <stdint.h>
| #endif
| #ifdef HAVE_UNISTD_H
| # include <unistd.h>
| #endif
| #include <net/errno.h>
configure:5090: result: no
configure:5094: checking net/errno.h presence
configure:5109: gcc -E  conftest.c
conftest.c:18:23: fatal error: net/errno.h: No such file or directory
compilation terminated.
configure:5116: $? = 1
configure: failed program was:
| /* confdefs.h.  */
| #define PACKAGE_NAME "Img"
| #define PACKAGE_TARNAME "img"
| #define PACKAGE_VERSION "1.4"
| #define PACKAGE_STRING "Img 1.4"
| #define PACKAGE_BUGREPORT ""
| #define STDC_HEADERS 1
| #define HAVE_SYS_TYPES_H 1
| #define HAVE_SYS_STAT_H 1
| #define HAVE_STDLIB_H 1
| #define HAVE_STRING_H 1
| #define HAVE_MEMORY_H 1
| #define HAVE_STRINGS_H 1
| #define HAVE_INTTYPES_H 1
| #define HAVE_STDINT_H 1
| #define HAVE_UNISTD_H 1
| /* end confdefs.h.  */
| #include <net/errno.h>
configure:5130: result: no
configure:5158: checking for net/errno.h
configure:5165: result: no
configure:5199: checking for connect
configure:5255: gcc -o conftest  -pipe   conftest.c  >&5
configure:5262: $? = 0
configure:5282: result: yes
configure:5548: checking for gethostbyname
configure:5604: gcc -o conftest  -pipe   conftest.c  >&5
configure:5611: $? = 0
configure:5631: result: yes
configure:5716: checking dirent.h
configure:5762: gcc -o conftest  -pipe   conftest.c  >&5
configure:5769: $? = 0
configure:5789: result: yes
configure:5811: checking errno.h usability
configure:5828: gcc -c  -pipe  conftest.c >&5
configure:5835: $? = 0
configure:5849: result: yes
configure:5853: checking errno.h presence
configure:5868: gcc -E  conftest.c
configure:5875: $? = 0
configure:5889: result: yes
configure:5917: checking for errno.h
configure:5924: result: yes
configure:5949: checking float.h usability
configure:5966: gcc -c  -pipe  conftest.c >&5
configure:5973: $? = 0
configure:5987: result: yes
configure:5991: checking float.h presence
configure:6006: gcc -E  conftest.c
configure:6013: $? = 0
configure:6027: result: yes
configure:6055: checking for float.h
configure:6062: result: yes
configure:6087: checking values.h usability
configure:6104: gcc -c  -pipe  conftest.c >&5
configure:6111: $? = 0
configure:6125: result: yes
configure:6129: checking values.h presence
configure:6144: gcc -E  conftest.c
configure:6151: $? = 0
configure:6165: result: yes
configure:6193: checking for values.h
configure:6200: result: yes
configure:6225: checking limits.h usability
configure:6242: gcc -c  -pipe  conftest.c >&5
configure:6249: $? = 0
configure:6263: result: yes
configure:6267: checking limits.h presence
configure:6282: gcc -E  conftest.c
configure:6289: $? = 0
configure:6303: result: yes
configure:6331: checking for limits.h
configure:6338: result: yes
configure:6358: checking for stdlib.h
configure:6363: result: yes
configure:6550: checking for string.h
configure:6555: result: yes
configure:6739: checking sys/wait.h usability
configure:6756: gcc -c  -pipe  conftest.c >&5
configure:6763: $? = 0
configure:6777: result: yes
configure:6781: checking sys/wait.h presence
configure:6796: gcc -E  conftest.c
configure:6803: $? = 0
configure:6817: result: yes
configure:6845: checking for sys/wait.h
configure:6852: result: yes
configure:6877: checking dlfcn.h usability
configure:6894: gcc -c  -pipe  conftest.c >&5
configure:6901: $? = 0
configure:6915: result: yes
configure:6919: checking dlfcn.h presence
configure:6934: gcc -E  conftest.c
configure:6941: $? = 0
configure:6955: result: yes
configure:6983: checking for dlfcn.h
configure:6990: result: yes
configure:7023: checking sys/param.h usability
configure:7040: gcc -c  -pipe  conftest.c >&5
configure:7047: $? = 0
configure:7061: result: yes
configure:7065: checking sys/param.h presence
configure:7080: gcc -E  conftest.c
configure:7087: $? = 0
configure:7101: result: yes
configure:7129: checking for sys/param.h
configure:7138: result: yes
configure:7501: checking for Tcl public headers
configure:7576: result: /home/almamgr/ACS_javarias/ExtProd/PRODUCTS/tcltk/Linux-3.2.0-4-amd64/tcl8.5.15/generic
configure:7589: checking for Tk public headers
configure:7667: result: /home/almamgr/ACS_javarias/ExtProd/PRODUCTS/tcltk/Linux-3.2.0-4-amd64/tk8.5.15/generic
configure:7745: checking for pthread_mutex_init in -lpthread
configure:7780: gcc -o conftest  -pipe   conftest.c -lpthread   >&5
configure:7787: $? = 0
configure:7808: result: yes
configure:8133: checking for building with threads
configure:8141: result: yes (default)
configure:8182: checking how to build libraries
configure:8200: result: shared
configure:8227: checking if 64bit support is requested
configure:8236: result: no
configure:8241: checking if 64bit Sparc VIS support is requested
configure:8250: result: no
configure:8261: checking if compiler supports visibility "hidden"
configure:8291: gcc -o conftest  -pipe -Werror   conftest.c  >&5
configure:8298: $? = 0
configure:8319: result: yes
configure:8334: checking if rpath support is requested
configure:8343: result: yes
configure:8369: checking system version
configure:8400: result: Linux-3.2.0-4-amd64
configure:8408: checking for dlopen in -ldl
configure:8443: gcc -o conftest  -pipe   conftest.c -ldl   >&5
configure:8450: $? = 0
configure:8471: result: yes
configure:8517: checking for ar
configure:8533: found /usr/bin/ar
configure:8544: result: ar
configure:10811: checking for required early compiler flags
configure:10839: gcc -c  -pipe  conftest.c >&5
configure:10846: $? = 0
configure:10938: gcc -c  -pipe  conftest.c >&5
conftest.c: In function 'main':
conftest.c:29:15: error: storage size of 'buf' isn't known
configure:10945: $? = 1
configure: failed program was:
| /* confdefs.h.  */
| #define PACKAGE_NAME "Img"
| #define PACKAGE_TARNAME "img"
| #define PACKAGE_VERSION "1.4"
| #define PACKAGE_STRING "Img 1.4"
| #define PACKAGE_BUGREPORT ""
| #define STDC_HEADERS 1
| #define HAVE_SYS_TYPES_H 1
| #define HAVE_SYS_STAT_H 1
| #define HAVE_STDLIB_H 1
| #define HAVE_STRING_H 1
| #define HAVE_MEMORY_H 1
| #define HAVE_STRINGS_H 1
| #define HAVE_INTTYPES_H 1
| #define HAVE_STDINT_H 1
| #define HAVE_UNISTD_H 1
| #define HAVE_LIMITS_H 1
| #define HAVE_SYS_PARAM_H 1
| #define USE_THREAD_ALLOC 1
| #define _REENTRANT 1
| #define _THREAD_SAFE 1
| #define TCL_THREADS 1
| #define MODULE_SCOPE extern __attribute__((__visibility__("hidden")))
| /* end confdefs.h.  */
| #include <sys/stat.h>
| int
| main ()
| {
| struct stat64 buf; int i = stat64("/", &buf);
|   ;
|   return 0;
| }
configure:10977: gcc -c  -pipe  conftest.c >&5
configure:10984: $? = 0
configure:11037: gcc -c  -pipe  conftest.c >&5
conftest.c: In function 'main':
conftest.c:30:19: error: 'open64' undeclared (first use in this function)
conftest.c:30:19: note: each undeclared identifier is reported only once for each function it appears in
configure:11044: $? = 1
configure: failed program was:
| /* confdefs.h.  */
| #define PACKAGE_NAME "Img"
| #define PACKAGE_TARNAME "img"
| #define PACKAGE_VERSION "1.4"
| #define PACKAGE_STRING "Img 1.4"
| #define PACKAGE_BUGREPORT ""
| #define STDC_HEADERS 1
| #define HAVE_SYS_TYPES_H 1
| #define HAVE_SYS_STAT_H 1
| #define HAVE_STDLIB_H 1
| #define HAVE_STRING_H 1
| #define HAVE_MEMORY_H 1
| #define HAVE_STRINGS_H 1
| #define HAVE_INTTYPES_H 1
| #define HAVE_STDINT_H 1
| #define HAVE_UNISTD_H 1
| #define HAVE_LIMITS_H 1
| #define HAVE_SYS_PARAM_H 1
| #define USE_THREAD_ALLOC 1
| #define _REENTRANT 1
| #define _THREAD_SAFE 1
| #define TCL_THREADS 1
| #define MODULE_SCOPE extern __attribute__((__visibility__("hidden")))
| #define _LARGEFILE64_SOURCE 1
| /* end confdefs.h.  */
| #include <sys/stat.h>
| int
| main ()
| {
| char *p = (char *)open64;
|   ;
|   return 0;
| }
configure:11076: gcc -c  -pipe  conftest.c >&5
conftest.c: In function 'main':
conftest.c:31:19: error: 'open64' undeclared (first use in this function)
conftest.c:31:19: note: each undeclared identifier is reported only once for each function it appears in
configure:11083: $? = 1
configure: failed program was:
| /* confdefs.h.  */
| #define PACKAGE_NAME "Img"
| #define PACKAGE_TARNAME "img"
| #define PACKAGE_VERSION "1.4"
| #define PACKAGE_STRING "Img 1.4"
| #define PACKAGE_BUGREPORT ""
| #define STDC_HEADERS 1
| #define HAVE_SYS_TYPES_H 1
| #define HAVE_SYS_STAT_H 1
| #define HAVE_STDLIB_H 1
| #define HAVE_STRING_H 1
| #define HAVE_MEMORY_H 1
| #define HAVE_STRINGS_H 1
| #define HAVE_INTTYPES_H 1
| #define HAVE_STDINT_H 1
| #define HAVE_UNISTD_H 1
| #define HAVE_LIMITS_H 1
| #define HAVE_SYS_PARAM_H 1
| #define USE_THREAD_ALLOC 1
| #define _REENTRANT 1
| #define _THREAD_SAFE 1
| #define TCL_THREADS 1
| #define MODULE_SCOPE extern __attribute__((__visibility__("hidden")))
| #define _LARGEFILE64_SOURCE 1
| /* end confdefs.h.  */
| #define _LARGEFILE_SOURCE64 1
| #include <sys/stat.h>
| int
| main ()
| {
| char *p = (char *)open64;
|   ;
|   return 0;
| }
configure:11115: result:  _LARGEFILE64_SOURCE
configure:11120: checking for 64-bit integer type
configure:11149: gcc -c  -pipe  conftest.c >&5
conftest.c: In function 'main':
conftest.c:30:1: error: unknown type name '__int64'
conftest.c:30:18: error: '__int64' undeclared (first use in this function)
conftest.c:30:18: note: each undeclared identifier is reported only once for each function it appears in
conftest.c:30:27: error: expected ',' or ';' before numeric constant
configure:11156: $? = 1
configure: failed program was:
| /* confdefs.h.  */
| #define PACKAGE_NAME "Img"
| #define PACKAGE_TARNAME "img"
| #define PACKAGE_VERSION "1.4"
| #define PACKAGE_STRING "Img 1.4"
| #define PACKAGE_BUGREPORT ""
| #define STDC_HEADERS 1
| #define HAVE_SYS_TYPES_H 1
| #define HAVE_SYS_STAT_H 1
| #define HAVE_STDLIB_H 1
| #define HAVE_STRING_H 1
| #define HAVE_MEMORY_H 1
| #define HAVE_STRINGS_H 1
| #define HAVE_INTTYPES_H 1
| #define HAVE_STDINT_H 1
| #define HAVE_UNISTD_H 1
| #define HAVE_LIMITS_H 1
| #define HAVE_SYS_PARAM_H 1
| #define USE_THREAD_ALLOC 1
| #define _REENTRANT 1
| #define _THREAD_SAFE 1
| #define TCL_THREADS 1
| #define MODULE_SCOPE extern __attribute__((__visibility__("hidden")))
| #define _LARGEFILE64_SOURCE 1
| /* end confdefs.h.  */
| 
| int
| main ()
| {
| __int64 value = (__int64) 0;
|   ;
|   return 0;
| }
configure:11196: gcc -c  -pipe  conftest.c >&5
conftest.c: In function 'main':
conftest.c:31:21: error: duplicate case value
conftest.c:31:13: error: previously used here
configure:11203: $? = 1
configure: failed program was:
| /* confdefs.h.  */
| #define PACKAGE_NAME "Img"
| #define PACKAGE_TARNAME "img"
| #define PACKAGE_VERSION "1.4"
| #define PACKAGE_STRING "Img 1.4"
| #define PACKAGE_BUGREPORT ""
| #define STDC_HEADERS 1
| #define HAVE_SYS_TYPES_H 1
| #define HAVE_SYS_STAT_H 1
| #define HAVE_STDLIB_H 1
| #define HAVE_STRING_H 1
| #define HAVE_MEMORY_H 1
| #define HAVE_STRINGS_H 1
| #define HAVE_INTTYPES_H 1
| #define HAVE_STDINT_H 1
| #define HAVE_UNISTD_H 1
| #define HAVE_LIMITS_H 1
| #define HAVE_SYS_PARAM_H 1
| #define USE_THREAD_ALLOC 1
| #define _REENTRANT 1
| #define _THREAD_SAFE 1
| #define TCL_THREADS 1
| #define MODULE_SCOPE extern __attribute__((__visibility__("hidden")))
| #define _LARGEFILE64_SOURCE 1
| /* end confdefs.h.  */
| 
| int
| main ()
| {
| switch (0) {
|             case 1: case (sizeof(long long)==sizeof(long)): ;
|         }
|   ;
|   return 0;
| }
configure:11225: result: using long
configure:11540: checking for build with symbols
configure:11553: result: no
configure:11598: checking for X
configure:11713: gcc -E  conftest.c
configure:11720: $? = 0
configure:11769: gcc -o conftest  -pipe   -Wl,--export-dynamic  conftest.c -lX11  >&5
configure:11776: $? = 0
configure:11838: result: libraries , headers 
configure:11858: gcc -E  conftest.c
conftest.c:27:28: fatal error: X11/XIntrinsic.h: No such file or directory
compilation terminated.
configure:11865: $? = 1
configure: failed program was:
| /* confdefs.h.  */
| #define PACKAGE_NAME "Img"
| #define PACKAGE_TARNAME "img"
| #define PACKAGE_VERSION "1.4"
| #define PACKAGE_STRING "Img 1.4"
| #define PACKAGE_BUGREPORT ""
| #define STDC_HEADERS 1
| #define HAVE_SYS_TYPES_H 1
| #define HAVE_SYS_STAT_H 1
| #define HAVE_STDLIB_H 1
| #define HAVE_STRING_H 1
| #define HAVE_MEMORY_H 1
| #define HAVE_STRINGS_H 1
| #define HAVE_INTTYPES_H 1
| #define HAVE_STDINT_H 1
| #define HAVE_UNISTD_H 1
| #define HAVE_LIMITS_H 1
| #define HAVE_SYS_PARAM_H 1
| #define USE_THREAD_ALLOC 1
| #define _REENTRANT 1
| #define _THREAD_SAFE 1
| #define TCL_THREADS 1
| #define MODULE_SCOPE extern __attribute__((__visibility__("hidden")))
| #define _LARGEFILE64_SOURCE 1
| #define TCL_WIDE_INT_IS_LONG 1
| /* end confdefs.h.  */
| #include <X11/XIntrinsic.h>
configure:11886: checking for X11 header files
configure:11902: gcc -E  conftest.c
configure:11909: $? = 0
configure:13884: updating cache config.cache
configure:13959: creating ./config.status

## ---------------------- ##
## Running config.status. ##
## ---------------------- ##

This file was extended by Img config.status 1.4, which was
generated by GNU Autoconf 2.63.  Invocation command line was

  CONFIG_FILES    = 
  CONFIG_HEADERS  = 
  CONFIG_LINKS    = 
  CONFIG_COMMANDS = 
  $ ./config.status 

on ariestest

config.status:722: creating Makefile

## ---------------- ##
## Cache variables. ##
## ---------------- ##

ac_cv_c_bigendian=no
ac_cv_c_compiler_gnu=yes
ac_cv_c_tclconfig=/home/almamgr/ACS_javarias/ExtProd/PRODUCTS/tcltk/Linux-3.2.0-4-amd64/tcl8.5.15/unix
ac_cv_c_tclh=/home/almamgr/ACS_javarias/ExtProd/PRODUCTS/tcltk/Linux-3.2.0-4-amd64/tcl8.5.15/generic
ac_cv_c_tkconfig=/home/almamgr/ACS_javarias/ExtProd/PRODUCTS/tcltk/Linux-3.2.0-4-amd64/tk8.5.15/unix
ac_cv_c_tkh=/home/almamgr/ACS_javarias/ExtProd/PRODUCTS/tcltk/Linux-3.2.0-4-amd64/tk8.5.15/generic
ac_cv_env_CC_set=
ac_cv_env_CC_value=
ac_cv_env_CFLAGS_set=
ac_cv_env_CFLAGS_value=
ac_cv_env_CPPFLAGS_set=
ac_cv_env_CPPFLAGS_value=
ac_cv_env_CPP_set=
ac_cv_env_CPP_value=
ac_cv_env_LDFLAGS_set=
ac_cv_env_LDFLAGS_value=
ac_cv_env_LIBS_set=
ac_cv_env_LIBS_value=
ac_cv_env_XMKMF_set=
ac_cv_env_XMKMF_value=
ac_cv_env_build_alias_set=
ac_cv_env_build_alias_value=
ac_cv_env_host_alias_set=
ac_cv_env_host_alias_value=
ac_cv_env_target_alias_set=
ac_cv_env_target_alias_value=
ac_cv_func_connect=yes
ac_cv_func_gethostbyname=yes
ac_cv_func_sin=no
ac_cv_have_x='have_x=yes	ac_x_includes='\'''\''	ac_x_libraries='\'''\'''
ac_cv_header_dlfcn_h=yes
ac_cv_header_errno_h=yes
ac_cv_header_float_h=yes
ac_cv_header_inttypes_h=yes
ac_cv_header_limits_h=yes
ac_cv_header_memory_h=yes
ac_cv_header_net_errno_h=no
ac_cv_header_stdc=yes
ac_cv_header_stdint_h=yes
ac_cv_header_stdlib_h=yes
ac_cv_header_string_h=yes
ac_cv_header_strings_h=yes
ac_cv_header_sys_param_h=yes
ac_cv_header_sys_stat_h=yes
ac_cv_header_sys_types_h=yes
ac_cv_header_sys_wait_h=yes
ac_cv_header_unistd_h=yes
ac_cv_header_values_h=yes
ac_cv_lib_dl_dlopen=yes
ac_cv_lib_ieee_main=yes
ac_cv_lib_inet_main=no
ac_cv_lib_pthread_pthread_mutex_init=yes
ac_cv_objext=o
ac_cv_path_EGREP='/bin/grep -E'
ac_cv_path_GREP=/bin/grep
ac_cv_path_install='/usr/bin/install -c'
ac_cv_prog_AR=ar
ac_cv_prog_CPP='gcc -E'
ac_cv_prog_ac_ct_CC=gcc
ac_cv_prog_ac_ct_RANLIB=ranlib
ac_cv_prog_cc_c89=
ac_cv_prog_cc_g=yes
ac_cv_prog_make_make_set=yes
tcl_cv_cc_pipe=yes
tcl_cv_cc_visibility_hidden=yes
tcl_cv_dirent_h=yes
tcl_cv_flag__isoc99_source=no
tcl_cv_flag__largefile64_source=yes
tcl_cv_flag__largefile_source64=no
tcl_cv_sys_version=Linux-3.2.0-4-amd64
tcl_cv_type_64bit=none

## ----------------- ##
## Output variables. ##
## ----------------- ##

AR='ar'
CC='gcc'
CELIB_DIR=''
CFLAGS=' -pipe '
CFLAGS_DEBUG='-g'
CFLAGS_DEFAULT='-O2 -fomit-frame-pointer'
CFLAGS_OPTIMIZE='-O2 -fomit-frame-pointer'
CFLAGS_WARNING='-Wall -Wwrite-strings'
CPP='gcc -E'
CPPFLAGS=''
CYGPATH='echo'
DEFS='-DPACKAGE_NAME=\"Img\" -DPACKAGE_TARNAME=\"img\" -DPACKAGE_VERSION=\"1.4\" -DPACKAGE_STRING=\"Img\ 1.4\" -DPACKAGE_BUGREPORT=\"\" -DSTDC_HEADERS=1 -DHAVE_SYS_TYPES_H=1 -DHAVE_SYS_STAT_H=1 -DHAVE_STDLIB_H=1 -DHAVE_STRING_H=1 -DHAVE_MEMORY_H=1 -DHAVE_STRINGS_H=1 -DHAVE_INTTYPES_H=1 -DHAVE_STDINT_H=1 -DHAVE_UNISTD_H=1 -DHAVE_LIMITS_H=1 -DHAVE_SYS_PARAM_H=1 -DUSE_THREAD_ALLOC=1 -D_REENTRANT=1 -D_THREAD_SAFE=1 -DTCL_THREADS=1 -DMODULE_SCOPE=extern\ __attribute__\(\(__visibility__\(\"hidden\"\)\)\) -D_LARGEFILE64_SOURCE=1 -DTCL_WIDE_INT_IS_LONG=1'
DL_LIBS='-ldl'
ECHO_C=''
ECHO_N='-n'
ECHO_T=''
EGREP='/bin/grep -E'
EXEEXT=''
GREP='/bin/grep'
INSTALL_DATA='${INSTALL} -m 644'
INSTALL_PROGRAM='${INSTALL}'
INSTALL_SCRIPT='${INSTALL}'
LDFLAGS=' -Wl,--export-dynamic '
LDFLAGS_DEFAULT=' -Wl,--export-dynamic '
LD_LIBRARY_PATH_VAR='LD_LIBRARY_PATH'
LIBOBJS=''
LIBS=''
LTLIBOBJS=''
MATH_LIBS='-lieee -lm'
OBJEXT='o'
PACKAGE_BUGREPORT=''
PACKAGE_NAME='Img'
PACKAGE_STRING='Img 1.4'
PACKAGE_TARNAME='img'
PACKAGE_VERSION='1.4'
PATH_SEPARATOR=':'
PKG_CFLAGS=''
PKG_HEADERS=''
PKG_INCLUDES=''
PKG_LIBS=' -lX11'
PKG_LIB_FILE=''
PKG_STUB_LIB_FILE=''
PKG_STUB_OBJECTS=''
PKG_STUB_SOURCES=''
PKG_TCL_SOURCES=''
RANLIB='ranlib'
SET_MAKE=''
SHARED_BUILD='1'
SHELL='/bin/sh'
SHLIB_CFLAGS='-fPIC'
SHLIB_LD='${CC} -shared ${CFLAGS} ${LDFLAGS_DEFAULT}'
SHLIB_LD_LIBS='${LIBS}'
STLIB_LD='${AR} cr'
TCL_BIN_DIR='/home/almamgr/ACS_javarias/ExtProd/PRODUCTS/tcltk/Linux-3.2.0-4-amd64/tcl8.5.15/unix'
TCL_DBGX=''
TCL_DEFS='-DPACKAGE_NAME=\"tcl\" -DPACKAGE_TARNAME=\"tcl\" -DPACKAGE_VERSION=\"8.5\" -DPACKAGE_STRING=\"tcl\ 8.5\" -DPACKAGE_BUGREPORT=\"\" -DSTDC_HEADERS=1 -DHAVE_SYS_TYPES_H=1 -DHAVE_SYS_STAT_H=1 -DHAVE_STDLIB_H=1 -DHAVE_STRING_H=1 -DHAVE_MEMORY_H=1 -DHAVE_STRINGS_H=1 -DHAVE_INTTYPES_H=1 -DHAVE_STDINT_H=1 -DHAVE_UNISTD_H=1 -DHAVE_LIMITS_H=1 -DHAVE_SYS_PARAM_H=1 -DUSE_THREAD_ALLOC=1 -D_REENTRANT=1 -D_THREAD_SAFE=1 -DHAVE_PTHREAD_ATTR_SETSTACKSIZE=1 -DHAVE_PTHREAD_ATFORK=1 -DHAVE_PTHREAD_GETATTR_NP=1 -DGETATTRNP_NOT_DECLARED=1 -DTCL_THREADS=1 -DTCL_CFGVAL_ENCODING=\"iso8859-1\" -DMODULE_SCOPE=extern\ __attribute__\(\(__visibility__\(\"hidden\"\)\)\) -DHAVE_CAST_TO_UNION=1 -DTCL_SHLIB_EXT=\".so\" -DNDEBUG=1 -DTCL_CFG_OPTIMIZED=1 -DTCL_TOMMATH=1 -DMP_PREC=4 -D_LARGEFILE64_SOURCE=1 -DTCL_WIDE_INT_IS_LONG=1 -DHAVE_GETCWD=1 -DHAVE_OPENDIR=1 -DHAVE_STRTOL=1 -DHAVE_WAITPID=1 -DHAVE_GETADDRINFO=1 -DHAVE_GETPWUID_R_5=1 -DHAVE_GETPWUID_R=1 -DHAVE_GETPWNAM_R_5=1 -DHAVE_GETPWNAM_R=1 -DHAVE_GETGRGID_R_5=1 -DHAVE_GETGRGID_R=1 -DHAVE_GETGRNAM_R_5=1 -DHAVE_GETGRNAM_R=1 -DHAVE_GETHOSTBYNAME_R_6=1 -DHAVE_GETHOSTBYNAME_R=1 -DHAVE_GETHOSTBYADDR_R_8=1 -DHAVE_GETHOSTBYADDR_R=1 -DUSE_TERMIOS=1 -DHAVE_SYS_TIME_H=1 -DTIME_WITH_SYS_TIME=1 -DHAVE_GMTIME_R=1 -DHAVE_LOCALTIME_R=1 -DHAVE_MKTIME=1 -DHAVE_TM_GMTOFF=1 -DHAVE_TIMEZONE_VAR=1 -DHAVE_STRUCT_STAT_ST_BLOCKS=1 -DHAVE_STRUCT_STAT_ST_BLKSIZE=1 -DHAVE_BLKCNT_T=1 -DHAVE_INTPTR_T=1 -DHAVE_UINTPTR_T=1 -DHAVE_SIGNED_CHAR=1 -DHAVE_LANGINFO=1 -DHAVE_SYS_IOCTL_H=1 -DTCL_UNLOAD_DLLS=1 -DHAVE_CPUID=1 '
TCL_EXTRA_CFLAGS=' -pipe '
TCL_INCLUDES='-I"/home/almamgr/ACS_javarias/ExtProd/PRODUCTS/tcltk/Linux-3.2.0-4-amd64/tcl8.5.15/generic"'
TCL_LD_FLAGS=' -Wl,--export-dynamic '
TCL_LIBS='${DL_LIBS} ${LIBS} ${MATH_LIBS}'
TCL_LIB_FILE='libtcl8.5.so'
TCL_LIB_FLAG='-ltcl8.5'
TCL_LIB_SPEC='-L/home/almamgr/ACS_javarias/ExtProd/PRODUCTS/tcltk/Linux-3.2.0-4-amd64/tcl8.5.15/unix -ltcl8.5'
TCL_SHLIB_LD_LIBS='${LIBS}'
TCL_SRC_DIR='/home/almamgr/ACS_javarias/ExtProd/PRODUCTS/tcltk/Linux-3.2.0-4-amd64/tcl8.5.15'
TCL_STUB_LIB_FILE='libtclstub8.5.a'
TCL_STUB_LIB_FLAG='-ltclstub8.5'
TCL_STUB_LIB_SPEC='-L/home/almamgr/ACS_javarias/ExtProd/PRODUCTS/tcltk/Linux-3.2.0-4-amd64/tcl8.5.15/unix -ltclstub8.5'
TCL_THREADS='1'
TCL_TOP_DIR_NATIVE=''
TCL_VERSION='8.5'
TK_BIN_DIR='/home/almamgr/ACS_javarias/ExtProd/PRODUCTS/tcltk/Linux-3.2.0-4-amd64/tk8.5.15/unix'
TK_INCLUDES='-I"/home/almamgr/ACS_javarias/ExtProd/PRODUCTS/tcltk/Linux-3.2.0-4-amd64/tk8.5.15/generic"'
TK_LIBS='-lX11   -lpthread -ldl  -lpthread -lieee -lm'
TK_LIB_FILE='libtk8.5.so'
TK_LIB_FLAG='-ltk8.5'
TK_LIB_SPEC='-L/home/almamgr/ACS_javarias/ExtProd/PRODUCTS/tcltk/Linux-3.2.0-4-amd64/tk8.5.15/unix -ltk8.5'
TK_SRC_DIR='/home/almamgr/ACS_javarias/ExtProd/PRODUCTS/tcltk/Linux-3.2.0-4-amd64/tk8.5.15'
TK_STUB_LIB_FILE='libtkstub8.5.a'
TK_STUB_LIB_FLAG='-ltkstub8.5'
TK_STUB_LIB_SPEC='-L/home/almamgr/ACS_javarias/ExtProd/PRODUCTS/tcltk/Linux-3.2.0-4-amd64/tk8.5.15/unix -ltkstub8.5'
TK_TOP_DIR_NATIVE=''
TK_VERSION='8.5'
TK_XINCLUDES=''
TK_XLIB_DIR_NATIVE=''
XMKMF=''
ac_ct_CC='gcc'
bindir='${exec_prefix}/bin'
build_alias=''
datadir='${datarootdir}'
datarootdir='${prefix}/share'
docdir='${datarootdir}/doc/${PACKAGE_TARNAME}'
dvidir='${docdir}'
exec_prefix='/alma/ACS-2014.4/tcltk'
host_alias=''
htmldir='${docdir}'
includedir='${prefix}/include'
infodir='${datarootdir}/info'
libdir='${exec_prefix}/lib'
libexecdir='${exec_prefix}/libexec'
localedir='${datarootdir}/locale'
localstatedir='${prefix}/var'
mandir='${datarootdir}/man'
oldincludedir='/usr/include'
pdfdir='${docdir}'
prefix='/alma/ACS-2014.4/tcltk'
program_transform_name='s,x,x,'
psdir='${docdir}'
sbindir='${exec_prefix}/sbin'
sharedstatedir='${prefix}/com'
subdirs=' zlib libpng libtiff libjpeg base bmp gif ico jpeg pcx pixmap png ppm ps sgi sun tga tiff window xbm xpm dted raw'
sysconfdir='${prefix}/etc'
target_alias=''

## ----------- ##
## confdefs.h. ##
## ----------- ##

#define PACKAGE_NAME "Img"
#define PACKAGE_TARNAME "img"
#define PACKAGE_VERSION "1.4"
#define PACKAGE_STRING "Img 1.4"
#define PACKAGE_BUGREPORT ""
#define STDC_HEADERS 1
#define HAVE_SYS_TYPES_H 1
#define HAVE_SYS_STAT_H 1
#define HAVE_STDLIB_H 1
#define HAVE_STRING_H 1
#define HAVE_MEMORY_H 1
#define HAVE_STRINGS_H 1
#define HAVE_INTTYPES_H 1
#define HAVE_STDINT_H 1
#define HAVE_UNISTD_H 1
#define HAVE_LIMITS_H 1
#define HAVE_SYS_PARAM_H 1
#define USE_THREAD_ALLOC 1
#define _REENTRANT 1
#define _THREAD_SAFE 1
#define TCL_THREADS 1
#define MODULE_SCOPE extern __attribute__((__visibility__("hidden")))
#define _LARGEFILE64_SOURCE 1
#define TCL_WIDE_INT_IS_LONG 1

configure: exit 0
