

Commands in global namespace
============================
_close.pre_expect after append apply array auto_execok auto_import auto_load auto_load_index auto_qualify binary break case catch cd chan clock close close_on_eof concat continue debug dict disconnect encoding eof error eval exec exit exp_close exp_close_on_eof exp_configure exp_continue exp_debug exp_disconnect exp_exit exp_fork exp_getpid exp_inter_return exp_interact exp_internal exp_interpreter exp_log_file exp_log_user exp_match_max exp_open exp_overlay exp_parity exp_pid exp_remove_nulls exp_send exp_send_error exp_send_log exp_send_tty exp_send_user exp_sleep exp_spawn exp_strace exp_stty exp_system exp_timestamp exp_trap exp_version exp_wait expect expect_after expect_background expect_before expect_tty expect_user expr fblocked fconfigure fcopy file fileevent flush for foreach fork format getNamespaces getpid gets glob global if incr info inter_return interact interp interpreter join lappend lassign lindex linsert list llength load log_file log_user lrange lrepeat lreplace lreverse lsearch lset lsort match_max namespace open overlay package parity pid proc prompt1 prompt2 puts pwd read regexp regsub remove_nulls rename return scan seek send send_error send_log send_tty send_user set sleep socket source spawn split strace string stty subst switch system tclLog tell time timestamp trace trap unknown unload unset update uplevel upvar variable vwait wait while


Commands in namespace ::tcl
===========================
Bgerror CopyDirectory pkgconfig


Commands in namespace ::tcl::chan
=================================
blocked close copy create eof event flush gets pending postevent puts read seek tell truncate


Commands in namespace ::tcl::clock
==================================
ConvertLocalToUTC GetDateFields GetJulianDayFromEraYearMonthDay GetJulianDayFromEraYearWeekDay Oldscan ParseFormatArgs clicks getenv microseconds milliseconds seconds


Commands in namespace ::tcl::dict
=================================
append create exists filter for get incr info keys lappend merge remove replace set size unset update values with


Commands in namespace ::tcl::info
=================================
args body cmdcount commands complete default exists frame functions globals hostname level library loaded locals nameofexecutable patchlevel procs script sharedlibextension tclversion vars


Commands in namespace ::tcl::mathfunc
=====================================
abs acos asin atan atan2 bool ceil cos cosh double entier exp floor fmod hypot int isqrt log log10 max min pow rand round sin sinh sqrt srand tan tanh wide


Commands in namespace ::tcl::mathop
===================================
! != % & * ** + - / < << <= == > >= >> ^ eq in ne ni | ~


Commands in namespace ::tcl::string
===================================
bytelength compare equal first index is last length map match range repeat replace reverse tolower totitle toupper trim trimleft trimright wordend wordstart


Commands in namespace ::tcl::unsupported
========================================
disassemble
