This file contains any messages produced by compilers while
running configure, to aid debugging if configure makes a mistake.

It was created by itcl configure 3.4, which was
generated by GNU Autoconf 2.59.  Invocation command line was

  $ /home/almamgr/ACS_javarias/ExtProd/PRODUCTS/tcltk/Linux-3.2.0-4-amd64/itcl-2011-08-08/itcl/configure --prefix=/alma/ACS-2014.4/tcltk --prefix=/alma/ACS-2014.4/tcltk --enable-shared --enable-gcc --enable-threads --srcdir=/home/almamgr/ACS_javarias/ExtProd/PRODUCTS/tcltk/Linux-3.2.0-4-amd64/itcl-2011-08-08 --cache-file=/dev/null --srcdir=/home/almamgr/ACS_javarias/ExtProd/PRODUCTS/tcltk/Linux-3.2.0-4-amd64/itcl-2011-08-08/itcl

## --------- ##
## Platform. ##
## --------- ##

hostname = ariestest
uname -m = x86_64
uname -r = 3.2.0-4-amd64
uname -s = Linux
uname -v = #1 SMP Debian 3.2.60-1+deb7u1

/usr/bin/uname -p = unknown
/bin/uname -X     = unknown

/bin/arch              = unknown
/usr/bin/arch -k       = unknown
/usr/convex/getsysinfo = unknown
hostinfo               = unknown
/bin/machine           = unknown
/usr/bin/oslevel       = unknown
/bin/universe          = unknown

PATH: /alma/ACS-2014.4/ACSSW/bin
PATH: /usr/lib/jvm/java-7-openjdk-amd64/bin
PATH: /usr/share/ant/bin
PATH: /alma/ACS-2014.4/JacORB/bin
PATH: /alma/ACS-2014.4/Python/bin
PATH: /alma/ACS-2014.4/Python/omni/bin
PATH: /alma/ACS-2014.4/tcltk/bin
PATH: /usr/bin
PATH: /usr/local/bin
PATH: /usr/bin
PATH: /bin
PATH: /usr/local/games
PATH: /usr/games


## ----------- ##
## Core tests. ##
## ----------- ##

configure:1328: checking for correct TEA configuration
configure:1347: result: ok (TEA 3.9)
configure:1431: checking whether ln -s works
configure:1435: result: yes
configure:1498: checking for Tcl configuration
configure:1625: result: found /home/almamgr/ACS_javarias/ExtProd/PRODUCTS/tcltk/Linux-3.2.0-4-amd64/tcl8.5.15/unix/tclConfig.sh
configure:1631: checking for existence of /home/almamgr/ACS_javarias/ExtProd/PRODUCTS/tcltk/Linux-3.2.0-4-amd64/tcl8.5.15/unix/tclConfig.sh
configure:1635: result: loading
configure:1763: --exec-prefix defaulting to TCL_EXEC_PREFIX /alma/ACS-2014.4/tcltk
configure:1837: checking for gcc
configure:1853: found /usr/bin/gcc
configure:1863: result: gcc
configure:2107: checking for C compiler version
configure:2110: gcc --version </dev/null >&5
gcc (Debian 4.7.2-5) 4.7.2
Copyright (C) 2012 Free Software Foundation, Inc.
This is free software; see the source for copying conditions.  There is NO
warranty; not even for MERCHANTABILITY or FITNESS FOR A PARTICULAR PURPOSE.

configure:2113: $? = 0
configure:2115: gcc -v </dev/null >&5
Using built-in specs.
COLLECT_GCC=gcc
COLLECT_LTO_WRAPPER=/usr/lib/gcc/x86_64-linux-gnu/4.7/lto-wrapper
Target: x86_64-linux-gnu
Configured with: ../src/configure -v --with-pkgversion='Debian 4.7.2-5' --with-bugurl=file:///usr/share/doc/gcc-4.7/README.Bugs --enable-languages=c,c++,go,fortran,objc,obj-c++ --prefix=/usr --program-suffix=-4.7 --enable-shared --enable-linker-build-id --with-system-zlib --libexecdir=/usr/lib --without-included-gettext --enable-threads=posix --with-gxx-include-dir=/usr/include/c++/4.7 --libdir=/usr/lib --enable-nls --with-sysroot=/ --enable-clocale=gnu --enable-libstdcxx-debug --enable-libstdcxx-time=yes --enable-gnu-unique-object --enable-plugin --enable-objc-gc --with-arch-32=i586 --with-tune=generic --enable-checking=release --build=x86_64-linux-gnu --host=x86_64-linux-gnu --target=x86_64-linux-gnu
Thread model: posix
gcc version 4.7.2 (Debian 4.7.2-5) 
configure:2118: $? = 0
configure:2120: gcc -V </dev/null >&5
gcc: error: unrecognized command line option '-V'
gcc: fatal error: no input files
compilation terminated.
configure:2123: $? = 4
configure:2146: checking for C compiler default output file name
configure:2149: gcc    conftest.c  >&5
configure:2152: $? = 0
configure:2198: result: a.out
configure:2203: checking whether the C compiler works
configure:2209: ./a.out
configure:2212: $? = 0
configure:2229: result: yes
configure:2236: checking whether we are cross compiling
configure:2238: result: no
configure:2241: checking for suffix of executables
configure:2243: gcc -o conftest    conftest.c  >&5
configure:2246: $? = 0
configure:2271: result: 
configure:2277: checking for suffix of object files
configure:2298: gcc -c   conftest.c >&5
configure:2301: $? = 0
configure:2323: result: o
configure:2327: checking whether we are using the GNU C compiler
configure:2351: gcc -c   conftest.c >&5
configure:2357: $? = 0
configure:2361: test -z 
			 || test ! -s conftest.err
configure:2364: $? = 0
configure:2367: test -s conftest.o
configure:2370: $? = 0
configure:2383: result: yes
configure:2389: checking whether gcc accepts -g
configure:2410: gcc -c -g  conftest.c >&5
configure:2416: $? = 0
configure:2420: test -z 
			 || test ! -s conftest.err
configure:2423: $? = 0
configure:2426: test -s conftest.o
configure:2429: $? = 0
configure:2440: result: yes
configure:2457: checking for gcc option to accept ANSI C
configure:2527: gcc  -c   conftest.c >&5
configure:2533: $? = 0
configure:2537: test -z 
			 || test ! -s conftest.err
configure:2540: $? = 0
configure:2543: test -s conftest.o
configure:2546: $? = 0
configure:2564: result: none needed
configure:2582: gcc -c   conftest.c >&5
conftest.c:2:3: error: unknown type name 'choke'
conftest.c:2:3: error: expected '=', ',', ';', 'asm' or '__attribute__' at end of input
configure:2588: $? = 1
configure: failed program was:
| #ifndef __cplusplus
|   choke me
| #endif
configure:2726: checking how to run the C preprocessor
configure:2761: gcc -E  conftest.c
configure:2767: $? = 0
configure:2799: gcc -E  conftest.c
conftest.c:9:28: fatal error: ac_nonexistent.h: No such file or directory
compilation terminated.
configure:2805: $? = 1
configure: failed program was:
| /* confdefs.h.  */
| 
| #define PACKAGE_NAME "itcl"
| #define PACKAGE_TARNAME "itcl"
| #define PACKAGE_VERSION "3.4"
| #define PACKAGE_STRING "itcl 3.4"
| #define PACKAGE_BUGREPORT ""
| /* end confdefs.h.  */
| #include <ac_nonexistent.h>
configure:2844: result: gcc -E
configure:2868: gcc -E  conftest.c
configure:2874: $? = 0
configure:2906: gcc -E  conftest.c
conftest.c:9:28: fatal error: ac_nonexistent.h: No such file or directory
compilation terminated.
configure:2912: $? = 1
configure: failed program was:
| /* confdefs.h.  */
| 
| #define PACKAGE_NAME "itcl"
| #define PACKAGE_TARNAME "itcl"
| #define PACKAGE_VERSION "3.4"
| #define PACKAGE_STRING "itcl 3.4"
| #define PACKAGE_BUGREPORT ""
| /* end confdefs.h.  */
| #include <ac_nonexistent.h>
configure:2969: checking for a BSD-compatible install
configure:3024: result: /usr/bin/install -c
configure:3040: checking whether make sets $(MAKE)
configure:3060: result: yes
configure:3115: checking for ranlib
configure:3131: found /usr/bin/ranlib
configure:3142: result: ranlib
configure:3164: checking for egrep
configure:3174: result: grep -E
configure:3179: checking for ANSI C header files
configure:3204: gcc -c   conftest.c >&5
configure:3210: $? = 0
configure:3214: test -z 
			 || test ! -s conftest.err
configure:3217: $? = 0
configure:3220: test -s conftest.o
configure:3223: $? = 0
configure:3312: gcc -o conftest    conftest.c  >&5
conftest.c: In function 'main':
conftest.c:26:7: warning: incompatible implicit declaration of built-in function 'exit' [enabled by default]
configure:3315: $? = 0
configure:3317: ./conftest
configure:3320: $? = 0
configure:3335: result: yes
configure:3359: checking for sys/types.h
configure:3375: gcc -c   conftest.c >&5
configure:3381: $? = 0
configure:3385: test -z 
			 || test ! -s conftest.err
configure:3388: $? = 0
configure:3391: test -s conftest.o
configure:3394: $? = 0
configure:3405: result: yes
configure:3359: checking for sys/stat.h
configure:3375: gcc -c   conftest.c >&5
configure:3381: $? = 0
configure:3385: test -z 
			 || test ! -s conftest.err
configure:3388: $? = 0
configure:3391: test -s conftest.o
configure:3394: $? = 0
configure:3405: result: yes
configure:3359: checking for stdlib.h
configure:3375: gcc -c   conftest.c >&5
configure:3381: $? = 0
configure:3385: test -z 
			 || test ! -s conftest.err
configure:3388: $? = 0
configure:3391: test -s conftest.o
configure:3394: $? = 0
configure:3405: result: yes
configure:3359: checking for string.h
configure:3375: gcc -c   conftest.c >&5
configure:3381: $? = 0
configure:3385: test -z 
			 || test ! -s conftest.err
configure:3388: $? = 0
configure:3391: test -s conftest.o
configure:3394: $? = 0
configure:3405: result: yes
configure:3359: checking for memory.h
configure:3375: gcc -c   conftest.c >&5
configure:3381: $? = 0
configure:3385: test -z 
			 || test ! -s conftest.err
configure:3388: $? = 0
configure:3391: test -s conftest.o
configure:3394: $? = 0
configure:3405: result: yes
configure:3359: checking for strings.h
configure:3375: gcc -c   conftest.c >&5
configure:3381: $? = 0
configure:3385: test -z 
			 || test ! -s conftest.err
configure:3388: $? = 0
configure:3391: test -s conftest.o
configure:3394: $? = 0
configure:3405: result: yes
configure:3359: checking for inttypes.h
configure:3375: gcc -c   conftest.c >&5
configure:3381: $? = 0
configure:3385: test -z 
			 || test ! -s conftest.err
configure:3388: $? = 0
configure:3391: test -s conftest.o
configure:3394: $? = 0
configure:3405: result: yes
configure:3359: checking for stdint.h
configure:3375: gcc -c   conftest.c >&5
configure:3381: $? = 0
configure:3385: test -z 
			 || test ! -s conftest.err
configure:3388: $? = 0
configure:3391: test -s conftest.o
configure:3394: $? = 0
configure:3405: result: yes
configure:3359: checking for unistd.h
configure:3375: gcc -c   conftest.c >&5
configure:3381: $? = 0
configure:3385: test -z 
			 || test ! -s conftest.err
configure:3388: $? = 0
configure:3391: test -s conftest.o
configure:3394: $? = 0
configure:3405: result: yes
configure:3427: checking if the compiler understands -pipe
configure:3450: gcc -c  -pipe  conftest.c >&5
configure:3456: $? = 0
configure:3460: test -z 
			 || test ! -s conftest.err
configure:3463: $? = 0
configure:3466: test -s conftest.o
configure:3469: $? = 0
configure:3481: result: yes
configure:3492: checking whether byte ordering is bigendian
configure:3519: gcc -c  -pipe  conftest.c >&5
configure:3525: $? = 0
configure:3529: test -z 
			 || test ! -s conftest.err
configure:3532: $? = 0
configure:3535: test -s conftest.o
configure:3538: $? = 0
configure:3562: gcc -c  -pipe  conftest.c >&5
conftest.c: In function 'main':
conftest.c:26:2: error: unknown type name 'not'
conftest.c:26:10: error: expected '=', ',', ';', 'asm' or '__attribute__' before 'endian'
configure:3568: $? = 1
configure: failed program was:
| /* confdefs.h.  */
| 
| #define PACKAGE_NAME "itcl"
| #define PACKAGE_TARNAME "itcl"
| #define PACKAGE_VERSION "3.4"
| #define PACKAGE_STRING "itcl 3.4"
| #define PACKAGE_BUGREPORT ""
| #define STDC_HEADERS 1
| #define HAVE_SYS_TYPES_H 1
| #define HAVE_SYS_STAT_H 1
| #define HAVE_STDLIB_H 1
| #define HAVE_STRING_H 1
| #define HAVE_MEMORY_H 1
| #define HAVE_STRINGS_H 1
| #define HAVE_INTTYPES_H 1
| #define HAVE_STDINT_H 1
| #define HAVE_UNISTD_H 1
| /* end confdefs.h.  */
| #include <sys/types.h>
| #include <sys/param.h>
| 
| int
| main ()
| {
| #if BYTE_ORDER != BIG_ENDIAN
|  not big endian
| #endif
| 
|   ;
|   return 0;
| }
configure:3703: result: no
configure:3731: checking for sin
configure:3788: gcc -o conftest  -pipe   conftest.c  >&5
conftest.c:43:6: warning: conflicting types for built-in function 'sin' [enabled by default]
/tmp/cchfmarG.o: In function `main':
conftest.c:(.text+0xd): undefined reference to `sin'
/tmp/cchfmarG.o:(.data+0x0): undefined reference to `sin'
collect2: error: ld returned 1 exit status
configure:3794: $? = 1
configure: failed program was:
| /* confdefs.h.  */
| 
| #define PACKAGE_NAME "itcl"
| #define PACKAGE_TARNAME "itcl"
| #define PACKAGE_VERSION "3.4"
| #define PACKAGE_STRING "itcl 3.4"
| #define PACKAGE_BUGREPORT ""
| #define STDC_HEADERS 1
| #define HAVE_SYS_TYPES_H 1
| #define HAVE_SYS_STAT_H 1
| #define HAVE_STDLIB_H 1
| #define HAVE_STRING_H 1
| #define HAVE_MEMORY_H 1
| #define HAVE_STRINGS_H 1
| #define HAVE_INTTYPES_H 1
| #define HAVE_STDINT_H 1
| #define HAVE_UNISTD_H 1
| /* end confdefs.h.  */
| /* Define sin to an innocuous variant, in case <limits.h> declares sin.
|    For example, HP-UX 11i <limits.h> declares gettimeofday.  */
| #define sin innocuous_sin
| 
| /* System header to define __stub macros and hopefully few prototypes,
|     which can conflict with char sin (); below.
|     Prefer <limits.h> to <assert.h> if __STDC__ is defined, since
|     <limits.h> exists even on freestanding compilers.  */
| 
| #ifdef __STDC__
| # include <limits.h>
| #else
| # include <assert.h>
| #endif
| 
| #undef sin
| 
| /* Override any gcc2 internal prototype to avoid an error.  */
| #ifdef __cplusplus
| extern "C"
| {
| #endif
| /* We use char because int might match the return type of a gcc2
|    builtin and then its argument prototype would still apply.  */
| char sin ();
| /* The GNU C library defines this for functions which it implements
|     to always fail with ENOSYS.  Some functions are actually named
|     something starting with __ and the normal name is an alias.  */
| #if defined (__stub_sin) || defined (__stub___sin)
| choke me
| #else
| char (*f) () = sin;
| #endif
| #ifdef __cplusplus
| }
| #endif
| 
| int
| main ()
| {
| return f != sin;
|   ;
|   return 0;
| }
configure:3819: result: no
configure:3827: checking for main in -lieee
configure:3851: gcc -o conftest  -pipe   conftest.c -lieee   >&5
configure:3857: $? = 0
configure:3861: test -z 
			 || test ! -s conftest.err
configure:3864: $? = 0
configure:3867: test -s conftest
configure:3870: $? = 0
configure:3883: result: yes
configure:3895: checking for main in -linet
configure:3919: gcc -o conftest  -pipe   conftest.c -linet   >&5
/usr/bin/ld: cannot find -linet
collect2: error: ld returned 1 exit status
configure:3925: $? = 1
configure: failed program was:
| /* confdefs.h.  */
| 
| #define PACKAGE_NAME "itcl"
| #define PACKAGE_TARNAME "itcl"
| #define PACKAGE_VERSION "3.4"
| #define PACKAGE_STRING "itcl 3.4"
| #define PACKAGE_BUGREPORT ""
| #define STDC_HEADERS 1
| #define HAVE_SYS_TYPES_H 1
| #define HAVE_SYS_STAT_H 1
| #define HAVE_STDLIB_H 1
| #define HAVE_STRING_H 1
| #define HAVE_MEMORY_H 1
| #define HAVE_STRINGS_H 1
| #define HAVE_INTTYPES_H 1
| #define HAVE_STDINT_H 1
| #define HAVE_UNISTD_H 1
| /* end confdefs.h.  */
| 
| 
| int
| main ()
| {
| main ();
|   ;
|   return 0;
| }
configure:3951: result: no
configure:3967: checking net/errno.h usability
configure:3979: gcc -c  -pipe  conftest.c >&5
conftest.c:53:23: fatal error: net/errno.h: No such file or directory
compilation terminated.
configure:3985: $? = 1
configure: failed program was:
| /* confdefs.h.  */
| 
| #define PACKAGE_NAME "itcl"
| #define PACKAGE_TARNAME "itcl"
| #define PACKAGE_VERSION "3.4"
| #define PACKAGE_STRING "itcl 3.4"
| #define PACKAGE_BUGREPORT ""
| #define STDC_HEADERS 1
| #define HAVE_SYS_TYPES_H 1
| #define HAVE_SYS_STAT_H 1
| #define HAVE_STDLIB_H 1
| #define HAVE_STRING_H 1
| #define HAVE_MEMORY_H 1
| #define HAVE_STRINGS_H 1
| #define HAVE_INTTYPES_H 1
| #define HAVE_STDINT_H 1
| #define HAVE_UNISTD_H 1
| /* end confdefs.h.  */
| #include <stdio.h>
| #if HAVE_SYS_TYPES_H
| # include <sys/types.h>
| #endif
| #if HAVE_SYS_STAT_H
| # include <sys/stat.h>
| #endif
| #if STDC_HEADERS
| # include <stdlib.h>
| # include <stddef.h>
| #else
| # if HAVE_STDLIB_H
| #  include <stdlib.h>
| # endif
| #endif
| #if HAVE_STRING_H
| # if !STDC_HEADERS && HAVE_MEMORY_H
| #  include <memory.h>
| # endif
| # include <string.h>
| #endif
| #if HAVE_STRINGS_H
| # include <strings.h>
| #endif
| #if HAVE_INTTYPES_H
| # include <inttypes.h>
| #else
| # if HAVE_STDINT_H
| #  include <stdint.h>
| # endif
| #endif
| #if HAVE_UNISTD_H
| # include <unistd.h>
| #endif
| #include <net/errno.h>
configure:4008: result: no
configure:4012: checking net/errno.h presence
configure:4022: gcc -E  conftest.c
conftest.c:19:23: fatal error: net/errno.h: No such file or directory
compilation terminated.
configure:4028: $? = 1
configure: failed program was:
| /* confdefs.h.  */
| 
| #define PACKAGE_NAME "itcl"
| #define PACKAGE_TARNAME "itcl"
| #define PACKAGE_VERSION "3.4"
| #define PACKAGE_STRING "itcl 3.4"
| #define PACKAGE_BUGREPORT ""
| #define STDC_HEADERS 1
| #define HAVE_SYS_TYPES_H 1
| #define HAVE_SYS_STAT_H 1
| #define HAVE_STDLIB_H 1
| #define HAVE_STRING_H 1
| #define HAVE_MEMORY_H 1
| #define HAVE_STRINGS_H 1
| #define HAVE_INTTYPES_H 1
| #define HAVE_STDINT_H 1
| #define HAVE_UNISTD_H 1
| /* end confdefs.h.  */
| #include <net/errno.h>
configure:4048: result: no
configure:4083: checking for net/errno.h
configure:4090: result: no
configure:4124: checking for connect
configure:4181: gcc -o conftest  -pipe   conftest.c  >&5
configure:4187: $? = 0
configure:4191: test -z 
			 || test ! -s conftest.err
configure:4194: $? = 0
configure:4197: test -s conftest
configure:4200: $? = 0
configure:4212: result: yes
configure:4487: checking for gethostbyname
configure:4544: gcc -o conftest  -pipe   conftest.c  >&5
configure:4550: $? = 0
configure:4554: test -z 
			 || test ! -s conftest.err
configure:4557: $? = 0
configure:4560: test -s conftest
configure:4563: $? = 0
configure:4575: result: yes
configure:4659: checking dirent.h
configure:4700: gcc -o conftest  -pipe   conftest.c  >&5
configure:4706: $? = 0
configure:4710: test -z 
			 || test ! -s conftest.err
configure:4713: $? = 0
configure:4716: test -s conftest
configure:4719: $? = 0
configure:4731: result: yes
configure:4753: checking errno.h usability
configure:4765: gcc -c  -pipe  conftest.c >&5
configure:4771: $? = 0
configure:4775: test -z 
			 || test ! -s conftest.err
configure:4778: $? = 0
configure:4781: test -s conftest.o
configure:4784: $? = 0
configure:4794: result: yes
configure:4798: checking errno.h presence
configure:4808: gcc -E  conftest.c
configure:4814: $? = 0
configure:4834: result: yes
configure:4869: checking for errno.h
configure:4876: result: yes
configure:4901: checking float.h usability
configure:4913: gcc -c  -pipe  conftest.c >&5
configure:4919: $? = 0
configure:4923: test -z 
			 || test ! -s conftest.err
configure:4926: $? = 0
configure:4929: test -s conftest.o
configure:4932: $? = 0
configure:4942: result: yes
configure:4946: checking float.h presence
configure:4956: gcc -E  conftest.c
configure:4962: $? = 0
configure:4982: result: yes
configure:5017: checking for float.h
configure:5024: result: yes
configure:5049: checking values.h usability
configure:5061: gcc -c  -pipe  conftest.c >&5
configure:5067: $? = 0
configure:5071: test -z 
			 || test ! -s conftest.err
configure:5074: $? = 0
configure:5077: test -s conftest.o
configure:5080: $? = 0
configure:5090: result: yes
configure:5094: checking values.h presence
configure:5104: gcc -E  conftest.c
configure:5110: $? = 0
configure:5130: result: yes
configure:5165: checking for values.h
configure:5172: result: yes
configure:5197: checking limits.h usability
configure:5209: gcc -c  -pipe  conftest.c >&5
configure:5215: $? = 0
configure:5219: test -z 
			 || test ! -s conftest.err
configure:5222: $? = 0
configure:5225: test -s conftest.o
configure:5228: $? = 0
configure:5238: result: yes
configure:5242: checking limits.h presence
configure:5252: gcc -E  conftest.c
configure:5258: $? = 0
configure:5278: result: yes
configure:5313: checking for limits.h
configure:5320: result: yes
configure:5340: checking for stdlib.h
configure:5345: result: yes
configure:5542: checking for string.h
configure:5547: result: yes
configure:5741: checking sys/wait.h usability
configure:5753: gcc -c  -pipe  conftest.c >&5
configure:5759: $? = 0
configure:5763: test -z 
			 || test ! -s conftest.err
configure:5766: $? = 0
configure:5769: test -s conftest.o
configure:5772: $? = 0
configure:5782: result: yes
configure:5786: checking sys/wait.h presence
configure:5796: gcc -E  conftest.c
configure:5802: $? = 0
configure:5822: result: yes
configure:5857: checking for sys/wait.h
configure:5864: result: yes
configure:5889: checking dlfcn.h usability
configure:5901: gcc -c  -pipe  conftest.c >&5
configure:5907: $? = 0
configure:5911: test -z 
			 || test ! -s conftest.err
configure:5914: $? = 0
configure:5917: test -s conftest.o
configure:5920: $? = 0
configure:5930: result: yes
configure:5934: checking dlfcn.h presence
configure:5944: gcc -E  conftest.c
configure:5950: $? = 0
configure:5970: result: yes
configure:6005: checking for dlfcn.h
configure:6012: result: yes
configure:6043: checking sys/param.h usability
configure:6055: gcc -c  -pipe  conftest.c >&5
configure:6061: $? = 0
configure:6065: test -z 
			 || test ! -s conftest.err
configure:6068: $? = 0
configure:6071: test -s conftest.o
configure:6074: $? = 0
configure:6084: result: yes
configure:6088: checking sys/param.h presence
configure:6098: gcc -E  conftest.c
configure:6104: $? = 0
configure:6124: result: yes
configure:6159: checking for sys/param.h
configure:6166: result: yes
configure:6392: checking for Tcl public headers
configure:6467: result: /home/almamgr/ACS_javarias/ExtProd/PRODUCTS/tcltk/Linux-3.2.0-4-amd64/tcl8.5.15/generic
configure:6482: checking for Tcl private include files
configure:6536: result: Using srcdir found in tclConfig.sh: /home/almamgr/ACS_javarias/ExtProd/PRODUCTS/tcltk/Linux-3.2.0-4-amd64/tcl8.5.15
configure:6565: checking how to build libraries
configure:6583: result: shared
configure:6610: checking if 64bit support is requested
configure:6619: result: no
configure:6624: checking if 64bit Sparc VIS support is requested
configure:6633: result: no
configure:6644: checking if compiler supports visibility "hidden"
configure:6669: gcc -o conftest  -pipe -Werror   conftest.c  >&5
configure:6675: $? = 0
configure:6679: test -z 
			 || test ! -s conftest.err
configure:6682: $? = 0
configure:6685: test -s conftest
configure:6688: $? = 0
configure:6701: result: yes
configure:6716: checking if rpath support is requested
configure:6725: result: yes
configure:6751: checking system version
configure:6774: result: Linux-3.2.0-4-amd64
configure:6813: checking for ar
configure:6829: found /usr/bin/ar
configure:6839: result: ar
configure:8673: checking for required early compiler flags
configure:8696: gcc -c  -pipe  conftest.c >&5
configure:8702: $? = 0
configure:8706: test -z 
			 || test ! -s conftest.err
configure:8709: $? = 0
configure:8712: test -s conftest.o
configure:8715: $? = 0
configure:8801: gcc -c  -pipe  conftest.c >&5
conftest.c: In function 'main':
conftest.c:27:15: error: storage size of 'buf' isn't known
configure:8807: $? = 1
configure: failed program was:
| /* confdefs.h.  */
| 
| #define PACKAGE_NAME "itcl"
| #define PACKAGE_TARNAME "itcl"
| #define PACKAGE_VERSION "3.4"
| #define PACKAGE_STRING "itcl 3.4"
| #define PACKAGE_BUGREPORT ""
| #define STDC_HEADERS 1
| #define HAVE_SYS_TYPES_H 1
| #define HAVE_SYS_STAT_H 1
| #define HAVE_STDLIB_H 1
| #define HAVE_STRING_H 1
| #define HAVE_MEMORY_H 1
| #define HAVE_STRINGS_H 1
| #define HAVE_INTTYPES_H 1
| #define HAVE_STDINT_H 1
| #define HAVE_UNISTD_H 1
| #define HAVE_LIMITS_H 1
| #define HAVE_SYS_PARAM_H 1
| #define TCL_THREADS 1
| #define MODULE_SCOPE extern __attribute__((__visibility__("hidden")))
| /* end confdefs.h.  */
| #include <sys/stat.h>
| int
| main ()
| {
| struct stat64 buf; int i = stat64("/", &buf);
|   ;
|   return 0;
| }
configure:8844: gcc -c  -pipe  conftest.c >&5
configure:8850: $? = 0
configure:8854: test -z 
			 || test ! -s conftest.err
configure:8857: $? = 0
configure:8860: test -s conftest.o
configure:8863: $? = 0
configure:8906: gcc -c  -pipe  conftest.c >&5
conftest.c: In function 'main':
conftest.c:28:19: error: 'open64' undeclared (first use in this function)
conftest.c:28:19: note: each undeclared identifier is reported only once for each function it appears in
configure:8912: $? = 1
configure: failed program was:
| /* confdefs.h.  */
| 
| #define PACKAGE_NAME "itcl"
| #define PACKAGE_TARNAME "itcl"
| #define PACKAGE_VERSION "3.4"
| #define PACKAGE_STRING "itcl 3.4"
| #define PACKAGE_BUGREPORT ""
| #define STDC_HEADERS 1
| #define HAVE_SYS_TYPES_H 1
| #define HAVE_SYS_STAT_H 1
| #define HAVE_STDLIB_H 1
| #define HAVE_STRING_H 1
| #define HAVE_MEMORY_H 1
| #define HAVE_STRINGS_H 1
| #define HAVE_INTTYPES_H 1
| #define HAVE_STDINT_H 1
| #define HAVE_UNISTD_H 1
| #define HAVE_LIMITS_H 1
| #define HAVE_SYS_PARAM_H 1
| #define TCL_THREADS 1
| #define MODULE_SCOPE extern __attribute__((__visibility__("hidden")))
| #define _LARGEFILE64_SOURCE 1
| /* end confdefs.h.  */
| #include <sys/stat.h>
| int
| main ()
| {
| char *p = (char *)open64;
|   ;
|   return 0;
| }
configure:8949: gcc -c  -pipe  conftest.c >&5
conftest.c: In function 'main':
conftest.c:29:19: error: 'open64' undeclared (first use in this function)
conftest.c:29:19: note: each undeclared identifier is reported only once for each function it appears in
configure:8955: $? = 1
configure: failed program was:
| /* confdefs.h.  */
| 
| #define PACKAGE_NAME "itcl"
| #define PACKAGE_TARNAME "itcl"
| #define PACKAGE_VERSION "3.4"
| #define PACKAGE_STRING "itcl 3.4"
| #define PACKAGE_BUGREPORT ""
| #define STDC_HEADERS 1
| #define HAVE_SYS_TYPES_H 1
| #define HAVE_SYS_STAT_H 1
| #define HAVE_STDLIB_H 1
| #define HAVE_STRING_H 1
| #define HAVE_MEMORY_H 1
| #define HAVE_STRINGS_H 1
| #define HAVE_INTTYPES_H 1
| #define HAVE_STDINT_H 1
| #define HAVE_UNISTD_H 1
| #define HAVE_LIMITS_H 1
| #define HAVE_SYS_PARAM_H 1
| #define TCL_THREADS 1
| #define MODULE_SCOPE extern __attribute__((__visibility__("hidden")))
| #define _LARGEFILE64_SOURCE 1
| /* end confdefs.h.  */
| #define _LARGEFILE_SOURCE64 1
| #include <sys/stat.h>
| int
| main ()
| {
| char *p = (char *)open64;
|   ;
|   return 0;
| }
configure:8995: result:  _LARGEFILE64_SOURCE
configure:9000: checking for 64-bit integer type
configure:9024: gcc -c  -pipe  conftest.c >&5
conftest.c: In function 'main':
conftest.c:28:1: error: unknown type name '__int64'
conftest.c:28:18: error: '__int64' undeclared (first use in this function)
conftest.c:28:18: note: each undeclared identifier is reported only once for each function it appears in
conftest.c:28:27: error: expected ',' or ';' before numeric constant
configure:9030: $? = 1
configure: failed program was:
| /* confdefs.h.  */
| 
| #define PACKAGE_NAME "itcl"
| #define PACKAGE_TARNAME "itcl"
| #define PACKAGE_VERSION "3.4"
| #define PACKAGE_STRING "itcl 3.4"
| #define PACKAGE_BUGREPORT ""
| #define STDC_HEADERS 1
| #define HAVE_SYS_TYPES_H 1
| #define HAVE_SYS_STAT_H 1
| #define HAVE_STDLIB_H 1
| #define HAVE_STRING_H 1
| #define HAVE_MEMORY_H 1
| #define HAVE_STRINGS_H 1
| #define HAVE_INTTYPES_H 1
| #define HAVE_STDINT_H 1
| #define HAVE_UNISTD_H 1
| #define HAVE_LIMITS_H 1
| #define HAVE_SYS_PARAM_H 1
| #define TCL_THREADS 1
| #define MODULE_SCOPE extern __attribute__((__visibility__("hidden")))
| #define _LARGEFILE64_SOURCE 1
| /* end confdefs.h.  */
| 
| int
| main ()
| {
| __int64 value = (__int64) 0;
|   ;
|   return 0;
| }
configure:9074: gcc -c  -pipe  conftest.c >&5
conftest.c: In function 'main':
conftest.c:29:21: error: duplicate case value
conftest.c:29:13: error: previously used here
configure:9080: $? = 1
configure: failed program was:
| /* confdefs.h.  */
| 
| #define PACKAGE_NAME "itcl"
| #define PACKAGE_TARNAME "itcl"
| #define PACKAGE_VERSION "3.4"
| #define PACKAGE_STRING "itcl 3.4"
| #define PACKAGE_BUGREPORT ""
| #define STDC_HEADERS 1
| #define HAVE_SYS_TYPES_H 1
| #define HAVE_SYS_STAT_H 1
| #define HAVE_STDLIB_H 1
| #define HAVE_STRING_H 1
| #define HAVE_MEMORY_H 1
| #define HAVE_STRINGS_H 1
| #define HAVE_INTTYPES_H 1
| #define HAVE_STDINT_H 1
| #define HAVE_UNISTD_H 1
| #define HAVE_LIMITS_H 1
| #define HAVE_SYS_PARAM_H 1
| #define TCL_THREADS 1
| #define MODULE_SCOPE extern __attribute__((__visibility__("hidden")))
| #define _LARGEFILE64_SOURCE 1
| /* end confdefs.h.  */
| 
| int
| main ()
| {
| switch (0) {
|             case 1: case (sizeof(long long)==sizeof(long)): ;
|         }
|   ;
|   return 0;
| }
configure:9110: result: using long
configure:9436: checking for build with symbols
configure:9449: result: no
configure:9600: checking for tclsh
configure:9627: result: /home/almamgr/ACS_javarias/ExtProd/PRODUCTS/tcltk/Linux-3.2.0-4-amd64/tcl8.5.15/unix/tclsh
configure:9806: creating ./config.status

## ---------------------- ##
## Running config.status. ##
## ---------------------- ##

This file was extended by itcl config.status 3.4, which was
generated by GNU Autoconf 2.59.  Invocation command line was

  CONFIG_FILES    = 
  CONFIG_HEADERS  = 
  CONFIG_LINKS    = 
  CONFIG_COMMANDS = 
  $ ./config.status 

on ariestest

config.status:711: creating Makefile
config.status:711: creating pkgIndex.tcl
config.status:711: creating itclConfig.sh

## ---------------- ##
## Cache variables. ##
## ---------------- ##

ac_cv_c_bigendian=no
ac_cv_c_compiler_gnu=yes
ac_cv_c_tclconfig=/home/almamgr/ACS_javarias/ExtProd/PRODUCTS/tcltk/Linux-3.2.0-4-amd64/tcl8.5.15/unix
ac_cv_c_tclh=/home/almamgr/ACS_javarias/ExtProd/PRODUCTS/tcltk/Linux-3.2.0-4-amd64/tcl8.5.15/generic
ac_cv_env_CC_set=
ac_cv_env_CC_value=
ac_cv_env_CFLAGS_set=
ac_cv_env_CFLAGS_value=
ac_cv_env_CPPFLAGS_set=
ac_cv_env_CPPFLAGS_value=
ac_cv_env_CPP_set=
ac_cv_env_CPP_value=
ac_cv_env_LDFLAGS_set=
ac_cv_env_LDFLAGS_value=
ac_cv_env_build_alias_set=
ac_cv_env_build_alias_value=
ac_cv_env_host_alias_set=
ac_cv_env_host_alias_value=
ac_cv_env_target_alias_set=
ac_cv_env_target_alias_value=
ac_cv_exeext=
ac_cv_func_connect=yes
ac_cv_func_gethostbyname=yes
ac_cv_func_sin=no
ac_cv_header_dlfcn_h=yes
ac_cv_header_errno_h=yes
ac_cv_header_float_h=yes
ac_cv_header_inttypes_h=yes
ac_cv_header_limits_h=yes
ac_cv_header_memory_h=yes
ac_cv_header_net_errno_h=no
ac_cv_header_stdc=yes
ac_cv_header_stdint_h=yes
ac_cv_header_stdlib_h=yes
ac_cv_header_string_h=yes
ac_cv_header_strings_h=yes
ac_cv_header_sys_param_h=yes
ac_cv_header_sys_stat_h=yes
ac_cv_header_sys_types_h=yes
ac_cv_header_sys_wait_h=yes
ac_cv_header_unistd_h=yes
ac_cv_header_values_h=yes
ac_cv_lib_ieee_main=yes
ac_cv_lib_inet_main=no
ac_cv_objext=o
ac_cv_path_install='/usr/bin/install -c'
ac_cv_prog_AR=ar
ac_cv_prog_CPP='gcc -E'
ac_cv_prog_ac_ct_CC=gcc
ac_cv_prog_ac_ct_RANLIB=ranlib
ac_cv_prog_cc_g=yes
ac_cv_prog_cc_stdc=
ac_cv_prog_egrep='grep -E'
ac_cv_prog_make_make_set=yes
tcl_cv_cc_pipe=yes
tcl_cv_cc_visibility_hidden=yes
tcl_cv_dirent_h=yes
tcl_cv_flag__isoc99_source=no
tcl_cv_flag__largefile64_source=yes
tcl_cv_flag__largefile_source64=no
tcl_cv_sys_version=Linux-3.2.0-4-amd64
tcl_cv_type_64bit=none

## ----------------- ##
## Output variables. ##
## ----------------- ##

AR='ar'
CC='gcc'
CELIB_DIR=''
CFLAGS=' -pipe ${CFLAGS_DEFAULT} ${CFLAGS_WARNING} ${SHLIB_CFLAGS} '
CFLAGS_DEBUG='-g'
CFLAGS_DEFAULT='-O2 -fomit-frame-pointer'
CFLAGS_OPTIMIZE='-O2 -fomit-frame-pointer'
CFLAGS_WARNING='-Wall'
CLEANFILES=''
CONFIG_CLEAN_FILES='tclconfig'
CPP='gcc -E'
CPPFLAGS=''
CYGPATH='echo'
DEFS='-DPACKAGE_NAME=\"itcl\" -DPACKAGE_TARNAME=\"itcl\" -DPACKAGE_VERSION=\"3.4\" -DPACKAGE_STRING=\"itcl\ 3.4\" -DPACKAGE_BUGREPORT=\"\" -DSTDC_HEADERS=1 -DHAVE_SYS_TYPES_H=1 -DHAVE_SYS_STAT_H=1 -DHAVE_STDLIB_H=1 -DHAVE_STRING_H=1 -DHAVE_MEMORY_H=1 -DHAVE_STRINGS_H=1 -DHAVE_INTTYPES_H=1 -DHAVE_STDINT_H=1 -DHAVE_UNISTD_H=1 -DHAVE_LIMITS_H=1 -DHAVE_SYS_PARAM_H=1 -DTCL_THREADS=1 -DMODULE_SCOPE=extern\ __attribute__\(\(__visibility__\(\"hidden\"\)\)\) -D_LARGEFILE64_SOURCE=1 -DTCL_WIDE_INT_IS_LONG=1 -DUSE_TCL_STUBS=1 '
ECHO_C=''
ECHO_N='-n'
ECHO_T=''
EGREP='grep -E'
EXEEXT=''
INSTALL_DATA='${INSTALL} -m 644'
INSTALL_PROGRAM='${INSTALL}'
INSTALL_SCRIPT='${INSTALL}'
LDFLAGS=' -Wl,--export-dynamic '
LDFLAGS_DEFAULT=' -Wl,--export-dynamic '
LD_LIBRARY_PATH_VAR='LD_LIBRARY_PATH'
LIBOBJS=''
LIBS=''
LN_S='ln -s'
LTLIBOBJS=''
MAJOR_VERSION=''
MAKE_LIB='${SHLIB_LD} -o $@ $(PKG_OBJECTS) ${SHLIB_LD_LIBS} '
MAKE_SHARED_LIB='${SHLIB_LD} -o $@ $(PKG_OBJECTS) ${SHLIB_LD_LIBS}'
MAKE_STATIC_LIB='${STLIB_LD} $@ $(PKG_OBJECTS)'
MAKE_STUB_LIB='${STLIB_LD} $@ $(PKG_STUB_OBJECTS)'
MATH_LIBS='-lieee -lm'
MINOR_VERSION=''
OBJEXT='o'
PACKAGE_BUGREPORT=''
PACKAGE_NAME='itcl'
PACKAGE_STRING='itcl 3.4'
PACKAGE_TARNAME='itcl'
PACKAGE_VERSION='3.4'
PATCHLEVEL=''
PATH_SEPARATOR=':'
PKG_CFLAGS=' '
PKG_HEADERS=' generic/itcl.h generic/itclDecls.h generic/itclInt.h generic/itclIntDecls.h'
PKG_INCLUDES=' -I"/home/almamgr/ACS_javarias/ExtProd/PRODUCTS/tcltk/Linux-3.2.0-4-amd64/itcl-2011-08-08/itcl/generic"'
PKG_LIBS=''
PKG_LIB_FILE='libitcl3.4.so'
PKG_OBJECTS=' itclStubInit.o itcl_bicmds.o itcl_class.o itcl_cmds.o itcl_ensemble.o itcl_linkage.o itcl_methods.o itcl_migrate.o itcl_objects.o itcl_parse.o itcl_util.o'
PKG_SOURCES=' itclStubInit.c itcl_bicmds.c itcl_class.c itcl_cmds.c itcl_ensemble.c itcl_linkage.c itcl_methods.c itcl_migrate.c itcl_objects.c itcl_parse.c itcl_util.c'
PKG_STUB_LIB_FILE='libitclstub3.4.a'
PKG_STUB_OBJECTS=' itclStubLib.o'
PKG_STUB_SOURCES=' itclStubLib.c'
PKG_TCL_SOURCES=' library/itcl.tcl'
RANLIB=':'
RANLIB_STUB='ranlib'
SET_MAKE=''
SHARED_BUILD='1'
SHELL='/bin/sh'
SHLIB_CFLAGS='-fPIC'
SHLIB_LD='${CC} -shared ${CFLAGS} ${LDFLAGS_DEFAULT}'
SHLIB_LD_LIBS='${LIBS} -L/home/almamgr/ACS_javarias/ExtProd/PRODUCTS/tcltk/Linux-3.2.0-4-amd64/tcl8.5.15/unix -ltclstub8.5'
STLIB_LD='${AR} cr'
TCLSH_PROG='/home/almamgr/ACS_javarias/ExtProd/PRODUCTS/tcltk/Linux-3.2.0-4-amd64/tcl8.5.15/unix/tclsh'
TCL_BIN_DIR='/home/almamgr/ACS_javarias/ExtProd/PRODUCTS/tcltk/Linux-3.2.0-4-amd64/tcl8.5.15/unix'
TCL_DBGX=''
TCL_DEFS='-DPACKAGE_NAME=\"tcl\" -DPACKAGE_TARNAME=\"tcl\" -DPACKAGE_VERSION=\"8.5\" -DPACKAGE_STRING=\"tcl\ 8.5\" -DPACKAGE_BUGREPORT=\"\" -DSTDC_HEADERS=1 -DHAVE_SYS_TYPES_H=1 -DHAVE_SYS_STAT_H=1 -DHAVE_STDLIB_H=1 -DHAVE_STRING_H=1 -DHAVE_MEMORY_H=1 -DHAVE_STRINGS_H=1 -DHAVE_INTTYPES_H=1 -DHAVE_STDINT_H=1 -DHAVE_UNISTD_H=1 -DHAVE_LIMITS_H=1 -DHAVE_SYS_PARAM_H=1 -DUSE_THREAD_ALLOC=1 -D_REENTRANT=1 -D_THREAD_SAFE=1 -DHAVE_PTHREAD_ATTR_SETSTACKSIZE=1 -DHAVE_PTHREAD_ATFORK=1 -DHAVE_PTHREAD_GETATTR_NP=1 -DGETATTRNP_NOT_DECLARED=1 -DTCL_THREADS=1 -DTCL_CFGVAL_ENCODING=\"iso8859-1\" -DMODULE_SCOPE=extern\ __attribute__\(\(__visibility__\(\"hidden\"\)\)\) -DHAVE_CAST_TO_UNION=1 -DTCL_SHLIB_EXT=\".so\" -DNDEBUG=1 -DTCL_CFG_OPTIMIZED=1 -DTCL_TOMMATH=1 -DMP_PREC=4 -D_LARGEFILE64_SOURCE=1 -DTCL_WIDE_INT_IS_LONG=1 -DHAVE_GETCWD=1 -DHAVE_OPENDIR=1 -DHAVE_STRTOL=1 -DHAVE_WAITPID=1 -DHAVE_GETADDRINFO=1 -DHAVE_GETPWUID_R_5=1 -DHAVE_GETPWUID_R=1 -DHAVE_GETPWNAM_R_5=1 -DHAVE_GETPWNAM_R=1 -DHAVE_GETGRGID_R_5=1 -DHAVE_GETGRGID_R=1 -DHAVE_GETGRNAM_R_5=1 -DHAVE_GETGRNAM_R=1 -DHAVE_GETHOSTBYNAME_R_6=1 -DHAVE_GETHOSTBYNAME_R=1 -DHAVE_GETHOSTBYADDR_R_8=1 -DHAVE_GETHOSTBYADDR_R=1 -DUSE_TERMIOS=1 -DHAVE_SYS_TIME_H=1 -DTIME_WITH_SYS_TIME=1 -DHAVE_GMTIME_R=1 -DHAVE_LOCALTIME_R=1 -DHAVE_MKTIME=1 -DHAVE_TM_GMTOFF=1 -DHAVE_TIMEZONE_VAR=1 -DHAVE_STRUCT_STAT_ST_BLOCKS=1 -DHAVE_STRUCT_STAT_ST_BLKSIZE=1 -DHAVE_BLKCNT_T=1 -DHAVE_INTPTR_T=1 -DHAVE_UINTPTR_T=1 -DHAVE_SIGNED_CHAR=1 -DHAVE_LANGINFO=1 -DHAVE_SYS_IOCTL_H=1 -DTCL_UNLOAD_DLLS=1 -DHAVE_CPUID=1 '
TCL_EXTRA_CFLAGS=' -pipe '
TCL_INCLUDES='-I"/home/almamgr/ACS_javarias/ExtProd/PRODUCTS/tcltk/Linux-3.2.0-4-amd64/tcl8.5.15/generic" -I"/home/almamgr/ACS_javarias/ExtProd/PRODUCTS/tcltk/Linux-3.2.0-4-amd64/tcl8.5.15/unix"'
TCL_LD_FLAGS=' -Wl,--export-dynamic '
TCL_LIBS='${DL_LIBS} ${LIBS} ${MATH_LIBS}'
TCL_LIB_FILE='libtcl8.5.so'
TCL_LIB_FLAG='-ltcl8.5'
TCL_LIB_SPEC='-L/home/almamgr/ACS_javarias/ExtProd/PRODUCTS/tcltk/Linux-3.2.0-4-amd64/tcl8.5.15/unix -ltcl8.5'
TCL_PATCH_LEVEL='.15'
TCL_SHLIB_LD_LIBS='${LIBS}'
TCL_SRC_DIR='/home/almamgr/ACS_javarias/ExtProd/PRODUCTS/tcltk/Linux-3.2.0-4-amd64/tcl8.5.15'
TCL_STUB_LIB_FILE='libtclstub8.5.a'
TCL_STUB_LIB_FLAG='-ltclstub8.5'
TCL_STUB_LIB_SPEC='-L/home/almamgr/ACS_javarias/ExtProd/PRODUCTS/tcltk/Linux-3.2.0-4-amd64/tcl8.5.15/unix -ltclstub8.5'
TCL_TOP_DIR_NATIVE='"/home/almamgr/ACS_javarias/ExtProd/PRODUCTS/tcltk/Linux-3.2.0-4-amd64/tcl8.5.15"'
TCL_VERSION='8.5'
ac_ct_CC='gcc'
ac_ct_RANLIB='ranlib'
bindir='${exec_prefix}/bin'
build_alias=''
datadir='${prefix}/share'
exec_prefix='/alma/ACS-2014.4/tcltk'
host_alias=''
includedir='${prefix}/include'
infodir='${prefix}/info'
itcl_BUILD_LIB_SPEC='-L/home/almamgr/ACS_javarias/ExtProd/PRODUCTS/tcltk/Linux-3.2.0-4-amd64/itcl-2011-08-08/itcl -litcl3.4'
itcl_BUILD_STUB_LIB_PATH='/home/almamgr/ACS_javarias/ExtProd/PRODUCTS/tcltk/Linux-3.2.0-4-amd64/itcl-2011-08-08/itcl/libitclstub3.4.a'
itcl_BUILD_STUB_LIB_SPEC='-L/home/almamgr/ACS_javarias/ExtProd/PRODUCTS/tcltk/Linux-3.2.0-4-amd64/itcl-2011-08-08/itcl -litclstub3.4'
itcl_LIB_FILE='libitcl3.4.so'
itcl_LIB_SPEC='-L/alma/ACS-2014.4/tcltk/lib/itcl3.4 -litcl3.4'
itcl_SRC_DIR='/home/almamgr/ACS_javarias/ExtProd/PRODUCTS/tcltk/Linux-3.2.0-4-amd64/itcl-2011-08-08/itcl'
itcl_STUB_LIB_FILE='libitclstub3.4.a'
itcl_STUB_LIB_PATH='/alma/ACS-2014.4/tcltk/lib/itcl3.4/libitclstub3.4.a'
itcl_STUB_LIB_SPEC='-L/alma/ACS-2014.4/tcltk/lib/itcl3.4 -litclstub3.4'
libdir='${exec_prefix}/lib'
libexecdir='${exec_prefix}/libexec'
localstatedir='${prefix}/var'
mandir='${prefix}/man'
oldincludedir='/usr/include'
prefix='/alma/ACS-2014.4/tcltk'
program_transform_name='s,x,x,'
sbindir='${exec_prefix}/sbin'
sharedstatedir='${prefix}/com'
sysconfdir='${prefix}/etc'
target_alias=''

## ----------- ##
## confdefs.h. ##
## ----------- ##

#define HAVE_INTTYPES_H 1
#define HAVE_LIMITS_H 1
#define HAVE_MEMORY_H 1
#define HAVE_STDINT_H 1
#define HAVE_STDLIB_H 1
#define HAVE_STRINGS_H 1
#define HAVE_STRING_H 1
#define HAVE_SYS_PARAM_H 1
#define HAVE_SYS_STAT_H 1
#define HAVE_SYS_TYPES_H 1
#define HAVE_UNISTD_H 1
#define MODULE_SCOPE extern __attribute__((__visibility__("hidden")))
#define PACKAGE_BUGREPORT ""
#define PACKAGE_NAME "itcl"
#define PACKAGE_STRING "itcl 3.4"
#define PACKAGE_TARNAME "itcl"
#define PACKAGE_VERSION "3.4"
#define STDC_HEADERS 1
#define TCL_THREADS 1
#define TCL_WIDE_INT_IS_LONG 1
#define USE_TCL_STUBS 1
#define _LARGEFILE64_SOURCE 1

configure: exit 0
