This file contains any messages produced by compilers while
running configure, to aid debugging if configure makes a mistake.

It was created by tkimgwindow configure 1.4, which was
generated by GNU Autoconf 2.65.  Invocation command line was

  $ ./configure --prefix=/alma/ACS-2014.4/tcltk --enable-shared --srcdir=/home/almamgr/ACS_javarias/ExtProd/PRODUCTS/tcltk/Linux-3.2.0-4-amd64/tkimg1.4 --cache-file=../config.cache --srcdir=. --with-tkimg=/home/almamgr/ACS_javarias/ExtProd/PRODUCTS/tcltk/Linux-3.2.0-4-amd64/tkimg1.4/base --disable-option-checking

## --------- ##
## Platform. ##
## --------- ##

hostname = ariestest
uname -m = x86_64
uname -r = 3.2.0-4-amd64
uname -s = Linux
uname -v = #1 SMP Debian 3.2.60-1+deb7u1

/usr/bin/uname -p = unknown
/bin/uname -X     = unknown

/bin/arch              = unknown
/usr/bin/arch -k       = unknown
/usr/convex/getsysinfo = unknown
/usr/bin/hostinfo      = unknown
/bin/machine           = unknown
/usr/bin/oslevel       = unknown
/bin/universe          = unknown

PATH: /alma/ACS-2014.4/ACSSW/bin
PATH: /usr/lib/jvm/java-7-openjdk-amd64/bin
PATH: /usr/share/ant/bin
PATH: /alma/ACS-2014.4/JacORB/bin
PATH: /alma/ACS-2014.4/Python/bin
PATH: /alma/ACS-2014.4/Python/omni/bin
PATH: /alma/ACS-2014.4/tcltk/bin
PATH: /usr/bin
PATH: /usr/local/bin
PATH: /usr/bin
PATH: /bin
PATH: /usr/local/games
PATH: /usr/games


## ----------- ##
## Core tests. ##
## ----------- ##

configure:2102: loading cache ../config.cache
configure:2189: checking for correct TEA configuration
configure:2202: result: ok (TEA 3.7)
configure:2339: checking for Tcl configuration
configure:2461: result: found /home/almamgr/ACS_javarias/ExtProd/PRODUCTS/tcltk/Linux-3.2.0-4-amd64/tcl8.5.15/unix/tclConfig.sh
configure:2467: checking for existence of /home/almamgr/ACS_javarias/ExtProd/PRODUCTS/tcltk/Linux-3.2.0-4-amd64/tcl8.5.15/unix/tclConfig.sh
configure:2471: result: loading
configure:2582: checking for Tk configuration
configure:2704: result: found /home/almamgr/ACS_javarias/ExtProd/PRODUCTS/tcltk/Linux-3.2.0-4-amd64/tk8.5.15/unix/tkConfig.sh
configure:2710: checking for existence of /home/almamgr/ACS_javarias/ExtProd/PRODUCTS/tcltk/Linux-3.2.0-4-amd64/tk8.5.15/unix/tkConfig.sh
configure:2714: result: loading
configure:2820: --exec-prefix defaulting to TCL_EXEC_PREFIX /alma/ACS-2014.4/tcltk
configure:2852: checking for a BSD-compatible install
configure:2920: result: /usr/bin/install -c
configure:2989: checking for gcc
configure:3016: result: gcc
configure:3245: checking for C compiler version
configure:3254: gcc --version >&5
gcc (Debian 4.7.2-5) 4.7.2
Copyright (C) 2012 Free Software Foundation, Inc.
This is free software; see the source for copying conditions.  There is NO
warranty; not even for MERCHANTABILITY or FITNESS FOR A PARTICULAR PURPOSE.

configure:3265: $? = 0
configure:3254: gcc -v >&5
Using built-in specs.
COLLECT_GCC=gcc
COLLECT_LTO_WRAPPER=/usr/lib/gcc/x86_64-linux-gnu/4.7/lto-wrapper
Target: x86_64-linux-gnu
Configured with: ../src/configure -v --with-pkgversion='Debian 4.7.2-5' --with-bugurl=file:///usr/share/doc/gcc-4.7/README.Bugs --enable-languages=c,c++,go,fortran,objc,obj-c++ --prefix=/usr --program-suffix=-4.7 --enable-shared --enable-linker-build-id --with-system-zlib --libexecdir=/usr/lib --without-included-gettext --enable-threads=posix --with-gxx-include-dir=/usr/include/c++/4.7 --libdir=/usr/lib --enable-nls --with-sysroot=/ --enable-clocale=gnu --enable-libstdcxx-debug --enable-libstdcxx-time=yes --enable-gnu-unique-object --enable-plugin --enable-objc-gc --with-arch-32=i586 --with-tune=generic --enable-checking=release --build=x86_64-linux-gnu --host=x86_64-linux-gnu --target=x86_64-linux-gnu
Thread model: posix
gcc version 4.7.2 (Debian 4.7.2-5) 
configure:3265: $? = 0
configure:3254: gcc -V >&5
gcc: error: unrecognized command line option '-V'
gcc: fatal error: no input files
compilation terminated.
configure:3265: $? = 4
configure:3254: gcc -qversion >&5
gcc: error: unrecognized command line option '-qversion'
gcc: fatal error: no input files
compilation terminated.
configure:3265: $? = 4
configure:3285: checking whether the C compiler works
configure:3307: gcc    conftest.c  >&5
configure:3311: $? = 0
configure:3360: result: yes
configure:3363: checking for C compiler default output file name
configure:3365: result: a.out
configure:3371: checking for suffix of executables
configure:3378: gcc -o conftest    conftest.c  >&5
configure:3382: $? = 0
configure:3404: result: 
configure:3426: checking whether we are cross compiling
configure:3434: gcc -o conftest    conftest.c  >&5
configure:3438: $? = 0
configure:3445: ./conftest
configure:3449: $? = 0
configure:3464: result: no
configure:3469: checking for suffix of object files
configure:3516: result: o
configure:3520: checking whether we are using the GNU C compiler
configure:3548: result: yes
configure:3557: checking whether gcc accepts -g
configure:3618: result: yes
configure:3635: checking for gcc option to accept ISO C89
configure:3712: result: none needed
configure:3737: checking how to run the C preprocessor
configure:3807: result: gcc -E
configure:3827: gcc -E  conftest.c
configure:3827: $? = 0
configure:3841: gcc -E  conftest.c
conftest.c:9:28: fatal error: ac_nonexistent.h: No such file or directory
compilation terminated.
configure:3841: $? = 1
configure: failed program was:
| /* confdefs.h */
| #define PACKAGE_NAME "tkimgwindow"
| #define PACKAGE_TARNAME "tkimgwindow"
| #define PACKAGE_VERSION "1.4"
| #define PACKAGE_STRING "tkimgwindow 1.4"
| #define PACKAGE_BUGREPORT ""
| #define PACKAGE_URL ""
| /* end confdefs.h.  */
| #include <ac_nonexistent.h>
configure:3876: checking whether make sets $(MAKE)
configure:3898: result: yes
configure:3955: checking for ranlib
configure:3982: result: ranlib
configure:4014: checking for grep that handles long lines and -e
configure:4072: result: /bin/grep
configure:4077: checking for egrep
configure:4139: result: /bin/grep -E
configure:4144: checking for ANSI C header files
configure:4248: result: yes
configure:4261: checking for sys/types.h
configure:4261: result: yes
configure:4261: checking for sys/stat.h
configure:4261: result: yes
configure:4261: checking for stdlib.h
configure:4261: result: yes
configure:4261: checking for string.h
configure:4261: result: yes
configure:4261: checking for memory.h
configure:4261: result: yes
configure:4261: checking for strings.h
configure:4261: result: yes
configure:4261: checking for inttypes.h
configure:4261: result: yes
configure:4261: checking for stdint.h
configure:4261: result: yes
configure:4261: checking for unistd.h
configure:4261: result: yes
configure:4284: checking if the compiler understands -pipe
configure:4310: result: yes
configure:4321: checking whether byte ordering is bigendian
configure:4527: result: no
configure:4554: checking for sin
configure:4554: result: no
configure:4561: checking for main in -lieee
configure:4589: result: yes
configure:4601: checking for main in -linet
configure:4629: result: no
configure:4635: checking for net/errno.h
configure:4635: result: no
configure:4664: checking for connect
configure:4664: result: yes
configure:4732: checking for gethostbyname
configure:4732: result: yes
configure:4787: checking dirent.h
configure:4831: result: yes
configure:4841: checking for errno.h
configure:4841: result: yes
configure:4851: checking for float.h
configure:4851: result: yes
configure:4861: checking for values.h
configure:4861: result: yes
configure:4871: checking for limits.h
configure:4871: result: yes
configure:4883: checking for stdlib.h
configure:4883: result: yes
configure:4935: checking for string.h
configure:4935: result: yes
configure:4979: checking for sys/wait.h
configure:4979: result: yes
configure:4989: checking for dlfcn.h
configure:4989: result: yes
configure:5003: checking for sys/param.h
configure:5003: result: yes
configure:5037: checking for tkimg configuration
configure:5123: result: found /home/almamgr/ACS_javarias/ExtProd/PRODUCTS/tcltk/Linux-3.2.0-4-amd64/tkimg1.4/base/tkimgConfig.sh
configure:5129: checking for existence of /home/almamgr/ACS_javarias/ExtProd/PRODUCTS/tcltk/Linux-3.2.0-4-amd64/tkimg1.4/base/tkimgConfig.sh
configure:5133: result: loading
configure:5151: WARNING: Found Makefile - using build library specs for tkimg
configure:5655: checking for Tcl public headers
configure:5726: result: /home/almamgr/ACS_javarias/ExtProd/PRODUCTS/tcltk/Linux-3.2.0-4-amd64/tcl8.5.15/generic
configure:5739: checking for Tk public headers
configure:5813: result: /home/almamgr/ACS_javarias/ExtProd/PRODUCTS/tcltk/Linux-3.2.0-4-amd64/tk8.5.15/generic
configure:5902: checking for pthread_mutex_init in -lpthread
configure:5936: result: yes
configure:6145: checking for building with threads
configure:6151: result: yes (default)
configure:6192: checking how to build libraries
configure:6210: result: shared
configure:6235: checking if 64bit support is requested
configure:6244: result: no
configure:6249: checking if 64bit Sparc VIS support is requested
configure:6258: result: no
configure:6268: checking if compiler supports visibility "hidden"
configure:6297: result: yes
configure:6309: checking if rpath support is requested
configure:6318: result: yes
configure:6343: checking system version
configure:6374: result: Linux-3.2.0-4-amd64
configure:6382: checking for dlopen in -ldl
configure:6416: result: yes
configure:6461: checking for ar
configure:6488: result: ar
configure:8407: checking for required early compiler flags
configure:8555: result:  _LARGEFILE64_SOURCE
configure:8560: checking for 64-bit integer type
configure:8611: result: using long
configure:8756: checking for build with symbols
configure:8769: result: no
configure:8812: checking for X
configure:9001: result: libraries , headers 
configure:9012: gcc -E  conftest.c
conftest.c:28:28: fatal error: X11/XIntrinsic.h: No such file or directory
compilation terminated.
configure:9012: $? = 1
configure: failed program was:
| /* confdefs.h */
| #define PACKAGE_NAME "tkimgwindow"
| #define PACKAGE_TARNAME "tkimgwindow"
| #define PACKAGE_VERSION "1.4"
| #define PACKAGE_STRING "tkimgwindow 1.4"
| #define PACKAGE_BUGREPORT ""
| #define PACKAGE_URL ""
| #define STDC_HEADERS 1
| #define HAVE_SYS_TYPES_H 1
| #define HAVE_SYS_STAT_H 1
| #define HAVE_STDLIB_H 1
| #define HAVE_STRING_H 1
| #define HAVE_MEMORY_H 1
| #define HAVE_STRINGS_H 1
| #define HAVE_INTTYPES_H 1
| #define HAVE_STDINT_H 1
| #define HAVE_UNISTD_H 1
| #define HAVE_LIMITS_H 1
| #define HAVE_SYS_PARAM_H 1
| #define USE_THREAD_ALLOC 1
| #define _REENTRANT 1
| #define _THREAD_SAFE 1
| #define TCL_THREADS 1
| #define MODULE_SCOPE extern __attribute__((__visibility__("hidden")))
| #define _LARGEFILE64_SOURCE 1
| #define TCL_WIDE_INT_IS_LONG 1
| /* end confdefs.h.  */
| #include <X11/XIntrinsic.h>
configure:9025: checking for X11 header files
configure:9032: gcc -E  conftest.c
configure:9032: $? = 0
configure:9280: checking for tclsh
configure:9307: result: /home/almamgr/ACS_javarias/ExtProd/PRODUCTS/tcltk/Linux-3.2.0-4-amd64/tcl8.5.15/unix/tclsh
configure:9312: checking for wish
configure:9339: result: /home/almamgr/ACS_javarias/ExtProd/PRODUCTS/tcltk/Linux-3.2.0-4-amd64/tk8.5.15/unix/wish
configure:9492: creating ./config.status

## ---------------------- ##
## Running config.status. ##
## ---------------------- ##

This file was extended by tkimgwindow config.status 1.4, which was
generated by GNU Autoconf 2.65.  Invocation command line was

  CONFIG_FILES    = 
  CONFIG_HEADERS  = 
  CONFIG_LINKS    = 
  CONFIG_COMMANDS = 
  $ ./config.status 

on ariestest

config.status:825: creating Makefile

## ---------------- ##
## Cache variables. ##
## ---------------- ##

ac_cv_c_bigendian=no
ac_cv_c_compiler_gnu=yes
ac_cv_c_jpegtclconfig=/home/almamgr/ACS_javarias/ExtProd/PRODUCTS/tcltk/Linux-3.2.0-4-amd64/tkimg1.4/libjpeg
ac_cv_c_pngtclconfig=/home/almamgr/ACS_javarias/ExtProd/PRODUCTS/tcltk/Linux-3.2.0-4-amd64/tkimg1.4/libpng
ac_cv_c_tclconfig=/home/almamgr/ACS_javarias/ExtProd/PRODUCTS/tcltk/Linux-3.2.0-4-amd64/tcl8.5.15/unix
ac_cv_c_tclh=/home/almamgr/ACS_javarias/ExtProd/PRODUCTS/tcltk/Linux-3.2.0-4-amd64/tcl8.5.15/generic
ac_cv_c_tifftclconfig=/home/almamgr/ACS_javarias/ExtProd/PRODUCTS/tcltk/Linux-3.2.0-4-amd64/tkimg1.4/libtiff
ac_cv_c_tkconfig=/home/almamgr/ACS_javarias/ExtProd/PRODUCTS/tcltk/Linux-3.2.0-4-amd64/tk8.5.15/unix
ac_cv_c_tkh=/home/almamgr/ACS_javarias/ExtProd/PRODUCTS/tcltk/Linux-3.2.0-4-amd64/tk8.5.15/generic
ac_cv_c_tkimgconfig=/home/almamgr/ACS_javarias/ExtProd/PRODUCTS/tcltk/Linux-3.2.0-4-amd64/tkimg1.4/base
ac_cv_c_zlibtclconfig=/home/almamgr/ACS_javarias/ExtProd/PRODUCTS/tcltk/Linux-3.2.0-4-amd64/tkimg1.4/zlib
ac_cv_env_CC_set=
ac_cv_env_CC_value=
ac_cv_env_CFLAGS_set=
ac_cv_env_CFLAGS_value=
ac_cv_env_CPPFLAGS_set=
ac_cv_env_CPPFLAGS_value=
ac_cv_env_CPP_set=
ac_cv_env_CPP_value=
ac_cv_env_LDFLAGS_set=
ac_cv_env_LDFLAGS_value=
ac_cv_env_LIBS_set=
ac_cv_env_LIBS_value=
ac_cv_env_XMKMF_set=
ac_cv_env_XMKMF_value=
ac_cv_env_build_alias_set=
ac_cv_env_build_alias_value=
ac_cv_env_host_alias_set=
ac_cv_env_host_alias_value=
ac_cv_env_target_alias_set=
ac_cv_env_target_alias_value=
ac_cv_func_connect=yes
ac_cv_func_gethostbyname=yes
ac_cv_func_sin=no
ac_cv_have_x='have_x=yes	ac_x_includes='\'''\''	ac_x_libraries='\'''\'''
ac_cv_header_dlfcn_h=yes
ac_cv_header_errno_h=yes
ac_cv_header_float_h=yes
ac_cv_header_inttypes_h=yes
ac_cv_header_limits_h=yes
ac_cv_header_memory_h=yes
ac_cv_header_net_errno_h=no
ac_cv_header_stdc=yes
ac_cv_header_stdint_h=yes
ac_cv_header_stdlib_h=yes
ac_cv_header_string_h=yes
ac_cv_header_strings_h=yes
ac_cv_header_sys_param_h=yes
ac_cv_header_sys_stat_h=yes
ac_cv_header_sys_types_h=yes
ac_cv_header_sys_wait_h=yes
ac_cv_header_unistd_h=yes
ac_cv_header_values_h=yes
ac_cv_lib_dl_dlopen=yes
ac_cv_lib_ieee_main=yes
ac_cv_lib_inet_main=no
ac_cv_lib_pthread_pthread_mutex_init=yes
ac_cv_objext=o
ac_cv_path_EGREP='/bin/grep -E'
ac_cv_path_GREP=/bin/grep
ac_cv_path_install='/usr/bin/install -c'
ac_cv_prog_AR=ar
ac_cv_prog_CPP='gcc -E'
ac_cv_prog_ac_ct_CC=gcc
ac_cv_prog_ac_ct_RANLIB=ranlib
ac_cv_prog_cc_c89=
ac_cv_prog_cc_g=yes
ac_cv_prog_make_make_set=yes
tcl_cv_cc_pipe=yes
tcl_cv_cc_visibility_hidden=yes
tcl_cv_dirent_h=yes
tcl_cv_flag__isoc99_source=no
tcl_cv_flag__largefile64_source=yes
tcl_cv_flag__largefile_source64=no
tcl_cv_sys_version=Linux-3.2.0-4-amd64
tcl_cv_type_64bit=none

## ----------------- ##
## Output variables. ##
## ----------------- ##

AR='ar'
CC='gcc'
CELIB_DIR=''
CFLAGS=' -pipe ${CFLAGS_DEFAULT} ${CFLAGS_WARNING} ${SHLIB_CFLAGS} '
CFLAGS_DEBUG='-g'
CFLAGS_DEFAULT='-O2 -fomit-frame-pointer'
CFLAGS_OPTIMIZE='-O2 -fomit-frame-pointer'
CFLAGS_WARNING='-Wall -Wwrite-strings'
CLEANFILES='init.c'
CPP='gcc -E'
CPPFLAGS=''
CYGPATH='echo'
DEFS='-DPACKAGE_NAME=\"tkimgwindow\" -DPACKAGE_TARNAME=\"tkimgwindow\" -DPACKAGE_VERSION=\"1.4\" -DPACKAGE_STRING=\"tkimgwindow\ 1.4\" -DPACKAGE_BUGREPORT=\"\" -DPACKAGE_URL=\"\" -DSTDC_HEADERS=1 -DHAVE_SYS_TYPES_H=1 -DHAVE_SYS_STAT_H=1 -DHAVE_STDLIB_H=1 -DHAVE_STRING_H=1 -DHAVE_MEMORY_H=1 -DHAVE_STRINGS_H=1 -DHAVE_INTTYPES_H=1 -DHAVE_STDINT_H=1 -DHAVE_UNISTD_H=1 -DHAVE_LIMITS_H=1 -DHAVE_SYS_PARAM_H=1 -DUSE_THREAD_ALLOC=1 -D_REENTRANT=1 -D_THREAD_SAFE=1 -DTCL_THREADS=1 -DMODULE_SCOPE=extern\ __attribute__\(\(__visibility__\(\"hidden\"\)\)\) -D_LARGEFILE64_SOURCE=1 -DTCL_WIDE_INT_IS_LONG=1 -DUSE_TCL_STUBS=1 -DUSE_TK_STUBS=1'
DL_LIBS='-ldl'
ECHO_C=''
ECHO_N='-n'
ECHO_T=''
EGREP='/bin/grep -E'
EXEEXT=''
GREP='/bin/grep'
INSTALL_DATA='${INSTALL} -m 644'
INSTALL_PROGRAM='${INSTALL}'
INSTALL_SCRIPT='${INSTALL}'
LDFLAGS=' -Wl,--export-dynamic '
LDFLAGS_DEFAULT=' -Wl,--export-dynamic '
LD_LIBRARY_PATH_VAR='LD_LIBRARY_PATH'
LIBOBJS=''
LIBS=''
LTLIBOBJS=''
MAKE_LIB='${SHLIB_LD} -o $@ $(PKG_OBJECTS) ${SHLIB_LD_LIBS} '
MAKE_SHARED_LIB='${SHLIB_LD} -o $@ $(PKG_OBJECTS) ${SHLIB_LD_LIBS}'
MAKE_STATIC_LIB='${STLIB_LD} $@ $(PKG_OBJECTS)'
MAKE_STUB_LIB='${STLIB_LD} $@ $(PKG_STUB_OBJECTS)'
MATH_LIBS='-lieee -lm'
OBJEXT='o'
PACKAGE_BUGREPORT=''
PACKAGE_NAME='tkimgwindow'
PACKAGE_STRING='tkimgwindow 1.4'
PACKAGE_TARNAME='tkimgwindow'
PACKAGE_TCLNAME='img::window'
PACKAGE_URL=''
PACKAGE_VERSION='1.4'
PATH_SEPARATOR=':'
PKG_CFLAGS='  -DTKIMG_VERSION=\"${tkimg_VERSION}\"'
PKG_HEADERS=''
PKG_INCLUDES=' -I"/home/almamgr/ACS_javarias/ExtProd/PRODUCTS/tcltk/Linux-3.2.0-4-amd64/tkimg1.4/base/." -I.'
PKG_LIBS=' -lX11 -L/home/almamgr/ACS_javarias/ExtProd/PRODUCTS/tcltk/Linux-3.2.0-4-amd64/tkimg1.4/base -ltkimgstub1.4'
PKG_LIB_FILE='libtkimgwindow1.4.so'
PKG_OBJECTS=' window.o'
PKG_SOURCES=' window.c'
PKG_STUB_LIB_FILE='libtkimgwindowstub1.4.a'
PKG_STUB_OBJECTS=''
PKG_STUB_SOURCES=''
PKG_TCL_SOURCES=''
RANLIB=':'
RANLIB_STUB='ranlib'
SET_MAKE=''
SHARED_BUILD='1'
SHELL='/bin/sh'
SHLIB_CFLAGS='-fPIC'
SHLIB_LD='${CC} -shared ${CFLAGS} ${LDFLAGS_DEFAULT}'
SHLIB_LD_LIBS='${LIBS} -L/home/almamgr/ACS_javarias/ExtProd/PRODUCTS/tcltk/Linux-3.2.0-4-amd64/tcl8.5.15/unix -ltclstub8.5 -L/home/almamgr/ACS_javarias/ExtProd/PRODUCTS/tcltk/Linux-3.2.0-4-amd64/tk8.5.15/unix -ltkstub8.5'
STLIB_LD='${AR} cr'
TCLSH_PROG='/home/almamgr/ACS_javarias/ExtProd/PRODUCTS/tcltk/Linux-3.2.0-4-amd64/tcl8.5.15/unix/tclsh'
TCL_BIN_DIR='/home/almamgr/ACS_javarias/ExtProd/PRODUCTS/tcltk/Linux-3.2.0-4-amd64/tcl8.5.15/unix'
TCL_DBGX=''
TCL_DEFS='-DPACKAGE_NAME=\"tcl\" -DPACKAGE_TARNAME=\"tcl\" -DPACKAGE_VERSION=\"8.5\" -DPACKAGE_STRING=\"tcl\ 8.5\" -DPACKAGE_BUGREPORT=\"\" -DSTDC_HEADERS=1 -DHAVE_SYS_TYPES_H=1 -DHAVE_SYS_STAT_H=1 -DHAVE_STDLIB_H=1 -DHAVE_STRING_H=1 -DHAVE_MEMORY_H=1 -DHAVE_STRINGS_H=1 -DHAVE_INTTYPES_H=1 -DHAVE_STDINT_H=1 -DHAVE_UNISTD_H=1 -DHAVE_LIMITS_H=1 -DHAVE_SYS_PARAM_H=1 -DUSE_THREAD_ALLOC=1 -D_REENTRANT=1 -D_THREAD_SAFE=1 -DHAVE_PTHREAD_ATTR_SETSTACKSIZE=1 -DHAVE_PTHREAD_ATFORK=1 -DHAVE_PTHREAD_GETATTR_NP=1 -DGETATTRNP_NOT_DECLARED=1 -DTCL_THREADS=1 -DTCL_CFGVAL_ENCODING=\"iso8859-1\" -DMODULE_SCOPE=extern\ __attribute__\(\(__visibility__\(\"hidden\"\)\)\) -DHAVE_CAST_TO_UNION=1 -DTCL_SHLIB_EXT=\".so\" -DNDEBUG=1 -DTCL_CFG_OPTIMIZED=1 -DTCL_TOMMATH=1 -DMP_PREC=4 -D_LARGEFILE64_SOURCE=1 -DTCL_WIDE_INT_IS_LONG=1 -DHAVE_GETCWD=1 -DHAVE_OPENDIR=1 -DHAVE_STRTOL=1 -DHAVE_WAITPID=1 -DHAVE_GETADDRINFO=1 -DHAVE_GETPWUID_R_5=1 -DHAVE_GETPWUID_R=1 -DHAVE_GETPWNAM_R_5=1 -DHAVE_GETPWNAM_R=1 -DHAVE_GETGRGID_R_5=1 -DHAVE_GETGRGID_R=1 -DHAVE_GETGRNAM_R_5=1 -DHAVE_GETGRNAM_R=1 -DHAVE_GETHOSTBYNAME_R_6=1 -DHAVE_GETHOSTBYNAME_R=1 -DHAVE_GETHOSTBYADDR_R_8=1 -DHAVE_GETHOSTBYADDR_R=1 -DUSE_TERMIOS=1 -DHAVE_SYS_TIME_H=1 -DTIME_WITH_SYS_TIME=1 -DHAVE_GMTIME_R=1 -DHAVE_LOCALTIME_R=1 -DHAVE_MKTIME=1 -DHAVE_TM_GMTOFF=1 -DHAVE_TIMEZONE_VAR=1 -DHAVE_STRUCT_STAT_ST_BLOCKS=1 -DHAVE_STRUCT_STAT_ST_BLKSIZE=1 -DHAVE_BLKCNT_T=1 -DHAVE_INTPTR_T=1 -DHAVE_UINTPTR_T=1 -DHAVE_SIGNED_CHAR=1 -DHAVE_LANGINFO=1 -DHAVE_SYS_IOCTL_H=1 -DTCL_UNLOAD_DLLS=1 -DHAVE_CPUID=1 '
TCL_EXTRA_CFLAGS=' -pipe '
TCL_INCLUDES='-I"/home/almamgr/ACS_javarias/ExtProd/PRODUCTS/tcltk/Linux-3.2.0-4-amd64/tcl8.5.15/generic"'
TCL_LD_FLAGS=' -Wl,--export-dynamic '
TCL_LIBS='${DL_LIBS} ${LIBS} ${MATH_LIBS}'
TCL_LIB_FILE='libtcl8.5.so'
TCL_LIB_FLAG='-ltcl8.5'
TCL_LIB_SPEC='-L/home/almamgr/ACS_javarias/ExtProd/PRODUCTS/tcltk/Linux-3.2.0-4-amd64/tcl8.5.15/unix -ltcl8.5'
TCL_PATCH_LEVEL='.15'
TCL_SHLIB_LD_LIBS='${LIBS}'
TCL_SRC_DIR='/home/almamgr/ACS_javarias/ExtProd/PRODUCTS/tcltk/Linux-3.2.0-4-amd64/tcl8.5.15'
TCL_STUB_LIB_FILE='libtclstub8.5.a'
TCL_STUB_LIB_FLAG='-ltclstub8.5'
TCL_STUB_LIB_SPEC='-L/home/almamgr/ACS_javarias/ExtProd/PRODUCTS/tcltk/Linux-3.2.0-4-amd64/tcl8.5.15/unix -ltclstub8.5'
TCL_THREADS='1'
TCL_TOP_DIR_NATIVE=''
TCL_VERSION='8.5'
TK_BIN_DIR='/home/almamgr/ACS_javarias/ExtProd/PRODUCTS/tcltk/Linux-3.2.0-4-amd64/tk8.5.15/unix'
TK_INCLUDES='-I"/home/almamgr/ACS_javarias/ExtProd/PRODUCTS/tcltk/Linux-3.2.0-4-amd64/tk8.5.15/generic"'
TK_LIBS='-lX11   -lpthread -ldl  -lpthread -lieee -lm'
TK_LIB_FILE='libtk8.5.so'
TK_LIB_FLAG='-ltk8.5'
TK_LIB_SPEC='-L/home/almamgr/ACS_javarias/ExtProd/PRODUCTS/tcltk/Linux-3.2.0-4-amd64/tk8.5.15/unix -ltk8.5'
TK_SRC_DIR='/home/almamgr/ACS_javarias/ExtProd/PRODUCTS/tcltk/Linux-3.2.0-4-amd64/tk8.5.15'
TK_STUB_LIB_FILE='libtkstub8.5.a'
TK_STUB_LIB_FLAG='-ltkstub8.5'
TK_STUB_LIB_SPEC='-L/home/almamgr/ACS_javarias/ExtProd/PRODUCTS/tcltk/Linux-3.2.0-4-amd64/tk8.5.15/unix -ltkstub8.5'
TK_TOP_DIR_NATIVE=''
TK_VERSION='8.5'
TK_XINCLUDES=''
TK_XLIB_DIR_NATIVE=''
WISH_PROG='/home/almamgr/ACS_javarias/ExtProd/PRODUCTS/tcltk/Linux-3.2.0-4-amd64/tk8.5.15/unix/wish'
XMKMF=''
ac_ct_CC='gcc'
bindir='${exec_prefix}/bin'
build_alias=''
datadir='${datarootdir}'
datarootdir='${prefix}/share'
docdir='${datarootdir}/doc/${PACKAGE_TARNAME}'
dvidir='${docdir}'
exec_prefix='/alma/ACS-2014.4/tcltk'
host_alias=''
htmldir='${docdir}'
includedir='${prefix}/include'
infodir='${datarootdir}/info'
libdir='${exec_prefix}/lib'
libexecdir='${exec_prefix}/libexec'
localedir='${datarootdir}/locale'
localstatedir='${prefix}/var'
mandir='${datarootdir}/man'
oldincludedir='/usr/include'
pdfdir='${docdir}'
prefix='/alma/ACS-2014.4/tcltk'
program_transform_name='s,x,x,'
psdir='${docdir}'
sbindir='${exec_prefix}/sbin'
sharedstatedir='${prefix}/com'
sysconfdir='${prefix}/etc'
target_alias=''
tkimg_BIN_DIR='/home/almamgr/ACS_javarias/ExtProd/PRODUCTS/tcltk/Linux-3.2.0-4-amd64/tkimg1.4/base'
tkimg_BUILD_PATH='/home/almamgr/ACS_javarias/ExtProd/PRODUCTS/tcltk/Linux-3.2.0-4-amd64/tkimg1.4/base'
tkimg_LIB_FILE='libtkimg1.4.so'
tkimg_LIB_SPEC='-L/home/almamgr/ACS_javarias/ExtProd/PRODUCTS/tcltk/Linux-3.2.0-4-amd64/tkimg1.4/base -ltkimg1.4'
tkimg_SRC_DIR='.'
tkimg_SRC_PATH='/home/almamgr/ACS_javarias/ExtProd/PRODUCTS/tcltk/Linux-3.2.0-4-amd64/tkimg1.4/base/.'
tkimg_STUB_LIB_FILE='libtkimgstub1.4.a'
tkimg_STUB_LIB_PATH='/home/almamgr/ACS_javarias/ExtProd/PRODUCTS/tcltk/Linux-3.2.0-4-amd64/tkimg1.4/base/libtkimgstub1.4.a'
tkimg_STUB_LIB_SPEC='-L/home/almamgr/ACS_javarias/ExtProd/PRODUCTS/tcltk/Linux-3.2.0-4-amd64/tkimg1.4/base -ltkimgstub1.4'
tkimg_VERSION='1.4'

## ----------- ##
## confdefs.h. ##
## ----------- ##

/* confdefs.h */
#define PACKAGE_NAME "tkimgwindow"
#define PACKAGE_TARNAME "tkimgwindow"
#define PACKAGE_VERSION "1.4"
#define PACKAGE_STRING "tkimgwindow 1.4"
#define PACKAGE_BUGREPORT ""
#define PACKAGE_URL ""
#define STDC_HEADERS 1
#define HAVE_SYS_TYPES_H 1
#define HAVE_SYS_STAT_H 1
#define HAVE_STDLIB_H 1
#define HAVE_STRING_H 1
#define HAVE_MEMORY_H 1
#define HAVE_STRINGS_H 1
#define HAVE_INTTYPES_H 1
#define HAVE_STDINT_H 1
#define HAVE_UNISTD_H 1
#define HAVE_LIMITS_H 1
#define HAVE_SYS_PARAM_H 1
#define USE_THREAD_ALLOC 1
#define _REENTRANT 1
#define _THREAD_SAFE 1
#define TCL_THREADS 1
#define MODULE_SCOPE extern __attribute__((__visibility__("hidden")))
#define _LARGEFILE64_SOURCE 1
#define TCL_WIDE_INT_IS_LONG 1
#define USE_TCL_STUBS 1
#define USE_TK_STUBS 1

configure: exit 0
