This file contains any messages produced by compilers while
running configure, to aid debugging if configure makes a mistake.

It was created by itcl configure 3.4, which was
generated by GNU Autoconf 2.59.  Invocation command line was

  $ ./configure --prefix=/introot/eallaert/tcltk --enable-shared --enable-gcc --srcdir=/home/eallaert/tcltk/MAR2012/itcl3.4.1

## --------- ##
## Platform. ##
## --------- ##

hostname = te98
uname -m = i686
uname -r = 2.6.18-128.4.1-VLT2010
uname -s = Linux
uname -v = #1 SMP Thu Sep 17 08:56:45 UTC 2009

/usr/bin/uname -p = unknown
/bin/uname -X     = unknown

/bin/arch              = i686
/usr/bin/arch -k       = unknown
/usr/convex/getsysinfo = unknown
hostinfo               = unknown
/bin/machine           = unknown
/usr/bin/oslevel       = unknown
/bin/universe          = unknown

PATH: /etc/pecs/releases/000/bin
PATH: .
PATH: /introot/eallaert/bin
PATH: /vlt/VLT2010/CCSLite/bin
PATH: /vlt/VLT2010/eclipse
PATH: /vlt/VLT2010/apache-ant-1.6.5/bin
PATH: /vlt/VLT2010/cpl/bin
PATH: /vlt/VLT2010/gnu/bin
PATH: /vlt/VLT2010/WindRiver-3.4/vxworks-6.4/host/x86-linux2/bin
PATH: /vlt/VLT2010/WindRiver-3.4/vxworks-6.4/vxtest/src/scripts
PATH: /vlt/VLT2010/WindRiver-3.8
PATH: /vlt/VLT2010/WindRiver-3.8/utilities-1.0/x86-linux2/bin
PATH: /introot/eallaert/tcltk/bin
PATH: /vlt/VLT2010/WindRiver-3.8/workbench-3.2/foundation/x86-linux2/bin
PATH: /vlt/VLT2010/WindRiver-3.8/workbench-3.2/analysis/host/bin/x86-linux2
PATH: /vlt/VLT2010/WindRiver-3.8/workbench-3.2/x86-linux2/bin
PATH: /vlt/VLT2010/WindRiver-3.4/gnu/3.4.4-vxworks-6.4/x86-linux2/bin
PATH: /vlt/VLT2010/WindRiver-3.4/diab/5.5.0.0/LINUX386/bin
PATH: /vlt/VLT2010/jdk1.6.0_18/bin
PATH: /usr/bin
PATH: /bin
PATH: /usr/bin/X11
PATH: /vlt/VLT2010/midas/10SEPpl1.1/system/unix
PATH: /usr/server/bin


## ----------- ##
## Core tests. ##
## ----------- ##

configure:1330: checking for correct TEA configuration
configure:1349: result: ok (TEA 3.9)
configure:1423: configuring itcl 3.4
configure:1445: checking whether ln -s works
configure:1449: result: yes
configure:1512: checking for Tcl configuration
configure:1639: result: found /home/eallaert/tcltk/MAR2012/tcl8.5.11/unix/tclConfig.sh
configure:1645: checking for existence of /home/eallaert/tcltk/MAR2012/tcl8.5.11/unix/tclConfig.sh
configure:1649: result: loading
configure:1797: --exec-prefix defaulting to TCL_EXEC_PREFIX /introot/eallaert/tcltk
configure:1871: checking for gcc
configure:1897: result: gcc
configure:2141: checking for C compiler version
configure:2144: gcc --version </dev/null >&5
gcc (GCC) 4.2.4
Copyright (C) 2007 Free Software Foundation, Inc.
This is free software; see the source for copying conditions.  There is NO
warranty; not even for MERCHANTABILITY or FITNESS FOR A PARTICULAR PURPOSE.

configure:2147: $? = 0
configure:2149: gcc -v </dev/null >&5
Using built-in specs.
Target: i386-redhat-linux
Configured with: /diska/vlt_tmp/2010-tools/PRODUCTS/gnu/Linux-5.3/gcc-4.2.4/configure --with-gnu-as --enable-shared --enable-languages=c++,fortran --prefix=/vlt/VLT2010/gnu --enable-threads=posix --host=i386-redhat-linux
Thread model: posix
gcc version 4.2.4
configure:2152: $? = 0
configure:2154: gcc -V </dev/null >&5
gcc: '-V' option must have argument
configure:2157: $? = 1
configure:2180: checking for C compiler default output file name
configure:2183: gcc    conftest.c  >&5
configure:2186: $? = 0
configure:2232: result: a.out
configure:2237: checking whether the C compiler works
configure:2243: ./a.out
configure:2246: $? = 0
configure:2263: result: yes
configure:2270: checking whether we are cross compiling
configure:2272: result: no
configure:2275: checking for suffix of executables
configure:2277: gcc -o conftest    conftest.c  >&5
configure:2280: $? = 0
configure:2305: result: 
configure:2311: checking for suffix of object files
configure:2332: gcc -c   conftest.c >&5
configure:2335: $? = 0
configure:2357: result: o
configure:2361: checking whether we are using the GNU C compiler
configure:2385: gcc -c   conftest.c >&5
configure:2391: $? = 0
configure:2395: test -z 
			 || test ! -s conftest.err
configure:2398: $? = 0
configure:2401: test -s conftest.o
configure:2404: $? = 0
configure:2417: result: yes
configure:2423: checking whether gcc accepts -g
configure:2444: gcc -c -g  conftest.c >&5
configure:2450: $? = 0
configure:2454: test -z 
			 || test ! -s conftest.err
configure:2457: $? = 0
configure:2460: test -s conftest.o
configure:2463: $? = 0
configure:2474: result: yes
configure:2491: checking for gcc option to accept ANSI C
configure:2561: gcc  -c   conftest.c >&5
configure:2567: $? = 0
configure:2571: test -z 
			 || test ! -s conftest.err
configure:2574: $? = 0
configure:2577: test -s conftest.o
configure:2580: $? = 0
configure:2598: result: none needed
configure:2616: gcc -c   conftest.c >&5
conftest.c:2: error: expected '=', ',', ';', 'asm' or '__attribute__' before 'me'
configure:2622: $? = 1
configure: failed program was:
| #ifndef __cplusplus
|   choke me
| #endif
configure:2760: checking how to run the C preprocessor
configure:2795: gcc -E  conftest.c
configure:2801: $? = 0
configure:2833: gcc -E  conftest.c
conftest.c:10:28: error: ac_nonexistent.h: No such file or directory
configure:2839: $? = 1
configure: failed program was:
| /* confdefs.h.  */
| 
| #define PACKAGE_NAME "itcl"
| #define PACKAGE_TARNAME "itcl"
| #define PACKAGE_VERSION "3.4"
| #define PACKAGE_STRING "itcl 3.4"
| #define PACKAGE_BUGREPORT ""
| #define BUILD_itcl
| /* end confdefs.h.  */
| #include <ac_nonexistent.h>
configure:2878: result: gcc -E
configure:2902: gcc -E  conftest.c
configure:2908: $? = 0
configure:2940: gcc -E  conftest.c
conftest.c:10:28: error: ac_nonexistent.h: No such file or directory
configure:2946: $? = 1
configure: failed program was:
| /* confdefs.h.  */
| 
| #define PACKAGE_NAME "itcl"
| #define PACKAGE_TARNAME "itcl"
| #define PACKAGE_VERSION "3.4"
| #define PACKAGE_STRING "itcl 3.4"
| #define PACKAGE_BUGREPORT ""
| #define BUILD_itcl
| /* end confdefs.h.  */
| #include <ac_nonexistent.h>
configure:2994: checking whether make sets $(MAKE)
configure:3014: result: yes
configure:3069: checking for ranlib
configure:3085: found /vlt/VLT2010/gnu/bin/ranlib
configure:3095: result: ranlib
configure:3117: checking for egrep
configure:3127: result: grep -E
configure:3132: checking for ANSI C header files
configure:3157: gcc -c   conftest.c >&5
configure:3163: $? = 0
configure:3167: test -z 
			 || test ! -s conftest.err
configure:3170: $? = 0
configure:3173: test -s conftest.o
configure:3176: $? = 0
configure:3265: gcc -o conftest    conftest.c  >&5
conftest.c: In function 'main':
conftest.c:27: warning: incompatible implicit declaration of built-in function 'exit'
configure:3268: $? = 0
configure:3270: ./conftest
configure:3273: $? = 0
configure:3288: result: yes
configure:3312: checking for sys/types.h
configure:3328: gcc -c   conftest.c >&5
configure:3334: $? = 0
configure:3338: test -z 
			 || test ! -s conftest.err
configure:3341: $? = 0
configure:3344: test -s conftest.o
configure:3347: $? = 0
configure:3358: result: yes
configure:3312: checking for sys/stat.h
configure:3328: gcc -c   conftest.c >&5
configure:3334: $? = 0
configure:3338: test -z 
			 || test ! -s conftest.err
configure:3341: $? = 0
configure:3344: test -s conftest.o
configure:3347: $? = 0
configure:3358: result: yes
configure:3312: checking for stdlib.h
configure:3328: gcc -c   conftest.c >&5
configure:3334: $? = 0
configure:3338: test -z 
			 || test ! -s conftest.err
configure:3341: $? = 0
configure:3344: test -s conftest.o
configure:3347: $? = 0
configure:3358: result: yes
configure:3312: checking for string.h
configure:3328: gcc -c   conftest.c >&5
configure:3334: $? = 0
configure:3338: test -z 
			 || test ! -s conftest.err
configure:3341: $? = 0
configure:3344: test -s conftest.o
configure:3347: $? = 0
configure:3358: result: yes
configure:3312: checking for memory.h
configure:3328: gcc -c   conftest.c >&5
configure:3334: $? = 0
configure:3338: test -z 
			 || test ! -s conftest.err
configure:3341: $? = 0
configure:3344: test -s conftest.o
configure:3347: $? = 0
configure:3358: result: yes
configure:3312: checking for strings.h
configure:3328: gcc -c   conftest.c >&5
configure:3334: $? = 0
configure:3338: test -z 
			 || test ! -s conftest.err
configure:3341: $? = 0
configure:3344: test -s conftest.o
configure:3347: $? = 0
configure:3358: result: yes
configure:3312: checking for inttypes.h
configure:3328: gcc -c   conftest.c >&5
configure:3334: $? = 0
configure:3338: test -z 
			 || test ! -s conftest.err
configure:3341: $? = 0
configure:3344: test -s conftest.o
configure:3347: $? = 0
configure:3358: result: yes
configure:3312: checking for stdint.h
configure:3328: gcc -c   conftest.c >&5
configure:3334: $? = 0
configure:3338: test -z 
			 || test ! -s conftest.err
configure:3341: $? = 0
configure:3344: test -s conftest.o
configure:3347: $? = 0
configure:3358: result: yes
configure:3312: checking for unistd.h
configure:3328: gcc -c   conftest.c >&5
configure:3334: $? = 0
configure:3338: test -z 
			 || test ! -s conftest.err
configure:3341: $? = 0
configure:3344: test -s conftest.o
configure:3347: $? = 0
configure:3358: result: yes
configure:3380: checking if the compiler understands -pipe
configure:3403: gcc -c  -pipe  conftest.c >&5
configure:3409: $? = 0
configure:3413: test -z 
			 || test ! -s conftest.err
configure:3416: $? = 0
configure:3419: test -s conftest.o
configure:3422: $? = 0
configure:3434: result: yes
configure:3445: checking whether byte ordering is bigendian
configure:3472: gcc -c  -pipe  conftest.c >&5
configure:3478: $? = 0
configure:3482: test -z 
			 || test ! -s conftest.err
configure:3485: $? = 0
configure:3488: test -s conftest.o
configure:3491: $? = 0
configure:3515: gcc -c  -pipe  conftest.c >&5
conftest.c: In function 'main':
conftest.c:27: error: 'not' undeclared (first use in this function)
conftest.c:27: error: (Each undeclared identifier is reported only once
conftest.c:27: error: for each function it appears in.)
conftest.c:27: error: expected ';' before 'big'
configure:3521: $? = 1
configure: failed program was:
| /* confdefs.h.  */
| 
| #define PACKAGE_NAME "itcl"
| #define PACKAGE_TARNAME "itcl"
| #define PACKAGE_VERSION "3.4"
| #define PACKAGE_STRING "itcl 3.4"
| #define PACKAGE_BUGREPORT ""
| #define BUILD_itcl
| #define STDC_HEADERS 1
| #define HAVE_SYS_TYPES_H 1
| #define HAVE_SYS_STAT_H 1
| #define HAVE_STDLIB_H 1
| #define HAVE_STRING_H 1
| #define HAVE_MEMORY_H 1
| #define HAVE_STRINGS_H 1
| #define HAVE_INTTYPES_H 1
| #define HAVE_STDINT_H 1
| #define HAVE_UNISTD_H 1
| /* end confdefs.h.  */
| #include <sys/types.h>
| #include <sys/param.h>
| 
| int
| main ()
| {
| #if BYTE_ORDER != BIG_ENDIAN
|  not big endian
| #endif
| 
|   ;
|   return 0;
| }
configure:3656: result: no
configure:3684: checking for sin
configure:3741: gcc -o conftest  -pipe   conftest.c  >&5
conftest.c:44: warning: conflicting types for built-in function 'sin'
/tmp/ccKt9ZkG.o: In function `main':
conftest.c:(.text+0x14): undefined reference to `sin'
/tmp/ccKt9ZkG.o:(.data+0x0): undefined reference to `sin'
collect2: ld returned 1 exit status
configure:3747: $? = 1
configure: failed program was:
| /* confdefs.h.  */
| 
| #define PACKAGE_NAME "itcl"
| #define PACKAGE_TARNAME "itcl"
| #define PACKAGE_VERSION "3.4"
| #define PACKAGE_STRING "itcl 3.4"
| #define PACKAGE_BUGREPORT ""
| #define BUILD_itcl
| #define STDC_HEADERS 1
| #define HAVE_SYS_TYPES_H 1
| #define HAVE_SYS_STAT_H 1
| #define HAVE_STDLIB_H 1
| #define HAVE_STRING_H 1
| #define HAVE_MEMORY_H 1
| #define HAVE_STRINGS_H 1
| #define HAVE_INTTYPES_H 1
| #define HAVE_STDINT_H 1
| #define HAVE_UNISTD_H 1
| /* end confdefs.h.  */
| /* Define sin to an innocuous variant, in case <limits.h> declares sin.
|    For example, HP-UX 11i <limits.h> declares gettimeofday.  */
| #define sin innocuous_sin
| 
| /* System header to define __stub macros and hopefully few prototypes,
|     which can conflict with char sin (); below.
|     Prefer <limits.h> to <assert.h> if __STDC__ is defined, since
|     <limits.h> exists even on freestanding compilers.  */
| 
| #ifdef __STDC__
| # include <limits.h>
| #else
| # include <assert.h>
| #endif
| 
| #undef sin
| 
| /* Override any gcc2 internal prototype to avoid an error.  */
| #ifdef __cplusplus
| extern "C"
| {
| #endif
| /* We use char because int might match the return type of a gcc2
|    builtin and then its argument prototype would still apply.  */
| char sin ();
| /* The GNU C library defines this for functions which it implements
|     to always fail with ENOSYS.  Some functions are actually named
|     something starting with __ and the normal name is an alias.  */
| #if defined (__stub_sin) || defined (__stub___sin)
| choke me
| #else
| char (*f) () = sin;
| #endif
| #ifdef __cplusplus
| }
| #endif
| 
| int
| main ()
| {
| return f != sin;
|   ;
|   return 0;
| }
configure:3772: result: no
configure:3780: checking for main in -lieee
configure:3804: gcc -o conftest  -pipe   conftest.c -lieee   >&5
configure:3810: $? = 0
configure:3814: test -z 
			 || test ! -s conftest.err
configure:3817: $? = 0
configure:3820: test -s conftest
configure:3823: $? = 0
configure:3836: result: yes
configure:3848: checking for main in -linet
configure:3872: gcc -o conftest  -pipe   conftest.c -linet   >&5
/vlt/VLT2010/gnu/bin/ld: cannot find -linet
collect2: ld returned 1 exit status
configure:3878: $? = 1
configure: failed program was:
| /* confdefs.h.  */
| 
| #define PACKAGE_NAME "itcl"
| #define PACKAGE_TARNAME "itcl"
| #define PACKAGE_VERSION "3.4"
| #define PACKAGE_STRING "itcl 3.4"
| #define PACKAGE_BUGREPORT ""
| #define BUILD_itcl
| #define STDC_HEADERS 1
| #define HAVE_SYS_TYPES_H 1
| #define HAVE_SYS_STAT_H 1
| #define HAVE_STDLIB_H 1
| #define HAVE_STRING_H 1
| #define HAVE_MEMORY_H 1
| #define HAVE_STRINGS_H 1
| #define HAVE_INTTYPES_H 1
| #define HAVE_STDINT_H 1
| #define HAVE_UNISTD_H 1
| /* end confdefs.h.  */
| 
| 
| int
| main ()
| {
| main ();
|   ;
|   return 0;
| }
configure:3904: result: no
configure:3920: checking net/errno.h usability
configure:3932: gcc -c  -pipe  conftest.c >&5
conftest.c:54:23: error: net/errno.h: No such file or directory
configure:3938: $? = 1
configure: failed program was:
| /* confdefs.h.  */
| 
| #define PACKAGE_NAME "itcl"
| #define PACKAGE_TARNAME "itcl"
| #define PACKAGE_VERSION "3.4"
| #define PACKAGE_STRING "itcl 3.4"
| #define PACKAGE_BUGREPORT ""
| #define BUILD_itcl
| #define STDC_HEADERS 1
| #define HAVE_SYS_TYPES_H 1
| #define HAVE_SYS_STAT_H 1
| #define HAVE_STDLIB_H 1
| #define HAVE_STRING_H 1
| #define HAVE_MEMORY_H 1
| #define HAVE_STRINGS_H 1
| #define HAVE_INTTYPES_H 1
| #define HAVE_STDINT_H 1
| #define HAVE_UNISTD_H 1
| /* end confdefs.h.  */
| #include <stdio.h>
| #if HAVE_SYS_TYPES_H
| # include <sys/types.h>
| #endif
| #if HAVE_SYS_STAT_H
| # include <sys/stat.h>
| #endif
| #if STDC_HEADERS
| # include <stdlib.h>
| # include <stddef.h>
| #else
| # if HAVE_STDLIB_H
| #  include <stdlib.h>
| # endif
| #endif
| #if HAVE_STRING_H
| # if !STDC_HEADERS && HAVE_MEMORY_H
| #  include <memory.h>
| # endif
| # include <string.h>
| #endif
| #if HAVE_STRINGS_H
| # include <strings.h>
| #endif
| #if HAVE_INTTYPES_H
| # include <inttypes.h>
| #else
| # if HAVE_STDINT_H
| #  include <stdint.h>
| # endif
| #endif
| #if HAVE_UNISTD_H
| # include <unistd.h>
| #endif
| #include <net/errno.h>
configure:3961: result: no
configure:3965: checking net/errno.h presence
configure:3975: gcc -E  conftest.c
conftest.c:20:23: error: net/errno.h: No such file or directory
configure:3981: $? = 1
configure: failed program was:
| /* confdefs.h.  */
| 
| #define PACKAGE_NAME "itcl"
| #define PACKAGE_TARNAME "itcl"
| #define PACKAGE_VERSION "3.4"
| #define PACKAGE_STRING "itcl 3.4"
| #define PACKAGE_BUGREPORT ""
| #define BUILD_itcl
| #define STDC_HEADERS 1
| #define HAVE_SYS_TYPES_H 1
| #define HAVE_SYS_STAT_H 1
| #define HAVE_STDLIB_H 1
| #define HAVE_STRING_H 1
| #define HAVE_MEMORY_H 1
| #define HAVE_STRINGS_H 1
| #define HAVE_INTTYPES_H 1
| #define HAVE_STDINT_H 1
| #define HAVE_UNISTD_H 1
| /* end confdefs.h.  */
| #include <net/errno.h>
configure:4001: result: no
configure:4036: checking for net/errno.h
configure:4043: result: no
configure:4077: checking for connect
configure:4134: gcc -o conftest  -pipe   conftest.c  >&5
configure:4140: $? = 0
configure:4144: test -z 
			 || test ! -s conftest.err
configure:4147: $? = 0
configure:4150: test -s conftest
configure:4153: $? = 0
configure:4165: result: yes
configure:4440: checking for gethostbyname
configure:4497: gcc -o conftest  -pipe   conftest.c  >&5
configure:4503: $? = 0
configure:4507: test -z 
			 || test ! -s conftest.err
configure:4510: $? = 0
configure:4513: test -s conftest
configure:4516: $? = 0
configure:4528: result: yes
configure:4612: checking dirent.h
configure:4653: gcc -o conftest  -pipe   conftest.c  >&5
configure:4659: $? = 0
configure:4663: test -z 
			 || test ! -s conftest.err
configure:4666: $? = 0
configure:4669: test -s conftest
configure:4672: $? = 0
configure:4684: result: yes
configure:4706: checking errno.h usability
configure:4718: gcc -c  -pipe  conftest.c >&5
configure:4724: $? = 0
configure:4728: test -z 
			 || test ! -s conftest.err
configure:4731: $? = 0
configure:4734: test -s conftest.o
configure:4737: $? = 0
configure:4747: result: yes
configure:4751: checking errno.h presence
configure:4761: gcc -E  conftest.c
configure:4767: $? = 0
configure:4787: result: yes
configure:4822: checking for errno.h
configure:4829: result: yes
configure:4854: checking float.h usability
configure:4866: gcc -c  -pipe  conftest.c >&5
configure:4872: $? = 0
configure:4876: test -z 
			 || test ! -s conftest.err
configure:4879: $? = 0
configure:4882: test -s conftest.o
configure:4885: $? = 0
configure:4895: result: yes
configure:4899: checking float.h presence
configure:4909: gcc -E  conftest.c
configure:4915: $? = 0
configure:4935: result: yes
configure:4970: checking for float.h
configure:4977: result: yes
configure:5002: checking values.h usability
configure:5014: gcc -c  -pipe  conftest.c >&5
configure:5020: $? = 0
configure:5024: test -z 
			 || test ! -s conftest.err
configure:5027: $? = 0
configure:5030: test -s conftest.o
configure:5033: $? = 0
configure:5043: result: yes
configure:5047: checking values.h presence
configure:5057: gcc -E  conftest.c
configure:5063: $? = 0
configure:5083: result: yes
configure:5118: checking for values.h
configure:5125: result: yes
configure:5150: checking limits.h usability
configure:5162: gcc -c  -pipe  conftest.c >&5
configure:5168: $? = 0
configure:5172: test -z 
			 || test ! -s conftest.err
configure:5175: $? = 0
configure:5178: test -s conftest.o
configure:5181: $? = 0
configure:5191: result: yes
configure:5195: checking limits.h presence
configure:5205: gcc -E  conftest.c
configure:5211: $? = 0
configure:5231: result: yes
configure:5266: checking for limits.h
configure:5273: result: yes
configure:5293: checking for stdlib.h
configure:5298: result: yes
configure:5495: checking for string.h
configure:5500: result: yes
configure:5694: checking sys/wait.h usability
configure:5706: gcc -c  -pipe  conftest.c >&5
configure:5712: $? = 0
configure:5716: test -z 
			 || test ! -s conftest.err
configure:5719: $? = 0
configure:5722: test -s conftest.o
configure:5725: $? = 0
configure:5735: result: yes
configure:5739: checking sys/wait.h presence
configure:5749: gcc -E  conftest.c
configure:5755: $? = 0
configure:5775: result: yes
configure:5810: checking for sys/wait.h
configure:5817: result: yes
configure:5842: checking dlfcn.h usability
configure:5854: gcc -c  -pipe  conftest.c >&5
configure:5860: $? = 0
configure:5864: test -z 
			 || test ! -s conftest.err
configure:5867: $? = 0
configure:5870: test -s conftest.o
configure:5873: $? = 0
configure:5883: result: yes
configure:5887: checking dlfcn.h presence
configure:5897: gcc -E  conftest.c
configure:5903: $? = 0
configure:5923: result: yes
configure:5958: checking for dlfcn.h
configure:5965: result: yes
configure:5996: checking sys/param.h usability
configure:6008: gcc -c  -pipe  conftest.c >&5
configure:6014: $? = 0
configure:6018: test -z 
			 || test ! -s conftest.err
configure:6021: $? = 0
configure:6024: test -s conftest.o
configure:6027: $? = 0
configure:6037: result: yes
configure:6041: checking sys/param.h presence
configure:6051: gcc -E  conftest.c
configure:6057: $? = 0
configure:6077: result: yes
configure:6112: checking for sys/param.h
configure:6119: result: yes
configure:6345: checking for Tcl public headers
configure:6420: result: /home/eallaert/tcltk/MAR2012/tcl8.5.11/generic
configure:6435: checking for Tcl private include files
configure:6489: result: Using srcdir found in tclConfig.sh: /home/eallaert/tcltk/MAR2012/tcl8.5.11
configure:6518: checking how to build libraries
configure:6536: result: shared
configure:6599: checking for ranlib
configure:6626: result: ranlib
configure:6643: checking if 64bit support is requested
configure:6652: result: no
configure:6657: checking if 64bit Sparc VIS support is requested
configure:6666: result: no
configure:6677: checking if compiler supports visibility "hidden"
configure:6702: gcc -o conftest  -pipe -Werror   conftest.c  >&5
configure:6708: $? = 0
configure:6712: test -z 
			 || test ! -s conftest.err
configure:6715: $? = 0
configure:6718: test -s conftest
configure:6721: $? = 0
configure:6734: result: yes
configure:6749: checking if rpath support is requested
configure:6758: result: yes
configure:6784: checking system version
configure:6807: result: Linux-2.6.18-128.4.1-VLT2010
configure:6885: checking for ar
configure:6901: found /vlt/VLT2010/gnu/bin/ar
configure:6911: result: ar
configure:8846: checking for required early compiler flags
configure:8869: gcc -c  -pipe  conftest.c >&5
configure:8875: $? = 0
configure:8879: test -z 
			 || test ! -s conftest.err
configure:8882: $? = 0
configure:8885: test -s conftest.o
configure:8888: $? = 0
configure:8974: gcc -c  -pipe  conftest.c >&5
conftest.c: In function 'main':
conftest.c:28: error: storage size of 'buf' isn't known
configure:8980: $? = 1
configure: failed program was:
| /* confdefs.h.  */
| 
| #define PACKAGE_NAME "itcl"
| #define PACKAGE_TARNAME "itcl"
| #define PACKAGE_VERSION "3.4"
| #define PACKAGE_STRING "itcl 3.4"
| #define PACKAGE_BUGREPORT ""
| #define BUILD_itcl
| #define STDC_HEADERS 1
| #define HAVE_SYS_TYPES_H 1
| #define HAVE_SYS_STAT_H 1
| #define HAVE_STDLIB_H 1
| #define HAVE_STRING_H 1
| #define HAVE_MEMORY_H 1
| #define HAVE_STRINGS_H 1
| #define HAVE_INTTYPES_H 1
| #define HAVE_STDINT_H 1
| #define HAVE_UNISTD_H 1
| #define HAVE_LIMITS_H 1
| #define HAVE_SYS_PARAM_H 1
| #define TCL_THREADS 1
| #define MODULE_SCOPE extern __attribute__((__visibility__("hidden")))
| /* end confdefs.h.  */
| #include <sys/stat.h>
| int
| main ()
| {
| struct stat64 buf; int i = stat64("/", &buf);
|   ;
|   return 0;
| }
configure:9017: gcc -c  -pipe  conftest.c >&5
configure:9023: $? = 0
configure:9027: test -z 
			 || test ! -s conftest.err
configure:9030: $? = 0
configure:9033: test -s conftest.o
configure:9036: $? = 0
configure:9079: gcc -c  -pipe  conftest.c >&5
conftest.c: In function 'main':
conftest.c:29: error: 'open64' undeclared (first use in this function)
conftest.c:29: error: (Each undeclared identifier is reported only once
conftest.c:29: error: for each function it appears in.)
configure:9085: $? = 1
configure: failed program was:
| /* confdefs.h.  */
| 
| #define PACKAGE_NAME "itcl"
| #define PACKAGE_TARNAME "itcl"
| #define PACKAGE_VERSION "3.4"
| #define PACKAGE_STRING "itcl 3.4"
| #define PACKAGE_BUGREPORT ""
| #define BUILD_itcl
| #define STDC_HEADERS 1
| #define HAVE_SYS_TYPES_H 1
| #define HAVE_SYS_STAT_H 1
| #define HAVE_STDLIB_H 1
| #define HAVE_STRING_H 1
| #define HAVE_MEMORY_H 1
| #define HAVE_STRINGS_H 1
| #define HAVE_INTTYPES_H 1
| #define HAVE_STDINT_H 1
| #define HAVE_UNISTD_H 1
| #define HAVE_LIMITS_H 1
| #define HAVE_SYS_PARAM_H 1
| #define TCL_THREADS 1
| #define MODULE_SCOPE extern __attribute__((__visibility__("hidden")))
| #define _LARGEFILE64_SOURCE 1
| /* end confdefs.h.  */
| #include <sys/stat.h>
| int
| main ()
| {
| char *p = (char *)open64;
|   ;
|   return 0;
| }
configure:9122: gcc -c  -pipe  conftest.c >&5
conftest.c: In function 'main':
conftest.c:30: error: 'open64' undeclared (first use in this function)
conftest.c:30: error: (Each undeclared identifier is reported only once
conftest.c:30: error: for each function it appears in.)
configure:9128: $? = 1
configure: failed program was:
| /* confdefs.h.  */
| 
| #define PACKAGE_NAME "itcl"
| #define PACKAGE_TARNAME "itcl"
| #define PACKAGE_VERSION "3.4"
| #define PACKAGE_STRING "itcl 3.4"
| #define PACKAGE_BUGREPORT ""
| #define BUILD_itcl
| #define STDC_HEADERS 1
| #define HAVE_SYS_TYPES_H 1
| #define HAVE_SYS_STAT_H 1
| #define HAVE_STDLIB_H 1
| #define HAVE_STRING_H 1
| #define HAVE_MEMORY_H 1
| #define HAVE_STRINGS_H 1
| #define HAVE_INTTYPES_H 1
| #define HAVE_STDINT_H 1
| #define HAVE_UNISTD_H 1
| #define HAVE_LIMITS_H 1
| #define HAVE_SYS_PARAM_H 1
| #define TCL_THREADS 1
| #define MODULE_SCOPE extern __attribute__((__visibility__("hidden")))
| #define _LARGEFILE64_SOURCE 1
| /* end confdefs.h.  */
| #define _LARGEFILE_SOURCE64 1
| #include <sys/stat.h>
| int
| main ()
| {
| char *p = (char *)open64;
|   ;
|   return 0;
| }
configure:9168: result:  _LARGEFILE64_SOURCE
configure:9173: checking for 64-bit integer type
configure:9197: gcc -c  -pipe  conftest.c >&5
conftest.c: In function 'main':
conftest.c:29: error: '__int64' undeclared (first use in this function)
conftest.c:29: error: (Each undeclared identifier is reported only once
conftest.c:29: error: for each function it appears in.)
conftest.c:29: error: expected ';' before 'value'
configure:9203: $? = 1
configure: failed program was:
| /* confdefs.h.  */
| 
| #define PACKAGE_NAME "itcl"
| #define PACKAGE_TARNAME "itcl"
| #define PACKAGE_VERSION "3.4"
| #define PACKAGE_STRING "itcl 3.4"
| #define PACKAGE_BUGREPORT ""
| #define BUILD_itcl
| #define STDC_HEADERS 1
| #define HAVE_SYS_TYPES_H 1
| #define HAVE_SYS_STAT_H 1
| #define HAVE_STDLIB_H 1
| #define HAVE_STRING_H 1
| #define HAVE_MEMORY_H 1
| #define HAVE_STRINGS_H 1
| #define HAVE_INTTYPES_H 1
| #define HAVE_STDINT_H 1
| #define HAVE_UNISTD_H 1
| #define HAVE_LIMITS_H 1
| #define HAVE_SYS_PARAM_H 1
| #define TCL_THREADS 1
| #define MODULE_SCOPE extern __attribute__((__visibility__("hidden")))
| #define _LARGEFILE64_SOURCE 1
| /* end confdefs.h.  */
| 
| int
| main ()
| {
| __int64 value = (__int64) 0;
|   ;
|   return 0;
| }
configure:9247: gcc -c  -pipe  conftest.c >&5
configure:9253: $? = 0
configure:9257: test -z 
			 || test ! -s conftest.err
configure:9260: $? = 0
configure:9263: test -s conftest.o
configure:9266: $? = 0
configure:9297: result: long long
configure:9301: checking for struct dirent64
configure:9324: gcc -c  -pipe  conftest.c >&5
conftest.c:27:24: error: sys/dirent.h: No such file or directory
conftest.c: In function 'main':
conftest.c:31: error: storage size of 'p' isn't known
configure:9330: $? = 1
configure: failed program was:
| /* confdefs.h.  */
| 
| #define PACKAGE_NAME "itcl"
| #define PACKAGE_TARNAME "itcl"
| #define PACKAGE_VERSION "3.4"
| #define PACKAGE_STRING "itcl 3.4"
| #define PACKAGE_BUGREPORT ""
| #define BUILD_itcl
| #define STDC_HEADERS 1
| #define HAVE_SYS_TYPES_H 1
| #define HAVE_SYS_STAT_H 1
| #define HAVE_STDLIB_H 1
| #define HAVE_STRING_H 1
| #define HAVE_MEMORY_H 1
| #define HAVE_STRINGS_H 1
| #define HAVE_INTTYPES_H 1
| #define HAVE_STDINT_H 1
| #define HAVE_UNISTD_H 1
| #define HAVE_LIMITS_H 1
| #define HAVE_SYS_PARAM_H 1
| #define TCL_THREADS 1
| #define MODULE_SCOPE extern __attribute__((__visibility__("hidden")))
| #define _LARGEFILE64_SOURCE 1
| #define TCL_WIDE_INT_TYPE long long
| /* end confdefs.h.  */
| #include <sys/types.h>
| #include <sys/dirent.h>
| int
| main ()
| {
| struct dirent64 p;
|   ;
|   return 0;
| }
configure:9354: result: no
configure:9364: checking for struct stat64
configure:9387: gcc -c  -pipe  conftest.c >&5
configure:9393: $? = 0
configure:9397: test -z 
			 || test ! -s conftest.err
configure:9400: $? = 0
configure:9403: test -s conftest.o
configure:9406: $? = 0
configure:9417: result: yes
configure:9432: checking for open64
configure:9489: gcc -o conftest  -pipe   -Wl,--export-dynamic  conftest.c  >&5
configure:9495: $? = 0
configure:9499: test -z 
			 || test ! -s conftest.err
configure:9502: $? = 0
configure:9505: test -s conftest
configure:9508: $? = 0
configure:9520: result: yes
configure:9432: checking for lseek64
configure:9489: gcc -o conftest  -pipe   -Wl,--export-dynamic  conftest.c  >&5
configure:9495: $? = 0
configure:9499: test -z 
			 || test ! -s conftest.err
configure:9502: $? = 0
configure:9505: test -s conftest
configure:9508: $? = 0
configure:9520: result: yes
configure:9530: checking for off64_t
configure:9553: gcc -c  -pipe  conftest.c >&5
configure:9559: $? = 0
configure:9563: test -z 
			 || test ! -s conftest.err
configure:9566: $? = 0
configure:9569: test -s conftest.o
configure:9572: $? = 0
configure:9592: result: yes
configure:9609: checking for build with symbols
configure:9622: result: no
configure:9801: checking for tclsh
configure:9828: result: /home/eallaert/tcltk/MAR2012/tcl8.5.11/unix/tclsh
configure:10007: creating ./config.status

## ---------------------- ##
## Running config.status. ##
## ---------------------- ##

This file was extended by itcl config.status 3.4, which was
generated by GNU Autoconf 2.59.  Invocation command line was

  CONFIG_FILES    = 
  CONFIG_HEADERS  = 
  CONFIG_LINKS    = 
  CONFIG_COMMANDS = 
  $ ./config.status 

on te98

config.status:709: creating Makefile
config.status:709: creating pkgIndex.tcl
config.status:709: creating itclConfig.sh

## ---------------- ##
## Cache variables. ##
## ---------------- ##

ac_cv_c_bigendian=no
ac_cv_c_compiler_gnu=yes
ac_cv_c_tclconfig=/home/eallaert/tcltk/MAR2012/tcl8.5.11/unix
ac_cv_c_tclh=/home/eallaert/tcltk/MAR2012/tcl8.5.11/generic
ac_cv_env_CC_set=set
ac_cv_env_CC_value=gcc
ac_cv_env_CFLAGS_set=
ac_cv_env_CFLAGS_value=
ac_cv_env_CPPFLAGS_set=
ac_cv_env_CPPFLAGS_value=
ac_cv_env_CPP_set=
ac_cv_env_CPP_value=
ac_cv_env_LDFLAGS_set=
ac_cv_env_LDFLAGS_value=
ac_cv_env_build_alias_set=
ac_cv_env_build_alias_value=
ac_cv_env_host_alias_set=
ac_cv_env_host_alias_value=
ac_cv_env_target_alias_set=
ac_cv_env_target_alias_value=
ac_cv_exeext=
ac_cv_func_connect=yes
ac_cv_func_gethostbyname=yes
ac_cv_func_lseek64=yes
ac_cv_func_open64=yes
ac_cv_func_sin=no
ac_cv_header_dlfcn_h=yes
ac_cv_header_errno_h=yes
ac_cv_header_float_h=yes
ac_cv_header_inttypes_h=yes
ac_cv_header_limits_h=yes
ac_cv_header_memory_h=yes
ac_cv_header_net_errno_h=no
ac_cv_header_stdc=yes
ac_cv_header_stdint_h=yes
ac_cv_header_stdlib_h=yes
ac_cv_header_string_h=yes
ac_cv_header_strings_h=yes
ac_cv_header_sys_param_h=yes
ac_cv_header_sys_stat_h=yes
ac_cv_header_sys_types_h=yes
ac_cv_header_sys_wait_h=yes
ac_cv_header_unistd_h=yes
ac_cv_header_values_h=yes
ac_cv_lib_ieee_main=yes
ac_cv_lib_inet_main=no
ac_cv_objext=o
ac_cv_prog_CPP='gcc -E'
ac_cv_prog_ac_ct_AR=ar
ac_cv_prog_ac_ct_CC=gcc
ac_cv_prog_ac_ct_RANLIB=ranlib
ac_cv_prog_cc_g=yes
ac_cv_prog_cc_stdc=
ac_cv_prog_egrep='grep -E'
ac_cv_prog_make_make_set=yes
tcl_cv_cc_pipe=yes
tcl_cv_cc_visibility_hidden=yes
tcl_cv_dirent_h=yes
tcl_cv_flag__isoc99_source=no
tcl_cv_flag__largefile64_source=yes
tcl_cv_flag__largefile_source64=no
tcl_cv_struct_dirent64=no
tcl_cv_struct_stat64=yes
tcl_cv_sys_version=Linux-2.6.18-128.4.1-VLT2010
tcl_cv_type_64bit='long long'
tcl_cv_type_off64_t=yes

## ----------------- ##
## Output variables. ##
## ----------------- ##

AR='ar'
CC='gcc'
CELIB_DIR=''
CFLAGS=' -pipe ${CFLAGS_DEFAULT} ${CFLAGS_WARNING} ${SHLIB_CFLAGS} '
CFLAGS_DEBUG='-g'
CFLAGS_DEFAULT='-O2 -fomit-frame-pointer'
CFLAGS_OPTIMIZE='-O2 -fomit-frame-pointer'
CFLAGS_WARNING='-Wall'
CLEANFILES=''
CONFIG_CLEAN_FILES=''
CPP='gcc -E'
CPPFLAGS=''
CYGPATH='echo'
DEFS='-DPACKAGE_NAME=\"itcl\" -DPACKAGE_TARNAME=\"itcl\" -DPACKAGE_VERSION=\"3.4\" -DPACKAGE_STRING=\"itcl\ 3.4\" -DPACKAGE_BUGREPORT=\"\" -DBUILD_itcl= -DSTDC_HEADERS=1 -DHAVE_SYS_TYPES_H=1 -DHAVE_SYS_STAT_H=1 -DHAVE_STDLIB_H=1 -DHAVE_STRING_H=1 -DHAVE_MEMORY_H=1 -DHAVE_STRINGS_H=1 -DHAVE_INTTYPES_H=1 -DHAVE_STDINT_H=1 -DHAVE_UNISTD_H=1 -DHAVE_LIMITS_H=1 -DHAVE_SYS_PARAM_H=1 -DTCL_THREADS=1 -DMODULE_SCOPE=extern\ __attribute__\(\(__visibility__\(\"hidden\"\)\)\) -D_LARGEFILE64_SOURCE=1 -DTCL_WIDE_INT_TYPE=long\ long -DHAVE_STRUCT_STAT64=1 -DHAVE_OPEN64=1 -DHAVE_LSEEK64=1 -DHAVE_TYPE_OFF64_T=1 -DUSE_TCL_STUBS=1 '
ECHO_C=''
ECHO_N='-n'
ECHO_T=''
EGREP='grep -E'
EXEEXT=''
LDFLAGS=' -Wl,--export-dynamic '
LDFLAGS_DEFAULT=' -Wl,--export-dynamic '
LD_LIBRARY_PATH_VAR='LD_LIBRARY_PATH'
LIBOBJS=''
LIBS=''
LN_S='ln -s'
LTLIBOBJS=''
MAJOR_VERSION=''
MAKE_LIB='${SHLIB_LD} -o $@ $(PKG_OBJECTS) ${SHLIB_LD_LIBS} '
MAKE_SHARED_LIB='${SHLIB_LD} -o $@ $(PKG_OBJECTS) ${SHLIB_LD_LIBS}'
MAKE_STATIC_LIB='${STLIB_LD} $@ $(PKG_OBJECTS)'
MAKE_STUB_LIB='${STLIB_LD} $@ $(PKG_STUB_OBJECTS)'
MATH_LIBS='-lieee -lm'
MINOR_VERSION=''
OBJEXT='o'
PACKAGE_BUGREPORT=''
PACKAGE_NAME='itcl'
PACKAGE_STRING='itcl 3.4'
PACKAGE_TARNAME='itcl'
PACKAGE_VERSION='3.4'
PATCHLEVEL=''
PATH_SEPARATOR=':'
PKG_CFLAGS=' '
PKG_HEADERS=' generic/itcl.h generic/itclDecls.h generic/itclInt.h generic/itclIntDecls.h'
PKG_INCLUDES=' -I"/home/eallaert/tcltk/MAR2012/itcl3.4.1/generic"'
PKG_LIBS=''
PKG_LIB_FILE='libitcl3.4.so'
PKG_OBJECTS=' itclStubInit.o itcl_bicmds.o itcl_class.o itcl_cmds.o itcl_ensemble.o itcl_linkage.o itcl_methods.o itcl_migrate.o itcl_objects.o itcl_parse.o itcl_util.o'
PKG_SOURCES=' itclStubInit.c itcl_bicmds.c itcl_class.c itcl_cmds.c itcl_ensemble.c itcl_linkage.c itcl_methods.c itcl_migrate.c itcl_objects.c itcl_parse.c itcl_util.c'
PKG_STUB_LIB_FILE='libitclstub3.4.a'
PKG_STUB_OBJECTS=' itclStubLib.o'
PKG_STUB_SOURCES=' itclStubLib.c'
PKG_TCL_SOURCES=' library/itcl.tcl'
RANLIB=':'
RANLIB_STUB='ranlib'
RC=''
SET_MAKE=''
SHARED_BUILD='1'
SHELL='/bin/sh'
SHLIB_CFLAGS='-fPIC'
SHLIB_LD='${CC} -shared ${CFLAGS} ${LDFLAGS_DEFAULT}'
SHLIB_LD_LIBS='${LIBS} -L/home/eallaert/tcltk/MAR2012/tcl8.5.11/unix -ltclstub8.5'
STLIB_LD='${AR} cr'
TCLSH_PROG='/home/eallaert/tcltk/MAR2012/tcl8.5.11/unix/tclsh'
TCL_BIN_DIR='/home/eallaert/tcltk/MAR2012/tcl8.5.11/unix'
TCL_DBGX=''
TCL_DEFS='-DPACKAGE_NAME=\"tcl\" -DPACKAGE_TARNAME=\"tcl\" -DPACKAGE_VERSION=\"8.5\" -DPACKAGE_STRING=\"tcl\ 8.5\" -DPACKAGE_BUGREPORT=\"\" -DSTDC_HEADERS=1 -DHAVE_SYS_TYPES_H=1 -DHAVE_SYS_STAT_H=1 -DHAVE_STDLIB_H=1 -DHAVE_STRING_H=1 -DHAVE_MEMORY_H=1 -DHAVE_STRINGS_H=1 -DHAVE_INTTYPES_H=1 -DHAVE_STDINT_H=1 -DHAVE_UNISTD_H=1 -DHAVE_LIMITS_H=1 -DHAVE_SYS_PARAM_H=1 -DTCL_CFGVAL_ENCODING=\"iso8859-1\" -DMODULE_SCOPE=extern\ __attribute__\(\(__visibility__\(\"hidden\"\)\)\) -DTCL_SHLIB_EXT=\".so\" -DTCL_CFG_OPTIMIZED=1 -DTCL_CFG_DEBUG=1 -DTCL_TOMMATH=1 -DMP_PREC=4 -D_LARGEFILE64_SOURCE=1 -DTCL_WIDE_INT_TYPE=long\ long -DHAVE_STRUCT_STAT64=1 -DHAVE_OPEN64=1 -DHAVE_LSEEK64=1 -DHAVE_TYPE_OFF64_T=1 -DHAVE_GETCWD=1 -DHAVE_OPENDIR=1 -DHAVE_STRTOL=1 -DHAVE_WAITPID=1 -DHAVE_GETADDRINFO=1 -DUSE_TERMIOS=1 -DHAVE_SYS_TIME_H=1 -DTIME_WITH_SYS_TIME=1 -DHAVE_GMTIME_R=1 -DHAVE_LOCALTIME_R=1 -DHAVE_MKTIME=1 -DHAVE_TM_GMTOFF=1 -DHAVE_TIMEZONE_VAR=1 -DHAVE_STRUCT_STAT_ST_BLOCKS=1 -DHAVE_STRUCT_STAT_ST_BLKSIZE=1 -DHAVE_BLKCNT_T=1 -DHAVE_INTPTR_T=1 -DHAVE_UINTPTR_T=1 -DHAVE_SIGNED_CHAR=1 -DHAVE_LANGINFO=1 -DHAVE_SYS_IOCTL_H=1 -DTCL_UNLOAD_DLLS=1 '
TCL_EXTRA_CFLAGS=' -pipe '
TCL_INCLUDES='-I"/home/eallaert/tcltk/MAR2012/tcl8.5.11/generic" -I"/home/eallaert/tcltk/MAR2012/tcl8.5.11/unix"'
TCL_LD_FLAGS=' -Wl,--export-dynamic '
TCL_LIBS='${DL_LIBS} ${LIBS} ${MATH_LIBS}'
TCL_LIB_FILE='libtcl8.5.so'
TCL_LIB_FLAG='-ltcl8.5'
TCL_LIB_SPEC='-L/home/eallaert/tcltk/MAR2012/tcl8.5.11/unix -ltcl8.5'
TCL_PATCH_LEVEL='.11'
TCL_SHLIB_LD_LIBS='${LIBS}'
TCL_SRC_DIR='/home/eallaert/tcltk/MAR2012/tcl8.5.11'
TCL_STUB_LIB_FILE='libtclstub8.5.a'
TCL_STUB_LIB_FLAG='-ltclstub8.5'
TCL_STUB_LIB_SPEC='-L/home/eallaert/tcltk/MAR2012/tcl8.5.11/unix -ltclstub8.5'
TCL_TOP_DIR_NATIVE='"/home/eallaert/tcltk/MAR2012/tcl8.5.11"'
TCL_VERSION='8.5'
VC_MANIFEST_EMBED_DLL=''
VC_MANIFEST_EMBED_EXE=''
ac_ct_AR='ar'
ac_ct_CC='gcc'
ac_ct_RANLIB='ranlib'
ac_ct_RC=''
bindir='${exec_prefix}/bin'
build_alias=''
datadir='${prefix}/share'
exec_prefix='/introot/eallaert/tcltk'
host_alias=''
includedir='${prefix}/include'
infodir='${prefix}/info'
itcl_BUILD_LIB_SPEC='-L/home/eallaert/tcltk/MAR2012/itcl3.4.1 -litcl3.4'
itcl_BUILD_STUB_LIB_PATH='/home/eallaert/tcltk/MAR2012/itcl3.4.1/libitclstub3.4.a'
itcl_BUILD_STUB_LIB_SPEC='-L/home/eallaert/tcltk/MAR2012/itcl3.4.1 -litclstub3.4'
itcl_LIB_FILE='libitcl3.4.so'
itcl_LIB_SPEC='-L/introot/eallaert/tcltk/lib/itcl3.4 -litcl3.4'
itcl_PATCH_LEVEL='.1'
itcl_SRC_DIR='/home/eallaert/tcltk/MAR2012/itcl3.4.1'
itcl_STUB_LIB_FILE='libitclstub3.4.a'
itcl_STUB_LIB_PATH='/introot/eallaert/tcltk/lib/itcl3.4/libitclstub3.4.a'
itcl_STUB_LIB_SPEC='-L/introot/eallaert/tcltk/lib/itcl3.4 -litclstub3.4'
libdir='${exec_prefix}/lib'
libexecdir='${exec_prefix}/libexec'
localstatedir='${prefix}/var'
mandir='${prefix}/man'
oldincludedir='/usr/include'
prefix='/introot/eallaert/tcltk'
program_transform_name='s,x,x,'
sbindir='${exec_prefix}/sbin'
sharedstatedir='${prefix}/com'
sysconfdir='${prefix}/etc'
target_alias=''

## ----------- ##
## confdefs.h. ##
## ----------- ##

#define BUILD_itcl
#define HAVE_INTTYPES_H 1
#define HAVE_LIMITS_H 1
#define HAVE_LSEEK64 1
#define HAVE_MEMORY_H 1
#define HAVE_OPEN64 1
#define HAVE_STDINT_H 1
#define HAVE_STDLIB_H 1
#define HAVE_STRINGS_H 1
#define HAVE_STRING_H 1
#define HAVE_STRUCT_STAT64 1
#define HAVE_SYS_PARAM_H 1
#define HAVE_SYS_STAT_H 1
#define HAVE_SYS_TYPES_H 1
#define HAVE_TYPE_OFF64_T 1
#define HAVE_UNISTD_H 1
#define MODULE_SCOPE extern __attribute__((__visibility__("hidden")))
#define PACKAGE_BUGREPORT ""
#define PACKAGE_NAME "itcl"
#define PACKAGE_STRING "itcl 3.4"
#define PACKAGE_TARNAME "itcl"
#define PACKAGE_VERSION "3.4"
#define STDC_HEADERS 1
#define TCL_THREADS 1
#define TCL_WIDE_INT_TYPE long long
#define USE_TCL_STUBS 1
#define _LARGEFILE64_SOURCE 1

configure: exit 0
