This file contains any messages produced by compilers while
running configure, to aid debugging if configure makes a mistake.

It was created by zlibtcl configure 1.2.5, which was
generated by GNU Autoconf 2.65.  Invocation command line was

  $ ./configure --prefix=/alma/ACS-2014.4/tcltk --enable-shared --srcdir=/home/almamgr/ACS_javarias/ExtProd/PRODUCTS/tcltk/Linux-3.2.0-4-amd64/tkimg1.4 --cache-file=../config.cache --srcdir=. --disable-option-checking

## --------- ##
## Platform. ##
## --------- ##

hostname = ariestest
uname -m = x86_64
uname -r = 3.2.0-4-amd64
uname -s = Linux
uname -v = #1 SMP Debian 3.2.60-1+deb7u1

/usr/bin/uname -p = unknown
/bin/uname -X     = unknown

/bin/arch              = unknown
/usr/bin/arch -k       = unknown
/usr/convex/getsysinfo = unknown
/usr/bin/hostinfo      = unknown
/bin/machine           = unknown
/usr/bin/oslevel       = unknown
/bin/universe          = unknown

PATH: /alma/ACS-2014.4/ACSSW/bin
PATH: /usr/lib/jvm/java-7-openjdk-amd64/bin
PATH: /usr/share/ant/bin
PATH: /alma/ACS-2014.4/JacORB/bin
PATH: /alma/ACS-2014.4/Python/bin
PATH: /alma/ACS-2014.4/Python/omni/bin
PATH: /alma/ACS-2014.4/tcltk/bin
PATH: /usr/bin
PATH: /usr/local/bin
PATH: /usr/bin
PATH: /bin
PATH: /usr/local/games
PATH: /usr/games


## ----------- ##
## Core tests. ##
## ----------- ##

configure:2093: creating cache ../config.cache
configure:2172: checking for correct TEA configuration
configure:2185: result: ok (TEA 3.7)
configure:2317: checking for Tcl configuration
configure:2439: result: found /home/almamgr/ACS_javarias/ExtProd/PRODUCTS/tcltk/Linux-3.2.0-4-amd64/tcl8.5.15/unix/tclConfig.sh
configure:2445: checking for existence of /home/almamgr/ACS_javarias/ExtProd/PRODUCTS/tcltk/Linux-3.2.0-4-amd64/tcl8.5.15/unix/tclConfig.sh
configure:2449: result: loading
configure:2560: checking for Tk configuration
configure:2682: result: found /home/almamgr/ACS_javarias/ExtProd/PRODUCTS/tcltk/Linux-3.2.0-4-amd64/tk8.5.15/unix/tkConfig.sh
configure:2688: checking for existence of /home/almamgr/ACS_javarias/ExtProd/PRODUCTS/tcltk/Linux-3.2.0-4-amd64/tk8.5.15/unix/tkConfig.sh
configure:2692: result: loading
configure:2798: --exec-prefix defaulting to TCL_EXEC_PREFIX /alma/ACS-2014.4/tcltk
configure:2830: checking for a BSD-compatible install
configure:2898: result: /usr/bin/install -c
configure:2967: checking for gcc
configure:2983: found /usr/bin/gcc
configure:2994: result: gcc
configure:3223: checking for C compiler version
configure:3232: gcc --version >&5
gcc (Debian 4.7.2-5) 4.7.2
Copyright (C) 2012 Free Software Foundation, Inc.
This is free software; see the source for copying conditions.  There is NO
warranty; not even for MERCHANTABILITY or FITNESS FOR A PARTICULAR PURPOSE.

configure:3243: $? = 0
configure:3232: gcc -v >&5
Using built-in specs.
COLLECT_GCC=gcc
COLLECT_LTO_WRAPPER=/usr/lib/gcc/x86_64-linux-gnu/4.7/lto-wrapper
Target: x86_64-linux-gnu
Configured with: ../src/configure -v --with-pkgversion='Debian 4.7.2-5' --with-bugurl=file:///usr/share/doc/gcc-4.7/README.Bugs --enable-languages=c,c++,go,fortran,objc,obj-c++ --prefix=/usr --program-suffix=-4.7 --enable-shared --enable-linker-build-id --with-system-zlib --libexecdir=/usr/lib --without-included-gettext --enable-threads=posix --with-gxx-include-dir=/usr/include/c++/4.7 --libdir=/usr/lib --enable-nls --with-sysroot=/ --enable-clocale=gnu --enable-libstdcxx-debug --enable-libstdcxx-time=yes --enable-gnu-unique-object --enable-plugin --enable-objc-gc --with-arch-32=i586 --with-tune=generic --enable-checking=release --build=x86_64-linux-gnu --host=x86_64-linux-gnu --target=x86_64-linux-gnu
Thread model: posix
gcc version 4.7.2 (Debian 4.7.2-5) 
configure:3243: $? = 0
configure:3232: gcc -V >&5
gcc: error: unrecognized command line option '-V'
gcc: fatal error: no input files
compilation terminated.
configure:3243: $? = 4
configure:3232: gcc -qversion >&5
gcc: error: unrecognized command line option '-qversion'
gcc: fatal error: no input files
compilation terminated.
configure:3243: $? = 4
configure:3263: checking whether the C compiler works
configure:3285: gcc    conftest.c  >&5
configure:3289: $? = 0
configure:3338: result: yes
configure:3341: checking for C compiler default output file name
configure:3343: result: a.out
configure:3349: checking for suffix of executables
configure:3356: gcc -o conftest    conftest.c  >&5
configure:3360: $? = 0
configure:3382: result: 
configure:3404: checking whether we are cross compiling
configure:3412: gcc -o conftest    conftest.c  >&5
configure:3416: $? = 0
configure:3423: ./conftest
configure:3427: $? = 0
configure:3442: result: no
configure:3447: checking for suffix of object files
configure:3469: gcc -c   conftest.c >&5
configure:3473: $? = 0
configure:3494: result: o
configure:3498: checking whether we are using the GNU C compiler
configure:3517: gcc -c   conftest.c >&5
configure:3517: $? = 0
configure:3526: result: yes
configure:3535: checking whether gcc accepts -g
configure:3555: gcc -c -g  conftest.c >&5
configure:3555: $? = 0
configure:3596: result: yes
configure:3613: checking for gcc option to accept ISO C89
configure:3677: gcc  -c   conftest.c >&5
configure:3677: $? = 0
configure:3690: result: none needed
configure:3715: checking how to run the C preprocessor
configure:3746: gcc -E  conftest.c
configure:3746: $? = 0
configure:3760: gcc -E  conftest.c
conftest.c:9:28: fatal error: ac_nonexistent.h: No such file or directory
compilation terminated.
configure:3760: $? = 1
configure: failed program was:
| /* confdefs.h */
| #define PACKAGE_NAME "zlibtcl"
| #define PACKAGE_TARNAME "zlibtcl"
| #define PACKAGE_VERSION "1.2.5"
| #define PACKAGE_STRING "zlibtcl 1.2.5"
| #define PACKAGE_BUGREPORT ""
| #define PACKAGE_URL ""
| /* end confdefs.h.  */
| #include <ac_nonexistent.h>
configure:3785: result: gcc -E
configure:3805: gcc -E  conftest.c
configure:3805: $? = 0
configure:3819: gcc -E  conftest.c
conftest.c:9:28: fatal error: ac_nonexistent.h: No such file or directory
compilation terminated.
configure:3819: $? = 1
configure: failed program was:
| /* confdefs.h */
| #define PACKAGE_NAME "zlibtcl"
| #define PACKAGE_TARNAME "zlibtcl"
| #define PACKAGE_VERSION "1.2.5"
| #define PACKAGE_STRING "zlibtcl 1.2.5"
| #define PACKAGE_BUGREPORT ""
| #define PACKAGE_URL ""
| /* end confdefs.h.  */
| #include <ac_nonexistent.h>
configure:3854: checking whether make sets $(MAKE)
configure:3876: result: yes
configure:3933: checking for ranlib
configure:3949: found /usr/bin/ranlib
configure:3960: result: ranlib
configure:3992: checking for grep that handles long lines and -e
configure:4050: result: /bin/grep
configure:4055: checking for egrep
configure:4117: result: /bin/grep -E
configure:4122: checking for ANSI C header files
configure:4142: gcc -c   conftest.c >&5
configure:4142: $? = 0
configure:4215: gcc -o conftest    conftest.c  >&5
configure:4215: $? = 0
configure:4215: ./conftest
configure:4215: $? = 0
configure:4226: result: yes
configure:4239: checking for sys/types.h
configure:4239: gcc -c   conftest.c >&5
configure:4239: $? = 0
configure:4239: result: yes
configure:4239: checking for sys/stat.h
configure:4239: gcc -c   conftest.c >&5
configure:4239: $? = 0
configure:4239: result: yes
configure:4239: checking for stdlib.h
configure:4239: gcc -c   conftest.c >&5
configure:4239: $? = 0
configure:4239: result: yes
configure:4239: checking for string.h
configure:4239: gcc -c   conftest.c >&5
configure:4239: $? = 0
configure:4239: result: yes
configure:4239: checking for memory.h
configure:4239: gcc -c   conftest.c >&5
configure:4239: $? = 0
configure:4239: result: yes
configure:4239: checking for strings.h
configure:4239: gcc -c   conftest.c >&5
configure:4239: $? = 0
configure:4239: result: yes
configure:4239: checking for inttypes.h
configure:4239: gcc -c   conftest.c >&5
configure:4239: $? = 0
configure:4239: result: yes
configure:4239: checking for stdint.h
configure:4239: gcc -c   conftest.c >&5
configure:4239: $? = 0
configure:4239: result: yes
configure:4239: checking for unistd.h
configure:4239: gcc -c   conftest.c >&5
configure:4239: $? = 0
configure:4239: result: yes
configure:4262: checking if the compiler understands -pipe
configure:4280: gcc -c  -pipe  conftest.c >&5
configure:4280: $? = 0
configure:4288: result: yes
configure:4299: checking whether byte ordering is bigendian
configure:4314: gcc -c  -pipe  conftest.c >&5
conftest.c:20:9: error: unknown type name 'not'
conftest.c:20:15: error: expected '=', ',', ';', 'asm' or '__attribute__' before 'universal'
conftest.c:20:15: error: unknown type name 'universal'
configure:4314: $? = 1
configure: failed program was:
| /* confdefs.h */
| #define PACKAGE_NAME "zlibtcl"
| #define PACKAGE_TARNAME "zlibtcl"
| #define PACKAGE_VERSION "1.2.5"
| #define PACKAGE_STRING "zlibtcl 1.2.5"
| #define PACKAGE_BUGREPORT ""
| #define PACKAGE_URL ""
| #define STDC_HEADERS 1
| #define HAVE_SYS_TYPES_H 1
| #define HAVE_SYS_STAT_H 1
| #define HAVE_STDLIB_H 1
| #define HAVE_STRING_H 1
| #define HAVE_MEMORY_H 1
| #define HAVE_STRINGS_H 1
| #define HAVE_INTTYPES_H 1
| #define HAVE_STDINT_H 1
| #define HAVE_UNISTD_H 1
| /* end confdefs.h.  */
| #ifndef __APPLE_CC__
| 	       not a universal capable compiler
| 	     #endif
| 	     typedef int dummy;
| 
configure:4359: gcc -c  -pipe  conftest.c >&5
configure:4359: $? = 0
configure:4377: gcc -c  -pipe  conftest.c >&5
conftest.c: In function 'main':
conftest.c:26:4: error: unknown type name 'not'
conftest.c:26:12: error: expected '=', ',', ';', 'asm' or '__attribute__' before 'endian'
configure:4377: $? = 1
configure: failed program was:
| /* confdefs.h */
| #define PACKAGE_NAME "zlibtcl"
| #define PACKAGE_TARNAME "zlibtcl"
| #define PACKAGE_VERSION "1.2.5"
| #define PACKAGE_STRING "zlibtcl 1.2.5"
| #define PACKAGE_BUGREPORT ""
| #define PACKAGE_URL ""
| #define STDC_HEADERS 1
| #define HAVE_SYS_TYPES_H 1
| #define HAVE_SYS_STAT_H 1
| #define HAVE_STDLIB_H 1
| #define HAVE_STRING_H 1
| #define HAVE_MEMORY_H 1
| #define HAVE_STRINGS_H 1
| #define HAVE_INTTYPES_H 1
| #define HAVE_STDINT_H 1
| #define HAVE_UNISTD_H 1
| /* end confdefs.h.  */
| #include <sys/types.h>
| 		#include <sys/param.h>
| 
| int
| main ()
| {
| #if BYTE_ORDER != BIG_ENDIAN
| 		 not big endian
| 		#endif
| 
|   ;
|   return 0;
| }
configure:4505: result: no
configure:4532: checking for sin
configure:4532: gcc -o conftest  -pipe   conftest.c  >&5
conftest.c:42:6: warning: conflicting types for built-in function 'sin' [enabled by default]
/tmp/ccpOWGkD.o: In function `main':
conftest.c:(.text+0xa): undefined reference to `sin'
collect2: error: ld returned 1 exit status
configure:4532: $? = 1
configure: failed program was:
| /* confdefs.h */
| #define PACKAGE_NAME "zlibtcl"
| #define PACKAGE_TARNAME "zlibtcl"
| #define PACKAGE_VERSION "1.2.5"
| #define PACKAGE_STRING "zlibtcl 1.2.5"
| #define PACKAGE_BUGREPORT ""
| #define PACKAGE_URL ""
| #define STDC_HEADERS 1
| #define HAVE_SYS_TYPES_H 1
| #define HAVE_SYS_STAT_H 1
| #define HAVE_STDLIB_H 1
| #define HAVE_STRING_H 1
| #define HAVE_MEMORY_H 1
| #define HAVE_STRINGS_H 1
| #define HAVE_INTTYPES_H 1
| #define HAVE_STDINT_H 1
| #define HAVE_UNISTD_H 1
| /* end confdefs.h.  */
| /* Define sin to an innocuous variant, in case <limits.h> declares sin.
|    For example, HP-UX 11i <limits.h> declares gettimeofday.  */
| #define sin innocuous_sin
| 
| /* System header to define __stub macros and hopefully few prototypes,
|     which can conflict with char sin (); below.
|     Prefer <limits.h> to <assert.h> if __STDC__ is defined, since
|     <limits.h> exists even on freestanding compilers.  */
| 
| #ifdef __STDC__
| # include <limits.h>
| #else
| # include <assert.h>
| #endif
| 
| #undef sin
| 
| /* Override any GCC internal prototype to avoid an error.
|    Use char because int might match the return type of a GCC
|    builtin and then its argument prototype would still apply.  */
| #ifdef __cplusplus
| extern "C"
| #endif
| char sin ();
| /* The GNU C library defines this for functions which it implements
|     to always fail with ENOSYS.  Some functions are actually named
|     something starting with __ and the normal name is an alias.  */
| #if defined __stub_sin || defined __stub___sin
| choke me
| #endif
| 
| int
| main ()
| {
| return sin ();
|   ;
|   return 0;
| }
configure:4532: result: no
configure:4539: checking for main in -lieee
configure:4558: gcc -o conftest  -pipe   conftest.c -lieee   >&5
configure:4558: $? = 0
configure:4567: result: yes
configure:4579: checking for main in -linet
configure:4598: gcc -o conftest  -pipe   conftest.c -linet   >&5
/usr/bin/ld: cannot find -linet
collect2: error: ld returned 1 exit status
configure:4598: $? = 1
configure: failed program was:
| /* confdefs.h */
| #define PACKAGE_NAME "zlibtcl"
| #define PACKAGE_TARNAME "zlibtcl"
| #define PACKAGE_VERSION "1.2.5"
| #define PACKAGE_STRING "zlibtcl 1.2.5"
| #define PACKAGE_BUGREPORT ""
| #define PACKAGE_URL ""
| #define STDC_HEADERS 1
| #define HAVE_SYS_TYPES_H 1
| #define HAVE_SYS_STAT_H 1
| #define HAVE_STDLIB_H 1
| #define HAVE_STRING_H 1
| #define HAVE_MEMORY_H 1
| #define HAVE_STRINGS_H 1
| #define HAVE_INTTYPES_H 1
| #define HAVE_STDINT_H 1
| #define HAVE_UNISTD_H 1
| /* end confdefs.h.  */
| 
| 
| int
| main ()
| {
| return main ();
|   ;
|   return 0;
| }
configure:4607: result: no
configure:4613: checking net/errno.h usability
configure:4613: gcc -c  -pipe  conftest.c >&5
conftest.c:52:23: fatal error: net/errno.h: No such file or directory
compilation terminated.
configure:4613: $? = 1
configure: failed program was:
| /* confdefs.h */
| #define PACKAGE_NAME "zlibtcl"
| #define PACKAGE_TARNAME "zlibtcl"
| #define PACKAGE_VERSION "1.2.5"
| #define PACKAGE_STRING "zlibtcl 1.2.5"
| #define PACKAGE_BUGREPORT ""
| #define PACKAGE_URL ""
| #define STDC_HEADERS 1
| #define HAVE_SYS_TYPES_H 1
| #define HAVE_SYS_STAT_H 1
| #define HAVE_STDLIB_H 1
| #define HAVE_STRING_H 1
| #define HAVE_MEMORY_H 1
| #define HAVE_STRINGS_H 1
| #define HAVE_INTTYPES_H 1
| #define HAVE_STDINT_H 1
| #define HAVE_UNISTD_H 1
| /* end confdefs.h.  */
| #include <stdio.h>
| #ifdef HAVE_SYS_TYPES_H
| # include <sys/types.h>
| #endif
| #ifdef HAVE_SYS_STAT_H
| # include <sys/stat.h>
| #endif
| #ifdef STDC_HEADERS
| # include <stdlib.h>
| # include <stddef.h>
| #else
| # ifdef HAVE_STDLIB_H
| #  include <stdlib.h>
| # endif
| #endif
| #ifdef HAVE_STRING_H
| # if !defined STDC_HEADERS && defined HAVE_MEMORY_H
| #  include <memory.h>
| # endif
| # include <string.h>
| #endif
| #ifdef HAVE_STRINGS_H
| # include <strings.h>
| #endif
| #ifdef HAVE_INTTYPES_H
| # include <inttypes.h>
| #endif
| #ifdef HAVE_STDINT_H
| # include <stdint.h>
| #endif
| #ifdef HAVE_UNISTD_H
| # include <unistd.h>
| #endif
| #include <net/errno.h>
configure:4613: result: no
configure:4613: checking net/errno.h presence
configure:4613: gcc -E  conftest.c
conftest.c:19:23: fatal error: net/errno.h: No such file or directory
compilation terminated.
configure:4613: $? = 1
configure: failed program was:
| /* confdefs.h */
| #define PACKAGE_NAME "zlibtcl"
| #define PACKAGE_TARNAME "zlibtcl"
| #define PACKAGE_VERSION "1.2.5"
| #define PACKAGE_STRING "zlibtcl 1.2.5"
| #define PACKAGE_BUGREPORT ""
| #define PACKAGE_URL ""
| #define STDC_HEADERS 1
| #define HAVE_SYS_TYPES_H 1
| #define HAVE_SYS_STAT_H 1
| #define HAVE_STDLIB_H 1
| #define HAVE_STRING_H 1
| #define HAVE_MEMORY_H 1
| #define HAVE_STRINGS_H 1
| #define HAVE_INTTYPES_H 1
| #define HAVE_STDINT_H 1
| #define HAVE_UNISTD_H 1
| /* end confdefs.h.  */
| #include <net/errno.h>
configure:4613: result: no
configure:4613: checking for net/errno.h
configure:4613: result: no
configure:4642: checking for connect
configure:4642: gcc -o conftest  -pipe   conftest.c  >&5
configure:4642: $? = 0
configure:4642: result: yes
configure:4710: checking for gethostbyname
configure:4710: gcc -o conftest  -pipe   conftest.c  >&5
configure:4710: $? = 0
configure:4710: result: yes
configure:4765: checking dirent.h
configure:4801: gcc -o conftest  -pipe   conftest.c  >&5
configure:4801: $? = 0
configure:4809: result: yes
configure:4819: checking errno.h usability
configure:4819: gcc -c  -pipe  conftest.c >&5
configure:4819: $? = 0
configure:4819: result: yes
configure:4819: checking errno.h presence
configure:4819: gcc -E  conftest.c
configure:4819: $? = 0
configure:4819: result: yes
configure:4819: checking for errno.h
configure:4819: result: yes
configure:4829: checking float.h usability
configure:4829: gcc -c  -pipe  conftest.c >&5
configure:4829: $? = 0
configure:4829: result: yes
configure:4829: checking float.h presence
configure:4829: gcc -E  conftest.c
configure:4829: $? = 0
configure:4829: result: yes
configure:4829: checking for float.h
configure:4829: result: yes
configure:4839: checking values.h usability
configure:4839: gcc -c  -pipe  conftest.c >&5
configure:4839: $? = 0
configure:4839: result: yes
configure:4839: checking values.h presence
configure:4839: gcc -E  conftest.c
configure:4839: $? = 0
configure:4839: result: yes
configure:4839: checking for values.h
configure:4839: result: yes
configure:4849: checking limits.h usability
configure:4849: gcc -c  -pipe  conftest.c >&5
configure:4849: $? = 0
configure:4849: result: yes
configure:4849: checking limits.h presence
configure:4849: gcc -E  conftest.c
configure:4849: $? = 0
configure:4849: result: yes
configure:4849: checking for limits.h
configure:4849: result: yes
configure:4861: checking for stdlib.h
configure:4861: result: yes
configure:4913: checking for string.h
configure:4913: result: yes
configure:4957: checking sys/wait.h usability
configure:4957: gcc -c  -pipe  conftest.c >&5
configure:4957: $? = 0
configure:4957: result: yes
configure:4957: checking sys/wait.h presence
configure:4957: gcc -E  conftest.c
configure:4957: $? = 0
configure:4957: result: yes
configure:4957: checking for sys/wait.h
configure:4957: result: yes
configure:4967: checking dlfcn.h usability
configure:4967: gcc -c  -pipe  conftest.c >&5
configure:4967: $? = 0
configure:4967: result: yes
configure:4967: checking dlfcn.h presence
configure:4967: gcc -E  conftest.c
configure:4967: $? = 0
configure:4967: result: yes
configure:4967: checking for dlfcn.h
configure:4967: result: yes
configure:4981: checking sys/param.h usability
configure:4981: gcc -c  -pipe  conftest.c >&5
configure:4981: $? = 0
configure:4981: result: yes
configure:4981: checking sys/param.h presence
configure:4981: gcc -E  conftest.c
configure:4981: $? = 0
configure:4981: result: yes
configure:4981: checking for sys/param.h
configure:4981: result: yes
configure:5326: checking for Tcl public headers
configure:5397: result: /home/almamgr/ACS_javarias/ExtProd/PRODUCTS/tcltk/Linux-3.2.0-4-amd64/tcl8.5.15/generic
configure:5410: checking for Tk public headers
configure:5484: result: /home/almamgr/ACS_javarias/ExtProd/PRODUCTS/tcltk/Linux-3.2.0-4-amd64/tk8.5.15/generic
configure:5573: checking for pthread_mutex_init in -lpthread
configure:5598: gcc -o conftest  -pipe   conftest.c -lpthread   >&5
configure:5598: $? = 0
configure:5607: result: yes
configure:5816: checking for building with threads
configure:5822: result: yes (default)
configure:5863: checking how to build libraries
configure:5881: result: shared
configure:5906: checking if 64bit support is requested
configure:5915: result: no
configure:5920: checking if 64bit Sparc VIS support is requested
configure:5929: result: no
configure:5939: checking if compiler supports visibility "hidden"
configure:5959: gcc -o conftest  -pipe -Werror   conftest.c  >&5
configure:5959: $? = 0
configure:5968: result: yes
configure:5980: checking if rpath support is requested
configure:5989: result: yes
configure:6014: checking system version
configure:6045: result: Linux-3.2.0-4-amd64
configure:6053: checking for dlopen in -ldl
configure:6078: gcc -o conftest  -pipe   conftest.c -ldl   >&5
configure:6078: $? = 0
configure:6087: result: yes
configure:6132: checking for ar
configure:6148: found /usr/bin/ar
configure:6159: result: ar
configure:8078: checking for required early compiler flags
configure:8096: gcc -c  -pipe  conftest.c >&5
configure:8096: $? = 0
configure:8143: gcc -c  -pipe  conftest.c >&5
conftest.c: In function 'main':
conftest.c:30:15: error: storage size of 'buf' isn't known
configure:8143: $? = 1
configure: failed program was:
| /* confdefs.h */
| #define PACKAGE_NAME "zlibtcl"
| #define PACKAGE_TARNAME "zlibtcl"
| #define PACKAGE_VERSION "1.2.5"
| #define PACKAGE_STRING "zlibtcl 1.2.5"
| #define PACKAGE_BUGREPORT ""
| #define PACKAGE_URL ""
| #define STDC_HEADERS 1
| #define HAVE_SYS_TYPES_H 1
| #define HAVE_SYS_STAT_H 1
| #define HAVE_STDLIB_H 1
| #define HAVE_STRING_H 1
| #define HAVE_MEMORY_H 1
| #define HAVE_STRINGS_H 1
| #define HAVE_INTTYPES_H 1
| #define HAVE_STDINT_H 1
| #define HAVE_UNISTD_H 1
| #define HAVE_LIMITS_H 1
| #define HAVE_SYS_PARAM_H 1
| #define USE_THREAD_ALLOC 1
| #define _REENTRANT 1
| #define _THREAD_SAFE 1
| #define TCL_THREADS 1
| #define MODULE_SCOPE extern __attribute__((__visibility__("hidden")))
| /* end confdefs.h.  */
| #include <sys/stat.h>
| int
| main ()
| {
| struct stat64 buf; int i = stat64("/", &buf);
|   ;
|   return 0;
| }
configure:8158: gcc -c  -pipe  conftest.c >&5
configure:8158: $? = 0
configure:8190: gcc -c  -pipe  conftest.c >&5
conftest.c: In function 'main':
conftest.c:31:19: error: 'open64' undeclared (first use in this function)
conftest.c:31:19: note: each undeclared identifier is reported only once for each function it appears in
configure:8190: $? = 1
configure: failed program was:
| /* confdefs.h */
| #define PACKAGE_NAME "zlibtcl"
| #define PACKAGE_TARNAME "zlibtcl"
| #define PACKAGE_VERSION "1.2.5"
| #define PACKAGE_STRING "zlibtcl 1.2.5"
| #define PACKAGE_BUGREPORT ""
| #define PACKAGE_URL ""
| #define STDC_HEADERS 1
| #define HAVE_SYS_TYPES_H 1
| #define HAVE_SYS_STAT_H 1
| #define HAVE_STDLIB_H 1
| #define HAVE_STRING_H 1
| #define HAVE_MEMORY_H 1
| #define HAVE_STRINGS_H 1
| #define HAVE_INTTYPES_H 1
| #define HAVE_STDINT_H 1
| #define HAVE_UNISTD_H 1
| #define HAVE_LIMITS_H 1
| #define HAVE_SYS_PARAM_H 1
| #define USE_THREAD_ALLOC 1
| #define _REENTRANT 1
| #define _THREAD_SAFE 1
| #define TCL_THREADS 1
| #define MODULE_SCOPE extern __attribute__((__visibility__("hidden")))
| #define _LARGEFILE64_SOURCE 1
| /* end confdefs.h.  */
| #include <sys/stat.h>
| int
| main ()
| {
| char *p = (char *)open64;
|   ;
|   return 0;
| }
configure:8205: gcc -c  -pipe  conftest.c >&5
conftest.c: In function 'main':
conftest.c:32:19: error: 'open64' undeclared (first use in this function)
conftest.c:32:19: note: each undeclared identifier is reported only once for each function it appears in
configure:8205: $? = 1
configure: failed program was:
| /* confdefs.h */
| #define PACKAGE_NAME "zlibtcl"
| #define PACKAGE_TARNAME "zlibtcl"
| #define PACKAGE_VERSION "1.2.5"
| #define PACKAGE_STRING "zlibtcl 1.2.5"
| #define PACKAGE_BUGREPORT ""
| #define PACKAGE_URL ""
| #define STDC_HEADERS 1
| #define HAVE_SYS_TYPES_H 1
| #define HAVE_SYS_STAT_H 1
| #define HAVE_STDLIB_H 1
| #define HAVE_STRING_H 1
| #define HAVE_MEMORY_H 1
| #define HAVE_STRINGS_H 1
| #define HAVE_INTTYPES_H 1
| #define HAVE_STDINT_H 1
| #define HAVE_UNISTD_H 1
| #define HAVE_LIMITS_H 1
| #define HAVE_SYS_PARAM_H 1
| #define USE_THREAD_ALLOC 1
| #define _REENTRANT 1
| #define _THREAD_SAFE 1
| #define TCL_THREADS 1
| #define MODULE_SCOPE extern __attribute__((__visibility__("hidden")))
| #define _LARGEFILE64_SOURCE 1
| /* end confdefs.h.  */
| #define _LARGEFILE_SOURCE64 1
| #include <sys/stat.h>
| int
| main ()
| {
| char *p = (char *)open64;
|   ;
|   return 0;
| }
configure:8226: result:  _LARGEFILE64_SOURCE
configure:8231: checking for 64-bit integer type
configure:8250: gcc -c  -pipe  conftest.c >&5
conftest.c: In function 'main':
conftest.c:31:1: error: unknown type name '__int64'
conftest.c:31:18: error: '__int64' undeclared (first use in this function)
conftest.c:31:18: note: each undeclared identifier is reported only once for each function it appears in
conftest.c:31:27: error: expected ',' or ';' before numeric constant
configure:8250: $? = 1
configure: failed program was:
| /* confdefs.h */
| #define PACKAGE_NAME "zlibtcl"
| #define PACKAGE_TARNAME "zlibtcl"
| #define PACKAGE_VERSION "1.2.5"
| #define PACKAGE_STRING "zlibtcl 1.2.5"
| #define PACKAGE_BUGREPORT ""
| #define PACKAGE_URL ""
| #define STDC_HEADERS 1
| #define HAVE_SYS_TYPES_H 1
| #define HAVE_SYS_STAT_H 1
| #define HAVE_STDLIB_H 1
| #define HAVE_STRING_H 1
| #define HAVE_MEMORY_H 1
| #define HAVE_STRINGS_H 1
| #define HAVE_INTTYPES_H 1
| #define HAVE_STDINT_H 1
| #define HAVE_UNISTD_H 1
| #define HAVE_LIMITS_H 1
| #define HAVE_SYS_PARAM_H 1
| #define USE_THREAD_ALLOC 1
| #define _REENTRANT 1
| #define _THREAD_SAFE 1
| #define TCL_THREADS 1
| #define MODULE_SCOPE extern __attribute__((__visibility__("hidden")))
| #define _LARGEFILE64_SOURCE 1
| /* end confdefs.h.  */
| 
| int
| main ()
| {
| __int64 value = (__int64) 0;
|   ;
|   return 0;
| }
configure:8272: gcc -c  -pipe  conftest.c >&5
conftest.c: In function 'main':
conftest.c:32:21: error: duplicate case value
conftest.c:32:13: error: previously used here
configure:8272: $? = 1
configure: failed program was:
| /* confdefs.h */
| #define PACKAGE_NAME "zlibtcl"
| #define PACKAGE_TARNAME "zlibtcl"
| #define PACKAGE_VERSION "1.2.5"
| #define PACKAGE_STRING "zlibtcl 1.2.5"
| #define PACKAGE_BUGREPORT ""
| #define PACKAGE_URL ""
| #define STDC_HEADERS 1
| #define HAVE_SYS_TYPES_H 1
| #define HAVE_SYS_STAT_H 1
| #define HAVE_STDLIB_H 1
| #define HAVE_STRING_H 1
| #define HAVE_MEMORY_H 1
| #define HAVE_STRINGS_H 1
| #define HAVE_INTTYPES_H 1
| #define HAVE_STDINT_H 1
| #define HAVE_UNISTD_H 1
| #define HAVE_LIMITS_H 1
| #define HAVE_SYS_PARAM_H 1
| #define USE_THREAD_ALLOC 1
| #define _REENTRANT 1
| #define _THREAD_SAFE 1
| #define TCL_THREADS 1
| #define MODULE_SCOPE extern __attribute__((__visibility__("hidden")))
| #define _LARGEFILE64_SOURCE 1
| /* end confdefs.h.  */
| 
| int
| main ()
| {
| switch (0) {
|             case 1: case (sizeof(long long)==sizeof(long)): ;
|         }
|   ;
|   return 0;
| }
configure:8282: result: using long
configure:8427: checking for build with symbols
configure:8440: result: no
configure:8589: checking for tclsh
configure:8616: result: /home/almamgr/ACS_javarias/ExtProd/PRODUCTS/tcltk/Linux-3.2.0-4-amd64/tcl8.5.15/unix/tclsh
configure:8730: updating cache ../config.cache
configure:8805: creating ./config.status

## ---------------------- ##
## Running config.status. ##
## ---------------------- ##

This file was extended by zlibtcl config.status 1.2.5, which was
generated by GNU Autoconf 2.65.  Invocation command line was

  CONFIG_FILES    = 
  CONFIG_HEADERS  = 
  CONFIG_LINKS    = 
  CONFIG_COMMANDS = 
  $ ./config.status 

on ariestest

config.status:822: creating Makefile
config.status:822: creating zlibtclConfig.sh

## ---------------- ##
## Cache variables. ##
## ---------------- ##

ac_cv_c_bigendian=no
ac_cv_c_compiler_gnu=yes
ac_cv_c_tclconfig=/home/almamgr/ACS_javarias/ExtProd/PRODUCTS/tcltk/Linux-3.2.0-4-amd64/tcl8.5.15/unix
ac_cv_c_tclh=/home/almamgr/ACS_javarias/ExtProd/PRODUCTS/tcltk/Linux-3.2.0-4-amd64/tcl8.5.15/generic
ac_cv_c_tkconfig=/home/almamgr/ACS_javarias/ExtProd/PRODUCTS/tcltk/Linux-3.2.0-4-amd64/tk8.5.15/unix
ac_cv_c_tkh=/home/almamgr/ACS_javarias/ExtProd/PRODUCTS/tcltk/Linux-3.2.0-4-amd64/tk8.5.15/generic
ac_cv_env_CC_set=
ac_cv_env_CC_value=
ac_cv_env_CFLAGS_set=
ac_cv_env_CFLAGS_value=
ac_cv_env_CPPFLAGS_set=
ac_cv_env_CPPFLAGS_value=
ac_cv_env_CPP_set=
ac_cv_env_CPP_value=
ac_cv_env_LDFLAGS_set=
ac_cv_env_LDFLAGS_value=
ac_cv_env_LIBS_set=
ac_cv_env_LIBS_value=
ac_cv_env_build_alias_set=
ac_cv_env_build_alias_value=
ac_cv_env_host_alias_set=
ac_cv_env_host_alias_value=
ac_cv_env_target_alias_set=
ac_cv_env_target_alias_value=
ac_cv_func_connect=yes
ac_cv_func_gethostbyname=yes
ac_cv_func_sin=no
ac_cv_header_dlfcn_h=yes
ac_cv_header_errno_h=yes
ac_cv_header_float_h=yes
ac_cv_header_inttypes_h=yes
ac_cv_header_limits_h=yes
ac_cv_header_memory_h=yes
ac_cv_header_net_errno_h=no
ac_cv_header_stdc=yes
ac_cv_header_stdint_h=yes
ac_cv_header_stdlib_h=yes
ac_cv_header_string_h=yes
ac_cv_header_strings_h=yes
ac_cv_header_sys_param_h=yes
ac_cv_header_sys_stat_h=yes
ac_cv_header_sys_types_h=yes
ac_cv_header_sys_wait_h=yes
ac_cv_header_unistd_h=yes
ac_cv_header_values_h=yes
ac_cv_lib_dl_dlopen=yes
ac_cv_lib_ieee_main=yes
ac_cv_lib_inet_main=no
ac_cv_lib_pthread_pthread_mutex_init=yes
ac_cv_objext=o
ac_cv_path_EGREP='/bin/grep -E'
ac_cv_path_GREP=/bin/grep
ac_cv_path_install='/usr/bin/install -c'
ac_cv_prog_AR=ar
ac_cv_prog_CPP='gcc -E'
ac_cv_prog_ac_ct_CC=gcc
ac_cv_prog_ac_ct_RANLIB=ranlib
ac_cv_prog_cc_c89=
ac_cv_prog_cc_g=yes
ac_cv_prog_make_make_set=yes
tcl_cv_cc_pipe=yes
tcl_cv_cc_visibility_hidden=yes
tcl_cv_dirent_h=yes
tcl_cv_flag__isoc99_source=no
tcl_cv_flag__largefile64_source=yes
tcl_cv_flag__largefile_source64=no
tcl_cv_sys_version=Linux-3.2.0-4-amd64
tcl_cv_type_64bit=none

## ----------------- ##
## Output variables. ##
## ----------------- ##

AR='ar'
CC='gcc'
CELIB_DIR=''
CFLAGS=' -pipe ${CFLAGS_DEFAULT} ${CFLAGS_WARNING} ${SHLIB_CFLAGS} '
CFLAGS_DEBUG='-g'
CFLAGS_DEFAULT='-O2 -fomit-frame-pointer'
CFLAGS_OPTIMIZE='-O2 -fomit-frame-pointer'
CFLAGS_WARNING='-Wall -Wwrite-strings'
CLEANFILES=''
CPP='gcc -E'
CPPFLAGS=''
CYGPATH='echo'
DEFS='-DPACKAGE_NAME=\"zlibtcl\" -DPACKAGE_TARNAME=\"zlibtcl\" -DPACKAGE_VERSION=\"1.2.5\" -DPACKAGE_STRING=\"zlibtcl\ 1.2.5\" -DPACKAGE_BUGREPORT=\"\" -DPACKAGE_URL=\"\" -DSTDC_HEADERS=1 -DHAVE_SYS_TYPES_H=1 -DHAVE_SYS_STAT_H=1 -DHAVE_STDLIB_H=1 -DHAVE_STRING_H=1 -DHAVE_MEMORY_H=1 -DHAVE_STRINGS_H=1 -DHAVE_INTTYPES_H=1 -DHAVE_STDINT_H=1 -DHAVE_UNISTD_H=1 -DHAVE_LIMITS_H=1 -DHAVE_SYS_PARAM_H=1 -DUSE_THREAD_ALLOC=1 -D_REENTRANT=1 -D_THREAD_SAFE=1 -DTCL_THREADS=1 -DMODULE_SCOPE=extern\ __attribute__\(\(__visibility__\(\"hidden\"\)\)\) -D_LARGEFILE64_SOURCE=1 -DTCL_WIDE_INT_IS_LONG=1 -DUSE_TCL_STUBS=1'
DL_LIBS='-ldl'
ECHO_C=''
ECHO_N='-n'
ECHO_T=''
EGREP='/bin/grep -E'
EXEEXT=''
GREP='/bin/grep'
INSTALL_DATA='${INSTALL} -m 644'
INSTALL_PROGRAM='${INSTALL}'
INSTALL_SCRIPT='${INSTALL}'
LDFLAGS=' -Wl,--export-dynamic '
LDFLAGS_DEFAULT=' -Wl,--export-dynamic '
LD_LIBRARY_PATH_VAR='LD_LIBRARY_PATH'
LIBOBJS=''
LIBS=''
LTLIBOBJS=''
MAJOR_VERSION=''
MAKE_LIB='${SHLIB_LD} -o $@ $(PKG_OBJECTS) ${SHLIB_LD_LIBS} '
MAKE_SHARED_LIB='${SHLIB_LD} -o $@ $(PKG_OBJECTS) ${SHLIB_LD_LIBS}'
MAKE_STATIC_LIB='${STLIB_LD} $@ $(PKG_OBJECTS)'
MAKE_STUB_LIB='${STLIB_LD} $@ $(PKG_STUB_OBJECTS)'
MATH_LIBS='-lieee -lm'
MINOR_VERSION=''
OBJEXT='o'
PACKAGE_BUGREPORT=''
PACKAGE_NAME='zlibtcl'
PACKAGE_STRING='zlibtcl 1.2.5'
PACKAGE_TARNAME='zlibtcl'
PACKAGE_URL=''
PACKAGE_VERSION='1.2.5'
PATCHLEVEL=''
PATH_SEPARATOR=':'
PKG_CFLAGS=' '
PKG_HEADERS=' zlibtcl.h zlibtclDecls.h'
PKG_INCLUDES=' -I"."'
PKG_LIBS=''
PKG_LIB_FILE='libzlibtcl1.2.5.so'
PKG_OBJECTS=' zlibtcl.o zlibtclStubInit.o adler32.o compress.o crc32.o deflate.o gzclose.o gzlib.o gzread.o gzwrite.o infback.o inffast.o inflate.o inftrees.o trees.o uncompr.o zutil.o zlibtclStubLib.o'
PKG_SOURCES=' zlibtcl.c zlibtclStubInit.c ../compat/zlib/adler32.c ../compat/zlib/compress.c ../compat/zlib/crc32.c ../compat/zlib/deflate.c ../compat/zlib/gzclose.c ../compat/zlib/gzlib.c ../compat/zlib/gzread.c ../compat/zlib/gzwrite.c ../compat/zlib/infback.c ../compat/zlib/inffast.c ../compat/zlib/inflate.c ../compat/zlib/inftrees.c ../compat/zlib/trees.c ../compat/zlib/uncompr.c ../compat/zlib/zutil.c zlibtclStubLib.c'
PKG_STUB_LIB_FILE='libzlibtclstub1.2.5.a'
PKG_STUB_OBJECTS=' zlibtclStubLib.o'
PKG_STUB_SOURCES=' zlibtclStubLib.c'
PKG_TCL_SOURCES=''
RANLIB=':'
RANLIB_STUB='ranlib'
SET_MAKE=''
SHARED_BUILD='1'
SHELL='/bin/sh'
SHLIB_CFLAGS='-fPIC'
SHLIB_LD='${CC} -shared ${CFLAGS} ${LDFLAGS_DEFAULT}'
SHLIB_LD_LIBS='${LIBS} -L/home/almamgr/ACS_javarias/ExtProd/PRODUCTS/tcltk/Linux-3.2.0-4-amd64/tcl8.5.15/unix -ltclstub8.5 -L/home/almamgr/ACS_javarias/ExtProd/PRODUCTS/tcltk/Linux-3.2.0-4-amd64/tk8.5.15/unix -ltkstub8.5 ${TCL_LIBS}'
STLIB_LD='${AR} cr'
TCLSH_PROG='/home/almamgr/ACS_javarias/ExtProd/PRODUCTS/tcltk/Linux-3.2.0-4-amd64/tcl8.5.15/unix/tclsh'
TCL_BIN_DIR='/home/almamgr/ACS_javarias/ExtProd/PRODUCTS/tcltk/Linux-3.2.0-4-amd64/tcl8.5.15/unix'
TCL_DBGX=''
TCL_DEFS='-DPACKAGE_NAME=\"tcl\" -DPACKAGE_TARNAME=\"tcl\" -DPACKAGE_VERSION=\"8.5\" -DPACKAGE_STRING=\"tcl\ 8.5\" -DPACKAGE_BUGREPORT=\"\" -DSTDC_HEADERS=1 -DHAVE_SYS_TYPES_H=1 -DHAVE_SYS_STAT_H=1 -DHAVE_STDLIB_H=1 -DHAVE_STRING_H=1 -DHAVE_MEMORY_H=1 -DHAVE_STRINGS_H=1 -DHAVE_INTTYPES_H=1 -DHAVE_STDINT_H=1 -DHAVE_UNISTD_H=1 -DHAVE_LIMITS_H=1 -DHAVE_SYS_PARAM_H=1 -DUSE_THREAD_ALLOC=1 -D_REENTRANT=1 -D_THREAD_SAFE=1 -DHAVE_PTHREAD_ATTR_SETSTACKSIZE=1 -DHAVE_PTHREAD_ATFORK=1 -DHAVE_PTHREAD_GETATTR_NP=1 -DGETATTRNP_NOT_DECLARED=1 -DTCL_THREADS=1 -DTCL_CFGVAL_ENCODING=\"iso8859-1\" -DMODULE_SCOPE=extern\ __attribute__\(\(__visibility__\(\"hidden\"\)\)\) -DHAVE_CAST_TO_UNION=1 -DTCL_SHLIB_EXT=\".so\" -DNDEBUG=1 -DTCL_CFG_OPTIMIZED=1 -DTCL_TOMMATH=1 -DMP_PREC=4 -D_LARGEFILE64_SOURCE=1 -DTCL_WIDE_INT_IS_LONG=1 -DHAVE_GETCWD=1 -DHAVE_OPENDIR=1 -DHAVE_STRTOL=1 -DHAVE_WAITPID=1 -DHAVE_GETADDRINFO=1 -DHAVE_GETPWUID_R_5=1 -DHAVE_GETPWUID_R=1 -DHAVE_GETPWNAM_R_5=1 -DHAVE_GETPWNAM_R=1 -DHAVE_GETGRGID_R_5=1 -DHAVE_GETGRGID_R=1 -DHAVE_GETGRNAM_R_5=1 -DHAVE_GETGRNAM_R=1 -DHAVE_GETHOSTBYNAME_R_6=1 -DHAVE_GETHOSTBYNAME_R=1 -DHAVE_GETHOSTBYADDR_R_8=1 -DHAVE_GETHOSTBYADDR_R=1 -DUSE_TERMIOS=1 -DHAVE_SYS_TIME_H=1 -DTIME_WITH_SYS_TIME=1 -DHAVE_GMTIME_R=1 -DHAVE_LOCALTIME_R=1 -DHAVE_MKTIME=1 -DHAVE_TM_GMTOFF=1 -DHAVE_TIMEZONE_VAR=1 -DHAVE_STRUCT_STAT_ST_BLOCKS=1 -DHAVE_STRUCT_STAT_ST_BLKSIZE=1 -DHAVE_BLKCNT_T=1 -DHAVE_INTPTR_T=1 -DHAVE_UINTPTR_T=1 -DHAVE_SIGNED_CHAR=1 -DHAVE_LANGINFO=1 -DHAVE_SYS_IOCTL_H=1 -DTCL_UNLOAD_DLLS=1 -DHAVE_CPUID=1 '
TCL_EXTRA_CFLAGS=' -pipe '
TCL_INCLUDES='-I"/home/almamgr/ACS_javarias/ExtProd/PRODUCTS/tcltk/Linux-3.2.0-4-amd64/tcl8.5.15/generic"'
TCL_LD_FLAGS=' -Wl,--export-dynamic '
TCL_LIBS='${DL_LIBS} ${LIBS} ${MATH_LIBS}'
TCL_LIB_FILE='libtcl8.5.so'
TCL_LIB_FLAG='-ltcl8.5'
TCL_LIB_SPEC='-L/home/almamgr/ACS_javarias/ExtProd/PRODUCTS/tcltk/Linux-3.2.0-4-amd64/tcl8.5.15/unix -ltcl8.5'
TCL_PATCH_LEVEL='.15'
TCL_SHLIB_LD_LIBS='${LIBS}'
TCL_SRC_DIR='/home/almamgr/ACS_javarias/ExtProd/PRODUCTS/tcltk/Linux-3.2.0-4-amd64/tcl8.5.15'
TCL_STUB_LIB_FILE='libtclstub8.5.a'
TCL_STUB_LIB_FLAG='-ltclstub8.5'
TCL_STUB_LIB_SPEC='-L/home/almamgr/ACS_javarias/ExtProd/PRODUCTS/tcltk/Linux-3.2.0-4-amd64/tcl8.5.15/unix -ltclstub8.5'
TCL_THREADS='1'
TCL_VERSION='8.5'
TK_BIN_DIR='/home/almamgr/ACS_javarias/ExtProd/PRODUCTS/tcltk/Linux-3.2.0-4-amd64/tk8.5.15/unix'
TK_INCLUDES='-I"/home/almamgr/ACS_javarias/ExtProd/PRODUCTS/tcltk/Linux-3.2.0-4-amd64/tk8.5.15/generic"'
TK_LIBS='-lX11   -lpthread -ldl  -lpthread -lieee -lm'
TK_LIB_FILE='libtk8.5.so'
TK_LIB_FLAG='-ltk8.5'
TK_LIB_SPEC='-L/home/almamgr/ACS_javarias/ExtProd/PRODUCTS/tcltk/Linux-3.2.0-4-amd64/tk8.5.15/unix -ltk8.5'
TK_SRC_DIR='/home/almamgr/ACS_javarias/ExtProd/PRODUCTS/tcltk/Linux-3.2.0-4-amd64/tk8.5.15'
TK_STUB_LIB_FILE='libtkstub8.5.a'
TK_STUB_LIB_FLAG='-ltkstub8.5'
TK_STUB_LIB_SPEC='-L/home/almamgr/ACS_javarias/ExtProd/PRODUCTS/tcltk/Linux-3.2.0-4-amd64/tk8.5.15/unix -ltkstub8.5'
TK_VERSION='8.5'
TK_XINCLUDES=''
ac_ct_CC='gcc'
bindir='${exec_prefix}/bin'
build_alias=''
datadir='${datarootdir}'
datarootdir='${prefix}/share'
docdir='${datarootdir}/doc/${PACKAGE_TARNAME}'
dvidir='${docdir}'
exec_prefix='/alma/ACS-2014.4/tcltk'
host_alias=''
htmldir='${docdir}'
includedir='${prefix}/include'
infodir='${datarootdir}/info'
libdir='${exec_prefix}/lib'
libexecdir='${exec_prefix}/libexec'
localedir='${datarootdir}/locale'
localstatedir='${prefix}/var'
mandir='${datarootdir}/man'
oldincludedir='/usr/include'
pdfdir='${docdir}'
prefix='/alma/ACS-2014.4/tcltk'
program_transform_name='s,x,x,'
psdir='${docdir}'
sbindir='${exec_prefix}/sbin'
sharedstatedir='${prefix}/com'
sysconfdir='${prefix}/etc'
target_alias=''
zlibtcl_BUILD_LIB_SPEC='-L/home/almamgr/ACS_javarias/ExtProd/PRODUCTS/tcltk/Linux-3.2.0-4-amd64/tkimg1.4/zlib -lzlibtcl1.2.5'
zlibtcl_BUILD_STUB_LIB_PATH='/home/almamgr/ACS_javarias/ExtProd/PRODUCTS/tcltk/Linux-3.2.0-4-amd64/tkimg1.4/zlib/libzlibtclstub1.2.5.a'
zlibtcl_BUILD_STUB_LIB_SPEC='-L/home/almamgr/ACS_javarias/ExtProd/PRODUCTS/tcltk/Linux-3.2.0-4-amd64/tkimg1.4/zlib -lzlibtclstub1.2.5'
zlibtcl_LIB_SPEC='-L/alma/ACS-2014.4/tcltk/lib/zlibtcl1.2.5 -lzlibtcl1.2.5'
zlibtcl_STUB_LIB_PATH='/alma/ACS-2014.4/tcltk/lib/zlibtcl1.2.5/libzlibtclstub1.2.5.a'
zlibtcl_STUB_LIB_SPEC='-L/alma/ACS-2014.4/tcltk/lib/zlibtcl1.2.5 -lzlibtclstub1.2.5'

## ----------- ##
## confdefs.h. ##
## ----------- ##

/* confdefs.h */
#define PACKAGE_NAME "zlibtcl"
#define PACKAGE_TARNAME "zlibtcl"
#define PACKAGE_VERSION "1.2.5"
#define PACKAGE_STRING "zlibtcl 1.2.5"
#define PACKAGE_BUGREPORT ""
#define PACKAGE_URL ""
#define STDC_HEADERS 1
#define HAVE_SYS_TYPES_H 1
#define HAVE_SYS_STAT_H 1
#define HAVE_STDLIB_H 1
#define HAVE_STRING_H 1
#define HAVE_MEMORY_H 1
#define HAVE_STRINGS_H 1
#define HAVE_INTTYPES_H 1
#define HAVE_STDINT_H 1
#define HAVE_UNISTD_H 1
#define HAVE_LIMITS_H 1
#define HAVE_SYS_PARAM_H 1
#define USE_THREAD_ALLOC 1
#define _REENTRANT 1
#define _THREAD_SAFE 1
#define TCL_THREADS 1
#define MODULE_SCOPE extern __attribute__((__visibility__("hidden")))
#define _LARGEFILE64_SOURCE 1
#define TCL_WIDE_INT_IS_LONG 1
#define USE_TCL_STUBS 1

configure: exit 0
