This file contains any messages produced by compilers while
running configure, to aid debugging if configure makes a mistake.

It was created by pngtcl configure 1.4.3, which was
generated by GNU Autoconf 2.65.  Invocation command line was

  $ ./configure --prefix=/alma/ACS-2014.4/tcltk --enable-shared --srcdir=/home/almamgr/ACS_javarias/ExtProd/PRODUCTS/tcltk/Linux-3.2.0-4-amd64/tkimg1.4 --cache-file=../config.cache --srcdir=. --with-zlibtcl=/home/almamgr/ACS_javarias/ExtProd/PRODUCTS/tcltk/Linux-3.2.0-4-amd64/tkimg1.4/zlib --disable-option-checking

## --------- ##
## Platform. ##
## --------- ##

hostname = ariestest
uname -m = x86_64
uname -r = 3.2.0-4-amd64
uname -s = Linux
uname -v = #1 SMP Debian 3.2.60-1+deb7u1

/usr/bin/uname -p = unknown
/bin/uname -X     = unknown

/bin/arch              = unknown
/usr/bin/arch -k       = unknown
/usr/convex/getsysinfo = unknown
/usr/bin/hostinfo      = unknown
/bin/machine           = unknown
/usr/bin/oslevel       = unknown
/bin/universe          = unknown

PATH: /alma/ACS-2014.4/ACSSW/bin
PATH: /usr/lib/jvm/java-7-openjdk-amd64/bin
PATH: /usr/share/ant/bin
PATH: /alma/ACS-2014.4/JacORB/bin
PATH: /alma/ACS-2014.4/Python/bin
PATH: /alma/ACS-2014.4/Python/omni/bin
PATH: /alma/ACS-2014.4/tcltk/bin
PATH: /usr/bin
PATH: /usr/local/bin
PATH: /usr/bin
PATH: /bin
PATH: /usr/local/games
PATH: /usr/games


## ----------- ##
## Core tests. ##
## ----------- ##

configure:2097: loading cache ../config.cache
configure:2184: checking for correct TEA configuration
configure:2197: result: ok (TEA 3.7)
configure:2329: checking for Tcl configuration
configure:2451: result: found /home/almamgr/ACS_javarias/ExtProd/PRODUCTS/tcltk/Linux-3.2.0-4-amd64/tcl8.5.15/unix/tclConfig.sh
configure:2457: checking for existence of /home/almamgr/ACS_javarias/ExtProd/PRODUCTS/tcltk/Linux-3.2.0-4-amd64/tcl8.5.15/unix/tclConfig.sh
configure:2461: result: loading
configure:2572: checking for Tk configuration
configure:2694: result: found /home/almamgr/ACS_javarias/ExtProd/PRODUCTS/tcltk/Linux-3.2.0-4-amd64/tk8.5.15/unix/tkConfig.sh
configure:2700: checking for existence of /home/almamgr/ACS_javarias/ExtProd/PRODUCTS/tcltk/Linux-3.2.0-4-amd64/tk8.5.15/unix/tkConfig.sh
configure:2704: result: loading
configure:2810: --exec-prefix defaulting to TCL_EXEC_PREFIX /alma/ACS-2014.4/tcltk
configure:2842: checking for a BSD-compatible install
configure:2910: result: /usr/bin/install -c
configure:2979: checking for gcc
configure:3006: result: gcc
configure:3235: checking for C compiler version
configure:3244: gcc --version >&5
gcc (Debian 4.7.2-5) 4.7.2
Copyright (C) 2012 Free Software Foundation, Inc.
This is free software; see the source for copying conditions.  There is NO
warranty; not even for MERCHANTABILITY or FITNESS FOR A PARTICULAR PURPOSE.

configure:3255: $? = 0
configure:3244: gcc -v >&5
Using built-in specs.
COLLECT_GCC=gcc
COLLECT_LTO_WRAPPER=/usr/lib/gcc/x86_64-linux-gnu/4.7/lto-wrapper
Target: x86_64-linux-gnu
Configured with: ../src/configure -v --with-pkgversion='Debian 4.7.2-5' --with-bugurl=file:///usr/share/doc/gcc-4.7/README.Bugs --enable-languages=c,c++,go,fortran,objc,obj-c++ --prefix=/usr --program-suffix=-4.7 --enable-shared --enable-linker-build-id --with-system-zlib --libexecdir=/usr/lib --without-included-gettext --enable-threads=posix --with-gxx-include-dir=/usr/include/c++/4.7 --libdir=/usr/lib --enable-nls --with-sysroot=/ --enable-clocale=gnu --enable-libstdcxx-debug --enable-libstdcxx-time=yes --enable-gnu-unique-object --enable-plugin --enable-objc-gc --with-arch-32=i586 --with-tune=generic --enable-checking=release --build=x86_64-linux-gnu --host=x86_64-linux-gnu --target=x86_64-linux-gnu
Thread model: posix
gcc version 4.7.2 (Debian 4.7.2-5) 
configure:3255: $? = 0
configure:3244: gcc -V >&5
gcc: error: unrecognized command line option '-V'
gcc: fatal error: no input files
compilation terminated.
configure:3255: $? = 4
configure:3244: gcc -qversion >&5
gcc: error: unrecognized command line option '-qversion'
gcc: fatal error: no input files
compilation terminated.
configure:3255: $? = 4
configure:3275: checking whether the C compiler works
configure:3297: gcc    conftest.c  >&5
configure:3301: $? = 0
configure:3350: result: yes
configure:3353: checking for C compiler default output file name
configure:3355: result: a.out
configure:3361: checking for suffix of executables
configure:3368: gcc -o conftest    conftest.c  >&5
configure:3372: $? = 0
configure:3394: result: 
configure:3416: checking whether we are cross compiling
configure:3424: gcc -o conftest    conftest.c  >&5
configure:3428: $? = 0
configure:3435: ./conftest
configure:3439: $? = 0
configure:3454: result: no
configure:3459: checking for suffix of object files
configure:3506: result: o
configure:3510: checking whether we are using the GNU C compiler
configure:3538: result: yes
configure:3547: checking whether gcc accepts -g
configure:3608: result: yes
configure:3625: checking for gcc option to accept ISO C89
configure:3702: result: none needed
configure:3727: checking how to run the C preprocessor
configure:3797: result: gcc -E
configure:3817: gcc -E  conftest.c
configure:3817: $? = 0
configure:3831: gcc -E  conftest.c
conftest.c:9:28: fatal error: ac_nonexistent.h: No such file or directory
compilation terminated.
configure:3831: $? = 1
configure: failed program was:
| /* confdefs.h */
| #define PACKAGE_NAME "pngtcl"
| #define PACKAGE_TARNAME "pngtcl"
| #define PACKAGE_VERSION "1.4.3"
| #define PACKAGE_STRING "pngtcl 1.4.3"
| #define PACKAGE_BUGREPORT ""
| #define PACKAGE_URL ""
| /* end confdefs.h.  */
| #include <ac_nonexistent.h>
configure:3866: checking whether make sets $(MAKE)
configure:3888: result: yes
configure:3945: checking for ranlib
configure:3972: result: ranlib
configure:4004: checking for grep that handles long lines and -e
configure:4062: result: /bin/grep
configure:4067: checking for egrep
configure:4129: result: /bin/grep -E
configure:4134: checking for ANSI C header files
configure:4238: result: yes
configure:4251: checking for sys/types.h
configure:4251: result: yes
configure:4251: checking for sys/stat.h
configure:4251: result: yes
configure:4251: checking for stdlib.h
configure:4251: result: yes
configure:4251: checking for string.h
configure:4251: result: yes
configure:4251: checking for memory.h
configure:4251: result: yes
configure:4251: checking for strings.h
configure:4251: result: yes
configure:4251: checking for inttypes.h
configure:4251: result: yes
configure:4251: checking for stdint.h
configure:4251: result: yes
configure:4251: checking for unistd.h
configure:4251: result: yes
configure:4274: checking if the compiler understands -pipe
configure:4300: result: yes
configure:4311: checking whether byte ordering is bigendian
configure:4517: result: no
configure:4544: checking for sin
configure:4544: result: no
configure:4551: checking for main in -lieee
configure:4579: result: yes
configure:4591: checking for main in -linet
configure:4619: result: no
configure:4625: checking for net/errno.h
configure:4625: result: no
configure:4654: checking for connect
configure:4654: result: yes
configure:4722: checking for gethostbyname
configure:4722: result: yes
configure:4777: checking dirent.h
configure:4821: result: yes
configure:4831: checking for errno.h
configure:4831: result: yes
configure:4841: checking for float.h
configure:4841: result: yes
configure:4851: checking for values.h
configure:4851: result: yes
configure:4861: checking for limits.h
configure:4861: result: yes
configure:4873: checking for stdlib.h
configure:4873: result: yes
configure:4925: checking for string.h
configure:4925: result: yes
configure:4969: checking for sys/wait.h
configure:4969: result: yes
configure:4979: checking for dlfcn.h
configure:4979: result: yes
configure:4993: checking for sys/param.h
configure:4993: result: yes
configure:5027: checking for zlibtcl configuration
configure:5113: result: found /home/almamgr/ACS_javarias/ExtProd/PRODUCTS/tcltk/Linux-3.2.0-4-amd64/tkimg1.4/zlib/zlibtclConfig.sh
configure:5119: checking for existence of /home/almamgr/ACS_javarias/ExtProd/PRODUCTS/tcltk/Linux-3.2.0-4-amd64/tkimg1.4/zlib/zlibtclConfig.sh
configure:5123: result: loading
configure:5141: WARNING: Found Makefile - using build library specs for zlibtcl
configure:5403: checking for Tcl public headers
configure:5474: result: /home/almamgr/ACS_javarias/ExtProd/PRODUCTS/tcltk/Linux-3.2.0-4-amd64/tcl8.5.15/generic
configure:5487: checking for Tk public headers
configure:5561: result: /home/almamgr/ACS_javarias/ExtProd/PRODUCTS/tcltk/Linux-3.2.0-4-amd64/tk8.5.15/generic
configure:5649: checking for pthread_mutex_init in -lpthread
configure:5683: result: yes
configure:5892: checking for building with threads
configure:5898: result: yes (default)
configure:5939: checking how to build libraries
configure:5957: result: shared
configure:5982: checking if 64bit support is requested
configure:5991: result: no
configure:5996: checking if 64bit Sparc VIS support is requested
configure:6005: result: no
configure:6015: checking if compiler supports visibility "hidden"
configure:6044: result: yes
configure:6056: checking if rpath support is requested
configure:6065: result: yes
configure:6090: checking system version
configure:6121: result: Linux-3.2.0-4-amd64
configure:6129: checking for dlopen in -ldl
configure:6163: result: yes
configure:6208: checking for ar
configure:6235: result: ar
configure:8154: checking for required early compiler flags
configure:8302: result:  _LARGEFILE64_SOURCE
configure:8307: checking for 64-bit integer type
configure:8358: result: using long
configure:8503: checking for build with symbols
configure:8516: result: no
configure:8689: checking for tclsh
configure:8716: result: /home/almamgr/ACS_javarias/ExtProd/PRODUCTS/tcltk/Linux-3.2.0-4-amd64/tcl8.5.15/unix/tclsh
configure:8830: updating cache ../config.cache
configure:8905: creating ./config.status

## ---------------------- ##
## Running config.status. ##
## ---------------------- ##

This file was extended by pngtcl config.status 1.4.3, which was
generated by GNU Autoconf 2.65.  Invocation command line was

  CONFIG_FILES    = 
  CONFIG_HEADERS  = 
  CONFIG_LINKS    = 
  CONFIG_COMMANDS = 
  $ ./config.status 

on ariestest

config.status:834: creating Makefile
config.status:834: creating pngtclConfig.sh

## ---------------- ##
## Cache variables. ##
## ---------------- ##

ac_cv_c_bigendian=no
ac_cv_c_compiler_gnu=yes
ac_cv_c_tclconfig=/home/almamgr/ACS_javarias/ExtProd/PRODUCTS/tcltk/Linux-3.2.0-4-amd64/tcl8.5.15/unix
ac_cv_c_tclh=/home/almamgr/ACS_javarias/ExtProd/PRODUCTS/tcltk/Linux-3.2.0-4-amd64/tcl8.5.15/generic
ac_cv_c_tkconfig=/home/almamgr/ACS_javarias/ExtProd/PRODUCTS/tcltk/Linux-3.2.0-4-amd64/tk8.5.15/unix
ac_cv_c_tkh=/home/almamgr/ACS_javarias/ExtProd/PRODUCTS/tcltk/Linux-3.2.0-4-amd64/tk8.5.15/generic
ac_cv_c_zlibtclconfig=/home/almamgr/ACS_javarias/ExtProd/PRODUCTS/tcltk/Linux-3.2.0-4-amd64/tkimg1.4/zlib
ac_cv_env_CC_set=
ac_cv_env_CC_value=
ac_cv_env_CFLAGS_set=
ac_cv_env_CFLAGS_value=
ac_cv_env_CPPFLAGS_set=
ac_cv_env_CPPFLAGS_value=
ac_cv_env_CPP_set=
ac_cv_env_CPP_value=
ac_cv_env_LDFLAGS_set=
ac_cv_env_LDFLAGS_value=
ac_cv_env_LIBS_set=
ac_cv_env_LIBS_value=
ac_cv_env_build_alias_set=
ac_cv_env_build_alias_value=
ac_cv_env_host_alias_set=
ac_cv_env_host_alias_value=
ac_cv_env_target_alias_set=
ac_cv_env_target_alias_value=
ac_cv_func_connect=yes
ac_cv_func_gethostbyname=yes
ac_cv_func_sin=no
ac_cv_header_dlfcn_h=yes
ac_cv_header_errno_h=yes
ac_cv_header_float_h=yes
ac_cv_header_inttypes_h=yes
ac_cv_header_limits_h=yes
ac_cv_header_memory_h=yes
ac_cv_header_net_errno_h=no
ac_cv_header_stdc=yes
ac_cv_header_stdint_h=yes
ac_cv_header_stdlib_h=yes
ac_cv_header_string_h=yes
ac_cv_header_strings_h=yes
ac_cv_header_sys_param_h=yes
ac_cv_header_sys_stat_h=yes
ac_cv_header_sys_types_h=yes
ac_cv_header_sys_wait_h=yes
ac_cv_header_unistd_h=yes
ac_cv_header_values_h=yes
ac_cv_lib_dl_dlopen=yes
ac_cv_lib_ieee_main=yes
ac_cv_lib_inet_main=no
ac_cv_lib_pthread_pthread_mutex_init=yes
ac_cv_objext=o
ac_cv_path_EGREP='/bin/grep -E'
ac_cv_path_GREP=/bin/grep
ac_cv_path_install='/usr/bin/install -c'
ac_cv_prog_AR=ar
ac_cv_prog_CPP='gcc -E'
ac_cv_prog_ac_ct_CC=gcc
ac_cv_prog_ac_ct_RANLIB=ranlib
ac_cv_prog_cc_c89=
ac_cv_prog_cc_g=yes
ac_cv_prog_make_make_set=yes
tcl_cv_cc_pipe=yes
tcl_cv_cc_visibility_hidden=yes
tcl_cv_dirent_h=yes
tcl_cv_flag__isoc99_source=no
tcl_cv_flag__largefile64_source=yes
tcl_cv_flag__largefile_source64=no
tcl_cv_sys_version=Linux-3.2.0-4-amd64
tcl_cv_type_64bit=none

## ----------------- ##
## Output variables. ##
## ----------------- ##

AR='ar'
CC='gcc'
CELIB_DIR=''
CFLAGS=' -pipe ${CFLAGS_DEFAULT} ${CFLAGS_WARNING} ${SHLIB_CFLAGS} '
CFLAGS_DEBUG='-g'
CFLAGS_DEFAULT='-O2 -fomit-frame-pointer'
CFLAGS_OPTIMIZE='-O2 -fomit-frame-pointer'
CFLAGS_WARNING='-Wall -Wwrite-strings'
CLEANFILES=''
CPP='gcc -E'
CPPFLAGS=''
CYGPATH='echo'
DEFS='-DPACKAGE_NAME=\"pngtcl\" -DPACKAGE_TARNAME=\"pngtcl\" -DPACKAGE_VERSION=\"1.4.3\" -DPACKAGE_STRING=\"pngtcl\ 1.4.3\" -DPACKAGE_BUGREPORT=\"\" -DPACKAGE_URL=\"\" -DSTDC_HEADERS=1 -DHAVE_SYS_TYPES_H=1 -DHAVE_SYS_STAT_H=1 -DHAVE_STDLIB_H=1 -DHAVE_STRING_H=1 -DHAVE_MEMORY_H=1 -DHAVE_STRINGS_H=1 -DHAVE_INTTYPES_H=1 -DHAVE_STDINT_H=1 -DHAVE_UNISTD_H=1 -DHAVE_LIMITS_H=1 -DHAVE_SYS_PARAM_H=1 -DUSE_THREAD_ALLOC=1 -D_REENTRANT=1 -D_THREAD_SAFE=1 -DTCL_THREADS=1 -DMODULE_SCOPE=extern\ __attribute__\(\(__visibility__\(\"hidden\"\)\)\) -D_LARGEFILE64_SOURCE=1 -DTCL_WIDE_INT_IS_LONG=1 -DUSE_TCL_STUBS=1'
DL_LIBS='-ldl'
ECHO_C=''
ECHO_N='-n'
ECHO_T=''
EGREP='/bin/grep -E'
EXEEXT=''
GREP='/bin/grep'
INSTALL_DATA='${INSTALL} -m 644'
INSTALL_PROGRAM='${INSTALL}'
INSTALL_SCRIPT='${INSTALL}'
LDFLAGS=' -Wl,--export-dynamic '
LDFLAGS_DEFAULT=' -Wl,--export-dynamic '
LD_LIBRARY_PATH_VAR='LD_LIBRARY_PATH'
LIBOBJS=''
LIBS=''
LTLIBOBJS=''
MAJOR_VERSION=''
MAKE_LIB='${SHLIB_LD} -o $@ $(PKG_OBJECTS) ${SHLIB_LD_LIBS} '
MAKE_SHARED_LIB='${SHLIB_LD} -o $@ $(PKG_OBJECTS) ${SHLIB_LD_LIBS}'
MAKE_STATIC_LIB='${STLIB_LD} $@ $(PKG_OBJECTS)'
MAKE_STUB_LIB='${STLIB_LD} $@ $(PKG_STUB_OBJECTS)'
MATH_LIBS='-lieee -lm'
MINOR_VERSION=''
OBJEXT='o'
PACKAGE_BUGREPORT=''
PACKAGE_NAME='pngtcl'
PACKAGE_STRING='pngtcl 1.4.3'
PACKAGE_TARNAME='pngtcl'
PACKAGE_URL=''
PACKAGE_VERSION='1.4.3'
PATCHLEVEL=''
PATH_SEPARATOR=':'
PKG_CFLAGS=' -DZLIBTCL_VERSION=\"1.2.5\"'
PKG_HEADERS=' pngtcl.h pngtclDecls.h'
PKG_INCLUDES=' -I"/home/almamgr/ACS_javarias/ExtProd/PRODUCTS/tcltk/Linux-3.2.0-4-amd64/tkimg1.4/zlib/." -I"/home/almamgr/ACS_javarias/ExtProd/PRODUCTS/tcltk/Linux-3.2.0-4-amd64/tkimg1.4/zlib" -I"."'
PKG_LIBS=' -lm -L/home/almamgr/ACS_javarias/ExtProd/PRODUCTS/tcltk/Linux-3.2.0-4-amd64/tkimg1.4/zlib -lzlibtclstub1.2.5'
PKG_LIB_FILE='libpngtcl1.4.3.so'
PKG_OBJECTS=' pngtcl.o pngtclStubInit.o png.o pngerror.o pngmem.o pngpread.o pngread.o pngrio.o pngrtran.o pngrutil.o pngset.o pngtrans.o pngwio.o pngwrite.o pngwtran.o pngwutil.o pngget.o pngtclStubLib.o'
PKG_SOURCES=' pngtcl.c pngtclStubInit.c ../compat/libpng/png.c ../compat/libpng/pngerror.c ../compat/libpng/pngmem.c ../compat/libpng/pngpread.c ../compat/libpng/pngread.c ../compat/libpng/pngrio.c ../compat/libpng/pngrtran.c ../compat/libpng/pngrutil.c ../compat/libpng/pngset.c ../compat/libpng/pngtrans.c ../compat/libpng/pngwio.c ../compat/libpng/pngwrite.c ../compat/libpng/pngwtran.c ../compat/libpng/pngwutil.c ../compat/libpng/pngget.c pngtclStubLib.c'
PKG_STUB_LIB_FILE='libpngtclstub1.4.3.a'
PKG_STUB_OBJECTS=' pngtclStubLib.o'
PKG_STUB_SOURCES=' pngtclStubLib.c'
PKG_TCL_SOURCES=''
RANLIB=':'
RANLIB_STUB='ranlib'
SET_MAKE=''
SHARED_BUILD='1'
SHELL='/bin/sh'
SHLIB_CFLAGS='-fPIC'
SHLIB_LD='${CC} -shared ${CFLAGS} ${LDFLAGS_DEFAULT}'
SHLIB_LD_LIBS='${LIBS} -L/home/almamgr/ACS_javarias/ExtProd/PRODUCTS/tcltk/Linux-3.2.0-4-amd64/tcl8.5.15/unix -ltclstub8.5 -L/home/almamgr/ACS_javarias/ExtProd/PRODUCTS/tcltk/Linux-3.2.0-4-amd64/tk8.5.15/unix -ltkstub8.5'
STLIB_LD='${AR} cr'
TCLSH_PROG='/home/almamgr/ACS_javarias/ExtProd/PRODUCTS/tcltk/Linux-3.2.0-4-amd64/tcl8.5.15/unix/tclsh'
TCL_BIN_DIR='/home/almamgr/ACS_javarias/ExtProd/PRODUCTS/tcltk/Linux-3.2.0-4-amd64/tcl8.5.15/unix'
TCL_DBGX=''
TCL_DEFS='-DPACKAGE_NAME=\"tcl\" -DPACKAGE_TARNAME=\"tcl\" -DPACKAGE_VERSION=\"8.5\" -DPACKAGE_STRING=\"tcl\ 8.5\" -DPACKAGE_BUGREPORT=\"\" -DSTDC_HEADERS=1 -DHAVE_SYS_TYPES_H=1 -DHAVE_SYS_STAT_H=1 -DHAVE_STDLIB_H=1 -DHAVE_STRING_H=1 -DHAVE_MEMORY_H=1 -DHAVE_STRINGS_H=1 -DHAVE_INTTYPES_H=1 -DHAVE_STDINT_H=1 -DHAVE_UNISTD_H=1 -DHAVE_LIMITS_H=1 -DHAVE_SYS_PARAM_H=1 -DUSE_THREAD_ALLOC=1 -D_REENTRANT=1 -D_THREAD_SAFE=1 -DHAVE_PTHREAD_ATTR_SETSTACKSIZE=1 -DHAVE_PTHREAD_ATFORK=1 -DHAVE_PTHREAD_GETATTR_NP=1 -DGETATTRNP_NOT_DECLARED=1 -DTCL_THREADS=1 -DTCL_CFGVAL_ENCODING=\"iso8859-1\" -DMODULE_SCOPE=extern\ __attribute__\(\(__visibility__\(\"hidden\"\)\)\) -DHAVE_CAST_TO_UNION=1 -DTCL_SHLIB_EXT=\".so\" -DNDEBUG=1 -DTCL_CFG_OPTIMIZED=1 -DTCL_TOMMATH=1 -DMP_PREC=4 -D_LARGEFILE64_SOURCE=1 -DTCL_WIDE_INT_IS_LONG=1 -DHAVE_GETCWD=1 -DHAVE_OPENDIR=1 -DHAVE_STRTOL=1 -DHAVE_WAITPID=1 -DHAVE_GETADDRINFO=1 -DHAVE_GETPWUID_R_5=1 -DHAVE_GETPWUID_R=1 -DHAVE_GETPWNAM_R_5=1 -DHAVE_GETPWNAM_R=1 -DHAVE_GETGRGID_R_5=1 -DHAVE_GETGRGID_R=1 -DHAVE_GETGRNAM_R_5=1 -DHAVE_GETGRNAM_R=1 -DHAVE_GETHOSTBYNAME_R_6=1 -DHAVE_GETHOSTBYNAME_R=1 -DHAVE_GETHOSTBYADDR_R_8=1 -DHAVE_GETHOSTBYADDR_R=1 -DUSE_TERMIOS=1 -DHAVE_SYS_TIME_H=1 -DTIME_WITH_SYS_TIME=1 -DHAVE_GMTIME_R=1 -DHAVE_LOCALTIME_R=1 -DHAVE_MKTIME=1 -DHAVE_TM_GMTOFF=1 -DHAVE_TIMEZONE_VAR=1 -DHAVE_STRUCT_STAT_ST_BLOCKS=1 -DHAVE_STRUCT_STAT_ST_BLKSIZE=1 -DHAVE_BLKCNT_T=1 -DHAVE_INTPTR_T=1 -DHAVE_UINTPTR_T=1 -DHAVE_SIGNED_CHAR=1 -DHAVE_LANGINFO=1 -DHAVE_SYS_IOCTL_H=1 -DTCL_UNLOAD_DLLS=1 -DHAVE_CPUID=1 '
TCL_EXTRA_CFLAGS=' -pipe '
TCL_INCLUDES='-I"/home/almamgr/ACS_javarias/ExtProd/PRODUCTS/tcltk/Linux-3.2.0-4-amd64/tcl8.5.15/generic"'
TCL_LD_FLAGS=' -Wl,--export-dynamic '
TCL_LIBS='${DL_LIBS} ${LIBS} ${MATH_LIBS}'
TCL_LIB_FILE='libtcl8.5.so'
TCL_LIB_FLAG='-ltcl8.5'
TCL_LIB_SPEC='-L/home/almamgr/ACS_javarias/ExtProd/PRODUCTS/tcltk/Linux-3.2.0-4-amd64/tcl8.5.15/unix -ltcl8.5'
TCL_PATCH_LEVEL='.15'
TCL_SHLIB_LD_LIBS='${LIBS}'
TCL_SRC_DIR='/home/almamgr/ACS_javarias/ExtProd/PRODUCTS/tcltk/Linux-3.2.0-4-amd64/tcl8.5.15'
TCL_STUB_LIB_FILE='libtclstub8.5.a'
TCL_STUB_LIB_FLAG='-ltclstub8.5'
TCL_STUB_LIB_SPEC='-L/home/almamgr/ACS_javarias/ExtProd/PRODUCTS/tcltk/Linux-3.2.0-4-amd64/tcl8.5.15/unix -ltclstub8.5'
TCL_THREADS='1'
TCL_VERSION='8.5'
TK_BIN_DIR='/home/almamgr/ACS_javarias/ExtProd/PRODUCTS/tcltk/Linux-3.2.0-4-amd64/tk8.5.15/unix'
TK_INCLUDES='-I"/home/almamgr/ACS_javarias/ExtProd/PRODUCTS/tcltk/Linux-3.2.0-4-amd64/tk8.5.15/generic"'
TK_LIBS='-lX11   -lpthread -ldl  -lpthread -lieee -lm'
TK_LIB_FILE='libtk8.5.so'
TK_LIB_FLAG='-ltk8.5'
TK_LIB_SPEC='-L/home/almamgr/ACS_javarias/ExtProd/PRODUCTS/tcltk/Linux-3.2.0-4-amd64/tk8.5.15/unix -ltk8.5'
TK_SRC_DIR='/home/almamgr/ACS_javarias/ExtProd/PRODUCTS/tcltk/Linux-3.2.0-4-amd64/tk8.5.15'
TK_STUB_LIB_FILE='libtkstub8.5.a'
TK_STUB_LIB_FLAG='-ltkstub8.5'
TK_STUB_LIB_SPEC='-L/home/almamgr/ACS_javarias/ExtProd/PRODUCTS/tcltk/Linux-3.2.0-4-amd64/tk8.5.15/unix -ltkstub8.5'
TK_VERSION='8.5'
TK_XINCLUDES=''
ac_ct_CC='gcc'
bindir='${exec_prefix}/bin'
build_alias=''
datadir='${datarootdir}'
datarootdir='${prefix}/share'
docdir='${datarootdir}/doc/${PACKAGE_TARNAME}'
dvidir='${docdir}'
exec_prefix='/alma/ACS-2014.4/tcltk'
host_alias=''
htmldir='${docdir}'
includedir='${prefix}/include'
infodir='${datarootdir}/info'
libdir='${exec_prefix}/lib'
libexecdir='${exec_prefix}/libexec'
localedir='${datarootdir}/locale'
localstatedir='${prefix}/var'
mandir='${datarootdir}/man'
oldincludedir='/usr/include'
pdfdir='${docdir}'
pngtcl_BUILD_LIB_SPEC='-L/home/almamgr/ACS_javarias/ExtProd/PRODUCTS/tcltk/Linux-3.2.0-4-amd64/tkimg1.4/libpng -lpngtcl1.4.3'
pngtcl_BUILD_STUB_LIB_PATH='/home/almamgr/ACS_javarias/ExtProd/PRODUCTS/tcltk/Linux-3.2.0-4-amd64/tkimg1.4/libpng/libpngtclstub1.4.3.a'
pngtcl_BUILD_STUB_LIB_SPEC='-L/home/almamgr/ACS_javarias/ExtProd/PRODUCTS/tcltk/Linux-3.2.0-4-amd64/tkimg1.4/libpng -lpngtclstub1.4.3'
pngtcl_LIB_SPEC='-L/alma/ACS-2014.4/tcltk/lib/pngtcl1.4.3 -lpngtcl1.4.3'
pngtcl_STUB_LIB_PATH='/alma/ACS-2014.4/tcltk/lib/pngtcl1.4.3/libpngtclstub1.4.3.a'
pngtcl_STUB_LIB_SPEC='-L/alma/ACS-2014.4/tcltk/lib/pngtcl1.4.3 -lpngtclstub1.4.3'
prefix='/alma/ACS-2014.4/tcltk'
program_transform_name='s,x,x,'
psdir='${docdir}'
sbindir='${exec_prefix}/sbin'
sharedstatedir='${prefix}/com'
sysconfdir='${prefix}/etc'
target_alias=''
zlibtcl_BIN_DIR='/home/almamgr/ACS_javarias/ExtProd/PRODUCTS/tcltk/Linux-3.2.0-4-amd64/tkimg1.4/zlib'
zlibtcl_BUILD_PATH='/home/almamgr/ACS_javarias/ExtProd/PRODUCTS/tcltk/Linux-3.2.0-4-amd64/tkimg1.4/zlib'
zlibtcl_LIB_FILE='libzlibtcl1.2.5.so'
zlibtcl_LIB_SPEC='-L/home/almamgr/ACS_javarias/ExtProd/PRODUCTS/tcltk/Linux-3.2.0-4-amd64/tkimg1.4/zlib -lzlibtcl1.2.5'
zlibtcl_SRC_DIR='.'
zlibtcl_SRC_PATH='/home/almamgr/ACS_javarias/ExtProd/PRODUCTS/tcltk/Linux-3.2.0-4-amd64/tkimg1.4/zlib/.'
zlibtcl_STUB_LIB_FILE='libzlibtclstub1.2.5.a'
zlibtcl_STUB_LIB_PATH='/home/almamgr/ACS_javarias/ExtProd/PRODUCTS/tcltk/Linux-3.2.0-4-amd64/tkimg1.4/zlib/libzlibtclstub1.2.5.a'
zlibtcl_STUB_LIB_SPEC='-L/home/almamgr/ACS_javarias/ExtProd/PRODUCTS/tcltk/Linux-3.2.0-4-amd64/tkimg1.4/zlib -lzlibtclstub1.2.5'
zlibtcl_VERSION='1.2.5'

## ----------- ##
## confdefs.h. ##
## ----------- ##

/* confdefs.h */
#define PACKAGE_NAME "pngtcl"
#define PACKAGE_TARNAME "pngtcl"
#define PACKAGE_VERSION "1.4.3"
#define PACKAGE_STRING "pngtcl 1.4.3"
#define PACKAGE_BUGREPORT ""
#define PACKAGE_URL ""
#define STDC_HEADERS 1
#define HAVE_SYS_TYPES_H 1
#define HAVE_SYS_STAT_H 1
#define HAVE_STDLIB_H 1
#define HAVE_STRING_H 1
#define HAVE_MEMORY_H 1
#define HAVE_STRINGS_H 1
#define HAVE_INTTYPES_H 1
#define HAVE_STDINT_H 1
#define HAVE_UNISTD_H 1
#define HAVE_LIMITS_H 1
#define HAVE_SYS_PARAM_H 1
#define USE_THREAD_ALLOC 1
#define _REENTRANT 1
#define _THREAD_SAFE 1
#define TCL_THREADS 1
#define MODULE_SCOPE extern __attribute__((__visibility__("hidden")))
#define _LARGEFILE64_SOURCE 1
#define TCL_WIDE_INT_IS_LONG 1
#define USE_TCL_STUBS 1

configure: exit 0
