lun oct 20 10:04:42 UTC 2014
Installing Eclipse for linux

/alma/ACS-2014.4/Eclipse directory exists already. I clean it up.
unpacking the archives for Eclipse 3.6.1
Archive:  /home/almamgr/ACS/ExtProd/INSTALL/../PRODUCTS/eclipse-3.6.1-delta-pack.zip
  inflating: eclipse/plugins/org.eclipse.swt.gtk.linux.s390x_3.6.1.v3655c.jar  
  inflating: eclipse/plugins/org.eclipse.equinox.security.win32.x86.source_1.0.200.v20100503.jar  
  inflating: eclipse/plugins/org.eclipse.swt.gtk.solaris.x86.source_3.6.1.v3655c.jar  
  inflating: eclipse/plugins/org.eclipse.core.filesystem.win32.x86_1.1.201.R36x_v20100727-0745.jar  
  inflating: eclipse/plugins/org.eclipse.swt.gtk.linux.x86.source_3.6.1.v3655c.jar  
  inflating: eclipse/plugins/org.eclipse.ui.cocoa_1.0.2.M20100825-0800.jar  
  inflating: eclipse/plugins/org.eclipse.swt.gtk.linux.s390.source_3.6.1.v3655c.jar  
   creating: eclipse/plugins/org.eclipse.equinox.launcher.motif.aix.ppc_1.1.1.R36x_v20100810/
  inflating: eclipse/plugins/org.eclipse.equinox.launcher.motif.aix.ppc_1.1.1.R36x_v20100810/eclipse_1309.so  
  inflating: eclipse/plugins/org.eclipse.equinox.launcher.motif.aix.ppc_1.1.1.R36x_v20100810/launcher.motif.aix.ppc.properties  
   creating: eclipse/plugins/org.eclipse.equinox.launcher.motif.aix.ppc_1.1.1.R36x_v20100810/META-INF/
  inflating: eclipse/plugins/org.eclipse.equinox.launcher.motif.aix.ppc_1.1.1.R36x_v20100810/META-INF/MANIFEST.MF  
  inflating: eclipse/plugins/org.eclipse.equinox.launcher.motif.aix.ppc_1.1.1.R36x_v20100810/META-INF/eclipse.inf  
  inflating: eclipse/plugins/org.eclipse.equinox.launcher.motif.aix.ppc_1.1.1.R36x_v20100810/META-INF/ECLIPSEF.SF  
  inflating: eclipse/plugins/org.eclipse.equinox.launcher.motif.aix.ppc_1.1.1.R36x_v20100810/META-INF/ECLIPSEF.RSA  
  inflating: eclipse/plugins/org.eclipse.equinox.launcher.motif.aix.ppc_1.1.1.R36x_v20100810/libeclipse-motif.so  
  inflating: eclipse/plugins/org.eclipse.equinox.launcher.motif.aix.ppc_1.1.1.R36x_v20100810/about.html  
  inflating: eclipse/plugins/org.eclipse.swt.cocoa.macosx.x86_64.source_3.6.1.v3655c.jar  
   creating: eclipse/plugins/org.eclipse.equinox.launcher.carbon.macosx_1.1.1.R36x_v20100810/
  inflating: eclipse/plugins/org.eclipse.equinox.launcher.carbon.macosx_1.1.1.R36x_v20100810/eclipse_1309.so  
   creating: eclipse/plugins/org.eclipse.equinox.launcher.carbon.macosx_1.1.1.R36x_v20100810/META-INF/
  inflating: eclipse/plugins/org.eclipse.equinox.launcher.carbon.macosx_1.1.1.R36x_v20100810/META-INF/MANIFEST.MF  
  inflating: eclipse/plugins/org.eclipse.equinox.launcher.carbon.macosx_1.1.1.R36x_v20100810/META-INF/eclipse.inf  
  inflating: eclipse/plugins/org.eclipse.equinox.launcher.carbon.macosx_1.1.1.R36x_v20100810/META-INF/ECLIPSEF.SF  
  inflating: eclipse/plugins/org.eclipse.equinox.launcher.carbon.macosx_1.1.1.R36x_v20100810/META-INF/ECLIPSEF.RSA  
  inflating: eclipse/plugins/org.eclipse.equinox.launcher.carbon.macosx_1.1.1.R36x_v20100810/about.html  
  inflating: eclipse/plugins/org.eclipse.equinox.launcher.carbon.macosx_1.1.1.R36x_v20100810/launcher.carbon.macosx.properties  
  inflating: eclipse/plugins/org.eclipse.ui.carbon.source_4.0.100.M20100825-0800.jar  
  inflating: eclipse/plugins/org.eclipse.swt.photon.qnx.x86_3.6.1.v3655c.jar  
  inflating: eclipse/plugins/org.eclipse.update.core.win32_3.2.200.v20100512.jar  
   creating: eclipse/plugins/org.eclipse.equinox.launcher.motif.linux.x86_1.1.1.R36x_v20100810/
  inflating: eclipse/plugins/org.eclipse.equinox.launcher.motif.linux.x86_1.1.1.R36x_v20100810/eclipse_1309.so  
   creating: eclipse/plugins/org.eclipse.equinox.launcher.motif.linux.x86_1.1.1.R36x_v20100810/META-INF/
  inflating: eclipse/plugins/org.eclipse.equinox.launcher.motif.linux.x86_1.1.1.R36x_v20100810/META-INF/MANIFEST.MF  
  inflating: eclipse/plugins/org.eclipse.equinox.launcher.motif.linux.x86_1.1.1.R36x_v20100810/META-INF/eclipse.inf  
  inflating: eclipse/plugins/org.eclipse.equinox.launcher.motif.linux.x86_1.1.1.R36x_v20100810/META-INF/ECLIPSEF.SF  
  inflating: eclipse/plugins/org.eclipse.equinox.launcher.motif.linux.x86_1.1.1.R36x_v20100810/META-INF/ECLIPSEF.RSA  
  inflating: eclipse/plugins/org.eclipse.equinox.launcher.motif.linux.x86_1.1.1.R36x_v20100810/about.html  
  inflating: eclipse/plugins/org.eclipse.equinox.launcher.motif.linux.x86_1.1.1.R36x_v20100810/launcher.motif.linux.x86.properties  
  inflating: eclipse/plugins/org.eclipse.ui.win32_3.2.200.I20100509-0800.jar  
  inflating: eclipse/plugins/org.eclipse.swt.gtk.linux.s390_3.6.1.v3655c.jar  
  inflating: eclipse/plugins/org.eclipse.core.filesystem.linux.ppc_1.0.200.v20100505-1235.jar  
  inflating: eclipse/plugins/org.eclipse.swt.gtk.solaris.sparc.source_3.6.1.v3655c.jar  
  inflating: eclipse/plugins/org.eclipse.swt.gtk.linux.ppc.source_3.6.1.v3655c.jar  
  inflating: eclipse/plugins/org.eclipse.ui.win32.source_3.2.200.I20100509-0800.jar  
  inflating: eclipse/plugins/org.eclipse.core.filesystem.aix.ppc_1.1.0.v20100505-1235.jar  
  inflating: eclipse/plugins/org.eclipse.compare.win32_1.0.100.I20100505-1245.jar  
  inflating: eclipse/plugins/org.eclipse.update.core.linux.source_3.2.200.v20100512.jar  
  inflating: eclipse/plugins/org.eclipse.swt.gtk.linux.x86_64_3.6.1.v3655c.jar  
  inflating: eclipse/plugins/org.eclipse.jdt.launching.macosx.source_3.2.100.v20100505.jar  
  inflating: eclipse/plugins/org.eclipse.core.filesystem.win32.x86_64_1.1.201.R36x_v20100727-0745.jar  
   creating: eclipse/plugins/org.eclipse.equinox.launcher.win32.win32.x86_1.1.1.R36x_v20100810/
  inflating: eclipse/plugins/org.eclipse.equinox.launcher.win32.win32.x86_1.1.1.R36x_v20100810/eclipse_1309.dll  
   creating: eclipse/plugins/org.eclipse.equinox.launcher.win32.win32.x86_1.1.1.R36x_v20100810/META-INF/
  inflating: eclipse/plugins/org.eclipse.equinox.launcher.win32.win32.x86_1.1.1.R36x_v20100810/META-INF/MANIFEST.MF  
  inflating: eclipse/plugins/org.eclipse.equinox.launcher.win32.win32.x86_1.1.1.R36x_v20100810/META-INF/eclipse.inf  
  inflating: eclipse/plugins/org.eclipse.equinox.launcher.win32.win32.x86_1.1.1.R36x_v20100810/META-INF/ECLIPSEF.SF  
  inflating: eclipse/plugins/org.eclipse.equinox.launcher.win32.win32.x86_1.1.1.R36x_v20100810/META-INF/ECLIPSEF.RSA  
  inflating: eclipse/plugins/org.eclipse.equinox.launcher.win32.win32.x86_1.1.1.R36x_v20100810/about.html  
  inflating: eclipse/plugins/org.eclipse.equinox.launcher.win32.win32.x86_1.1.1.R36x_v20100810/launcher.win32.win32.x86.properties  
  inflating: eclipse/plugins/org.eclipse.swt.carbon.macosx_3.6.1.v3655c.jar  
  inflating: eclipse/plugins/org.eclipse.core.net.linux.x86_1.1.100.R36x_v20100825-0800.jar  
  inflating: eclipse/plugins/org.eclipse.swt.gtk.linux.ppc64_3.6.1.v3655c.jar  
  inflating: eclipse/plugins/org.eclipse.jdt.launching.macosx_3.2.100.v20100505.jar  
  inflating: eclipse/plugins/org.eclipse.swt.gtk.linux.x86_64.source_3.6.1.v3655c.jar  
  inflating: eclipse/plugins/org.eclipse.core.resources.win32.x86_3.5.100.v20100505-1345.jar  
  inflating: eclipse/plugins/org.eclipse.swt.win32.win32.x86_64_3.6.1.v3655c.jar  
  inflating: eclipse/plugins/org.eclipse.swt.carbon.macosx.source_3.6.1.v3655c.jar  
  inflating: eclipse/plugins/org.eclipse.swt.motif.hpux.ia64_32_3.6.1.v3655c.jar  
  inflating: eclipse/plugins/org.eclipse.equinox.security.win32.x86_1.0.200.v20100503.jar  
  inflating: eclipse/plugins/org.eclipse.jdt.launching.ui.macosx_1.0.100.v20100505.jar  
  inflating: eclipse/plugins/org.eclipse.core.filesystem.linux.x86_1.4.0.v20100505-1235.jar  
  inflating: eclipse/plugins/org.eclipse.core.filesystem.hpux.ia64_32_1.0.100.v20100505.jar  
  inflating: eclipse/plugins/org.eclipse.core.filesystem.linux.x86_64_1.2.0.v20100505-1235.jar  
  inflating: eclipse/plugins/org.eclipse.swt.cocoa.macosx.source_3.6.1.v3655c.jar  
   creating: eclipse/plugins/org.eclipse.equinox.launcher.gtk.solaris.x86_1.1.1.R36x_v20100810/
  inflating: eclipse/plugins/org.eclipse.equinox.launcher.gtk.solaris.x86_1.1.1.R36x_v20100810/eclipse_1309.so  
  inflating: eclipse/plugins/org.eclipse.equinox.launcher.gtk.solaris.x86_1.1.1.R36x_v20100810/launcher.gtk.solaris.x86.properties  
   creating: eclipse/plugins/org.eclipse.equinox.launcher.gtk.solaris.x86_1.1.1.R36x_v20100810/META-INF/
  inflating: eclipse/plugins/org.eclipse.equinox.launcher.gtk.solaris.x86_1.1.1.R36x_v20100810/META-INF/MANIFEST.MF  
  inflating: eclipse/plugins/org.eclipse.equinox.launcher.gtk.solaris.x86_1.1.1.R36x_v20100810/META-INF/eclipse.inf  
  inflating: eclipse/plugins/org.eclipse.equinox.launcher.gtk.solaris.x86_1.1.1.R36x_v20100810/META-INF/ECLIPSEF.SF  
  inflating: eclipse/plugins/org.eclipse.equinox.launcher.gtk.solaris.x86_1.1.1.R36x_v20100810/META-INF/ECLIPSEF.RSA  
  inflating: eclipse/plugins/org.eclipse.equinox.launcher.gtk.solaris.x86_1.1.1.R36x_v20100810/about.html  
  inflating: eclipse/plugins/org.eclipse.core.net.win32.x86_64_1.0.100.I20100505-1245.jar  
  inflating: eclipse/plugins/org.eclipse.ui.carbon_4.0.100.M20100825-0800.jar  
  inflating: eclipse/plugins/org.eclipse.update.core.win32.source_3.2.200.v20100512.jar  
   creating: eclipse/plugins/org.eclipse.equinox.launcher.cocoa.macosx.x86_64_1.1.1.R36x_v20100810/
  inflating: eclipse/plugins/org.eclipse.equinox.launcher.cocoa.macosx.x86_64_1.1.1.R36x_v20100810/eclipse_1309.so  
   creating: eclipse/plugins/org.eclipse.equinox.launcher.cocoa.macosx.x86_64_1.1.1.R36x_v20100810/META-INF/
  inflating: eclipse/plugins/org.eclipse.equinox.launcher.cocoa.macosx.x86_64_1.1.1.R36x_v20100810/META-INF/MANIFEST.MF  
  inflating: eclipse/plugins/org.eclipse.equinox.launcher.cocoa.macosx.x86_64_1.1.1.R36x_v20100810/META-INF/eclipse.inf  
  inflating: eclipse/plugins/org.eclipse.equinox.launcher.cocoa.macosx.x86_64_1.1.1.R36x_v20100810/META-INF/ECLIPSEF.SF  
  inflating: eclipse/plugins/org.eclipse.equinox.launcher.cocoa.macosx.x86_64_1.1.1.R36x_v20100810/META-INF/ECLIPSEF.RSA  
  inflating: eclipse/plugins/org.eclipse.equinox.launcher.cocoa.macosx.x86_64_1.1.1.R36x_v20100810/launcher.cocoa.macosx.x86_64.properties  
  inflating: eclipse/plugins/org.eclipse.equinox.launcher.cocoa.macosx.x86_64_1.1.1.R36x_v20100810/about.html  
  inflating: eclipse/plugins/org.eclipse.swt.motif.solaris.sparc.source_3.6.1.v3655c.jar  
  inflating: eclipse/plugins/org.eclipse.swt.motif.solaris.sparc_3.6.1.v3655c.jar  
  inflating: eclipse/plugins/org.eclipse.swt.photon.qnx.x86.source_3.6.1.v3655c.jar  
  inflating: eclipse/plugins/org.eclipse.update.core.linux_3.2.200.v20100512.jar  
   creating: eclipse/plugins/org.eclipse.equinox.launcher.gtk.solaris.sparc_1.1.1.R36x_v20100810/
  inflating: eclipse/plugins/org.eclipse.equinox.launcher.gtk.solaris.sparc_1.1.1.R36x_v20100810/eclipse_1309.so  
   creating: eclipse/plugins/org.eclipse.equinox.launcher.gtk.solaris.sparc_1.1.1.R36x_v20100810/META-INF/
  inflating: eclipse/plugins/org.eclipse.equinox.launcher.gtk.solaris.sparc_1.1.1.R36x_v20100810/META-INF/MANIFEST.MF  
  inflating: eclipse/plugins/org.eclipse.equinox.launcher.gtk.solaris.sparc_1.1.1.R36x_v20100810/META-INF/eclipse.inf  
  inflating: eclipse/plugins/org.eclipse.equinox.launcher.gtk.solaris.sparc_1.1.1.R36x_v20100810/META-INF/ECLIPSEF.SF  
  inflating: eclipse/plugins/org.eclipse.equinox.launcher.gtk.solaris.sparc_1.1.1.R36x_v20100810/META-INF/ECLIPSEF.RSA  
  inflating: eclipse/plugins/org.eclipse.equinox.launcher.gtk.solaris.sparc_1.1.1.R36x_v20100810/about.html  
  inflating: eclipse/plugins/org.eclipse.equinox.launcher.gtk.solaris.sparc_1.1.1.R36x_v20100810/launcher.gtk.solaris.sparc.properties  
   creating: eclipse/plugins/org.eclipse.equinox.launcher.cocoa.macosx_1.1.1.R36x_v20100810/
  inflating: eclipse/plugins/org.eclipse.equinox.launcher.cocoa.macosx_1.1.1.R36x_v20100810/eclipse_1309.so  
   creating: eclipse/plugins/org.eclipse.equinox.launcher.cocoa.macosx_1.1.1.R36x_v20100810/META-INF/
  inflating: eclipse/plugins/org.eclipse.equinox.launcher.cocoa.macosx_1.1.1.R36x_v20100810/META-INF/MANIFEST.MF  
  inflating: eclipse/plugins/org.eclipse.equinox.launcher.cocoa.macosx_1.1.1.R36x_v20100810/META-INF/eclipse.inf  
  inflating: eclipse/plugins/org.eclipse.equinox.launcher.cocoa.macosx_1.1.1.R36x_v20100810/META-INF/ECLIPSEF.SF  
  inflating: eclipse/plugins/org.eclipse.equinox.launcher.cocoa.macosx_1.1.1.R36x_v20100810/META-INF/ECLIPSEF.RSA  
  inflating: eclipse/plugins/org.eclipse.equinox.launcher.cocoa.macosx_1.1.1.R36x_v20100810/launcher.cocoa.macosx.properties  
  inflating: eclipse/plugins/org.eclipse.equinox.launcher.cocoa.macosx_1.1.1.R36x_v20100810/about.html  
  inflating: eclipse/plugins/org.eclipse.compare.win32.source_1.0.100.I20100505-1245.jar  
  inflating: eclipse/plugins/org.eclipse.swt.win32.win32.x86_64.source_3.6.1.v3655c.jar  
  inflating: eclipse/plugins/org.eclipse.swt.gtk.solaris.x86_3.6.1.v3655c.jar  
  inflating: eclipse/plugins/org.eclipse.swt.gtk.solaris.sparc_3.6.1.v3655c.jar  
  inflating: eclipse/plugins/org.eclipse.core.filesystem.solaris.sparc_1.2.0.v20100505-1235.jar  
  inflating: eclipse/plugins/org.eclipse.swt.gtk.linux.ppc_3.6.1.v3655c.jar  
  inflating: eclipse/plugins/org.eclipse.swt.win32.win32.x86.source_3.6.1.v3655c.jar  
   creating: eclipse/plugins/org.eclipse.equinox.launcher.gtk.linux.ppc64_1.0.1.R36x_v20100810/
  inflating: eclipse/plugins/org.eclipse.equinox.launcher.gtk.linux.ppc64_1.0.1.R36x_v20100810/eclipse_1309.so  
   creating: eclipse/plugins/org.eclipse.equinox.launcher.gtk.linux.ppc64_1.0.1.R36x_v20100810/META-INF/
  inflating: eclipse/plugins/org.eclipse.equinox.launcher.gtk.linux.ppc64_1.0.1.R36x_v20100810/META-INF/MANIFEST.MF  
  inflating: eclipse/plugins/org.eclipse.equinox.launcher.gtk.linux.ppc64_1.0.1.R36x_v20100810/META-INF/eclipse.inf  
  inflating: eclipse/plugins/org.eclipse.equinox.launcher.gtk.linux.ppc64_1.0.1.R36x_v20100810/META-INF/ECLIPSEF.SF  
  inflating: eclipse/plugins/org.eclipse.equinox.launcher.gtk.linux.ppc64_1.0.1.R36x_v20100810/META-INF/ECLIPSEF.RSA  
  inflating: eclipse/plugins/org.eclipse.equinox.launcher.gtk.linux.ppc64_1.0.1.R36x_v20100810/about.html  
  inflating: eclipse/plugins/org.eclipse.equinox.launcher.gtk.linux.ppc64_1.0.1.R36x_v20100810/launcher.gtk.linux.ppc64.properties  
   creating: eclipse/plugins/org.eclipse.equinox.launcher.motif.hpux.ia64_32_1.1.1.R36x_v20100810/
  inflating: eclipse/plugins/org.eclipse.equinox.launcher.motif.hpux.ia64_32_1.1.1.R36x_v20100810/eclipse_1309.so  
   creating: eclipse/plugins/org.eclipse.equinox.launcher.motif.hpux.ia64_32_1.1.1.R36x_v20100810/META-INF/
  inflating: eclipse/plugins/org.eclipse.equinox.launcher.motif.hpux.ia64_32_1.1.1.R36x_v20100810/META-INF/MANIFEST.MF  
  inflating: eclipse/plugins/org.eclipse.equinox.launcher.motif.hpux.ia64_32_1.1.1.R36x_v20100810/META-INF/eclipse.inf  
  inflating: eclipse/plugins/org.eclipse.equinox.launcher.motif.hpux.ia64_32_1.1.1.R36x_v20100810/META-INF/ECLIPSEF.SF  
  inflating: eclipse/plugins/org.eclipse.equinox.launcher.motif.hpux.ia64_32_1.1.1.R36x_v20100810/META-INF/ECLIPSEF.RSA  
  inflating: eclipse/plugins/org.eclipse.equinox.launcher.motif.hpux.ia64_32_1.1.1.R36x_v20100810/launcher.motif.hpux.ia64_32.properties  
  inflating: eclipse/plugins/org.eclipse.equinox.launcher.motif.hpux.ia64_32_1.1.1.R36x_v20100810/about.html  
  inflating: eclipse/plugins/org.eclipse.swt.gtk.linux.ppc64.source_3.6.1.v3655c.jar  
  inflating: eclipse/plugins/org.eclipse.swt.motif.aix.ppc.source_3.6.1.v3655c.jar  
   creating: eclipse/plugins/org.eclipse.equinox.launcher.gtk.linux.s390_1.1.1.R36x_v20100823/
  inflating: eclipse/plugins/org.eclipse.equinox.launcher.gtk.linux.s390_1.1.1.R36x_v20100823/eclipse_1309.so  
   creating: eclipse/plugins/org.eclipse.equinox.launcher.gtk.linux.s390_1.1.1.R36x_v20100823/META-INF/
  inflating: eclipse/plugins/org.eclipse.equinox.launcher.gtk.linux.s390_1.1.1.R36x_v20100823/META-INF/MANIFEST.MF  
  inflating: eclipse/plugins/org.eclipse.equinox.launcher.gtk.linux.s390_1.1.1.R36x_v20100823/META-INF/eclipse.inf  
  inflating: eclipse/plugins/org.eclipse.equinox.launcher.gtk.linux.s390_1.1.1.R36x_v20100823/META-INF/ECLIPSEF.SF  
  inflating: eclipse/plugins/org.eclipse.equinox.launcher.gtk.linux.s390_1.1.1.R36x_v20100823/META-INF/ECLIPSEF.RSA  
  inflating: eclipse/plugins/org.eclipse.equinox.launcher.gtk.linux.s390_1.1.1.R36x_v20100823/launcher.gtk.linux.s390.properties  
  inflating: eclipse/plugins/org.eclipse.equinox.launcher.gtk.linux.s390_1.1.1.R36x_v20100823/about.html  
  inflating: eclipse/plugins/org.eclipse.core.net.win32.x86_1.0.100.I20100511-0800.jar  
  inflating: eclipse/plugins/org.eclipse.ui.cocoa.source_1.0.2.M20100825-0800.jar  
   creating: eclipse/plugins/org.eclipse.equinox.launcher.motif.solaris.sparc_1.1.1.R36x_v20100810/
  inflating: eclipse/plugins/org.eclipse.equinox.launcher.motif.solaris.sparc_1.1.1.R36x_v20100810/eclipse_1309.so  
   creating: eclipse/plugins/org.eclipse.equinox.launcher.motif.solaris.sparc_1.1.1.R36x_v20100810/META-INF/
  inflating: eclipse/plugins/org.eclipse.equinox.launcher.motif.solaris.sparc_1.1.1.R36x_v20100810/META-INF/MANIFEST.MF  
  inflating: eclipse/plugins/org.eclipse.equinox.launcher.motif.solaris.sparc_1.1.1.R36x_v20100810/META-INF/eclipse.inf  
  inflating: eclipse/plugins/org.eclipse.equinox.launcher.motif.solaris.sparc_1.1.1.R36x_v20100810/META-INF/ECLIPSEF.SF  
  inflating: eclipse/plugins/org.eclipse.equinox.launcher.motif.solaris.sparc_1.1.1.R36x_v20100810/META-INF/ECLIPSEF.RSA  
  inflating: eclipse/plugins/org.eclipse.equinox.launcher.motif.solaris.sparc_1.1.1.R36x_v20100810/launcher.motif.solaris.sparc.properties  
  inflating: eclipse/plugins/org.eclipse.equinox.launcher.motif.solaris.sparc_1.1.1.R36x_v20100810/about.html  
  inflating: eclipse/plugins/org.eclipse.jdt.launching.ui.macosx.source_1.0.100.v20100505.jar  
   creating: eclipse/plugins/org.eclipse.equinox.launcher.gtk.linux.x86_1.1.1.R36x_v20100810/
  inflating: eclipse/plugins/org.eclipse.equinox.launcher.gtk.linux.x86_1.1.1.R36x_v20100810/eclipse_1309.so  
   creating: eclipse/plugins/org.eclipse.equinox.launcher.gtk.linux.x86_1.1.1.R36x_v20100810/META-INF/
  inflating: eclipse/plugins/org.eclipse.equinox.launcher.gtk.linux.x86_1.1.1.R36x_v20100810/META-INF/MANIFEST.MF  
  inflating: eclipse/plugins/org.eclipse.equinox.launcher.gtk.linux.x86_1.1.1.R36x_v20100810/META-INF/eclipse.inf  
  inflating: eclipse/plugins/org.eclipse.equinox.launcher.gtk.linux.x86_1.1.1.R36x_v20100810/META-INF/ECLIPSEF.SF  
  inflating: eclipse/plugins/org.eclipse.equinox.launcher.gtk.linux.x86_1.1.1.R36x_v20100810/META-INF/ECLIPSEF.RSA  
  inflating: eclipse/plugins/org.eclipse.equinox.launcher.gtk.linux.x86_1.1.1.R36x_v20100810/launcher.gtk.linux.x86.properties  
  inflating: eclipse/plugins/org.eclipse.equinox.launcher.gtk.linux.x86_1.1.1.R36x_v20100810/about.html  
  inflating: eclipse/plugins/org.eclipse.equinox.security.macosx.source_1.100.100.v20100503.jar  
  inflating: eclipse/plugins/org.eclipse.equinox.launcher.gtk.linux.x86_64_1.1.1.R36x_v20100810/eclipse_1309.so  
  inflating: eclipse/plugins/org.eclipse.equinox.launcher.gtk.linux.x86_64_1.1.1.R36x_v20100810/META-INF/MANIFEST.MF  
  inflating: eclipse/plugins/org.eclipse.equinox.launcher.gtk.linux.x86_64_1.1.1.R36x_v20100810/META-INF/eclipse.inf  
  inflating: eclipse/plugins/org.eclipse.equinox.launcher.gtk.linux.x86_64_1.1.1.R36x_v20100810/META-INF/ECLIPSEF.SF  
  inflating: eclipse/plugins/org.eclipse.equinox.launcher.gtk.linux.x86_64_1.1.1.R36x_v20100810/META-INF/ECLIPSEF.RSA  
  inflating: eclipse/plugins/org.eclipse.equinox.launcher.gtk.linux.x86_64_1.1.1.R36x_v20100810/about.html  
  inflating: eclipse/plugins/org.eclipse.equinox.launcher.gtk.linux.x86_64_1.1.1.R36x_v20100810/launcher.gtk.linux.x86_64.properties  
  inflating: eclipse/plugins/org.eclipse.swt.cocoa.macosx.x86_64_3.6.1.v3655c.jar  
  inflating: eclipse/plugins/org.eclipse.swt.win32.win32.x86_3.6.1.v3655c.jar  
   creating: eclipse/plugins/org.eclipse.equinox.launcher.gtk.linux.s390x_1.1.1.R36x_v20100823/
  inflating: eclipse/plugins/org.eclipse.equinox.launcher.gtk.linux.s390x_1.1.1.R36x_v20100823/eclipse_1309.so  
  inflating: eclipse/plugins/org.eclipse.equinox.launcher.gtk.linux.s390x_1.1.1.R36x_v20100823/launcher.gtk.linux.s390x.properties  
   creating: eclipse/plugins/org.eclipse.equinox.launcher.gtk.linux.s390x_1.1.1.R36x_v20100823/META-INF/
  inflating: eclipse/plugins/org.eclipse.equinox.launcher.gtk.linux.s390x_1.1.1.R36x_v20100823/META-INF/MANIFEST.MF  
  inflating: eclipse/plugins/org.eclipse.equinox.launcher.gtk.linux.s390x_1.1.1.R36x_v20100823/META-INF/eclipse.inf  
  inflating: eclipse/plugins/org.eclipse.equinox.launcher.gtk.linux.s390x_1.1.1.R36x_v20100823/META-INF/ECLIPSEF.SF  
  inflating: eclipse/plugins/org.eclipse.equinox.launcher.gtk.linux.s390x_1.1.1.R36x_v20100823/META-INF/ECLIPSEF.RSA  
  inflating: eclipse/plugins/org.eclipse.equinox.launcher.gtk.linux.s390x_1.1.1.R36x_v20100823/about.html  
  inflating: eclipse/plugins/org.eclipse.swt.motif.linux.x86_3.6.1.v3655c.jar  
  inflating: eclipse/plugins/org.eclipse.equinox.security.macosx_1.100.100.v20100503.jar  
  inflating: eclipse/plugins/org.eclipse.swt.cocoa.macosx_3.6.1.v3655c.jar  
  inflating: eclipse/plugins/org.eclipse.core.filesystem.macosx_1.3.0.v20100505.jar  
  inflating: eclipse/plugins/org.eclipse.swt.motif.linux.x86.source_3.6.1.v3655c.jar  
  inflating: eclipse/plugins/org.eclipse.swt.motif.hpux.ia64_32.source_3.6.1.v3655c.jar  
  inflating: eclipse/plugins/org.eclipse.swt.gtk.linux.x86_3.6.1.v3655c.jar  
   creating: eclipse/plugins/org.eclipse.equinox.launcher.win32.win32.x86_64_1.1.1.R36x_v20100810/
  inflating: eclipse/plugins/org.eclipse.equinox.launcher.win32.win32.x86_64_1.1.1.R36x_v20100810/eclipse_1309.dll  
   creating: eclipse/plugins/org.eclipse.equinox.launcher.win32.win32.x86_64_1.1.1.R36x_v20100810/META-INF/
  inflating: eclipse/plugins/org.eclipse.equinox.launcher.win32.win32.x86_64_1.1.1.R36x_v20100810/META-INF/MANIFEST.MF  
  inflating: eclipse/plugins/org.eclipse.equinox.launcher.win32.win32.x86_64_1.1.1.R36x_v20100810/META-INF/eclipse.inf  
  inflating: eclipse/plugins/org.eclipse.equinox.launcher.win32.win32.x86_64_1.1.1.R36x_v20100810/META-INF/ECLIPSEF.SF  
  inflating: eclipse/plugins/org.eclipse.equinox.launcher.win32.win32.x86_64_1.1.1.R36x_v20100810/META-INF/ECLIPSEF.RSA  
  inflating: eclipse/plugins/org.eclipse.equinox.launcher.win32.win32.x86_64_1.1.1.R36x_v20100810/about.html  
  inflating: eclipse/plugins/org.eclipse.equinox.launcher.win32.win32.x86_64_1.1.1.R36x_v20100810/launcher.win32.win32.x86_64.properties  
  inflating: eclipse/plugins/org.eclipse.core.net.linux.x86_64_1.1.0.I20100505-1245.jar  
  inflating: eclipse/plugins/org.eclipse.swt.motif.aix.ppc_3.6.1.v3655c.jar  
   creating: eclipse/plugins/org.eclipse.equinox.launcher.gtk.linux.ppc_1.1.1.R36x_v20100810/
  inflating: eclipse/plugins/org.eclipse.equinox.launcher.gtk.linux.ppc_1.1.1.R36x_v20100810/eclipse_1309.so  
  inflating: eclipse/plugins/org.eclipse.equinox.launcher.gtk.linux.ppc_1.1.1.R36x_v20100810/launcher.gtk.linux.ppc.properties  
   creating: eclipse/plugins/org.eclipse.equinox.launcher.gtk.linux.ppc_1.1.1.R36x_v20100810/META-INF/
  inflating: eclipse/plugins/org.eclipse.equinox.launcher.gtk.linux.ppc_1.1.1.R36x_v20100810/META-INF/MANIFEST.MF  
  inflating: eclipse/plugins/org.eclipse.equinox.launcher.gtk.linux.ppc_1.1.1.R36x_v20100810/META-INF/eclipse.inf  
  inflating: eclipse/plugins/org.eclipse.equinox.launcher.gtk.linux.ppc_1.1.1.R36x_v20100810/META-INF/ECLIPSEF.SF  
  inflating: eclipse/plugins/org.eclipse.equinox.launcher.gtk.linux.ppc_1.1.1.R36x_v20100810/META-INF/ECLIPSEF.RSA  
  inflating: eclipse/plugins/org.eclipse.equinox.launcher.gtk.linux.ppc_1.1.1.R36x_v20100810/about.html  
  inflating: eclipse/plugins/org.eclipse.swt.gtk.linux.s390x.source_3.6.1.v3655c.jar  
   creating: eclipse/features/org.eclipse.equinox.executable_3.4.1.R36x_v20100823-7M7K7JF90dnJ-WLf3cf4yi/
   creating: eclipse/features/org.eclipse.equinox.executable_3.4.1.R36x_v20100823-7M7K7JF90dnJ-WLf3cf4yi/META-INF/
  inflating: eclipse/features/org.eclipse.equinox.executable_3.4.1.R36x_v20100823-7M7K7JF90dnJ-WLf3cf4yi/META-INF/MANIFEST.MF  
  inflating: eclipse/features/org.eclipse.equinox.executable_3.4.1.R36x_v20100823-7M7K7JF90dnJ-WLf3cf4yi/META-INF/eclipse.inf  
  inflating: eclipse/features/org.eclipse.equinox.executable_3.4.1.R36x_v20100823-7M7K7JF90dnJ-WLf3cf4yi/META-INF/ECLIPSEF.SF  
  inflating: eclipse/features/org.eclipse.equinox.executable_3.4.1.R36x_v20100823-7M7K7JF90dnJ-WLf3cf4yi/META-INF/ECLIPSEF.RSA  
  inflating: eclipse/features/org.eclipse.equinox.executable_3.4.1.R36x_v20100823-7M7K7JF90dnJ-WLf3cf4yi/feature.properties  
  inflating: eclipse/features/org.eclipse.equinox.executable_3.4.1.R36x_v20100823-7M7K7JF90dnJ-WLf3cf4yi/build.xml  
   creating: eclipse/features/org.eclipse.equinox.executable_3.4.1.R36x_v20100823-7M7K7JF90dnJ-WLf3cf4yi/contributed/
   creating: eclipse/features/org.eclipse.equinox.executable_3.4.1.R36x_v20100823-7M7K7JF90dnJ-WLf3cf4yi/contributed/win32/
   creating: eclipse/features/org.eclipse.equinox.executable_3.4.1.R36x_v20100823-7M7K7JF90dnJ-WLf3cf4yi/contributed/win32/win32/
   creating: eclipse/features/org.eclipse.equinox.executable_3.4.1.R36x_v20100823-7M7K7JF90dnJ-WLf3cf4yi/contributed/win32/win32/ia64/
  inflating: eclipse/features/org.eclipse.equinox.executable_3.4.1.R36x_v20100823-7M7K7JF90dnJ-WLf3cf4yi/contributed/win32/win32/ia64/eclipsec.exe  
  inflating: eclipse/features/org.eclipse.equinox.executable_3.4.1.R36x_v20100823-7M7K7JF90dnJ-WLf3cf4yi/contributed/win32/win32/ia64/launcher.exe  
   creating: eclipse/features/org.eclipse.equinox.executable_3.4.1.R36x_v20100823-7M7K7JF90dnJ-WLf3cf4yi/contributed/motif/
   creating: eclipse/features/org.eclipse.equinox.executable_3.4.1.R36x_v20100823-7M7K7JF90dnJ-WLf3cf4yi/contributed/motif/solaris/
   creating: eclipse/features/org.eclipse.equinox.executable_3.4.1.R36x_v20100823-7M7K7JF90dnJ-WLf3cf4yi/contributed/motif/solaris/sparc/
  inflating: eclipse/features/org.eclipse.equinox.executable_3.4.1.R36x_v20100823-7M7K7JF90dnJ-WLf3cf4yi/contributed/motif/solaris/sparc/launcher  
  inflating: eclipse/features/org.eclipse.equinox.executable_3.4.1.R36x_v20100823-7M7K7JF90dnJ-WLf3cf4yi/contributed/motif/solaris/sparc/Eclipse.t.pm  
  inflating: eclipse/features/org.eclipse.equinox.executable_3.4.1.R36x_v20100823-7M7K7JF90dnJ-WLf3cf4yi/contributed/motif/solaris/sparc/Eclipse.l.pm  
  inflating: eclipse/features/org.eclipse.equinox.executable_3.4.1.R36x_v20100823-7M7K7JF90dnJ-WLf3cf4yi/contributed/motif/solaris/sparc/Eclipse.m.pm  
  inflating: eclipse/features/org.eclipse.equinox.executable_3.4.1.R36x_v20100823-7M7K7JF90dnJ-WLf3cf4yi/contributed/motif/solaris/sparc/Eclipse.s.pm  
   creating: eclipse/features/org.eclipse.equinox.executable_3.4.1.R36x_v20100823-7M7K7JF90dnJ-WLf3cf4yi/contributed/gtk/
   creating: eclipse/features/org.eclipse.equinox.executable_3.4.1.R36x_v20100823-7M7K7JF90dnJ-WLf3cf4yi/contributed/gtk/linux/
   creating: eclipse/features/org.eclipse.equinox.executable_3.4.1.R36x_v20100823-7M7K7JF90dnJ-WLf3cf4yi/contributed/gtk/linux/s390x/
  inflating: eclipse/features/org.eclipse.equinox.executable_3.4.1.R36x_v20100823-7M7K7JF90dnJ-WLf3cf4yi/contributed/gtk/linux/s390x/launcher  
   creating: eclipse/features/org.eclipse.equinox.executable_3.4.1.R36x_v20100823-7M7K7JF90dnJ-WLf3cf4yi/contributed/gtk/linux/s390/
  inflating: eclipse/features/org.eclipse.equinox.executable_3.4.1.R36x_v20100823-7M7K7JF90dnJ-WLf3cf4yi/contributed/gtk/linux/s390/launcher  
   creating: eclipse/features/org.eclipse.equinox.executable_3.4.1.R36x_v20100823-7M7K7JF90dnJ-WLf3cf4yi/gtk_root/
   creating: eclipse/features/org.eclipse.equinox.executable_3.4.1.R36x_v20100823-7M7K7JF90dnJ-WLf3cf4yi/gtk_root/about_files/
  inflating: eclipse/features/org.eclipse.equinox.executable_3.4.1.R36x_v20100823-7M7K7JF90dnJ-WLf3cf4yi/gtk_root/about_files/mpl-v11.txt  
  inflating: eclipse/features/org.eclipse.equinox.executable_3.4.1.R36x_v20100823-7M7K7JF90dnJ-WLf3cf4yi/gtk_root/about_files/pixman-licenses.txt  
  inflating: eclipse/features/org.eclipse.equinox.executable_3.4.1.R36x_v20100823-7M7K7JF90dnJ-WLf3cf4yi/gtk_root/about_files/about_cairo.html  
  inflating: eclipse/features/org.eclipse.equinox.executable_3.4.1.R36x_v20100823-7M7K7JF90dnJ-WLf3cf4yi/gtk_root/about.html  
  inflating: eclipse/features/org.eclipse.equinox.executable_3.4.1.R36x_v20100823-7M7K7JF90dnJ-WLf3cf4yi/feature.xml  
  inflating: eclipse/features/org.eclipse.equinox.executable_3.4.1.R36x_v20100823-7M7K7JF90dnJ-WLf3cf4yi/eclipse_update_120.jpg  
   creating: eclipse/features/org.eclipse.equinox.executable_3.4.1.R36x_v20100823-7M7K7JF90dnJ-WLf3cf4yi/bin/
   creating: eclipse/features/org.eclipse.equinox.executable_3.4.1.R36x_v20100823-7M7K7JF90dnJ-WLf3cf4yi/bin/win32/
   creating: eclipse/features/org.eclipse.equinox.executable_3.4.1.R36x_v20100823-7M7K7JF90dnJ-WLf3cf4yi/bin/win32/win32/
   creating: eclipse/features/org.eclipse.equinox.executable_3.4.1.R36x_v20100823-7M7K7JF90dnJ-WLf3cf4yi/bin/win32/win32/x86_64/
  inflating: eclipse/features/org.eclipse.equinox.executable_3.4.1.R36x_v20100823-7M7K7JF90dnJ-WLf3cf4yi/bin/win32/win32/x86_64/eclipsec.exe  
  inflating: eclipse/features/org.eclipse.equinox.executable_3.4.1.R36x_v20100823-7M7K7JF90dnJ-WLf3cf4yi/bin/win32/win32/x86_64/launcher.exe  
   creating: eclipse/features/org.eclipse.equinox.executable_3.4.1.R36x_v20100823-7M7K7JF90dnJ-WLf3cf4yi/bin/win32/win32/x86/
  inflating: eclipse/features/org.eclipse.equinox.executable_3.4.1.R36x_v20100823-7M7K7JF90dnJ-WLf3cf4yi/bin/win32/win32/x86/eclipsec.exe  
  inflating: eclipse/features/org.eclipse.equinox.executable_3.4.1.R36x_v20100823-7M7K7JF90dnJ-WLf3cf4yi/bin/win32/win32/x86/launcher.exe  
   creating: eclipse/features/org.eclipse.equinox.executable_3.4.1.R36x_v20100823-7M7K7JF90dnJ-WLf3cf4yi/bin/wpf/
   creating: eclipse/features/org.eclipse.equinox.executable_3.4.1.R36x_v20100823-7M7K7JF90dnJ-WLf3cf4yi/bin/wpf/win32/
   creating: eclipse/features/org.eclipse.equinox.executable_3.4.1.R36x_v20100823-7M7K7JF90dnJ-WLf3cf4yi/bin/wpf/win32/x86/
  inflating: eclipse/features/org.eclipse.equinox.executable_3.4.1.R36x_v20100823-7M7K7JF90dnJ-WLf3cf4yi/bin/wpf/win32/x86/eclipsec.exe  
  inflating: eclipse/features/org.eclipse.equinox.executable_3.4.1.R36x_v20100823-7M7K7JF90dnJ-WLf3cf4yi/bin/wpf/win32/x86/launcher.exe  
   creating: eclipse/features/org.eclipse.equinox.executable_3.4.1.R36x_v20100823-7M7K7JF90dnJ-WLf3cf4yi/bin/carbon/
   creating: eclipse/features/org.eclipse.equinox.executable_3.4.1.R36x_v20100823-7M7K7JF90dnJ-WLf3cf4yi/bin/carbon/macosx/
   creating: eclipse/features/org.eclipse.equinox.executable_3.4.1.R36x_v20100823-7M7K7JF90dnJ-WLf3cf4yi/bin/carbon/macosx/ppc/
   creating: eclipse/features/org.eclipse.equinox.executable_3.4.1.R36x_v20100823-7M7K7JF90dnJ-WLf3cf4yi/bin/carbon/macosx/ppc/Eclipse.app/
   creating: eclipse/features/org.eclipse.equinox.executable_3.4.1.R36x_v20100823-7M7K7JF90dnJ-WLf3cf4yi/bin/carbon/macosx/ppc/Eclipse.app/Contents/
   creating: eclipse/features/org.eclipse.equinox.executable_3.4.1.R36x_v20100823-7M7K7JF90dnJ-WLf3cf4yi/bin/carbon/macosx/ppc/Eclipse.app/Contents/MacOS/
  inflating: eclipse/features/org.eclipse.equinox.executable_3.4.1.R36x_v20100823-7M7K7JF90dnJ-WLf3cf4yi/bin/carbon/macosx/ppc/Eclipse.app/Contents/MacOS/launcher  
  inflating: eclipse/features/org.eclipse.equinox.executable_3.4.1.R36x_v20100823-7M7K7JF90dnJ-WLf3cf4yi/bin/carbon/macosx/ppc/Eclipse.app/Contents/MacOS/eclipse.ini  
  inflating: eclipse/features/org.eclipse.equinox.executable_3.4.1.R36x_v20100823-7M7K7JF90dnJ-WLf3cf4yi/bin/carbon/macosx/ppc/Eclipse.app/Contents/Info.plist  
   creating: eclipse/features/org.eclipse.equinox.executable_3.4.1.R36x_v20100823-7M7K7JF90dnJ-WLf3cf4yi/bin/carbon/macosx/x86/
   creating: eclipse/features/org.eclipse.equinox.executable_3.4.1.R36x_v20100823-7M7K7JF90dnJ-WLf3cf4yi/bin/carbon/macosx/x86/Eclipse.app/
   creating: eclipse/features/org.eclipse.equinox.executable_3.4.1.R36x_v20100823-7M7K7JF90dnJ-WLf3cf4yi/bin/carbon/macosx/x86/Eclipse.app/Contents/
   creating: eclipse/features/org.eclipse.equinox.executable_3.4.1.R36x_v20100823-7M7K7JF90dnJ-WLf3cf4yi/bin/carbon/macosx/x86/Eclipse.app/Contents/MacOS/
  inflating: eclipse/features/org.eclipse.equinox.executable_3.4.1.R36x_v20100823-7M7K7JF90dnJ-WLf3cf4yi/bin/carbon/macosx/x86/Eclipse.app/Contents/MacOS/launcher  
  inflating: eclipse/features/org.eclipse.equinox.executable_3.4.1.R36x_v20100823-7M7K7JF90dnJ-WLf3cf4yi/bin/carbon/macosx/x86/Eclipse.app/Contents/MacOS/eclipse.ini  
  inflating: eclipse/features/org.eclipse.equinox.executable_3.4.1.R36x_v20100823-7M7K7JF90dnJ-WLf3cf4yi/bin/carbon/macosx/x86/Eclipse.app/Contents/Info.plist  
   creating: eclipse/features/org.eclipse.equinox.executable_3.4.1.R36x_v20100823-7M7K7JF90dnJ-WLf3cf4yi/bin/motif/
   creating: eclipse/features/org.eclipse.equinox.executable_3.4.1.R36x_v20100823-7M7K7JF90dnJ-WLf3cf4yi/bin/motif/hpux/
   creating: eclipse/features/org.eclipse.equinox.executable_3.4.1.R36x_v20100823-7M7K7JF90dnJ-WLf3cf4yi/bin/motif/hpux/ia64_32/
  inflating: eclipse/features/org.eclipse.equinox.executable_3.4.1.R36x_v20100823-7M7K7JF90dnJ-WLf3cf4yi/bin/motif/hpux/ia64_32/launcher  
   creating: eclipse/features/org.eclipse.equinox.executable_3.4.1.R36x_v20100823-7M7K7JF90dnJ-WLf3cf4yi/bin/motif/aix/
   creating: eclipse/features/org.eclipse.equinox.executable_3.4.1.R36x_v20100823-7M7K7JF90dnJ-WLf3cf4yi/bin/motif/aix/ppc/
  inflating: eclipse/features/org.eclipse.equinox.executable_3.4.1.R36x_v20100823-7M7K7JF90dnJ-WLf3cf4yi/bin/motif/aix/ppc/launcher  
   creating: eclipse/features/org.eclipse.equinox.executable_3.4.1.R36x_v20100823-7M7K7JF90dnJ-WLf3cf4yi/bin/motif/linux/
   creating: eclipse/features/org.eclipse.equinox.executable_3.4.1.R36x_v20100823-7M7K7JF90dnJ-WLf3cf4yi/bin/motif/linux/x86/
  inflating: eclipse/features/org.eclipse.equinox.executable_3.4.1.R36x_v20100823-7M7K7JF90dnJ-WLf3cf4yi/bin/motif/linux/x86/launcher  
  inflating: eclipse/features/org.eclipse.equinox.executable_3.4.1.R36x_v20100823-7M7K7JF90dnJ-WLf3cf4yi/bin/motif/linux/x86/libXm.so.2  
   creating: eclipse/features/org.eclipse.equinox.executable_3.4.1.R36x_v20100823-7M7K7JF90dnJ-WLf3cf4yi/bin/cocoa/
   creating: eclipse/features/org.eclipse.equinox.executable_3.4.1.R36x_v20100823-7M7K7JF90dnJ-WLf3cf4yi/bin/cocoa/macosx/
   creating: eclipse/features/org.eclipse.equinox.executable_3.4.1.R36x_v20100823-7M7K7JF90dnJ-WLf3cf4yi/bin/cocoa/macosx/ppc/
   creating: eclipse/features/org.eclipse.equinox.executable_3.4.1.R36x_v20100823-7M7K7JF90dnJ-WLf3cf4yi/bin/cocoa/macosx/ppc/Eclipse.app/
   creating: eclipse/features/org.eclipse.equinox.executable_3.4.1.R36x_v20100823-7M7K7JF90dnJ-WLf3cf4yi/bin/cocoa/macosx/ppc/Eclipse.app/Contents/
   creating: eclipse/features/org.eclipse.equinox.executable_3.4.1.R36x_v20100823-7M7K7JF90dnJ-WLf3cf4yi/bin/cocoa/macosx/ppc/Eclipse.app/Contents/MacOS/
  inflating: eclipse/features/org.eclipse.equinox.executable_3.4.1.R36x_v20100823-7M7K7JF90dnJ-WLf3cf4yi/bin/cocoa/macosx/ppc/Eclipse.app/Contents/MacOS/launcher  
  inflating: eclipse/features/org.eclipse.equinox.executable_3.4.1.R36x_v20100823-7M7K7JF90dnJ-WLf3cf4yi/bin/cocoa/macosx/ppc/Eclipse.app/Contents/MacOS/eclipse.ini  
  inflating: eclipse/features/org.eclipse.equinox.executable_3.4.1.R36x_v20100823-7M7K7JF90dnJ-WLf3cf4yi/bin/cocoa/macosx/ppc/Eclipse.app/Contents/Info.plist  
   creating: eclipse/features/org.eclipse.equinox.executable_3.4.1.R36x_v20100823-7M7K7JF90dnJ-WLf3cf4yi/bin/cocoa/macosx/x86_64/
   creating: eclipse/features/org.eclipse.equinox.executable_3.4.1.R36x_v20100823-7M7K7JF90dnJ-WLf3cf4yi/bin/cocoa/macosx/x86_64/Eclipse.app/
   creating: eclipse/features/org.eclipse.equinox.executable_3.4.1.R36x_v20100823-7M7K7JF90dnJ-WLf3cf4yi/bin/cocoa/macosx/x86_64/Eclipse.app/Contents/
   creating: eclipse/features/org.eclipse.equinox.executable_3.4.1.R36x_v20100823-7M7K7JF90dnJ-WLf3cf4yi/bin/cocoa/macosx/x86_64/Eclipse.app/Contents/MacOS/
  inflating: eclipse/features/org.eclipse.equinox.executable_3.4.1.R36x_v20100823-7M7K7JF90dnJ-WLf3cf4yi/bin/cocoa/macosx/x86_64/Eclipse.app/Contents/MacOS/launcher  
  inflating: eclipse/features/org.eclipse.equinox.executable_3.4.1.R36x_v20100823-7M7K7JF90dnJ-WLf3cf4yi/bin/cocoa/macosx/x86_64/Eclipse.app/Contents/MacOS/eclipse.ini  
  inflating: eclipse/features/org.eclipse.equinox.executable_3.4.1.R36x_v20100823-7M7K7JF90dnJ-WLf3cf4yi/bin/cocoa/macosx/x86_64/Eclipse.app/Contents/Info.plist  
   creating: eclipse/features/org.eclipse.equinox.executable_3.4.1.R36x_v20100823-7M7K7JF90dnJ-WLf3cf4yi/bin/cocoa/macosx/x86/
   creating: eclipse/features/org.eclipse.equinox.executable_3.4.1.R36x_v20100823-7M7K7JF90dnJ-WLf3cf4yi/bin/cocoa/macosx/x86/Eclipse.app/
   creating: eclipse/features/org.eclipse.equinox.executable_3.4.1.R36x_v20100823-7M7K7JF90dnJ-WLf3cf4yi/bin/cocoa/macosx/x86/Eclipse.app/Contents/
   creating: eclipse/features/org.eclipse.equinox.executable_3.4.1.R36x_v20100823-7M7K7JF90dnJ-WLf3cf4yi/bin/cocoa/macosx/x86/Eclipse.app/Contents/MacOS/
  inflating: eclipse/features/org.eclipse.equinox.executable_3.4.1.R36x_v20100823-7M7K7JF90dnJ-WLf3cf4yi/bin/cocoa/macosx/x86/Eclipse.app/Contents/MacOS/launcher  
  inflating: eclipse/features/org.eclipse.equinox.executable_3.4.1.R36x_v20100823-7M7K7JF90dnJ-WLf3cf4yi/bin/cocoa/macosx/x86/Eclipse.app/Contents/MacOS/eclipse.ini  
  inflating: eclipse/features/org.eclipse.equinox.executable_3.4.1.R36x_v20100823-7M7K7JF90dnJ-WLf3cf4yi/bin/cocoa/macosx/x86/Eclipse.app/Contents/Info.plist  
   creating: eclipse/features/org.eclipse.equinox.executable_3.4.1.R36x_v20100823-7M7K7JF90dnJ-WLf3cf4yi/bin/gtk/
   creating: eclipse/features/org.eclipse.equinox.executable_3.4.1.R36x_v20100823-7M7K7JF90dnJ-WLf3cf4yi/bin/gtk/solaris/
   creating: eclipse/features/org.eclipse.equinox.executable_3.4.1.R36x_v20100823-7M7K7JF90dnJ-WLf3cf4yi/bin/gtk/solaris/sparc/
  inflating: eclipse/features/org.eclipse.equinox.executable_3.4.1.R36x_v20100823-7M7K7JF90dnJ-WLf3cf4yi/bin/gtk/solaris/sparc/launcher  
   creating: eclipse/features/org.eclipse.equinox.executable_3.4.1.R36x_v20100823-7M7K7JF90dnJ-WLf3cf4yi/bin/gtk/solaris/x86/
  inflating: eclipse/features/org.eclipse.equinox.executable_3.4.1.R36x_v20100823-7M7K7JF90dnJ-WLf3cf4yi/bin/gtk/solaris/x86/launcher  
   creating: eclipse/features/org.eclipse.equinox.executable_3.4.1.R36x_v20100823-7M7K7JF90dnJ-WLf3cf4yi/bin/gtk/linux/
   creating: eclipse/features/org.eclipse.equinox.executable_3.4.1.R36x_v20100823-7M7K7JF90dnJ-WLf3cf4yi/bin/gtk/linux/ppc64/
  inflating: eclipse/features/org.eclipse.equinox.executable_3.4.1.R36x_v20100823-7M7K7JF90dnJ-WLf3cf4yi/bin/gtk/linux/ppc64/launcher  
   creating: eclipse/features/org.eclipse.equinox.executable_3.4.1.R36x_v20100823-7M7K7JF90dnJ-WLf3cf4yi/bin/gtk/linux/ppc/
  inflating: eclipse/features/org.eclipse.equinox.executable_3.4.1.R36x_v20100823-7M7K7JF90dnJ-WLf3cf4yi/bin/gtk/linux/ppc/launcher  
  inflating: eclipse/features/org.eclipse.equinox.executable_3.4.1.R36x_v20100823-7M7K7JF90dnJ-WLf3cf4yi/bin/gtk/linux/ppc/libcairo-swt.so  
   creating: eclipse/features/org.eclipse.equinox.executable_3.4.1.R36x_v20100823-7M7K7JF90dnJ-WLf3cf4yi/bin/gtk/linux/x86_64/
  inflating: eclipse/features/org.eclipse.equinox.executable_3.4.1.R36x_v20100823-7M7K7JF90dnJ-WLf3cf4yi/bin/gtk/linux/x86_64/launcher  
  inflating: eclipse/features/org.eclipse.equinox.executable_3.4.1.R36x_v20100823-7M7K7JF90dnJ-WLf3cf4yi/bin/gtk/linux/x86_64/libcairo-swt.so  
   creating: eclipse/features/org.eclipse.equinox.executable_3.4.1.R36x_v20100823-7M7K7JF90dnJ-WLf3cf4yi/bin/gtk/linux/x86/
  inflating: eclipse/features/org.eclipse.equinox.executable_3.4.1.R36x_v20100823-7M7K7JF90dnJ-WLf3cf4yi/bin/gtk/linux/x86/launcher  
  inflating: eclipse/features/org.eclipse.equinox.executable_3.4.1.R36x_v20100823-7M7K7JF90dnJ-WLf3cf4yi/bin/gtk/linux/x86/libcairo-swt.so  
  inflating: eclipse/features/org.eclipse.equinox.executable_3.4.1.R36x_v20100823-7M7K7JF90dnJ-WLf3cf4yi/license.html  
   creating: eclipse/features/org.eclipse.equinox.executable_3.4.1.R36x_v20100823-7M7K7JF90dnJ-WLf3cf4yi/motif_root/
   creating: eclipse/features/org.eclipse.equinox.executable_3.4.1.R36x_v20100823-7M7K7JF90dnJ-WLf3cf4yi/motif_root/about_files/
  inflating: eclipse/features/org.eclipse.equinox.executable_3.4.1.R36x_v20100823-7M7K7JF90dnJ-WLf3cf4yi/motif_root/about_files/about_open_motif.html  
  inflating: eclipse/features/org.eclipse.equinox.executable_3.4.1.R36x_v20100823-7M7K7JF90dnJ-WLf3cf4yi/motif_root/about_files/mpl-v11.txt  
  inflating: eclipse/features/org.eclipse.equinox.executable_3.4.1.R36x_v20100823-7M7K7JF90dnJ-WLf3cf4yi/motif_root/about_files/pixman-licenses.txt  
  inflating: eclipse/features/org.eclipse.equinox.executable_3.4.1.R36x_v20100823-7M7K7JF90dnJ-WLf3cf4yi/motif_root/about_files/about_cairo.html  
  inflating: eclipse/features/org.eclipse.equinox.executable_3.4.1.R36x_v20100823-7M7K7JF90dnJ-WLf3cf4yi/motif_root/about_files/mlpl-v10.html  
  inflating: eclipse/features/org.eclipse.equinox.executable_3.4.1.R36x_v20100823-7M7K7JF90dnJ-WLf3cf4yi/motif_root/about.html  
  inflating: eclipse/features/org.eclipse.equinox.executable_3.4.1.R36x_v20100823-7M7K7JF90dnJ-WLf3cf4yi/build.properties  
  inflating: eclipse/features/org.eclipse.equinox.executable_3.4.1.R36x_v20100823-7M7K7JF90dnJ-WLf3cf4yi/epl-v10.html  
done

/alma/ACS-2014.4/Eclipse4 directory exists already. I clean it up.
unpacking the archives for Eclipse 4.2.2
done

Eclipse installation done
lun oct 20 10:04:48 UTC 2014
